coord   	geo
#data_num	63
#slip_num	140
#ndf     	-77
#rss      	2.59485e+00  [m^2]
#rms      	2.02948e-01  [m]
#wrss   	2.89428e+05  [m^2]
#wrms   	6.77798e+01  [m]
#chi2    	2.89428e+05 
#rchi2   	-3.75881e+03
#r_1d   	NaN          [cm/km]
#r_2d   	1.15811e-05  [cm/km^2]
#strain   	7.73625e-04  [cm/km]

earth	homogeneous	3.00e+10  	0.2500

kappa   	2250000.00000
beta     	5062500000000.00000

smooth   	2d
surface  	free

fault 2 nicoya  -85.54233907   8.74026277     -86.82826920 10.01077299    0.0000e+00 6.1999e+04   25.00     0.00000 10.00000 0.00000   -1.0000 1.0000  0.0000 10.0000  0.0000 0.0000    7 10
     subfault nicoya      1     1      -0.00058      0.00080      0.00000   -1.0000   1.0000    0.0000  10.0000    0.0000   0.0000
     subfault nicoya      2     1      -0.00057      0.00076      0.00000   -1.0000   1.0000    0.0000  10.0000    0.0000   0.0000
     subfault nicoya      3     1      -0.00054      0.00070      0.00000   -1.0000   1.0000    0.0000  10.0000    0.0000   0.0000
     subfault nicoya      4     1      -0.00049      0.00059      0.00000   -1.0000   1.0000    0.0000  10.0000    0.0000   0.0000
     subfault nicoya      5     1      -0.00041      0.00047      0.00000   -1.0000   1.0000    0.0000  10.0000    0.0000   0.0000
     subfault nicoya      6     1      -0.00030      0.00032      0.00000   -1.0000   1.0000    0.0000  10.0000    0.0000   0.0000
     subfault nicoya      7     1      -0.00016      0.00016      0.00000   -1.0000   1.0000    0.0000  10.0000    0.0000   0.0000
     subfault nicoya      1     2      -0.00108      0.00153      0.00000   -1.0000   1.0000    0.0000  10.0000    0.0000   0.0000
     subfault nicoya      2     2      -0.00107      0.00146      0.00000   -1.0000   1.0000    0.0000  10.0000    0.0000   0.0000
     subfault nicoya      3     2      -0.00102      0.00134      0.00000   -1.0000   1.0000    0.0000  10.0000    0.0000   0.0000
     subfault nicoya      4     2      -0.00092      0.00114      0.00000   -1.0000   1.0000    0.0000  10.0000    0.0000   0.0000
     subfault nicoya      5     2      -0.00077      0.00090      0.00000   -1.0000   1.0000    0.0000  10.0000    0.0000   0.0000
     subfault nicoya      6     2      -0.00055      0.00061      0.00000   -1.0000   1.0000    0.0000  10.0000    0.0000   0.0000
     subfault nicoya      7     2      -0.00029      0.00031      0.00000   -1.0000   1.0000    0.0000  10.0000    0.0000   0.0000
     subfault nicoya      1     3      -0.00147      0.00213      0.00000   -1.0000   1.0000    0.0000  10.0000    0.0000   0.0000
     subfault nicoya      2     3      -0.00144      0.00205      0.00000   -1.0000   1.0000    0.0000  10.0000    0.0000   0.0000
     subfault nicoya      3     3      -0.00138      0.00187      0.00000   -1.0000   1.0000    0.0000  10.0000    0.0000   0.0000
     subfault nicoya      4     3      -0.00125      0.00160      0.00000   -1.0000   1.0000    0.0000  10.0000    0.0000   0.0000
     subfault nicoya      5     3      -0.00103      0.00126      0.00000   -1.0000   1.0000    0.0000  10.0000    0.0000   0.0000
     subfault nicoya      6     3      -0.00074      0.00086      0.00000   -1.0000   1.0000    0.0000  10.0000    0.0000   0.0000
     subfault nicoya      7     3      -0.00039      0.00044      0.00000   -1.0000   1.0000    0.0000  10.0000    0.0000   0.0000
     subfault nicoya      1     4      -0.00170      0.00256      0.00000   -1.0000   1.0000    0.0000  10.0000    0.0000   0.0000
     subfault nicoya      2     4      -0.00166      0.00246      0.00000   -1.0000   1.0000    0.0000  10.0000    0.0000   0.0000
     subfault nicoya      3     4      -0.00158      0.00226      0.00000   -1.0000   1.0000    0.0000  10.0000    0.0000   0.0000
     subfault nicoya      4     4      -0.00143      0.00194      0.00000   -1.0000   1.0000    0.0000  10.0000    0.0000   0.0000
     subfault nicoya      5     4      -0.00119      0.00153      0.00000   -1.0000   1.0000    0.0000  10.0000    0.0000   0.0000
     subfault nicoya      6     4      -0.00085      0.00105      0.00000   -1.0000   1.0000    0.0000  10.0000    0.0000   0.0000
     subfault nicoya      7     4      -0.00044      0.00054      0.00000   -1.0000   1.0000    0.0000  10.0000    0.0000   0.0000
     subfault nicoya      1     5      -0.00176      0.00278      0.00000   -1.0000   1.0000    0.0000  10.0000    0.0000   0.0000
     subfault nicoya      2     5      -0.00172      0.00267      0.00000   -1.0000   1.0000    0.0000  10.0000    0.0000   0.0000
     subfault nicoya      3     5      -0.00164      0.00245      0.00000   -1.0000   1.0000    0.0000  10.0000    0.0000   0.0000
     subfault nicoya      4     5      -0.00147      0.00211      0.00000   -1.0000   1.0000    0.0000  10.0000    0.0000   0.0000
     subfault nicoya      5     5      -0.00122      0.00167      0.00000   -1.0000   1.0000    0.0000  10.0000    0.0000   0.0000
     subfault nicoya      6     5      -0.00088      0.00116      0.00000   -1.0000   1.0000    0.0000  10.0000    0.0000   0.0000
     subfault nicoya      7     5      -0.00046      0.00059      0.00000   -1.0000   1.0000    0.0000  10.0000    0.0000   0.0000
     subfault nicoya      1     6      -0.00168      0.00276      0.00000   -1.0000   1.0000    0.0000  10.0000    0.0000   0.0000
     subfault nicoya      2     6      -0.00164      0.00265      0.00000   -1.0000   1.0000    0.0000  10.0000    0.0000   0.0000
     subfault nicoya      3     6      -0.00155      0.00244      0.00000   -1.0000   1.0000    0.0000  10.0000    0.0000   0.0000
     subfault nicoya      4     6      -0.00139      0.00211      0.00000   -1.0000   1.0000    0.0000  10.0000    0.0000   0.0000
     subfault nicoya      5     6      -0.00116      0.00167      0.00000   -1.0000   1.0000    0.0000  10.0000    0.0000   0.0000
     subfault nicoya      6     6      -0.00084      0.00117      0.00000   -1.0000   1.0000    0.0000  10.0000    0.0000   0.0000
     subfault nicoya      7     6      -0.00044      0.00060      0.00000   -1.0000   1.0000    0.0000  10.0000    0.0000   0.0000
     subfault nicoya      1     7      -0.00147      0.00251      0.00000   -1.0000   1.0000    0.0000  10.0000    0.0000   0.0000
     subfault nicoya      2     7      -0.00143      0.00241      0.00000   -1.0000   1.0000    0.0000  10.0000    0.0000   0.0000
     subfault nicoya      3     7      -0.00135      0.00222      0.00000   -1.0000   1.0000    0.0000  10.0000    0.0000   0.0000
     subfault nicoya      4     7      -0.00122      0.00192      0.00000   -1.0000   1.0000    0.0000  10.0000    0.0000   0.0000
     subfault nicoya      5     7      -0.00102      0.00153      0.00000   -1.0000   1.0000    0.0000  10.0000    0.0000   0.0000
     subfault nicoya      6     7      -0.00074      0.00107      0.00000   -1.0000   1.0000    0.0000  10.0000    0.0000   0.0000
     subfault nicoya      7     7      -0.00039      0.00056      0.00000   -1.0000   1.0000    0.0000  10.0000    0.0000   0.0000
     subfault nicoya      1     8      -0.00118      0.00206      0.00000   -1.0000   1.0000    0.0000  10.0000    0.0000   0.0000
     subfault nicoya      2     8      -0.00115      0.00199      0.00000   -1.0000   1.0000    0.0000  10.0000    0.0000   0.0000
     subfault nicoya      3     8      -0.00108      0.00183      0.00000   -1.0000   1.0000    0.0000  10.0000    0.0000   0.0000
     subfault nicoya      4     8      -0.00098      0.00158      0.00000   -1.0000   1.0000    0.0000  10.0000    0.0000   0.0000
     subfault nicoya      5     8      -0.00082      0.00127      0.00000   -1.0000   1.0000    0.0000  10.0000    0.0000   0.0000
     subfault nicoya      6     8      -0.00060      0.00089      0.00000   -1.0000   1.0000    0.0000  10.0000    0.0000   0.0000
     subfault nicoya      7     8      -0.00032      0.00046      0.00000   -1.0000   1.0000    0.0000  10.0000    0.0000   0.0000
     subfault nicoya      1     9      -0.00082      0.00146      0.00000   -1.0000   1.0000    0.0000  10.0000    0.0000   0.0000
     subfault nicoya      2     9      -0.00080      0.00141      0.00000   -1.0000   1.0000    0.0000  10.0000    0.0000   0.0000
     subfault nicoya      3     9      -0.00075      0.00129      0.00000   -1.0000   1.0000    0.0000  10.0000    0.0000   0.0000
     subfault nicoya      4     9      -0.00068      0.00112      0.00000   -1.0000   1.0000    0.0000  10.0000    0.0000   0.0000
     subfault nicoya      5     9      -0.00057      0.00090      0.00000   -1.0000   1.0000    0.0000  10.0000    0.0000   0.0000
     subfault nicoya      6     9      -0.00042      0.00063      0.00000   -1.0000   1.0000    0.0000  10.0000    0.0000   0.0000
     subfault nicoya      7     9      -0.00022      0.00033      0.00000   -1.0000   1.0000    0.0000  10.0000    0.0000   0.0000
     subfault nicoya      1    10      -0.00042      0.00076      0.00000   -1.0000   1.0000    0.0000  10.0000    0.0000   0.0000
     subfault nicoya      2    10      -0.00041      0.00073      0.00000   -1.0000   1.0000    0.0000  10.0000    0.0000   0.0000
     subfault nicoya      3    10      -0.00039      0.00067      0.00000   -1.0000   1.0000    0.0000  10.0000    0.0000   0.0000
     subfault nicoya      4    10      -0.00035      0.00058      0.00000   -1.0000   1.0000    0.0000  10.0000    0.0000   0.0000
     subfault nicoya      5    10      -0.00029      0.00047      0.00000   -1.0000   1.0000    0.0000  10.0000    0.0000   0.0000
     subfault nicoya      6    10      -0.00022      0.00033      0.00000   -1.0000   1.0000    0.0000  10.0000    0.0000   0.0000
     subfault nicoya      7    10      -0.00012      0.00017      0.00000   -1.0000   1.0000    0.0000  10.0000    0.0000   0.0000
point 3 BAGA	  -85.26120012  10.54135356  1.23386e+02    -0.00022   -0.00041   -0.00011         NaN        NaN        NaN  1.00 
point 3 BALL	  -85.44844573  10.38340945  1.18029e+02    -0.00023   -0.00056   -0.00014         NaN        NaN        NaN  1.00 
point 3 BONG	  -85.20694331   9.74375599  2.15749e+01    -0.00007   -0.00049    0.00010         NaN        NaN        NaN  1.00 
point 3 CEBA	  -85.77609623  10.24913087  9.04377e+01    -0.00020   -0.00079   -0.00007         NaN        NaN        NaN  1.00 
point 3 CRUZ	  -85.63366292  11.05427052  2.67190e+02    -0.00010   -0.00033   -0.00006         NaN        NaN        NaN  1.00 
point 3 DIRI	  -85.61062931  10.27176097  8.20235e+01    -0.00022   -0.00070   -0.00012         NaN        NaN        NaN  1.00 
point 3 GRAN	  -85.65303338  10.56222357  1.22238e+02    -0.00018   -0.00057   -0.00015         NaN        NaN        NaN  1.00 
point 3 GUAR	  -85.45009646  10.14013519  1.36306e+02    -0.00022   -0.00064   -0.00009         NaN        NaN        NaN  1.00 
point 3 GUIO	  -85.65854567   9.92305413  3.14291e+01    -0.00018   -0.00096    0.00015         NaN        NaN        NaN  1.00 
point 3 HOJA	  -85.38236266  10.07947412  2.41026e+02    -0.00020   -0.00061   -0.00007         NaN        NaN        NaN  1.00 
point 3 JICA	  -85.13597750   9.97506253  6.13981e+01    -0.00016   -0.00040   -0.00005         NaN        NaN        NaN  1.00 
point 3 LEON	  -85.18683891   9.93653081  2.76905e+02    -0.00015   -0.00045   -0.00002         NaN        NaN        NaN  1.00 
point 3 MATA	  -85.81289886  10.35527374  7.77866e+01    -0.00019   -0.00072   -0.00012         NaN        NaN        NaN  1.00 
point 3 PALO	  -85.22030728  10.24148923  4.00456e+01    -0.00023   -0.00045   -0.00011         NaN        NaN        NaN  1.00 
point 3 PAQU	  -84.95508694   9.83221155  8.02585e+01    -0.00009   -0.00026   -0.00001         NaN        NaN        NaN  1.00 
point 3 POTR	  -85.56905007  10.84738166  1.55746e+02    -0.00014   -0.00041   -0.00010         NaN        NaN        NaN  1.00 
point 3 SAMA	  -85.54875610   9.88917081  4.59160e+01    -0.00016   -0.00086    0.00013         NaN        NaN        NaN  1.00 
point 3 SJOS	  -84.94815154  10.36556608  1.06212e+03    -0.00020   -0.00028   -0.00007         NaN        NaN        NaN  1.00 
point 3 SJUA	  -85.75687400  10.06315825  4.45516e+01    -0.00021   -0.00093    0.00006         NaN        NaN        NaN  1.00 
point 3 TENO	  -85.09831925  10.60179075  3.73380e+02    -0.00020   -0.00033   -0.00008         NaN        NaN        NaN  1.00 
point 3 VENA	  -85.79170289  10.16111700  2.49275e+01    -0.00021   -0.00086   -0.00001         NaN        NaN        NaN  1.00 
