coord   	geo
#data_num	63
#slip_num	140
#ndf     	-77
#rss      	1.44624e-01  [m^2]
#rms      	4.79127e-02  [m]
#wrss   	6.98293e+03  [m^2]
#wrms   	1.05281e+01  [m]
#chi2    	6.98293e+03 
#rchi2   	-9.06873e+01
#r_1d   	NaN          [cm/km]
#r_2d   	5.49582e-02  [cm/km^2]
#strain   	9.70635e-01  [cm/km]

earth	homogeneous	3.00e+10  	0.2500

kappa   	37500.00000 
beta     	1406250000.00000

smooth   	2d
surface  	free

fault 2 nicoya  -85.54233907   8.74026277     -86.82826920 10.01077299    0.0000e+00 6.1999e+04   25.00     0.00000 10.00000 0.00000   -1.0000 1.0000  0.0000 10.0000  0.0000 0.0000    7 10
     subfault nicoya      1     1      -0.71226      0.00000      0.00000   -1.0000   1.0000    0.0000  10.0000    0.0000   0.0000
     subfault nicoya      2     1      -0.77559      0.00000      0.00000   -1.0000   1.0000    0.0000  10.0000    0.0000   0.0000
     subfault nicoya      3     1      -0.82124      0.00000      0.00000   -1.0000   1.0000    0.0000  10.0000    0.0000   0.0000
     subfault nicoya      4     1      -0.71661      0.00000      0.00000   -1.0000   1.0000    0.0000  10.0000    0.0000   0.0000
     subfault nicoya      5     1      -0.20115      0.00000      0.00000   -1.0000   1.0000    0.0000  10.0000    0.0000   0.0000
     subfault nicoya      6     1       0.40179      0.00000      0.00000   -1.0000   1.0000    0.0000  10.0000    0.0000   0.0000
     subfault nicoya      7     1       0.47178      0.00000      0.00000   -1.0000   1.0000    0.0000  10.0000    0.0000   0.0000
     subfault nicoya      1     2      -1.00000      0.15688      0.00000   -1.0000   1.0000    0.0000  10.0000    0.0000   0.0000
     subfault nicoya      2     2      -1.00000      0.13739      0.00000   -1.0000   1.0000    0.0000  10.0000    0.0000   0.0000
     subfault nicoya      3     2      -1.00000      0.00000      0.00000   -1.0000   1.0000    0.0000  10.0000    0.0000   0.0000
     subfault nicoya      4     2      -1.00000      0.00000      0.00000   -1.0000   1.0000    0.0000  10.0000    0.0000   0.0000
     subfault nicoya      5     2      -0.38951      0.00000      0.00000   -1.0000   1.0000    0.0000  10.0000    0.0000   0.0000
     subfault nicoya      6     2       0.56405      0.00000      0.00000   -1.0000   1.0000    0.0000  10.0000    0.0000   0.0000
     subfault nicoya      7     2       0.73751      0.00000      0.00000   -1.0000   1.0000    0.0000  10.0000    0.0000   0.0000
     subfault nicoya      1     3      -1.00000      0.95087      0.00000   -1.0000   1.0000    0.0000  10.0000    0.0000   0.0000
     subfault nicoya      2     3      -1.00000      0.97748      0.00000   -1.0000   1.0000    0.0000  10.0000    0.0000   0.0000
     subfault nicoya      3     3      -1.00000      0.53617      0.00000   -1.0000   1.0000    0.0000  10.0000    0.0000   0.0000
     subfault nicoya      4     3      -1.00000      0.00000      0.00000   -1.0000   1.0000    0.0000  10.0000    0.0000   0.0000
     subfault nicoya      5     3      -0.74792      0.00000      0.00000   -1.0000   1.0000    0.0000  10.0000    0.0000   0.0000
     subfault nicoya      6     3       0.20563      0.21025      0.00000   -1.0000   1.0000    0.0000  10.0000    0.0000   0.0000
     subfault nicoya      7     3       0.66110      0.00000      0.00000   -1.0000   1.0000    0.0000  10.0000    0.0000   0.0000
     subfault nicoya      1     4      -0.69226      1.71113      0.00000   -1.0000   1.0000    0.0000  10.0000    0.0000   0.0000
     subfault nicoya      2     4      -0.87328      1.88868      0.00000   -1.0000   1.0000    0.0000  10.0000    0.0000   0.0000
     subfault nicoya      3     4      -1.00000      1.31624      0.00000   -1.0000   1.0000    0.0000  10.0000    0.0000   0.0000
     subfault nicoya      4     4      -1.00000      0.03636      0.00000   -1.0000   1.0000    0.0000  10.0000    0.0000   0.0000
     subfault nicoya      5     4      -1.00000      0.55961      0.00000   -1.0000   1.0000    0.0000  10.0000    0.0000   0.0000
     subfault nicoya      6     4      -0.52403      1.66799      0.00000   -1.0000   1.0000    0.0000  10.0000    0.0000   0.0000
     subfault nicoya      7     4       0.33209      0.39778      0.00000   -1.0000   1.0000    0.0000  10.0000    0.0000   0.0000
     subfault nicoya      1     5       0.30422      1.52238      0.00000   -1.0000   1.0000    0.0000  10.0000    0.0000   0.0000
     subfault nicoya      2     5       0.25286      1.75762      0.00000   -1.0000   1.0000    0.0000  10.0000    0.0000   0.0000
     subfault nicoya      3     5       0.18769      1.39376      0.00000   -1.0000   1.0000    0.0000  10.0000    0.0000   0.0000
     subfault nicoya      4     5      -0.18513      0.72998      0.00000   -1.0000   1.0000    0.0000  10.0000    0.0000   0.0000
     subfault nicoya      5     5      -1.00000      2.63604      0.00000   -1.0000   1.0000    0.0000  10.0000    0.0000   0.0000
     subfault nicoya      6     5      -1.00000      3.90470      0.00000   -1.0000   1.0000    0.0000  10.0000    0.0000   0.0000
     subfault nicoya      7     5       0.06627      1.29050      0.00000   -1.0000   1.0000    0.0000  10.0000    0.0000   0.0000
     subfault nicoya      1     6       1.00000      0.56772      0.00000   -1.0000   1.0000    0.0000  10.0000    0.0000   0.0000
     subfault nicoya      2     6       1.00000      0.65740      0.00000   -1.0000   1.0000    0.0000  10.0000    0.0000   0.0000
     subfault nicoya      3     6       1.00000      0.40005      0.00000   -1.0000   1.0000    0.0000  10.0000    0.0000   0.0000
     subfault nicoya      4     6       0.61918      0.29084      0.00000   -1.0000   1.0000    0.0000  10.0000    0.0000   0.0000
     subfault nicoya      5     6      -0.72397      2.74345      0.00000   -1.0000   1.0000    0.0000  10.0000    0.0000   0.0000
     subfault nicoya      6     6      -1.00000      3.90031      0.00000   -1.0000   1.0000    0.0000  10.0000    0.0000   0.0000
     subfault nicoya      7     6      -0.06590      1.24470      0.00000   -1.0000   1.0000    0.0000  10.0000    0.0000   0.0000
     subfault nicoya      1     7       1.00000      0.00000      0.00000   -1.0000   1.0000    0.0000  10.0000    0.0000   0.0000
     subfault nicoya      2     7       1.00000      0.00000      0.00000   -1.0000   1.0000    0.0000  10.0000    0.0000   0.0000
     subfault nicoya      3     7       1.00000      0.00000      0.00000   -1.0000   1.0000    0.0000  10.0000    0.0000   0.0000
     subfault nicoya      4     7       1.00000      0.00000      0.00000   -1.0000   1.0000    0.0000  10.0000    0.0000   0.0000
     subfault nicoya      5     7      -0.15554      1.03539      0.00000   -1.0000   1.0000    0.0000  10.0000    0.0000   0.0000
     subfault nicoya      6     7      -0.70191      1.60487      0.00000   -1.0000   1.0000    0.0000  10.0000    0.0000   0.0000
     subfault nicoya      7     7      -0.18014      0.28119      0.00000   -1.0000   1.0000    0.0000  10.0000    0.0000   0.0000
     subfault nicoya      1     8       1.00000      0.00000      0.00000   -1.0000   1.0000    0.0000  10.0000    0.0000   0.0000
     subfault nicoya      2     8       1.00000      0.00000      0.00000   -1.0000   1.0000    0.0000  10.0000    0.0000   0.0000
     subfault nicoya      3     8       1.00000      0.00000      0.00000   -1.0000   1.0000    0.0000  10.0000    0.0000   0.0000
     subfault nicoya      4     8       0.98445      0.00000      0.00000   -1.0000   1.0000    0.0000  10.0000    0.0000   0.0000
     subfault nicoya      5     8       0.02433      0.00000      0.00000   -1.0000   1.0000    0.0000  10.0000    0.0000   0.0000
     subfault nicoya      6     8      -0.53147      0.00000      0.00000   -1.0000   1.0000    0.0000  10.0000    0.0000   0.0000
     subfault nicoya      7     8      -0.38438      0.00000      0.00000   -1.0000   1.0000    0.0000  10.0000    0.0000   0.0000
     subfault nicoya      1     9       0.76937      0.00000      0.00000   -1.0000   1.0000    0.0000  10.0000    0.0000   0.0000
     subfault nicoya      2     9       0.76088      0.00000      0.00000   -1.0000   1.0000    0.0000  10.0000    0.0000   0.0000
     subfault nicoya      3     9       0.70521      0.00000      0.00000   -1.0000   1.0000    0.0000  10.0000    0.0000   0.0000
     subfault nicoya      4     9       0.53105      0.00000      0.00000   -1.0000   1.0000    0.0000  10.0000    0.0000   0.0000
     subfault nicoya      5     9      -0.03884      0.00000      0.00000   -1.0000   1.0000    0.0000  10.0000    0.0000   0.0000
     subfault nicoya      6     9      -0.51473      0.00000      0.00000   -1.0000   1.0000    0.0000  10.0000    0.0000   0.0000
     subfault nicoya      7     9      -0.56224      0.00000      0.00000   -1.0000   1.0000    0.0000  10.0000    0.0000   0.0000
     subfault nicoya      1    10       0.32635      0.00000      0.00000   -1.0000   1.0000    0.0000  10.0000    0.0000   0.0000
     subfault nicoya      2    10       0.28898      0.00000      0.00000   -1.0000   1.0000    0.0000  10.0000    0.0000   0.0000
     subfault nicoya      3    10       0.21050      0.00000      0.00000   -1.0000   1.0000    0.0000  10.0000    0.0000   0.0000
     subfault nicoya      4    10       0.07390      0.00000      0.00000   -1.0000   1.0000    0.0000  10.0000    0.0000   0.0000
     subfault nicoya      5    10      -0.20133      0.00000      0.00000   -1.0000   1.0000    0.0000  10.0000    0.0000   0.0000
     subfault nicoya      6    10      -0.49106      0.00000      0.00000   -1.0000   1.0000    0.0000  10.0000    0.0000   0.0000
     subfault nicoya      7    10      -0.50653      0.00000      0.00000   -1.0000   1.0000    0.0000  10.0000    0.0000   0.0000
point 3 BAGA	  -85.26120012  10.54135356  1.23386e+02    -0.12067   -0.21595   -0.08055         NaN        NaN        NaN  1.00 
point 3 BALL	  -85.44844573  10.38340945  1.18029e+02    -0.10904   -0.24403   -0.05614         NaN        NaN        NaN  1.00 
point 3 BONG	  -85.20694331   9.74375599  2.15749e+01    -0.04942   -0.26270    0.21073         NaN        NaN        NaN  1.00 
point 3 CEBA	  -85.77609623  10.24913087  9.04377e+01    -0.13065   -0.11553    0.16161         NaN        NaN        NaN  1.00 
point 3 CRUZ	  -85.63366292  11.05427052  2.67190e+02    -0.01452   -0.10048   -0.03629         NaN        NaN        NaN  1.00 
point 3 DIRI	  -85.61062931  10.27176097  8.20235e+01    -0.11010   -0.21285    0.08241         NaN        NaN        NaN  1.00 
point 3 GRAN	  -85.65303338  10.56222357  1.22238e+02    -0.02119   -0.16118   -0.04054         NaN        NaN        NaN  1.00 
point 3 GUAR	  -85.45009646  10.14013519  1.36306e+02    -0.16031   -0.27437    0.12413         NaN        NaN        NaN  1.00 
point 3 GUIO	  -85.65854567   9.92305413  3.14291e+01    -0.35952   -0.50183    0.40290         NaN        NaN        NaN  1.00 
point 3 HOJA	  -85.38236266  10.07947412  2.41026e+02    -0.16347   -0.27423    0.14131         NaN        NaN        NaN  1.00 
point 3 JICA	  -85.13597750   9.97506253  6.13981e+01    -0.11997   -0.15371    0.07359         NaN        NaN        NaN  1.00 
point 3 LEON	  -85.18683891   9.93653081  2.76905e+02    -0.11087   -0.18957    0.12648         NaN        NaN        NaN  1.00 
point 3 MATA	  -85.81289886  10.35527374  7.77866e+01    -0.06235   -0.07577    0.07937         NaN        NaN        NaN  1.00 
point 3 PALO	  -85.22030728  10.24148923  4.00456e+01    -0.17644   -0.20840   -0.05323         NaN        NaN        NaN  1.00 
point 3 PAQU	  -84.95508694   9.83221155  8.02585e+01    -0.04803   -0.07807    0.04752         NaN        NaN        NaN  1.00 
point 3 POTR	  -85.56905007  10.84738166  1.55746e+02    -0.02313   -0.13794   -0.04742         NaN        NaN        NaN  1.00 
point 3 SAMA	  -85.54875610   9.88917081  4.59160e+01    -0.28943   -0.53487    0.40042         NaN        NaN        NaN  1.00 
point 3 SJOS	  -84.94815154  10.36556608  1.06212e+03    -0.15798   -0.13661   -0.05634         NaN        NaN        NaN  1.00 
point 3 SJUA	  -85.75687400  10.06315825  4.45516e+01    -0.29355   -0.24743    0.33760         NaN        NaN        NaN  1.00 
point 3 TENO	  -85.09831925  10.60179075  3.73380e+02    -0.12523   -0.17670   -0.06284         NaN        NaN        NaN  1.00 
point 3 VENA	  -85.79170289  10.16111700  2.49275e+01    -0.20941   -0.13770    0.24787         NaN        NaN        NaN  1.00 
