#(1)beta (2)kappa (3)data_num (4)slip_num (5)ndf (6)rss [m^2] (7)rms [m] (8)wrrs [m^2] (9)wrms [m] (10)chi2 (11)rchi2 (12)r_1d [cm/km] (13)r_2d [cm/km^2] (14)strain [cm/km]
0.00000e+00  0.00000e+00      54 1200 -1146 2.99643e+00  2.35562e-01   2.50584e+06   2.15417e+02   2.50584e+06   -2.18660e+03  NaN           2.76994e-03   6.83343e-03 
1.22500e+11  3.50000e+05      54 1200 -1146 2.98652e+00  2.35172e-01   2.50872e+06   2.15541e+02   2.50872e+06   -2.18911e+03  NaN           2.43712e-06   3.34347e-05 
4.90000e+11  7.00000e+05      54 1200 -1146 2.98649e+00  2.35171e-01   2.50873e+06   2.15541e+02   2.50873e+06   -2.18912e+03  NaN           1.52341e-07   2.08998e-06 
1.10250e+12  1.05000e+06      54 1200 -1146 2.98648e+00  2.35171e-01   2.50873e+06   2.15541e+02   2.50873e+06   -2.18912e+03  NaN           3.00923e-08   4.12839e-07 
1.96000e+12  1.40000e+06      54 1200 -1146 2.98648e+00  2.35171e-01   2.50873e+06   2.15541e+02   2.50873e+06   -2.18912e+03  NaN           9.52139e-09   1.30625e-07 
3.06250e+12  1.75000e+06      54 1200 -1146 2.98648e+00  2.35171e-01   2.50873e+06   2.15541e+02   2.50873e+06   -2.18912e+03  NaN           3.89996e-09   5.35040e-08 
4.41000e+12  2.10000e+06      54 1200 -1146 2.98648e+00  2.35171e-01   2.50873e+06   2.15541e+02   2.50873e+06   -2.18912e+03  NaN           1.88077e-09   2.58025e-08 
6.00250e+12  2.45000e+06      54 1200 -1146 2.98648e+00  2.35171e-01   2.50873e+06   2.15541e+02   2.50873e+06   -2.18912e+03  NaN           1.01519e-09   1.39275e-08 
7.84000e+12  2.80000e+06      54 1200 -1146 2.98648e+00  2.35171e-01   2.50873e+06   2.15541e+02   2.50873e+06   -2.18912e+03  NaN           5.95087e-10   8.16407e-09 
9.92250e+12  3.15000e+06      54 1200 -1146 2.98648e+00  2.35171e-01   2.50873e+06   2.15541e+02   2.50873e+06   -2.18912e+03  NaN           3.71510e-10   5.09679e-09 
1.22500e+13  3.50000e+06      54 1200 -1146 2.98648e+00  2.35171e-01   2.50873e+06   2.15541e+02   2.50873e+06   -2.18912e+03  NaN           2.43748e-10   3.34400e-09 
1.48225e+13  3.85000e+06      54 1200 -1146 2.98648e+00  2.35171e-01   2.50873e+06   2.15541e+02   2.50873e+06   -2.18912e+03  NaN           1.66483e-10   2.28400e-09 
1.76400e+13  4.20000e+06      54 1200 -1146 2.98648e+00  2.35171e-01   2.50873e+06   2.15541e+02   2.50873e+06   -2.18912e+03  NaN           1.17548e-10   1.61266e-09 
2.07025e+13  4.55000e+06      54 1200 -1146 2.98648e+00  2.35171e-01   2.50873e+06   2.15541e+02   2.50873e+06   -2.18912e+03  NaN           8.53429e-11   1.17083e-09 
2.40100e+13  4.90000e+06      54 1200 -1146 2.98648e+00  2.35171e-01   2.50873e+06   2.15541e+02   2.50873e+06   -2.18912e+03  NaN           6.34496e-11   8.70473e-10 
2.75625e+13  5.25000e+06      54 1200 -1146 2.98648e+00  2.35171e-01   2.50873e+06   2.15541e+02   2.50873e+06   -2.18912e+03  NaN           4.81477e-11   6.60545e-10 
3.13600e+13  5.60000e+06      54 1200 -1146 2.98648e+00  2.35171e-01   2.50873e+06   2.15541e+02   2.50873e+06   -2.18912e+03  NaN           3.71930e-11   5.10256e-10 
3.54025e+13  5.95000e+06      54 1200 -1146 2.98648e+00  2.35171e-01   2.50873e+06   2.15541e+02   2.50873e+06   -2.18912e+03  NaN           2.91841e-11   4.00382e-10 
3.96900e+13  6.30000e+06      54 1200 -1146 2.98648e+00  2.35171e-01   2.50873e+06   2.15541e+02   2.50873e+06   -2.18912e+03  NaN           2.32194e-11   3.18551e-10 
4.42225e+13  6.65000e+06      54 1200 -1146 2.98648e+00  2.35171e-01   2.50873e+06   2.15541e+02   2.50873e+06   -2.18912e+03  NaN           1.87038e-11   2.56601e-10 
4.90000e+13  7.00000e+06      54 1200 -1146 2.98648e+00  2.35171e-01   2.50873e+06   2.15541e+02   2.50873e+06   -2.18912e+03  NaN           1.52345e-11   2.09008e-10 
