#(1)pnt (2)lon (3)lat (4)elev (5)obs_e[m] (6)obs_n[m] (7)obs_u[m] (8)err_e[m] (9)err_n[m] (10)err_u[m] (11)wgt (12)pred_e[m] (13)pred_n[m] (14)pred_u[m] (15)Res_e  (16)Res_n (17)Res_u 
pnt      -85.26120    10.54135       123.46        0.01226      0.01149     -0.00370       0.00100     0.00100     0.00200    1.000        0.01171      0.01141     -0.00266   0.7614   0.7379   0.6991 
pnt      -85.44845    10.38341       118.18        0.01208      0.01515     -0.00973       0.00100     0.00100     0.00200    1.000        0.01260      0.01495     -0.00796   0.7535   0.8543   0.8004 
pnt      -85.20694     9.74376        21.40        0.01785      0.01689     -0.00835       0.00100     0.00100     0.00200    1.000        0.01774      0.01695     -0.00860   0.9912   0.9932   0.9767 
pnt      -85.77610    10.24913        90.32        0.01902      0.01765     -0.00573       0.00100     0.00100     0.00200    1.000        0.01939      0.01772     -0.00652   0.8300   0.8100   0.6975 
pnt      -85.63366    11.05427       267.23        0.00716      0.00803     -0.00382       0.00100     0.00100     0.00200    1.000        0.00656      0.00820     -0.00323   0.9023   0.8893   0.8455 
pnt      -85.61063    10.27176        82.04        0.01626      0.01662     -0.01109       0.00100     0.00100     0.00200    1.000        0.01628      0.01678     -0.00998   0.9093   0.8135   0.8016 
pnt      -85.65303    10.56222       122.36        0.01481      0.01116     -0.00751       0.00100     0.00100     0.00200    1.000        0.01469      0.01134     -0.00794   0.9774   0.9337   0.9092 
pnt      -85.44974    10.14003       135.44        0.01567      0.01519     -0.00784       0.00100     0.00100     0.00200    1.000        0.01560      0.01582     -0.00748   0.7151   0.7406   0.5385 
pnt      -85.65854     9.92306        31.18        0.01853      0.01713     -0.01893       0.00100     0.00100     0.00200    1.000        0.01851      0.01723     -0.01879   0.9746   0.9772   0.9565 
pnt      -85.38236    10.07947       240.97        0.01647      0.01502     -0.00599       0.00100     0.00100     0.00200    1.000        0.01605      0.01504     -0.00758   0.7516   0.8163   0.5441 
pnt      -85.13598     9.97506        61.45        0.01507      0.01399     -0.00954       0.00100     0.00100     0.00200    1.000        0.01527      0.01382     -0.00961   0.8024   0.6592   0.6781 
pnt      -85.18684     9.93653       276.88        0.01569      0.01468     -0.01026       0.00100     0.00100     0.00200    1.000        0.01572      0.01478     -0.01019   0.7874   0.7531   0.7333 
pnt      -85.81290    10.35527        77.80        0.01742      0.01707     -0.00866       0.00100     0.00100     0.00200    1.000        0.01737      0.01694     -0.00871   0.9672   0.9524   0.8672 
pnt      -85.22031    10.24149        40.19        0.01487      0.01382     -0.00313       0.00100     0.00100     0.00200    1.000        0.01459      0.01388     -0.00401   0.8335   0.8288   0.7892 
pnt      -84.95509     9.83221        80.31        0.01165      0.01613     -0.00704       0.00100     0.00100     0.00200    1.000        0.01170      0.01602     -0.00694   0.9878   0.9904   0.9229 
pnt      -85.56905    10.84738       155.79        0.00859      0.01185     -0.00370       0.00100     0.00100     0.00200    1.000        0.00921      0.01154     -0.00377   0.9159   0.8717   0.8310 
pnt      -85.54876     9.88917        45.57        0.01535      0.02056     -0.01718       0.00100     0.00100     0.00200    1.000        0.01548      0.02032     -0.01687   0.9719   0.9865   0.9744 
pnt      -84.94815    10.36556      1062.24        0.01035      0.01047     -0.00137       0.00100     0.00100     0.00200    1.000        0.01053      0.01051     -0.00178   0.9174   0.8909   0.8438 
pnt      -85.75687    10.06316        44.36        0.02269      0.01384     -0.01104       0.00100     0.00100     0.00200    1.000        0.02280      0.01373     -0.01068   0.9632   0.9535   0.9007 
pnt      -85.09832    10.60179       373.45        0.01058      0.00969      0.00069       0.00100     0.00100     0.00200    1.000        0.01033      0.00976     -0.00017   0.7210   0.7920   0.6590 
pnt      -85.79170    10.16112        24.76        0.02198      0.01648     -0.00493       0.00100     0.00100     0.00200    1.000        0.02174      0.01639     -0.00533   0.9200   0.8637   0.8317 
