#(1)beta (2)kappa (3)data_num (4)slip_num (5)ndf (6)rss [m^2] (7)rms [m] (8)wrrs [m^2] (9)wrms [m] (10)chi2 (11)rchi2 (12)r_1d [cm/km] (13)r_2d [cm/km^2] (14)strain [cm/km]
5.37773e+09  7.33330e+04      48 184 -136 1.56952e-01  5.71825e-02   7.00362e+02   3.81980e+00   7.00362e+02   -5.14972e+00  NaN           NaN           NaN         
0.00000e+00  0.00000e+00      48 184 -136 1.56952e-01  5.71825e-02   7.00362e+02   3.81980e+00   7.00362e+02   -5.14972e+00  NaN           NaN           NaN         
2.25000e+06  1.50000e+03      48 184 -136 1.56952e-01  5.71825e-02   7.00362e+02   3.81980e+00   7.00362e+02   -5.14972e+00  NaN           NaN           NaN         
9.00000e+06  3.00000e+03      48 184 -136 1.56952e-01  5.71825e-02   7.00362e+02   3.81980e+00   7.00362e+02   -5.14972e+00  NaN           NaN           NaN         
2.02500e+07  4.50000e+03      48 184 -136 1.56952e-01  5.71825e-02   7.00362e+02   3.81980e+00   7.00362e+02   -5.14972e+00  NaN           NaN           NaN         
3.60000e+07  6.00000e+03      48 184 -136 1.56952e-01  5.71825e-02   7.00362e+02   3.81980e+00   7.00362e+02   -5.14972e+00  NaN           NaN           NaN         
5.62500e+07  7.50000e+03      48 184 -136 1.56952e-01  5.71825e-02   7.00362e+02   3.81980e+00   7.00362e+02   -5.14972e+00  NaN           NaN           NaN         
8.10000e+07  9.00000e+03      48 184 -136 1.56952e-01  5.71825e-02   7.00362e+02   3.81980e+00   7.00362e+02   -5.14972e+00  NaN           NaN           NaN         
1.10250e+08  1.05000e+04      48 184 -136 1.56952e-01  5.71825e-02   7.00362e+02   3.81980e+00   7.00362e+02   -5.14972e+00  NaN           NaN           NaN         
1.44000e+08  1.20000e+04      48 184 -136 1.56952e-01  5.71825e-02   7.00362e+02   3.81980e+00   7.00362e+02   -5.14972e+00  NaN           NaN           NaN         
1.82250e+08  1.35000e+04      48 184 -136 1.56952e-01  5.71825e-02   7.00362e+02   3.81980e+00   7.00362e+02   -5.14972e+00  NaN           NaN           NaN         
2.25000e+08  1.50000e+04      48 184 -136 1.56952e-01  5.71825e-02   7.00362e+02   3.81980e+00   7.00362e+02   -5.14972e+00  NaN           NaN           NaN         
2.72250e+08  1.65000e+04      48 184 -136 1.56952e-01  5.71825e-02   7.00362e+02   3.81980e+00   7.00362e+02   -5.14972e+00  NaN           NaN           NaN         
3.24000e+08  1.80000e+04      48 184 -136 1.56952e-01  5.71825e-02   7.00362e+02   3.81980e+00   7.00362e+02   -5.14972e+00  NaN           NaN           NaN         
3.80250e+08  1.95000e+04      48 184 -136 1.56952e-01  5.71825e-02   7.00362e+02   3.81980e+00   7.00362e+02   -5.14972e+00  NaN           NaN           NaN         
4.41000e+08  2.10000e+04      48 184 -136 1.56952e-01  5.71825e-02   7.00362e+02   3.81980e+00   7.00362e+02   -5.14972e+00  NaN           NaN           NaN         
5.06250e+08  2.25000e+04      48 184 -136 1.56952e-01  5.71825e-02   7.00362e+02   3.81980e+00   7.00362e+02   -5.14972e+00  NaN           NaN           NaN         
5.76000e+08  2.40000e+04      48 184 -136 1.56952e-01  5.71825e-02   7.00362e+02   3.81980e+00   7.00362e+02   -5.14972e+00  NaN           NaN           NaN         
6.50250e+08  2.55000e+04      48 184 -136 1.56952e-01  5.71825e-02   7.00362e+02   3.81980e+00   7.00362e+02   -5.14972e+00  NaN           NaN           NaN         
7.29000e+08  2.70000e+04      48 184 -136 1.56952e-01  5.71825e-02   7.00362e+02   3.81980e+00   7.00362e+02   -5.14972e+00  NaN           NaN           NaN         
8.12250e+08  2.85000e+04      48 184 -136 1.56952e-01  5.71825e-02   7.00362e+02   3.81980e+00   7.00362e+02   -5.14972e+00  NaN           NaN           NaN         
9.00000e+08  3.00000e+04      48 184 -136 1.56952e-01  5.71825e-02   7.00362e+02   3.81980e+00   7.00362e+02   -5.14972e+00  NaN           NaN           NaN         
9.92250e+08  3.15000e+04      48 184 -136 1.56952e-01  5.71825e-02   7.00362e+02   3.81980e+00   7.00362e+02   -5.14972e+00  NaN           NaN           NaN         
1.08900e+09  3.30000e+04      48 184 -136 1.56952e-01  5.71825e-02   7.00362e+02   3.81980e+00   7.00362e+02   -5.14972e+00  NaN           NaN           NaN         
1.19025e+09  3.45000e+04      48 184 -136 1.56952e-01  5.71825e-02   7.00362e+02   3.81980e+00   7.00362e+02   -5.14972e+00  NaN           NaN           NaN         
1.29600e+09  3.60000e+04      48 184 -136 1.56952e-01  5.71825e-02   7.00362e+02   3.81980e+00   7.00362e+02   -5.14972e+00  NaN           NaN           NaN         
1.40625e+09  3.75000e+04      48 184 -136 1.56952e-01  5.71825e-02   7.00362e+02   3.81980e+00   7.00362e+02   -5.14972e+00  NaN           NaN           NaN         
1.52100e+09  3.90000e+04      48 184 -136 1.56952e-01  5.71825e-02   7.00362e+02   3.81980e+00   7.00362e+02   -5.14972e+00  NaN           NaN           NaN         
1.64025e+09  4.05000e+04      48 184 -136 1.56952e-01  5.71825e-02   7.00362e+02   3.81980e+00   7.00362e+02   -5.14972e+00  NaN           NaN           NaN         
1.76400e+09  4.20000e+04      48 184 -136 1.56952e-01  5.71825e-02   7.00362e+02   3.81980e+00   7.00362e+02   -5.14972e+00  NaN           NaN           NaN         
1.89225e+09  4.35000e+04      48 184 -136 1.56952e-01  5.71825e-02   7.00362e+02   3.81980e+00   7.00362e+02   -5.14972e+00  NaN           NaN           NaN         
2.02500e+09  4.50000e+04      48 184 -136 1.56952e-01  5.71825e-02   7.00362e+02   3.81980e+00   7.00362e+02   -5.14972e+00  NaN           NaN           NaN         
2.16225e+09  4.65000e+04      48 184 -136 1.56952e-01  5.71825e-02   7.00362e+02   3.81980e+00   7.00362e+02   -5.14972e+00  NaN           NaN           NaN         
2.30400e+09  4.80000e+04      48 184 -136 1.56952e-01  5.71825e-02   7.00362e+02   3.81980e+00   7.00362e+02   -5.14972e+00  NaN           NaN           NaN         
2.45025e+09  4.95000e+04      48 184 -136 1.56952e-01  5.71825e-02   7.00362e+02   3.81980e+00   7.00362e+02   -5.14972e+00  NaN           NaN           NaN         
2.60100e+09  5.10000e+04      48 184 -136 1.56952e-01  5.71825e-02   7.00362e+02   3.81980e+00   7.00362e+02   -5.14972e+00  NaN           NaN           NaN         
2.75625e+09  5.25000e+04      48 184 -136 1.56952e-01  5.71825e-02   7.00362e+02   3.81980e+00   7.00362e+02   -5.14972e+00  NaN           NaN           NaN         
2.91600e+09  5.40000e+04      48 184 -136 1.56952e-01  5.71825e-02   7.00362e+02   3.81980e+00   7.00362e+02   -5.14972e+00  NaN           NaN           NaN         
3.08025e+09  5.55000e+04      48 184 -136 1.56952e-01  5.71825e-02   7.00362e+02   3.81980e+00   7.00362e+02   -5.14972e+00  NaN           NaN           NaN         
3.24900e+09  5.70000e+04      48 184 -136 1.56952e-01  5.71825e-02   7.00362e+02   3.81980e+00   7.00362e+02   -5.14972e+00  NaN           NaN           NaN         
3.42225e+09  5.85000e+04      48 184 -136 1.56952e-01  5.71825e-02   7.00362e+02   3.81980e+00   7.00362e+02   -5.14972e+00  NaN           NaN           NaN         
3.60000e+09  6.00000e+04      48 184 -136 1.56952e-01  5.71825e-02   7.00362e+02   3.81980e+00   7.00362e+02   -5.14972e+00  NaN           NaN           NaN         
