#(1)beta (2)kappa (3)data_num (4)slip_num (5)ndf (6)rss [m^2] (7)rms [m] (8)wrrs [m^2] (9)wrms [m] (10)chi2 (11)rchi2 (12)r_1d [cm/km] (13)r_2d [cm/km^2] (14)strain [cm/km]
5.37773e+09  7.33330e+04      1295 184 1111 1.33379e+00  3.20929e-02   2.44240e+04   4.34283e+00   2.37949e+04   2.14175e+01   NaN           NaN           NaN         
0.00000e+00  0.00000e+00      1295 184 1111 1.33379e+00  3.20929e-02   2.44240e+04   4.34283e+00   2.37949e+04   2.14175e+01   NaN           NaN           NaN         
4.00000e+06  2.00000e+03      1295 184 1111 1.33379e+00  3.20929e-02   2.44240e+04   4.34283e+00   2.37949e+04   2.14175e+01   NaN           NaN           NaN         
1.60000e+07  4.00000e+03      1295 184 1111 1.33379e+00  3.20929e-02   2.44240e+04   4.34283e+00   2.37949e+04   2.14175e+01   NaN           NaN           NaN         
3.60000e+07  6.00000e+03      1295 184 1111 1.33379e+00  3.20929e-02   2.44240e+04   4.34283e+00   2.37949e+04   2.14175e+01   NaN           NaN           NaN         
6.40000e+07  8.00000e+03      1295 184 1111 1.33379e+00  3.20929e-02   2.44240e+04   4.34283e+00   2.37949e+04   2.14175e+01   NaN           NaN           NaN         
1.00000e+08  1.00000e+04      1295 184 1111 1.33379e+00  3.20929e-02   2.44240e+04   4.34283e+00   2.37949e+04   2.14175e+01   NaN           NaN           NaN         
1.44000e+08  1.20000e+04      1295 184 1111 1.33379e+00  3.20929e-02   2.44240e+04   4.34283e+00   2.37949e+04   2.14175e+01   NaN           NaN           NaN         
1.96000e+08  1.40000e+04      1295 184 1111 1.33379e+00  3.20929e-02   2.44240e+04   4.34283e+00   2.37949e+04   2.14175e+01   NaN           NaN           NaN         
2.56000e+08  1.60000e+04      1295 184 1111 1.33379e+00  3.20929e-02   2.44240e+04   4.34283e+00   2.37949e+04   2.14175e+01   NaN           NaN           NaN         
3.24000e+08  1.80000e+04      1295 184 1111 1.33379e+00  3.20929e-02   2.44240e+04   4.34283e+00   2.37949e+04   2.14175e+01   NaN           NaN           NaN         
4.00000e+08  2.00000e+04      1295 184 1111 1.33379e+00  3.20929e-02   2.44240e+04   4.34283e+00   2.37949e+04   2.14175e+01   NaN           NaN           NaN         
4.84000e+08  2.20000e+04      1295 184 1111 1.33379e+00  3.20929e-02   2.44240e+04   4.34283e+00   2.37949e+04   2.14175e+01   NaN           NaN           NaN         
5.76000e+08  2.40000e+04      1295 184 1111 1.33379e+00  3.20929e-02   2.44240e+04   4.34283e+00   2.37949e+04   2.14175e+01   NaN           NaN           NaN         
6.76000e+08  2.60000e+04      1295 184 1111 1.33379e+00  3.20929e-02   2.44240e+04   4.34283e+00   2.37949e+04   2.14175e+01   NaN           NaN           NaN         
7.84000e+08  2.80000e+04      1295 184 1111 1.33379e+00  3.20929e-02   2.44240e+04   4.34283e+00   2.37949e+04   2.14175e+01   NaN           NaN           NaN         
9.00000e+08  3.00000e+04      1295 184 1111 1.33379e+00  3.20929e-02   2.44240e+04   4.34283e+00   2.37949e+04   2.14175e+01   NaN           NaN           NaN         
1.02400e+09  3.20000e+04      1295 184 1111 1.33379e+00  3.20929e-02   2.44240e+04   4.34283e+00   2.37949e+04   2.14175e+01   NaN           NaN           NaN         
1.15600e+09  3.40000e+04      1295 184 1111 1.33379e+00  3.20929e-02   2.44240e+04   4.34283e+00   2.37949e+04   2.14175e+01   NaN           NaN           NaN         
1.29600e+09  3.60000e+04      1295 184 1111 1.33379e+00  3.20929e-02   2.44240e+04   4.34283e+00   2.37949e+04   2.14175e+01   NaN           NaN           NaN         
1.44400e+09  3.80000e+04      1295 184 1111 1.33379e+00  3.20929e-02   2.44240e+04   4.34283e+00   2.37949e+04   2.14175e+01   NaN           NaN           NaN         
1.60000e+09  4.00000e+04      1295 184 1111 1.33379e+00  3.20929e-02   2.44240e+04   4.34283e+00   2.37949e+04   2.14175e+01   NaN           NaN           NaN         
1.76400e+09  4.20000e+04      1295 184 1111 1.33379e+00  3.20929e-02   2.44240e+04   4.34283e+00   2.37949e+04   2.14175e+01   NaN           NaN           NaN         
1.93600e+09  4.40000e+04      1295 184 1111 1.33379e+00  3.20929e-02   2.44240e+04   4.34283e+00   2.37949e+04   2.14175e+01   NaN           NaN           NaN         
2.11600e+09  4.60000e+04      1295 184 1111 1.33379e+00  3.20929e-02   2.44240e+04   4.34283e+00   2.37949e+04   2.14175e+01   NaN           NaN           NaN         
2.30400e+09  4.80000e+04      1295 184 1111 1.33379e+00  3.20929e-02   2.44240e+04   4.34283e+00   2.37949e+04   2.14175e+01   NaN           NaN           NaN         
2.50000e+09  5.00000e+04      1295 184 1111 1.33379e+00  3.20929e-02   2.44240e+04   4.34283e+00   2.37949e+04   2.14175e+01   NaN           NaN           NaN         
2.70400e+09  5.20000e+04      1295 184 1111 1.33379e+00  3.20929e-02   2.44240e+04   4.34283e+00   2.37949e+04   2.14175e+01   NaN           NaN           NaN         
2.91600e+09  5.40000e+04      1295 184 1111 1.33379e+00  3.20929e-02   2.44240e+04   4.34283e+00   2.37949e+04   2.14175e+01   NaN           NaN           NaN         
3.13600e+09  5.60000e+04      1295 184 1111 1.33379e+00  3.20929e-02   2.44240e+04   4.34283e+00   2.37949e+04   2.14175e+01   NaN           NaN           NaN         
3.36400e+09  5.80000e+04      1295 184 1111 1.33379e+00  3.20929e-02   2.44240e+04   4.34283e+00   2.37949e+04   2.14175e+01   NaN           NaN           NaN         
3.60000e+09  6.00000e+04      1295 184 1111 1.33379e+00  3.20929e-02   2.44240e+04   4.34283e+00   2.37949e+04   2.14175e+01   NaN           NaN           NaN         
3.84400e+09  6.20000e+04      1295 184 1111 1.33379e+00  3.20929e-02   2.44240e+04   4.34283e+00   2.37949e+04   2.14175e+01   NaN           NaN           NaN         
4.09600e+09  6.40000e+04      1295 184 1111 1.33379e+00  3.20929e-02   2.44240e+04   4.34283e+00   2.37949e+04   2.14175e+01   NaN           NaN           NaN         
4.35600e+09  6.60000e+04      1295 184 1111 1.33379e+00  3.20929e-02   2.44240e+04   4.34283e+00   2.37949e+04   2.14175e+01   NaN           NaN           NaN         
4.62400e+09  6.80000e+04      1295 184 1111 1.33379e+00  3.20929e-02   2.44240e+04   4.34283e+00   2.37949e+04   2.14175e+01   NaN           NaN           NaN         
4.90000e+09  7.00000e+04      1295 184 1111 1.33379e+00  3.20929e-02   2.44240e+04   4.34283e+00   2.37949e+04   2.14175e+01   NaN           NaN           NaN         
5.18400e+09  7.20000e+04      1295 184 1111 1.33379e+00  3.20929e-02   2.44240e+04   4.34283e+00   2.37949e+04   2.14175e+01   NaN           NaN           NaN         
5.47600e+09  7.40000e+04      1295 184 1111 1.33379e+00  3.20929e-02   2.44240e+04   4.34283e+00   2.37949e+04   2.14175e+01   NaN           NaN           NaN         
5.77600e+09  7.60000e+04      1295 184 1111 1.33379e+00  3.20929e-02   2.44240e+04   4.34283e+00   2.37949e+04   2.14175e+01   NaN           NaN           NaN         
6.08400e+09  7.80000e+04      1295 184 1111 1.33379e+00  3.20929e-02   2.44240e+04   4.34283e+00   2.37949e+04   2.14175e+01   NaN           NaN           NaN         
6.40000e+09  8.00000e+04      1295 184 1111 1.33379e+00  3.20929e-02   2.44240e+04   4.34283e+00   2.37949e+04   2.14175e+01   NaN           NaN           NaN         
6.72400e+09  8.20000e+04      1295 184 1111 1.33379e+00  3.20929e-02   2.44240e+04   4.34283e+00   2.37949e+04   2.14175e+01   NaN           NaN           NaN         
7.05600e+09  8.40000e+04      1295 184 1111 1.33379e+00  3.20929e-02   2.44240e+04   4.34283e+00   2.37949e+04   2.14175e+01   NaN           NaN           NaN         
7.39600e+09  8.60000e+04      1295 184 1111 1.33379e+00  3.20929e-02   2.44240e+04   4.34283e+00   2.37949e+04   2.14175e+01   NaN           NaN           NaN         
7.74400e+09  8.80000e+04      1295 184 1111 1.33379e+00  3.20929e-02   2.44240e+04   4.34283e+00   2.37949e+04   2.14175e+01   NaN           NaN           NaN         
8.10000e+09  9.00000e+04      1295 184 1111 1.33379e+00  3.20929e-02   2.44240e+04   4.34283e+00   2.37949e+04   2.14175e+01   NaN           NaN           NaN         
8.46400e+09  9.20000e+04      1295 184 1111 1.33379e+00  3.20929e-02   2.44240e+04   4.34283e+00   2.37949e+04   2.14175e+01   NaN           NaN           NaN         
8.83600e+09  9.40000e+04      1295 184 1111 1.33379e+00  3.20929e-02   2.44240e+04   4.34283e+00   2.37949e+04   2.14175e+01   NaN           NaN           NaN         
9.21600e+09  9.60000e+04      1295 184 1111 1.33379e+00  3.20929e-02   2.44240e+04   4.34283e+00   2.37949e+04   2.14175e+01   NaN           NaN           NaN         
9.60400e+09  9.80000e+04      1295 184 1111 1.33379e+00  3.20929e-02   2.44240e+04   4.34283e+00   2.37949e+04   2.14175e+01   NaN           NaN           NaN         
1.00000e+10  1.00000e+05      1295 184 1111 1.33379e+00  3.20929e-02   2.44240e+04   4.34283e+00   2.37949e+04   2.14175e+01   NaN           NaN           NaN         
