#(1)ss[m] (2)ds[m] (3)ts[m]  (4)Rss (5)Rds  (6)Rts (7)R_i
0.0000 0.0000 0.0000 0.0000 36.5458 0.0000 3308.3467
0.0000 0.0000 0.0000 0.0000 -597.1700 0.0000 0.0000
0.0000 0.8177 0.0000 0.0000 -2441.5595 0.0000 0.0000
0.0000 0.8117 0.0000 0.0000 1640.9226 0.0000 493.7259
0.0000 0.5211 0.0000 0.0000 -536.2772 0.0000 0.0000
0.0000 0.2454 0.0000 0.0000 -187.0125 0.0000 0.0000
0.0000 0.0030 0.0000 0.0000 -8.2550 0.0000 0.0000
0.0000 0.0000 0.0000 0.0000 -433.2565 0.0000 0.0000
0.0000 0.7691 0.0000 0.0000 4184.9649 0.0000 309.1606
0.0000 0.8502 0.0000 0.0000 -3254.5357 0.0000 0.0000
0.0000 0.6044 0.0000 0.0000 -886.8345 0.0000 0.0000
0.0000 0.3138 0.0000 0.0000 426.5492 0.0000 968.3791
0.0000 0.9827 0.0000 0.0000 -37.8660 0.0000 0.0000
0.0000 0.9755 0.0000 0.0000 -157.9977 0.0000 0.0000
0.0000 0.6788 0.0000 0.0000 -5789.5718 0.0000 0.0000
0.0000 0.4491 0.0000 0.0000 1094.7693 0.0000 604.4616
0.0000 0.3951 0.0000 0.0000 76.1461 0.0000 2291.9561
0.0000 0.2419 0.0000 0.0000 310.9644 0.0000 1134.1608
0.0000 0.9855 0.0000 0.0000 17.9817 0.0000 4716.4390
0.0000 1.0000 0.0000 0.0000 -4559.3185 0.0000 0.0000
0.0000 0.4763 0.0000 0.0000 5030.3848 0.0000 281.9872
0.0000 0.2247 0.0000 0.0000 -2091.8414 0.0000 0.0000
0.0000 0.2355 0.0000 0.0000 2440.1619 0.0000 404.8747
0.0000 0.1802 0.0000 0.0000 -835.7396 0.0000 0.0000
0.0000 0.0060 0.0000 0.0000 -1.8150 0.0000 0.0000
0.0000 0.0302 0.0000 0.0000 6764.5938 0.0000 243.1695
0.0000 0.3390 0.0000 0.0000 46.7428 0.0000 2925.3146
0.0000 0.4792 0.0000 0.0000 -2785.4042 0.0000 0.0000
0.0000 0.3513 0.0000 0.0000 977.5316 0.0000 639.6827
0.0000 0.2377 0.0000 0.0000 -868.3534 0.0000 0.0000
0.0000 0.0116 0.0000 0.0000 -96.5768 0.0000 0.0000
0.0000 0.0000 0.0000 0.0000 -1137.2713 0.0000 0.0000
0.0000 0.3544 0.0000 0.0000 -1530.4139 0.0000 0.0000
0.0000 0.8372 0.0000 0.0000 2488.0022 0.0000 400.9633
0.0000 0.5966 0.0000 0.0000 -1357.9539 0.0000 0.0000
0.0000 0.3711 0.0000 0.0000 1752.9329 0.0000 477.6913
0.0000 1.0000 0.0000 0.0000 108.7817 0.0000 1917.5738
0.0000 1.0000 0.0000 0.0000 945.3063 0.0000 650.4946
0.0000 0.2593 0.0000 0.0000 1491.9285 0.0000 517.7928
0.0000 0.9065 0.0000 0.0000 691.1863 0.0000 760.7333
0.0000 0.6999 0.0000 0.0000 -22.7562 0.0000 0.0000
0.0000 0.4625 0.0000 0.0000 59.8653 0.0000 2584.8920
0.0000 0.9781 0.0000 0.0000 544.1322 0.0000 857.3887
0.0000 1.0000 0.0000 0.0000 570.2552 0.0000 837.5204
0.0000 0.0000 0.0000 0.0000 1847.3232 0.0000 465.3273
0.0000 0.7565 0.0000 0.0000 -46.7327 0.0000 0.0000
0.0000 0.6581 0.0000 0.0000 -1076.5779 0.0000 0.0000
0.0000 0.4955 0.0000 0.0000 -83.9635 0.0000 0.0000
0.0000 0.0000 0.0000 0.0000 -1502.6474 0.0000 0.0000
0.0000 0.0314 0.0000 0.0000 504.5612 0.0000 890.3752
0.0000 0.7638 0.0000 0.0000 -130.4772 0.0000 0.0000
0.0000 0.6144 0.0000 0.0000 552.2171 0.0000 851.0892
0.0000 0.5895 0.0000 0.0000 836.0661 0.0000 691.6871
0.0000 0.5115 0.0000 0.0000 -699.0283 0.0000 0.0000
0.0000 0.4101 0.0000 0.0000 -1063.5572 0.0000 0.0000
0.0000 0.1992 0.0000 0.0000 -1530.4327 0.0000 0.0000
0.0000 0.7199 0.0000 0.0000 -246.6499 0.0000 0.0000
0.0000 0.1308 0.0000 0.0000 -1791.4377 0.0000 0.0000
0.0000 0.4996 0.0000 0.0000 -134.1162 0.0000 0.0000
0.0000 0.5406 0.0000 0.0000 81.5142 0.0000 2215.2016
0.0000 0.8873 0.0000 0.0000 -76.1473 0.0000 0.0000
0.0000 0.8958 0.0000 0.0000 1361.1798 0.0000 542.0911
0.0000 0.3020 0.0000 0.0000 433.0061 0.0000 961.1319
0.0000 0.0133 0.0000 0.0000 1090.5904 0.0000 605.6185
0.0000 0.5683 0.0000 0.0000 -702.3679 0.0000 0.0000
0.0000 0.5887 0.0000 0.0000 -124.7133 0.0000 0.0000
0.0000 0.9405 0.0000 0.0000 -230.2543 0.0000 0.0000
0.0000 0.8353 0.0000 0.0000 538.1813 0.0000 862.1160
0.0000 0.0947 0.0000 0.0000 71.2366 0.0000 2369.6185
0.0000 0.4540 0.0000 0.0000 -587.8090 0.0000 0.0000
0.0000 0.6980 0.0000 0.0000 -230.1860 0.0000 0.0000
0.0000 0.6170 0.0000 0.0000 417.3496 0.0000 978.9939
0.0000 0.1060 0.0000 0.0000 -140.3189 0.0000 0.0000
0.0000 0.0375 0.0000 0.0000 137.2862 0.0000 1706.9333
0.0000 0.5118 0.0000 0.0000 521.5979 0.0000 875.7135
0.0000 0.8979 0.0000 0.0000 -253.6428 0.0000 0.0000
0.0000 0.5829 0.0000 0.0000 168.2188 0.0000 1542.0298
0.0000 0.5665 0.0000 0.0000 -255.9492 0.0000 0.0000
0.0000 0.0000 0.0000 0.0000 -65.2202 0.0000 0.0000
0.0000 0.4610 0.0000 0.0000 -5.8333 0.0000 0.0000
0.0000 1.0000 0.0000 0.0000 173.1474 0.0000 1519.9246
0.0000 0.6842 0.0000 0.0000 -339.0653 0.0000 0.0000
0.0000 0.3141 0.0000 0.0000 13.3459 0.0000 5474.6463
0.0000 0.5087 0.0000 0.0000 40.4075 0.0000 3146.2922
0.0000 0.9079 0.0000 0.0000 -2.8153 0.0000 0.0000
0.0000 0.7755 0.0000 0.0000 208.2576 0.0000 1385.8926
0.0000 0.7247 0.0000 0.0000 39.3469 0.0000 3188.4126
0.0000 0.0000 0.0000 0.0000 315.0014 0.0000 1126.8698
0.0000 0.1373 0.0000 0.0000 -27.9856 0.0000 0.0000
0.0000 0.4699 0.0000 0.0000 93.1746 0.0000 2071.9591
0.0000 1.0000 0.0000 0.0000 12.2874 0.0000 5705.5929
0.0000 0.5579 0.0000 0.0000 10.7938 0.0000 6087.5509
0.0000 0.0000 0.0000 0.0000 -55.3976 0.0000 0.0000
0.0000 0.1444 0.0000 0.0000 -80.7880 0.0000 0.0000
0.0000 0.2682 0.0000 0.0000 18.8192 0.0000 4610.2972
0.0000 0.4346 0.0000 0.0000 -58.0400 0.0000 0.0000
0.0000 0.0000 0.0000 0.0000 -16.2166 0.0000 0.0000
0.0000 0.1082 0.0000 0.0000 22.9381 0.0000 4175.9147
0.0000 0.9740 0.0000 0.0000 -1.8816 0.0000 0.0000
0.0000 1.0000 0.0000 0.0000 -8.2973 0.0000 0.0000
0.0000 0.5713 0.0000 0.0000 35.8262 0.0000 3341.4111
0.0000 0.3748 0.0000 0.0000 -55.5523 0.0000 0.0000
0.0000 0.0000 0.0000 0.0000 -4.0366 0.0000 0.0000
0.0000 0.0000 0.0000 0.0000 7.9501 0.0000 7093.2268
0.0000 0.8565 0.0000 0.0000 -20.6250 0.0000 0.0000
0.0000 1.0000 0.0000 0.0000 13.2627 0.0000 5491.7935
0.0000 0.8124 0.0000 0.0000 76.3286 0.0000 2289.2136
0.0000 0.3642 0.0000 0.0000 37.6762 0.0000 3258.3407
0.0000 0.9965 0.0000 0.0000 -47.4190 0.0000 0.0000
0.0000 1.0000 0.0000 0.0000 42.4289 0.0000 3070.4295
0.0000 0.0000 0.0000 0.0000 65.0139 0.0000 2480.4297
0.0000 0.1936 0.0000 0.0000 90.8284 0.0000 2098.5492
0.0000 1.0000 0.0000 0.0000 -221.6957 0.0000 0.0000
0.0000 0.5259 0.0000 0.0000 18.5085 0.0000 4648.8338
0.0000 0.9998 0.0000 0.0000 -1.9992 0.0000 0.0000
0.0000 1.0000 0.0000 0.0000 -6.0105 0.0000 0.0000
0.0000 0.0053 0.0000 0.0000 47.1864 0.0000 2911.5331
0.0000 0.0000 0.0000 0.0000 -205.7649 0.0000 0.0000
0.0000 0.6661 0.0000 0.0000 23.5008 0.0000 4125.6175
0.0000 0.6279 0.0000 0.0000 -49.5806 0.0000 0.0000
0.0000 0.0000 0.0000 0.0000 0.8880 0.0000 21224.2548
0.0000 0.0000 0.0000 0.0000 1.8072 0.0000 14877.4440
0.0000 1.0000 0.0000 0.0000 33.8624 0.0000 3436.9319
0.0000 0.9954 0.0000 0.0000 2.1514 0.0000 13635.5875
0.0000 0.0000 0.0000 0.0000 145.3152 0.0000 1659.1073
0.0000 0.3740 0.0000 0.0000 197.5943 0.0000 1422.7966
0.0000 0.0000 0.0000 0.0000 1.0460 0.0000 19554.9984
0.0000 0.0000 0.0000 0.0000 0.6860 0.0000 24148.0522
0.0000 1.0000 0.0000 0.0000 1.0242 0.0000 19762.0040
0.0000 0.9980 0.0000 0.0000 -45.1403 0.0000 0.0000
0.0000 0.0000 0.0000 0.0000 -18.6627 0.0000 0.0000
0.0000 0.0216 0.0000 0.0000 -193.1298 0.0000 0.0000
0.0000 1.0000 0.0000 0.0000 0.9999 0.0000 20001.0194
0.0000 1.0000 0.0000 0.0000 1.0546 0.0000 19475.5953
0.0000 0.0000 0.0000 0.0000 0.0141 0.0000 168363.4608
0.0000 0.0000 0.0000 0.0000 -0.9145 0.0000 0.0000
0.0000 1.0000 0.0000 0.0000 16.3891 0.0000 4940.2915
0.0000 0.9724 0.0000 0.0000 0.1078 0.0000 60910.6619
0.0000 1.0000 0.0000 0.0000 1.0004 0.0000 19995.9949
0.0000 1.0000 0.0000 0.0000 1.0903 0.0000 19154.3089
0.0000 0.0000 0.0000 0.0000 0.7477 0.0000 23128.7483
0.0000 0.0000 0.0000 0.0000 7.7499 0.0000 7184.2674
0.0000 0.9947 0.0000 0.0000 -3.3945 0.0000 0.0000
0.0000 1.0000 0.0000 0.0000 66.1900 0.0000 2458.2945
0.0000 0.0000 0.0000 0.0000 1.0004 0.0000 19995.8696
0.0000 0.0000 0.0000 0.0000 0.9022 0.0000 21056.2530
0.0000 0.0000 0.0000 0.0000 1.9953 0.0000 14158.8186
0.0000 0.0000 0.0000 0.0000 -0.1226 0.0000 0.0000
0.0000 0.0000 0.0000 0.0000 -10.0055 0.0000 0.0000
0.0000 0.0195 0.0000 0.0000 -26.2742 0.0000 0.0000
0.0000 0.0000 0.0000 0.0000 0.9997 0.0000 20002.8386
0.0000 0.0000 0.0000 0.0000 0.9937 0.0000 20062.9131
0.0000 0.0000 0.0000 0.0000 0.8374 0.0000 21855.7461
0.0000 0.0000 0.0000 0.0000 1.1646 0.0000 18532.9853
0.0000 0.0000 0.0000 0.0000 4.9198 0.0000 9016.8984
0.0000 0.0000 0.0000 0.0000 1.4557 0.0000 16576.5816
0.0000 0.0000 0.0000 0.0000 1.0016 0.0000 19984.4585
0.0000 0.0000 0.0000 0.0000 0.9842 0.0000 20160.0100
0.0000 0.0001 0.0000 0.0000 0.8200 0.0000 22086.5236
0.0000 0.0000 0.0000 0.0000 0.4247 0.0000 30688.2510
0.0000 0.0000 0.0000 0.0000 -0.1763 0.0000 0.0000
0.0000 0.0000 0.0000 0.0000 0.9161 0.0000 20895.3758
0.0000 0.0000 0.0000 0.0000 0.9994 0.0000 20005.7052
0.0000 0.0000 0.0000 0.0000 0.9713 0.0000 20293.6586
0.0000 0.0012 0.0000 0.0000 0.7253 0.0000 23483.4533
0.0000 0.0000 0.0000 0.0000 0.4111 0.0000 31192.5173
0.0000 0.0000 0.0000 0.0000 -0.5712 0.0000 0.0000
0.0000 0.0000 0.0000 0.0000 1.1616 0.0000 18556.8688
0.0000 0.0001 0.0000 0.0000 0.9960 0.0000 20039.9865
0.0000 0.0000 0.0000 0.0000 0.9588 0.0000 20425.2112
0.0000 0.0002 0.0000 0.0000 0.7788 0.0000 22662.3364
0.0000 0.0000 0.0000 0.0000 0.4286 0.0000 30551.1403
0.0000 0.0000 0.0000 0.0000 0.1309 0.0000 55282.6907
0.0000 0.0000 0.0000 0.0000 -0.4633 0.0000 0.0000
0.0000 0.0000 0.0000 0.0000 0.9989 0.0000 20010.5447
0.0000 0.0005 0.0000 0.0000 0.9055 0.0000 21017.6236
0.0000 0.0006 0.0000 0.0000 0.7523 0.0000 23058.5629
0.0000 0.0000 0.0000 0.0000 0.3770 0.0000 32571.0967
0.0000 0.0000 0.0000 0.0000 0.1366 0.0000 54119.9731
0.0000 0.0000 0.0000 0.0000 0.0697 0.0000 75766.6218
0.0000 0.0000 0.0000 0.0000 0.9998 0.0000 20002.4132
0.0000 0.0000 0.0000 0.0000 0.8530 0.0000 21654.4543
0.0000 0.0008 0.0000 0.0000 0.6920 0.0000 24042.8898
0.0000 0.0000 0.0000 0.0000 0.3838 0.0000 32282.0013
0.0000 0.0000 0.0000 0.0000 0.0920 0.0000 65947.5475
0.0000 0.0000 0.0000 0.0000 0.0667 0.0000 77418.8081
0.0000 0.0002 0.0000 0.0000 0.9999 0.0000 20000.5747
0.0000 0.0000 0.0000 0.0000 0.9136 0.0000 20924.0204
0.0000 0.0004 0.0000 0.0000 0.6610 0.0000 24600.5559
0.0000 0.0000 0.0000 0.0000 0.2231 0.0000 42345.8996
0.0000 0.0000 0.0000 0.0000 0.0857 0.0000 68328.3928
0.0000 0.0000 0.0000 0.0000 0.0605 0.0000 81340.1673
0.0000 0.0005 0.0000 0.0000 0.9980 0.0000 20020.3225
0.0000 0.0000 0.0000 0.0000 0.8054 0.0000 22286.2039
0.0000 0.0000 0.0000 0.0000 0.3841 0.0000 32269.4102
0.0000 0.0000 0.0000 0.0000 0.1873 0.0000 46216.8793
0.0000 0.0000 0.0000 0.0000 0.0947 0.0000 64985.1415
0.0000 0.0000 0.0000 0.0000 0.0578 0.0000 83165.6912
0.0000 0.0001 0.0000 0.0000 0.9651 0.0000 20358.7228
0.0000 0.0000 0.0000 0.0000 0.8842 0.0000 21268.8996
0.0000 0.0000 0.0000 0.0000 0.4061 0.0000 31385.1956
0.0000 0.0000 0.0000 0.0000 0.1515 0.0000 51387.5344
0.0000 0.0102 0.0000 0.0000 0.1053 0.0000 61646.3754
0.0000 0.0000 0.0000 0.0000 0.0573 0.0000 83586.9048
0.0000 0.0011 0.0000 0.0000 0.8586 0.0000 21583.7953
0.0000 0.0004 0.0000 0.0000 0.6116 0.0000 25573.5899
0.0000 0.0018 0.0000 0.0000 0.3236 0.0000 35158.1277
0.0000 0.0028 0.0000 0.0000 0.1440 0.0000 52711.1089
0.0000 0.0000 0.0000 0.0000 0.0984 0.0000 63753.0339
0.0000 0.0000 0.0000 0.0000 0.0484 0.0000 90885.2081
0.0000 0.0006 0.0000 0.0000 0.9064 0.0000 21006.9949
0.0000 0.0010 0.0000 0.0000 0.8171 0.0000 22125.9643
0.0000 0.0027 0.0000 0.0000 0.4519 0.0000 29750.7874
0.0000 0.0021 0.0000 0.0000 0.1382 0.0000 53798.5037
0.0000 0.0000 0.0000 0.0000 0.0874 0.0000 67650.2603
0.0000 0.0000 0.0000 0.0000 0.0481 0.0000 91164.3430
0.0000 0.0000 0.0000 0.0000 0.7854 0.0000 22568.0729
0.0000 0.0001 0.0000 0.0000 0.8596 0.0000 21570.9760
0.0000 0.0001 0.0000 0.0000 0.3842 0.0000 32268.3511
0.0000 0.0039 0.0000 0.0000 0.1466 0.0000 52230.0595
0.0000 0.0000 0.0000 0.0000 0.0970 0.0000 64220.5458
0.0000 0.0000 0.0000 0.0000 0.0523 0.0000 87412.4768
0.0000 0.0002 0.0000 0.0000 0.7763 0.0000 22700.1056
0.0000 0.0000 0.0000 0.0000 0.5448 0.0000 27097.5410
0.0000 0.0000 0.0000 0.0000 0.2856 0.0000 37422.4267
0.0000 0.0000 0.0000 0.0000 0.1236 0.0000 56879.7017
0.0000 0.0000 0.0000 0.0000 0.0733 0.0000 73851.4685
0.0000 0.0201 0.0000 0.0000 0.0482 0.0000 91123.0006
