#(1)pnt (2)lon (3)lat (4)elev (5)obs_e[m] (6)obs_n[m] (7)obs_u[m] (8)err_e[m] (9)err_n[m] (10)err_u[m] (11)wgt (12)pred_e[m] (13)pred_n[m] (14)pred_u[m] (15)Res_e  (16)Res_n (17)Res_u 
pnt      -85.26120    10.54135       123.46        0.01172      0.01182     -0.00354       0.00100     0.00100     0.00200    1.000        0.01073      0.01109     -0.00207   0.0015   0.0015   0.0008 
pnt      -85.44845    10.38341       118.18        0.01307      0.01415     -0.00939       0.00100     0.00100     0.00200    1.000        0.01387      0.01376     -0.00691   0.0025   0.0025   0.0014 
pnt      -85.20694     9.74376        21.40        0.01679      0.01555     -0.01130       0.00100     0.00100     0.00200    1.000        0.01641      0.01645     -0.01115   0.0045   0.0045   0.0024 
pnt      -85.77610    10.24913        90.32        0.01681      0.01674     -0.00718       0.00100     0.00100     0.00200    1.000        0.01723      0.01688     -0.00969   0.0048   0.0048   0.0026 
pnt      -85.63366    11.05427       267.23        0.00720      0.00753     -0.00062       0.00100     0.00100     0.00200    1.000        0.00508      0.00755      0.00103   0.0006   0.0010   0.0004 
pnt      -85.61063    10.27176        82.04        0.01756      0.01524     -0.00942       0.00100     0.00100     0.00200    1.000        0.01626      0.01566     -0.00882   0.0037   0.0037   0.0020 
pnt      -85.65303    10.56222       122.36        0.01391      0.01225     -0.00583       0.00100     0.00100     0.00200    1.000        0.01394      0.01283     -0.00621   0.0025   0.0025   0.0014 
pnt      -85.44974    10.14003       135.44        0.01544      0.01497     -0.01101       0.00100     0.00100     0.00200    1.000        0.01585      0.01587     -0.00886   0.0035   0.0035   0.0019 
pnt      -85.65854     9.92306        31.18        0.02044      0.01931     -0.00838       0.00100     0.00100     0.00200    1.000        0.01964      0.01918     -0.01021   0.0070   0.0070   0.0037 
pnt      -85.38236    10.07947       240.97        0.01522      0.01636     -0.00803       0.00100     0.00100     0.00200    1.000        0.01588      0.01600     -0.00875   0.0035   0.0035   0.0019 
pnt      -85.13598     9.97506        61.45        0.01482      0.01500     -0.00677       0.00100     0.00100     0.00200    1.000        0.01485      0.01493     -0.00719   0.0029   0.0029   0.0016 
pnt      -85.18684     9.93653       276.88        0.01557      0.01507     -0.00736       0.00100     0.00100     0.00200    1.000        0.01560      0.01558     -0.00819   0.0033   0.0033   0.0018 
pnt      -85.81290    10.35527        77.80        0.01590      0.01679     -0.00929       0.00100     0.00100     0.00200    1.000        0.01674      0.01590     -0.00918   0.0043   0.0043   0.0024 
pnt      -85.22031    10.24149        40.19        0.01404      0.01323     -0.00403       0.00100     0.00100     0.00200    1.000        0.01314      0.01359     -0.00554   0.0022   0.0022   0.0013 
pnt      -84.95509     9.83221        80.31        0.01304      0.01401     -0.00686       0.00100     0.00100     0.00200    1.000        0.01265      0.01309     -0.00628   0.0026   0.0026   0.0015 
pnt      -85.56905    10.84738       155.79        0.00889      0.01073     -0.00232       0.00100     0.00100     0.00200    1.000        0.00870      0.00952     -0.00100   0.0012   0.0014   0.0008 
pnt      -85.54876     9.88917        45.57        0.01954      0.01872     -0.01143       0.00100     0.00100     0.00200    1.000        0.01966      0.01864     -0.01086   0.0061   0.0061   0.0033 
pnt      -84.94815    10.36556      1062.24        0.01066      0.00995     -0.00088       0.00100     0.00100     0.00200    1.000        0.01027      0.01020      0.00061   0.0012   0.0012   0.0006 
pnt      -85.75687    10.06316        44.36        0.01728      0.01873     -0.01160       0.00100     0.00100     0.00200    1.000        0.01812      0.01855     -0.01026   0.0064   0.0065   0.0034 
pnt      -85.09832    10.60179       373.45        0.01027      0.01007      0.00121       0.00100     0.00100     0.00200    1.000        0.00950      0.00995      0.00194   0.0011   0.0011   0.0005 
pnt      -85.79170    10.16112        24.76        0.01783      0.01682     -0.00990       0.00100     0.00100     0.00200    1.000        0.01763      0.01782     -0.01030   0.0058   0.0058   0.0031 
