#(1)pnt (2)lon (3)lat (4)elev (5)obs_e[m] (6)obs_n[m] (7)obs_u[m] (8)err_e[m] (9)err_n[m] (10)err_u[m] (11)wgt (12)pred_e[m] (13)pred_n[m] (14)pred_u[m] (15)Res_e  (16)Res_n (17)Res_u 
pnt      -85.26120    10.54135       123.46        0.01174      0.01179     -0.00357       0.00100     0.00100     0.00200    1.000        0.01151      0.01159     -0.00263   0.4459   0.4417   0.4104 
pnt      -85.44845    10.38341       118.18        0.01328      0.01389     -0.00931       0.00100     0.00100     0.00200    1.000        0.01362      0.01388     -0.00808   0.5050   0.5964   0.4669 
pnt      -85.20694     9.74376        21.40        0.01599      0.01656     -0.00953       0.00100     0.00100     0.00200    1.000        0.01598      0.01656     -0.00956   0.9349   0.9528   0.8930 
pnt      -85.77610    10.24913        90.32        0.01695      0.01656     -0.00906       0.00100     0.00100     0.00200    1.000        0.01727      0.01660     -0.00968   0.5480   0.5599   0.4010 
pnt      -85.63366    11.05427       267.23        0.00715      0.00786     -0.00111       0.00100     0.00100     0.00200    1.000        0.00674      0.00804     -0.00102   0.5883   0.5569   0.5514 
pnt      -85.61063    10.27176        82.04        0.01657      0.01576     -0.01028       0.00100     0.00100     0.00200    1.000        0.01661      0.01610     -0.00953   0.6738   0.5671   0.5200 
pnt      -85.65303    10.56222       122.36        0.01370      0.01261     -0.00594       0.00100     0.00100     0.00200    1.000        0.01377      0.01255     -0.00623   0.8633   0.7695   0.6650 
pnt      -85.44974    10.14003       135.44        0.01602      0.01531     -0.00969       0.00100     0.00100     0.00200    1.000        0.01573      0.01579     -0.00908   0.4922   0.5061   0.3771 
pnt      -85.65854     9.92306        31.18        0.01930      0.01831     -0.01082       0.00100     0.00100     0.00200    1.000        0.01941      0.01828     -0.01089   0.8654   0.8853   0.7324 
pnt      -85.38236    10.07947       240.97        0.01619      0.01582     -0.00757       0.00100     0.00100     0.00200    1.000        0.01581      0.01570     -0.00905   0.4982   0.5841   0.4005 
pnt      -85.13598     9.97506        61.45        0.01464      0.01481     -0.00670       0.00100     0.00100     0.00200    1.000        0.01474      0.01466     -0.00700   0.5009   0.4652   0.3763 
pnt      -85.18684     9.93653       276.88        0.01483      0.01509     -0.00787       0.00100     0.00100     0.00200    1.000        0.01485      0.01516     -0.00803   0.5015   0.5368   0.4288 
pnt      -85.81290    10.35527        77.80        0.01705      0.01557     -0.01005       0.00100     0.00100     0.00200    1.000        0.01692      0.01553     -0.00985   0.8431   0.8054   0.6144 
pnt      -85.22031    10.24149        40.19        0.01364      0.01355     -0.00428       0.00100     0.00100     0.00200    1.000        0.01352      0.01358     -0.00492   0.6156   0.5945   0.4997 
pnt      -84.95509     9.83221        80.31        0.01305      0.01421     -0.00710       0.00100     0.00100     0.00200    1.000        0.01310      0.01419     -0.00688   0.8928   0.9260   0.6558 
pnt      -85.56905    10.84738       155.79        0.00872      0.01070     -0.00249       0.00100     0.00100     0.00200    1.000        0.00902      0.01067     -0.00276   0.6369   0.5879   0.5184 
pnt      -85.54876     9.88917        45.57        0.01879      0.01888     -0.01232       0.00100     0.00100     0.00200    1.000        0.01886      0.01889     -0.01218   0.8430   0.9140   0.8255 
pnt      -84.94815    10.36556      1062.24        0.01078      0.00989     -0.00108       0.00100     0.00100     0.00200    1.000        0.01087      0.00991     -0.00112   0.6444   0.6285   0.5074 
pnt      -85.75687    10.06316        44.36        0.01784      0.01825     -0.01161       0.00100     0.00100     0.00200    1.000        0.01804      0.01803     -0.01138   0.8315   0.7925   0.6495 
pnt      -85.09832    10.60179       373.45        0.01016      0.01017      0.00138       0.00100     0.00100     0.00200    1.000        0.00998      0.01016      0.00048   0.4023   0.4487   0.4154 
pnt      -85.79170    10.16112        24.76        0.01817      0.01702     -0.01063       0.00100     0.00100     0.00200    1.000        0.01788      0.01693     -0.01074   0.7054   0.6623   0.5384 
