#(1)pnt (2)lon (3)lat (4)elev (5)obs_e[m] (6)obs_n[m] (7)obs_u[m] (8)err_e[m] (9)err_n[m] (10)err_u[m] (11)wgt (12)pred_e[m] (13)pred_n[m] (14)pred_u[m] (15)Res_e  (16)Res_n (17)Res_u 
pnt      -85.26120    10.54135       123.46        0.01226      0.01149     -0.00370       0.00100     0.00100     0.00200    1.000        0.01078      0.01156     -0.00220   0.0015   0.0015   0.0008 
pnt      -85.44845    10.38341       118.18        0.01208      0.01515     -0.00973       0.00100     0.00100     0.00200    1.000        0.01366      0.01484     -0.00673   0.0025   0.0025   0.0014 
pnt      -85.20694     9.74376        21.40        0.01785      0.01689     -0.00835       0.00100     0.00100     0.00200    1.000        0.01630      0.01794     -0.00997   0.0045   0.0045   0.0024 
pnt      -85.77610    10.24913        90.32        0.01902      0.01765     -0.00573       0.00100     0.00100     0.00200    1.000        0.01973      0.01683     -0.00854   0.0048   0.0048   0.0026 
pnt      -85.63366    11.05427       267.23        0.00716      0.00803     -0.00382       0.00100     0.00100     0.00200    1.000        0.00522      0.00749      0.00057   0.0006   0.0010   0.0004 
pnt      -85.61063    10.27176        82.04        0.01626      0.01662     -0.01109       0.00100     0.00100     0.00200    1.000        0.01671      0.01618     -0.00892   0.0037   0.0037   0.0020 
pnt      -85.65303    10.56222       122.36        0.01481      0.01116     -0.00751       0.00100     0.00100     0.00200    1.000        0.01360      0.01305     -0.00803   0.0025   0.0025   0.0014 
pnt      -85.44974    10.14003       135.44        0.01567      0.01519     -0.00784       0.00100     0.00100     0.00200    1.000        0.01629      0.01604     -0.00814   0.0035   0.0035   0.0019 
pnt      -85.65854     9.92306        31.18        0.01853      0.01713     -0.01893       0.00100     0.00100     0.00200    1.000        0.01870      0.01703     -0.01564   0.0070   0.0070   0.0037 
pnt      -85.38236    10.07947       240.97        0.01647      0.01502     -0.00599       0.00100     0.00100     0.00200    1.000        0.01632      0.01593     -0.00814   0.0035   0.0035   0.0019 
pnt      -85.13598     9.97506        61.45        0.01507      0.01399     -0.00954       0.00100     0.00100     0.00200    1.000        0.01528      0.01460     -0.00822   0.0029   0.0029   0.0016 
pnt      -85.18684     9.93653       276.88        0.01569      0.01468     -0.01026       0.00100     0.00100     0.00200    1.000        0.01585      0.01548     -0.00888   0.0033   0.0033   0.0018 
pnt      -85.81290    10.35527        77.80        0.01742      0.01707     -0.00866       0.00100     0.00100     0.00200    1.000        0.01848      0.01682     -0.00869   0.0043   0.0043   0.0024 
pnt      -85.22031    10.24149        40.19        0.01487      0.01382     -0.00313       0.00100     0.00100     0.00200    1.000        0.01417      0.01377     -0.00504   0.0022   0.0022   0.0013 
pnt      -84.95509     9.83221        80.31        0.01165      0.01613     -0.00704       0.00100     0.00100     0.00200    1.000        0.01246      0.01366     -0.00773   0.0026   0.0026   0.0015 
pnt      -85.56905    10.84738       155.79        0.00859      0.01185     -0.00370       0.00100     0.00100     0.00200    1.000        0.00863      0.00946     -0.00188   0.0012   0.0014   0.0008 
pnt      -85.54876     9.88917        45.57        0.01535      0.02056     -0.01718       0.00100     0.00100     0.00200    1.000        0.01692      0.01833     -0.01462   0.0061   0.0061   0.0033 
pnt      -84.94815    10.36556      1062.24        0.01035      0.01047     -0.00137       0.00100     0.00100     0.00200    1.000        0.01051      0.01017      0.00026   0.0012   0.0012   0.0006 
pnt      -85.75687    10.06316        44.36        0.02269      0.01384     -0.01104       0.00100     0.00100     0.00200    1.000        0.02126      0.01562     -0.01163   0.0064   0.0065   0.0034 
pnt      -85.09832    10.60179       373.45        0.01058      0.00969      0.00069       0.00100     0.00100     0.00200    1.000        0.00962      0.01008      0.00172   0.0011   0.0011   0.0005 
pnt      -85.79170    10.16112        24.76        0.02198      0.01648     -0.00493       0.00100     0.00100     0.00200    1.000        0.02118      0.01641     -0.00895   0.0058   0.0058   0.0031 
