#(1)pnt (2)lon (3)lat (4)elev (5)obs_e[m] (6)obs_n[m] (7)obs_u[m] (8)err_e[m] (9)err_n[m] (10)err_u[m] (11)wgt (12)pred_e[m] (13)pred_n[m] (14)pred_u[m] (15)Res_e  (16)Res_n (17)Res_u 
pnt      -85.26120    10.54135       123.46        0.01226      0.01149     -0.00370       0.00100     0.00100     0.00200    1.000        0.01113      0.01167     -0.00262   0.0098   0.0099   0.0063 
pnt      -85.44845    10.38341       118.18        0.01208      0.01515     -0.00973       0.00100     0.00100     0.00200    1.000        0.01308      0.01494     -0.00686   0.0163   0.0161   0.0102 
pnt      -85.20694     9.74376        21.40        0.01785      0.01689     -0.00835       0.00100     0.00100     0.00200    1.000        0.01713      0.01765     -0.00983   0.0309   0.0309   0.0178 
pnt      -85.77610    10.24913        90.32        0.01902      0.01765     -0.00573       0.00100     0.00100     0.00200    1.000        0.01960      0.01720     -0.00763   0.0309   0.0308   0.0184 
pnt      -85.63366    11.05427       267.23        0.00716      0.00803     -0.00382       0.00100     0.00100     0.00200    1.000        0.00597      0.00777     -0.00087   0.0044   0.0070   0.0033 
pnt      -85.61063    10.27176        82.04        0.01626      0.01662     -0.01109       0.00100     0.00100     0.00200    1.000        0.01625      0.01631     -0.00934   0.0234   0.0233   0.0142 
pnt      -85.65303    10.56222       122.36        0.01481      0.01116     -0.00751       0.00100     0.00100     0.00200    1.000        0.01401      0.01243     -0.00802   0.0173   0.0170   0.0106 
pnt      -85.44974    10.14003       135.44        0.01567      0.01519     -0.00784       0.00100     0.00100     0.00200    1.000        0.01595      0.01609     -0.00784   0.0225   0.0225   0.0137 
pnt      -85.65854     9.92306        31.18        0.01853      0.01713     -0.01893       0.00100     0.00100     0.00200    1.000        0.01849      0.01720     -0.01733   0.0449   0.0450   0.0263 
pnt      -85.38236    10.07947       240.97        0.01647      0.01502     -0.00599       0.00100     0.00100     0.00200    1.000        0.01610      0.01568     -0.00773   0.0225   0.0226   0.0136 
pnt      -85.13598     9.97506        61.45        0.01507      0.01399     -0.00954       0.00100     0.00100     0.00200    1.000        0.01516      0.01414     -0.00887   0.0191   0.0194   0.0115 
pnt      -85.18684     9.93653       276.88        0.01569      0.01468     -0.01026       0.00100     0.00100     0.00200    1.000        0.01570      0.01488     -0.00934   0.0216   0.0218   0.0129 
pnt      -85.81290    10.35527        77.80        0.01742      0.01707     -0.00866       0.00100     0.00100     0.00200    1.000        0.01803      0.01722     -0.00897   0.0287   0.0284   0.0169 
pnt      -85.22031    10.24149        40.19        0.01487      0.01382     -0.00313       0.00100     0.00100     0.00200    1.000        0.01463      0.01370     -0.00469   0.0144   0.0148   0.0092 
pnt      -84.95509     9.83221        80.31        0.01165      0.01613     -0.00704       0.00100     0.00100     0.00200    1.000        0.01223      0.01500     -0.00788   0.0184   0.0183   0.0110 
pnt      -85.56905    10.84738       155.79        0.00859      0.01185     -0.00370       0.00100     0.00100     0.00200    1.000        0.00946      0.01026     -0.00280   0.0089   0.0096   0.0060 
pnt      -85.54876     9.88917        45.57        0.01535      0.02056     -0.01718       0.00100     0.00100     0.00200    1.000        0.01593      0.01936     -0.01559   0.0397   0.0399   0.0232 
pnt      -84.94815    10.36556      1062.24        0.01035      0.01047     -0.00137       0.00100     0.00100     0.00200    1.000        0.01048      0.01021     -0.00141   0.0080   0.0084   0.0048 
pnt      -85.75687    10.06316        44.36        0.02269      0.01384     -0.01104       0.00100     0.00100     0.00200    1.000        0.02219      0.01459     -0.01086   0.0407   0.0408   0.0241 
pnt      -85.09832    10.60179       373.45        0.01058      0.00969      0.00069       0.00100     0.00100     0.00200    1.000        0.00974      0.00987      0.00058   0.0069   0.0070   0.0037 
pnt      -85.79170    10.16112        24.76        0.02198      0.01648     -0.00493       0.00100     0.00100     0.00200    1.000        0.02163      0.01625     -0.00707   0.0364   0.0365   0.0217 
