#(1)beta (2)kappa (3)data_num (4)slip_num (5)ndf (6)rss [m^2] (7)rms [m] (8)wrrs [m^2] (9)wrms [m] (10)chi2 (11)rchi2 (12)r_1d [cm/km] (13)r_2d [cm/km^2] (14)strain [cm/km]
0.00000e+00  0.00000e+00      63 2400 -2337 9.09353e-02  3.79923e-02   3.83648e+03   7.80362e+00   3.83648e+03   -1.64163e+00  NaN           3.31999e+00   6.72875e+00 
6.25000e+06  2.50000e+03      63 2400 -2337 1.00988e-01  4.00373e-02   4.36706e+03   8.32577e+00   4.36706e+03   -1.86866e+00  NaN           5.29481e-01   2.38013e+00 
2.50000e+07  5.00000e+03      63 2400 -2337 1.10965e-01  4.19684e-02   5.06701e+03   8.96821e+00   5.06701e+03   -2.16817e+00  NaN           2.13536e-01   1.64762e+00 
5.62500e+07  7.50000e+03      63 2400 -2337 1.18204e-01  4.33157e-02   5.66745e+03   9.48470e+00   5.66745e+03   -2.42510e+00  NaN           1.13600e-01   1.25462e+00 
1.00000e+08  1.00000e+04      63 2400 -2337 1.21132e-01  4.38490e-02   6.11005e+03   9.84809e+00   6.11005e+03   -2.61448e+00  NaN           7.83548e-02   1.08515e+00 
1.56250e+08  1.25000e+04      63 2400 -2337 1.25040e-01  4.45506e-02   6.55246e+03   1.01984e+01   6.55246e+03   -2.80379e+00  NaN           6.20269e-02   9.89364e-01 
2.25000e+08  1.50000e+04      63 2400 -2337 1.30710e-01  4.55496e-02   7.02231e+03   1.05577e+01   7.02231e+03   -3.00484e+00  NaN           5.16406e-02   9.24392e-01 
3.06250e+08  1.75000e+04      63 2400 -2337 1.37705e-01  4.67525e-02   7.51803e+03   1.09240e+01   7.51803e+03   -3.21696e+00  NaN           4.44698e-02   8.70703e-01 
4.00000e+08  2.00000e+04      63 2400 -2337 1.45636e-01  4.80800e-02   8.02590e+03   1.12870e+01   8.02590e+03   -3.43428e+00  NaN           3.95878e-02   8.23593e-01 
5.06250e+08  2.25000e+04      63 2400 -2337 1.54457e-01  4.95147e-02   8.54943e+03   1.16493e+01   8.54943e+03   -3.65829e+00  NaN           3.58340e-02   7.84454e-01 
6.25000e+08  2.50000e+04      63 2400 -2337 1.64471e-01  5.10946e-02   9.08656e+03   1.20096e+01   9.08656e+03   -3.88813e+00  NaN           3.29140e-02   7.53318e-01 
7.56250e+08  2.75000e+04      63 2400 -2337 1.76074e-01  5.28662e-02   9.66605e+03   1.23867e+01   9.66605e+03   -4.13609e+00  NaN           3.04830e-02   7.25894e-01 
9.00000e+08  3.00000e+04      63 2400 -2337 1.89583e-01  5.48567e-02   1.03003e+04   1.27866e+01   1.03003e+04   -4.40747e+00  NaN           2.84222e-02   7.01187e-01 
1.05625e+09  3.25000e+04      63 2400 -2337 2.05416e-01  5.71014e-02   1.10009e+04   1.32143e+01   1.10009e+04   -4.70726e+00  NaN           2.66555e-02   6.77522e-01 
1.22500e+09  3.50000e+04      63 2400 -2337 2.23770e-01  5.95979e-02   1.17948e+04   1.36828e+01   1.17948e+04   -5.04696e+00  NaN           2.50638e-02   6.54604e-01 
1.40625e+09  3.75000e+04      63 2400 -2337 2.44741e-01  6.23280e-02   1.26837e+04   1.41890e+01   1.26837e+04   -5.42735e+00  NaN           2.36098e-02   6.31936e-01 
1.60000e+09  4.00000e+04      63 2400 -2337 2.68340e-01  6.52638e-02   1.36800e+04   1.47358e+01   1.36800e+04   -5.85366e+00  NaN           2.22462e-02   6.09687e-01 
1.80625e+09  4.25000e+04      63 2400 -2337 2.94441e-01  6.83642e-02   1.47846e+04   1.53191e+01   1.47846e+04   -6.32631e+00  NaN           2.09574e-02   5.87726e-01 
2.02500e+09  4.50000e+04      63 2400 -2337 3.22809e-01  7.15818e-02   1.59931e+04   1.59329e+01   1.59931e+04   -6.84343e+00  NaN           1.97381e-02   5.66284e-01 
2.25625e+09  4.75000e+04      63 2400 -2337 3.53136e-01  7.48688e-02   1.73037e+04   1.65729e+01   1.73037e+04   -7.40423e+00  NaN           1.85625e-02   5.45598e-01 
2.50000e+09  5.00000e+04      63 2400 -2337 3.85041e-01  7.81778e-02   1.87189e+04   1.72373e+01   1.87189e+04   -8.00980e+00  NaN           1.74029e-02   5.25303e-01 
2.75625e+09  5.25000e+04      63 2400 -2337 4.17940e-01  8.14492e-02   2.02108e+04   1.79111e+01   2.02108e+04   -8.64819e+00  NaN           1.62899e-02   5.06273e-01 
3.02500e+09  5.50000e+04      63 2400 -2337 4.51297e-01  8.46371e-02   2.17265e+04   1.85706e+01   2.17265e+04   -9.29676e+00  NaN           1.52761e-02   4.89720e-01 
3.30625e+09  5.75000e+04      63 2400 -2337 4.84639e-01  8.77079e-02   2.32548e+04   1.92126e+01   2.32548e+04   -9.95069e+00  NaN           1.43454e-02   4.74642e-01 
3.60000e+09  6.00000e+04      63 2400 -2337 5.17657e-01  9.06465e-02   2.47830e+04   1.98338e+01   2.47830e+04   -1.06046e+01  NaN           1.34945e-02   4.60645e-01 
3.90625e+09  6.25000e+04      63 2400 -2337 5.49746e-01  9.34137e-02   2.63069e+04   2.04345e+01   2.63069e+04   -1.12567e+01  NaN           1.27038e-02   4.47560e-01 
4.22500e+09  6.50000e+04      63 2400 -2337 5.80866e-01  9.60213e-02   2.78230e+04   2.10151e+01   2.78230e+04   -1.19054e+01  NaN           1.19655e-02   4.35562e-01 
4.55625e+09  6.75000e+04      63 2400 -2337 6.11088e-01  9.84876e-02   2.93460e+04   2.15826e+01   2.93460e+04   -1.25571e+01  NaN           1.12441e-02   4.24255e-01 
4.90000e+09  7.00000e+04      63 2400 -2337 6.41094e-01  1.00877e-01   3.09075e+04   2.21494e+01   3.09075e+04   -1.32253e+01  NaN           1.05018e-02   4.12998e-01 
5.25625e+09  7.25000e+04      63 2400 -2337 6.69678e-01  1.03101e-01   3.24162e+04   2.26835e+01   3.24162e+04   -1.38709e+01  NaN           9.83061e-03   4.02708e-01 
5.62500e+09  7.50000e+04      63 2400 -2337 6.96456e-01  1.05142e-01   3.38606e+04   2.31834e+01   3.38606e+04   -1.44889e+01  NaN           9.23570e-03   3.93321e-01 
6.00625e+09  7.75000e+04      63 2400 -2337 7.21469e-01  1.07014e-01   3.52384e+04   2.36504e+01   3.52384e+04   -1.50785e+01  NaN           8.71267e-03   3.84978e-01 
6.40000e+09  8.00000e+04      63 2400 -2337 7.44713e-01  1.08724e-01   3.65588e+04   2.40894e+01   3.65588e+04   -1.56435e+01  NaN           8.24664e-03   3.77438e-01 
6.80625e+09  8.25000e+04      63 2400 -2337 7.66254e-01  1.10285e-01   3.78182e+04   2.45008e+01   3.78182e+04   -1.61824e+01  NaN           7.83315e-03   3.70819e-01 
7.22500e+09  8.50000e+04      63 2400 -2337 7.86009e-01  1.11697e-01   3.90271e+04   2.48893e+01   3.90271e+04   -1.66996e+01  NaN           7.46322e-03   3.64949e-01 
7.65625e+09  8.75000e+04      63 2400 -2337 8.04142e-01  1.12979e-01   4.01896e+04   2.52573e+01   4.01896e+04   -1.71971e+01  NaN           7.13233e-03   3.59706e-01 
8.10000e+09  9.00000e+04      63 2400 -2337 8.20796e-01  1.14143e-01   4.13100e+04   2.56069e+01   4.13100e+04   -1.76765e+01  NaN           6.83458e-03   3.54689e-01 
8.55625e+09  9.25000e+04      63 2400 -2337 8.36110e-01  1.15202e-01   4.23899e+04   2.59394e+01   4.23899e+04   -1.81386e+01  NaN           6.56545e-03   3.49931e-01 
9.02500e+09  9.50000e+04      63 2400 -2337 8.50278e-01  1.16174e-01   4.34299e+04   2.62557e+01   4.34299e+04   -1.85836e+01  NaN           6.32281e-03   3.45480e-01 
9.50625e+09  9.75000e+04      63 2400 -2337 8.63458e-01  1.17071e-01   4.44322e+04   2.65570e+01   4.44322e+04   -1.90125e+01  NaN           6.10268e-03   3.41455e-01 
1.00000e+10  1.00000e+05      63 2400 -2337 8.75777e-01  1.17903e-01   4.54007e+04   2.68449e+01   4.54007e+04   -1.94269e+01  NaN           5.90646e-03   3.37779e-01 
