#(1)pnt (2)lon (3)lat (4)elev (5)obs_e[m] (6)obs_n[m] (7)obs_u[m] (8)err_e[m] (9)err_n[m] (10)err_u[m] (11)wgt (12)pred_e[m] (13)pred_n[m] (14)pred_u[m] (15)Res_e  (16)Res_n (17)Res_u 
pnt      -85.26120    10.54135       123.46        0.01172      0.01182     -0.00354       0.00100     0.00100     0.00200    1.000        0.01136      0.01168     -0.00238   0.0958   0.0967   0.0946 
pnt      -85.44845    10.38341       118.18        0.01307      0.01415     -0.00939       0.00100     0.00100     0.00200    1.000        0.01352      0.01387     -0.00781   0.1450   0.1374   0.1197 
pnt      -85.20694     9.74376        21.40        0.01679      0.01555     -0.01130       0.00100     0.00100     0.00200    1.000        0.01676      0.01553     -0.01110   0.3291   0.3402   0.2547 
pnt      -85.77610    10.24913        90.32        0.01681      0.01674     -0.00718       0.00100     0.00100     0.00200    1.000        0.01724      0.01672     -0.00815   0.2113   0.2069   0.1630 
pnt      -85.63366    11.05427       267.23        0.00720      0.00753     -0.00062       0.00100     0.00100     0.00200    1.000        0.00634      0.00791     -0.00078   0.0761   0.0896   0.0703 
pnt      -85.61063    10.27176        82.04        0.01756      0.01524     -0.00942       0.00100     0.00100     0.00200    1.000        0.01738      0.01555     -0.00920   0.1912   0.1824   0.1399 
pnt      -85.65303    10.56222       122.36        0.01391      0.01225     -0.00583       0.00100     0.00100     0.00200    1.000        0.01393      0.01237     -0.00635   0.2134   0.1825   0.1547 
pnt      -85.44974    10.14003       135.44        0.01544      0.01497     -0.01101       0.00100     0.00100     0.00200    1.000        0.01534      0.01563     -0.01037   0.1754   0.1798   0.1311 
pnt      -85.65854     9.92306        31.18        0.02044      0.01931     -0.00838       0.00100     0.00100     0.00200    1.000        0.02032      0.01941     -0.00889   0.3355   0.3429   0.2279 
pnt      -85.38236    10.07947       240.97        0.01522      0.01636     -0.00803       0.00100     0.00100     0.00200    1.000        0.01488      0.01598     -0.00952   0.1756   0.1825   0.1306 
pnt      -85.13598     9.97506        61.45        0.01482      0.01500     -0.00677       0.00100     0.00100     0.00200    1.000        0.01513      0.01475     -0.00700   0.1566   0.1676   0.1262 
pnt      -85.18684     9.93653       276.88        0.01557      0.01507     -0.00736       0.00100     0.00100     0.00200    1.000        0.01552      0.01519     -0.00758   0.1735   0.1814   0.1327 
pnt      -85.81290    10.35527        77.80        0.01590      0.01679     -0.00929       0.00100     0.00100     0.00200    1.000        0.01578      0.01671     -0.00861   0.2661   0.2408   0.1773 
pnt      -85.22031    10.24149        40.19        0.01404      0.01323     -0.00403       0.00100     0.00100     0.00200    1.000        0.01372      0.01354     -0.00487   0.1277   0.1373   0.1141 
pnt      -84.95509     9.83221        80.31        0.01304      0.01401     -0.00686       0.00100     0.00100     0.00200    1.000        0.01307      0.01399     -0.00662   0.2135   0.2336   0.1573 
pnt      -85.56905    10.84738       155.79        0.00889      0.01073     -0.00232       0.00100     0.00100     0.00200    1.000        0.00952      0.01052     -0.00245   0.1285   0.1070   0.1048 
pnt      -85.54876     9.88917        45.57        0.01954      0.01872     -0.01143       0.00100     0.00100     0.00200    1.000        0.01969      0.01865     -0.01117   0.3077   0.3378   0.2318 
pnt      -84.94815    10.36556      1062.24        0.01066      0.00995     -0.00088       0.00100     0.00100     0.00200    1.000        0.01076      0.01001     -0.00131   0.0805   0.0988   0.0873 
pnt      -85.75687    10.06316        44.36        0.01728      0.01873     -0.01160       0.00100     0.00100     0.00200    1.000        0.01767      0.01846     -0.01092   0.2992   0.2847   0.2029 
pnt      -85.09832    10.60179       373.45        0.01027      0.01007      0.00121       0.00100     0.00100     0.00200    1.000        0.00998      0.01007      0.00061   0.0630   0.0668   0.0671 
pnt      -85.79170    10.16112        24.76        0.01783      0.01682     -0.00990       0.00100     0.00100     0.00200    1.000        0.01739      0.01686     -0.01013   0.2548   0.2390   0.1864 
