coord   	geo
#data_num	63
#slip_num	140
#ndf     	-77
#rss      	1.01912e-01  [m^2]
#rms      	4.02200e-02  [m]
#wrss   	4.82691e+03  [m^2]
#wrms   	8.75315e+00  [m]
#chi2    	4.82691e+03 
#rchi2   	-6.26871e+01
#r_1d   	NaN          [cm/km]
#r_2d   	1.03144e-01  [cm/km^2]
#strain   	1.16157e+00  [cm/km]

earth	homogeneous	3.00e+10  	0.2500

kappa   	20000.00000 
beta     	400000000.00000

smooth   	2d
surface  	free

fault 2 nicoya  -85.54233907   8.74026277     -86.82826920 10.01077299    0.0000e+00 6.1999e+04   25.00     0.00000 10.00000 0.00000   -1.0000 1.0000  0.0000 10.0000  0.0000 0.0000    7 10
     subfault nicoya      1     1      -0.81480      0.00000      0.00000   -1.0000   1.0000    0.0000  10.0000    0.0000   0.0000
     subfault nicoya      2     1      -1.00000      0.00000      0.00000   -1.0000   1.0000    0.0000  10.0000    0.0000   0.0000
     subfault nicoya      3     1      -1.00000      0.00000      0.00000   -1.0000   1.0000    0.0000  10.0000    0.0000   0.0000
     subfault nicoya      4     1      -1.00000      0.00000      0.00000   -1.0000   1.0000    0.0000  10.0000    0.0000   0.0000
     subfault nicoya      5     1      -0.91269      0.00000      0.00000   -1.0000   1.0000    0.0000  10.0000    0.0000   0.0000
     subfault nicoya      6     1       0.22789      0.00000      0.00000   -1.0000   1.0000    0.0000  10.0000    0.0000   0.0000
     subfault nicoya      7     1       0.63351      0.00000      0.00000   -1.0000   1.0000    0.0000  10.0000    0.0000   0.0000
     subfault nicoya      1     2      -1.00000      0.00000      0.00000   -1.0000   1.0000    0.0000  10.0000    0.0000   0.0000
     subfault nicoya      2     2      -1.00000      0.00000      0.00000   -1.0000   1.0000    0.0000  10.0000    0.0000   0.0000
     subfault nicoya      3     2      -1.00000      0.00000      0.00000   -1.0000   1.0000    0.0000  10.0000    0.0000   0.0000
     subfault nicoya      4     2      -1.00000      0.00000      0.00000   -1.0000   1.0000    0.0000  10.0000    0.0000   0.0000
     subfault nicoya      5     2      -0.59330      0.00000      0.00000   -1.0000   1.0000    0.0000  10.0000    0.0000   0.0000
     subfault nicoya      6     2       1.00000      0.00000      0.00000   -1.0000   1.0000    0.0000  10.0000    0.0000   0.0000
     subfault nicoya      7     2       1.00000      0.00000      0.00000   -1.0000   1.0000    0.0000  10.0000    0.0000   0.0000
     subfault nicoya      1     3      -1.00000      0.00000      0.00000   -1.0000   1.0000    0.0000  10.0000    0.0000   0.0000
     subfault nicoya      2     3      -1.00000      0.43715      0.00000   -1.0000   1.0000    0.0000  10.0000    0.0000   0.0000
     subfault nicoya      3     3      -1.00000      0.34997      0.00000   -1.0000   1.0000    0.0000  10.0000    0.0000   0.0000
     subfault nicoya      4     3      -1.00000      0.00000      0.00000   -1.0000   1.0000    0.0000  10.0000    0.0000   0.0000
     subfault nicoya      5     3      -1.00000      0.00000      0.00000   -1.0000   1.0000    0.0000  10.0000    0.0000   0.0000
     subfault nicoya      6     3       0.41756      0.00000      0.00000   -1.0000   1.0000    0.0000  10.0000    0.0000   0.0000
     subfault nicoya      7     3       1.00000      0.00000      0.00000   -1.0000   1.0000    0.0000  10.0000    0.0000   0.0000
     subfault nicoya      1     4      -0.62866      0.00000      0.00000   -1.0000   1.0000    0.0000  10.0000    0.0000   0.0000
     subfault nicoya      2     4      -1.00000      1.99355      0.00000   -1.0000   1.0000    0.0000  10.0000    0.0000   0.0000
     subfault nicoya      3     4      -1.00000      2.74666      0.00000   -1.0000   1.0000    0.0000  10.0000    0.0000   0.0000
     subfault nicoya      4     4      -1.00000      0.00000      0.00000   -1.0000   1.0000    0.0000  10.0000    0.0000   0.0000
     subfault nicoya      5     4      -1.00000      0.00000      0.00000   -1.0000   1.0000    0.0000  10.0000    0.0000   0.0000
     subfault nicoya      6     4      -1.00000      1.70963      0.00000   -1.0000   1.0000    0.0000  10.0000    0.0000   0.0000
     subfault nicoya      7     4       1.00000      0.00000      0.00000   -1.0000   1.0000    0.0000  10.0000    0.0000   0.0000
     subfault nicoya      1     5       0.87881      0.00000      0.00000   -1.0000   1.0000    0.0000  10.0000    0.0000   0.0000
     subfault nicoya      2     5       0.85024      1.60760      0.00000   -1.0000   1.0000    0.0000  10.0000    0.0000   0.0000
     subfault nicoya      3     5       0.76932      2.31813      0.00000   -1.0000   1.0000    0.0000  10.0000    0.0000   0.0000
     subfault nicoya      4     5      -0.82745      0.10511      0.00000   -1.0000   1.0000    0.0000  10.0000    0.0000   0.0000
     subfault nicoya      5     5      -1.00000      3.24974      0.00000   -1.0000   1.0000    0.0000  10.0000    0.0000   0.0000
     subfault nicoya      6     5      -1.00000      6.06934      0.00000   -1.0000   1.0000    0.0000  10.0000    0.0000   0.0000
     subfault nicoya      7     5       0.59082      0.00000      0.00000   -1.0000   1.0000    0.0000  10.0000    0.0000   0.0000
     subfault nicoya      1     6       1.00000      0.00000      0.00000   -1.0000   1.0000    0.0000  10.0000    0.0000   0.0000
     subfault nicoya      2     6       1.00000      0.48831      0.00000   -1.0000   1.0000    0.0000  10.0000    0.0000   0.0000
     subfault nicoya      3     6       1.00000      0.83390      0.00000   -1.0000   1.0000    0.0000  10.0000    0.0000   0.0000
     subfault nicoya      4     6       0.03184      0.00000      0.00000   -1.0000   1.0000    0.0000  10.0000    0.0000   0.0000
     subfault nicoya      5     6      -1.00000      2.87431      0.00000   -1.0000   1.0000    0.0000  10.0000    0.0000   0.0000
     subfault nicoya      6     6      -1.00000      5.79767      0.00000   -1.0000   1.0000    0.0000  10.0000    0.0000   0.0000
     subfault nicoya      7     6       0.22782      0.00000      0.00000   -1.0000   1.0000    0.0000  10.0000    0.0000   0.0000
     subfault nicoya      1     7       1.00000      0.00000      0.00000   -1.0000   1.0000    0.0000  10.0000    0.0000   0.0000
     subfault nicoya      2     7       1.00000      0.00000      0.00000   -1.0000   1.0000    0.0000  10.0000    0.0000   0.0000
     subfault nicoya      3     7       1.00000      0.00000      0.00000   -1.0000   1.0000    0.0000  10.0000    0.0000   0.0000
     subfault nicoya      4     7       1.00000      0.00000      0.00000   -1.0000   1.0000    0.0000  10.0000    0.0000   0.0000
     subfault nicoya      5     7       1.00000      0.00000      0.00000   -1.0000   1.0000    0.0000  10.0000    0.0000   0.0000
     subfault nicoya      6     7      -0.97431      1.26849      0.00000   -1.0000   1.0000    0.0000  10.0000    0.0000   0.0000
     subfault nicoya      7     7      -0.27463      0.00000      0.00000   -1.0000   1.0000    0.0000  10.0000    0.0000   0.0000
     subfault nicoya      1     8       1.00000      0.00000      0.00000   -1.0000   1.0000    0.0000  10.0000    0.0000   0.0000
     subfault nicoya      2     8       1.00000      0.00000      0.00000   -1.0000   1.0000    0.0000  10.0000    0.0000   0.0000
     subfault nicoya      3     8       1.00000      0.00000      0.00000   -1.0000   1.0000    0.0000  10.0000    0.0000   0.0000
     subfault nicoya      4     8       1.00000      0.00000      0.00000   -1.0000   1.0000    0.0000  10.0000    0.0000   0.0000
     subfault nicoya      5     8      -0.14759      0.00000      0.00000   -1.0000   1.0000    0.0000  10.0000    0.0000   0.0000
     subfault nicoya      6     8      -0.86390      0.00000      0.00000   -1.0000   1.0000    0.0000  10.0000    0.0000   0.0000
     subfault nicoya      7     8      -0.79363      0.00000      0.00000   -1.0000   1.0000    0.0000  10.0000    0.0000   0.0000
     subfault nicoya      1     9       0.99008      0.00000      0.00000   -1.0000   1.0000    0.0000  10.0000    0.0000   0.0000
     subfault nicoya      2     9       1.00000      0.00000      0.00000   -1.0000   1.0000    0.0000  10.0000    0.0000   0.0000
     subfault nicoya      3     9       1.00000      0.00000      0.00000   -1.0000   1.0000    0.0000  10.0000    0.0000   0.0000
     subfault nicoya      4     9       0.75956      0.00000      0.00000   -1.0000   1.0000    0.0000  10.0000    0.0000   0.0000
     subfault nicoya      5     9       0.44625      0.00000      0.00000   -1.0000   1.0000    0.0000  10.0000    0.0000   0.0000
     subfault nicoya      6     9      -0.12973      0.00000      0.00000   -1.0000   1.0000    0.0000  10.0000    0.0000   0.0000
     subfault nicoya      7     9      -1.00000      0.00000      0.00000   -1.0000   1.0000    0.0000  10.0000    0.0000   0.0000
     subfault nicoya      1    10       0.06689      0.00000      0.00000   -1.0000   1.0000    0.0000  10.0000    0.0000   0.0000
     subfault nicoya      2    10      -0.02780      0.00000      0.00000   -1.0000   1.0000    0.0000  10.0000    0.0000   0.0000
     subfault nicoya      3    10      -0.17571      0.00000      0.00000   -1.0000   1.0000    0.0000  10.0000    0.0000   0.0000
     subfault nicoya      4    10      -0.27393      0.00000      0.00000   -1.0000   1.0000    0.0000  10.0000    0.0000   0.0000
     subfault nicoya      5    10      -0.28279      0.00000      0.00000   -1.0000   1.0000    0.0000  10.0000    0.0000   0.0000
     subfault nicoya      6    10      -0.83584      0.00000      0.00000   -1.0000   1.0000    0.0000  10.0000    0.0000   0.0000
     subfault nicoya      7    10      -1.00000      0.00000      0.00000   -1.0000   1.0000    0.0000  10.0000    0.0000   0.0000
point 3 BAGA	  -85.26120012  10.54135356  1.23386e+02    -0.11014   -0.21662   -0.06845         NaN        NaN        NaN  1.00 
point 3 BALL	  -85.44844573  10.38340945  1.18029e+02    -0.09507   -0.25562   -0.06035         NaN        NaN        NaN  1.00 
point 3 BONG	  -85.20694331   9.74375599  2.15749e+01    -0.02294   -0.27053    0.19098         NaN        NaN        NaN  1.00 
point 3 CEBA	  -85.77609623  10.24913087  9.04377e+01    -0.13057   -0.10906    0.15694         NaN        NaN        NaN  1.00 
point 3 CRUZ	  -85.63366292  11.05427052  2.67190e+02    -0.01239   -0.09526   -0.03759         NaN        NaN        NaN  1.00 
point 3 DIRI	  -85.61062931  10.27176097  8.20235e+01    -0.09772   -0.21071    0.08336         NaN        NaN        NaN  1.00 
point 3 GRAN	  -85.65303338  10.56222357  1.22238e+02    -0.00381   -0.15615   -0.03159         NaN        NaN        NaN  1.00 
point 3 GUAR	  -85.45009646  10.14013519  1.36306e+02    -0.14829   -0.27047    0.11345         NaN        NaN        NaN  1.00 
point 3 GUIO	  -85.65854567   9.92305413  3.14291e+01    -0.38214   -0.50595    0.42569         NaN        NaN        NaN  1.00 
point 3 HOJA	  -85.38236266  10.07947412  2.41026e+02    -0.15027   -0.26802    0.12615         NaN        NaN        NaN  1.00 
point 3 JICA	  -85.13597750   9.97506253  6.13981e+01    -0.12284   -0.14406    0.04513         NaN        NaN        NaN  1.00 
point 3 LEON	  -85.18683891   9.93653081  2.76905e+02    -0.10389   -0.17994    0.10175         NaN        NaN        NaN  1.00 
point 3 MATA	  -85.81289886  10.35527374  7.77866e+01    -0.05177   -0.06495    0.08147         NaN        NaN        NaN  1.00 
point 3 PALO	  -85.22030728  10.24148923  4.00456e+01    -0.18481   -0.21925   -0.07573         NaN        NaN        NaN  1.00 
point 3 PAQU	  -84.95508694   9.83221155  8.02585e+01    -0.04981   -0.07045    0.02143         NaN        NaN        NaN  1.00 
point 3 POTR	  -85.56905007  10.84738166  1.55746e+02    -0.01519   -0.12873   -0.04164         NaN        NaN        NaN  1.00 
point 3 SAMA	  -85.54875610   9.88917081  4.59160e+01    -0.28137   -0.55732    0.45694         NaN        NaN        NaN  1.00 
point 3 SJOS	  -84.94815154  10.36556608  1.06212e+03    -0.15624   -0.13723   -0.05252         NaN        NaN        NaN  1.00 
point 3 SJUA	  -85.75687400  10.06315825  4.45516e+01    -0.32245   -0.23989    0.30207         NaN        NaN        NaN  1.00 
point 3 TENO	  -85.09831925  10.60179075  3.73380e+02    -0.11431   -0.17123   -0.04999         NaN        NaN        NaN  1.00 
point 3 VENA	  -85.79170289  10.16111700  2.49275e+01    -0.22198   -0.13497    0.22202         NaN        NaN        NaN  1.00 
