coord   	geo
#data_num	63
#slip_num	140
#ndf     	-77
#rss      	1.52352e-01  [m^2]
#rms      	4.91761e-02  [m]
#wrss   	7.35042e+03  [m^2]
#wrms   	1.08015e+01  [m]
#chi2    	7.35042e+03 
#rchi2   	-9.54600e+01
#r_1d   	NaN          [cm/km]
#r_2d   	5.09988e-02  [cm/km^2]
#strain   	9.46786e-01  [cm/km]

earth	homogeneous	3.00e+10  	0.2500

kappa   	40000.00000 
beta     	1600000000.00000

smooth   	2d
surface  	free

fault 2 nicoya  -85.54233907   8.74026277     -86.82826920 10.01077299    0.0000e+00 6.1999e+04   25.00     0.00000 10.00000 0.00000   -1.0000 1.0000  0.0000 10.0000  0.0000 0.0000    7 10
     subfault nicoya      1     1      -0.69446      0.00000      0.00000   -1.0000   1.0000    0.0000  10.0000    0.0000   0.0000
     subfault nicoya      2     1      -0.74422      0.00000      0.00000   -1.0000   1.0000    0.0000  10.0000    0.0000   0.0000
     subfault nicoya      3     1      -0.77406      0.00000      0.00000   -1.0000   1.0000    0.0000  10.0000    0.0000   0.0000
     subfault nicoya      4     1      -0.66427      0.00000      0.00000   -1.0000   1.0000    0.0000  10.0000    0.0000   0.0000
     subfault nicoya      5     1      -0.15181      0.00000      0.00000   -1.0000   1.0000    0.0000  10.0000    0.0000   0.0000
     subfault nicoya      6     1       0.41082      0.00000      0.00000   -1.0000   1.0000    0.0000  10.0000    0.0000   0.0000
     subfault nicoya      7     1       0.45741      0.00000      0.00000   -1.0000   1.0000    0.0000  10.0000    0.0000   0.0000
     subfault nicoya      1     2      -1.00000      0.22402      0.00000   -1.0000   1.0000    0.0000  10.0000    0.0000   0.0000
     subfault nicoya      2     2      -1.00000      0.17336      0.00000   -1.0000   1.0000    0.0000  10.0000    0.0000   0.0000
     subfault nicoya      3     2      -1.00000      0.00000      0.00000   -1.0000   1.0000    0.0000  10.0000    0.0000   0.0000
     subfault nicoya      4     2      -1.00000      0.00000      0.00000   -1.0000   1.0000    0.0000  10.0000    0.0000   0.0000
     subfault nicoya      5     2      -0.35288      0.00000      0.00000   -1.0000   1.0000    0.0000  10.0000    0.0000   0.0000
     subfault nicoya      6     2       0.54978      0.00000      0.00000   -1.0000   1.0000    0.0000  10.0000    0.0000   0.0000
     subfault nicoya      7     2       0.69071      0.00000      0.00000   -1.0000   1.0000    0.0000  10.0000    0.0000   0.0000
     subfault nicoya      1     3      -1.00000      1.00461      0.00000   -1.0000   1.0000    0.0000  10.0000    0.0000   0.0000
     subfault nicoya      2     3      -1.00000      0.97660      0.00000   -1.0000   1.0000    0.0000  10.0000    0.0000   0.0000
     subfault nicoya      3     3      -1.00000      0.51963      0.00000   -1.0000   1.0000    0.0000  10.0000    0.0000   0.0000
     subfault nicoya      4     3      -1.00000      0.00000      0.00000   -1.0000   1.0000    0.0000  10.0000    0.0000   0.0000
     subfault nicoya      5     3      -0.70161      0.00000      0.00000   -1.0000   1.0000    0.0000  10.0000    0.0000   0.0000
     subfault nicoya      6     3       0.20965      0.22392      0.00000   -1.0000   1.0000    0.0000  10.0000    0.0000   0.0000
     subfault nicoya      7     3       0.59896      0.00000      0.00000   -1.0000   1.0000    0.0000  10.0000    0.0000   0.0000
     subfault nicoya      1     4      -0.67533      1.71212      0.00000   -1.0000   1.0000    0.0000  10.0000    0.0000   0.0000
     subfault nicoya      2     4      -0.84956      1.81830      0.00000   -1.0000   1.0000    0.0000  10.0000    0.0000   0.0000
     subfault nicoya      3     4      -1.00000      1.26808      0.00000   -1.0000   1.0000    0.0000  10.0000    0.0000   0.0000
     subfault nicoya      4     4      -1.00000      0.15682      0.00000   -1.0000   1.0000    0.0000  10.0000    0.0000   0.0000
     subfault nicoya      5     4      -1.00000      0.65127      0.00000   -1.0000   1.0000    0.0000  10.0000    0.0000   0.0000
     subfault nicoya      6     4      -0.47284      1.64564      0.00000   -1.0000   1.0000    0.0000  10.0000    0.0000   0.0000
     subfault nicoya      7     4       0.27661      0.52031      0.00000   -1.0000   1.0000    0.0000  10.0000    0.0000   0.0000
     subfault nicoya      1     5       0.29692      1.52258      0.00000   -1.0000   1.0000    0.0000  10.0000    0.0000   0.0000
     subfault nicoya      2     5       0.24157      1.69313      0.00000   -1.0000   1.0000    0.0000  10.0000    0.0000   0.0000
     subfault nicoya      3     5       0.16183      1.35423      0.00000   -1.0000   1.0000    0.0000  10.0000    0.0000   0.0000
     subfault nicoya      4     5      -0.19194      0.81944      0.00000   -1.0000   1.0000    0.0000  10.0000    0.0000   0.0000
     subfault nicoya      5     5      -1.00000      2.55929      0.00000   -1.0000   1.0000    0.0000  10.0000    0.0000   0.0000
     subfault nicoya      6     5      -0.95011      3.70526      0.00000   -1.0000   1.0000    0.0000  10.0000    0.0000   0.0000
     subfault nicoya      7     5       0.00385      1.40669      0.00000   -1.0000   1.0000    0.0000  10.0000    0.0000   0.0000
     subfault nicoya      1     6       1.00000      0.59601      0.00000   -1.0000   1.0000    0.0000  10.0000    0.0000   0.0000
     subfault nicoya      2     6       1.00000      0.65254      0.00000   -1.0000   1.0000    0.0000  10.0000    0.0000   0.0000
     subfault nicoya      3     6       1.00000      0.42651      0.00000   -1.0000   1.0000    0.0000  10.0000    0.0000   0.0000
     subfault nicoya      4     6       0.62704      0.41221      0.00000   -1.0000   1.0000    0.0000  10.0000    0.0000   0.0000
     subfault nicoya      5     6      -0.70646      2.69477      0.00000   -1.0000   1.0000    0.0000  10.0000    0.0000   0.0000
     subfault nicoya      6     6      -1.00000      3.73417      0.00000   -1.0000   1.0000    0.0000  10.0000    0.0000   0.0000
     subfault nicoya      7     6      -0.13303      1.37731      0.00000   -1.0000   1.0000    0.0000  10.0000    0.0000   0.0000
     subfault nicoya      1     7       1.00000      0.00000      0.00000   -1.0000   1.0000    0.0000  10.0000    0.0000   0.0000
     subfault nicoya      2     7       1.00000      0.00000      0.00000   -1.0000   1.0000    0.0000  10.0000    0.0000   0.0000
     subfault nicoya      3     7       1.00000      0.00000      0.00000   -1.0000   1.0000    0.0000  10.0000    0.0000   0.0000
     subfault nicoya      4     7       1.00000      0.00000      0.00000   -1.0000   1.0000    0.0000  10.0000    0.0000   0.0000
     subfault nicoya      5     7      -0.20204      1.07729      0.00000   -1.0000   1.0000    0.0000  10.0000    0.0000   0.0000
     subfault nicoya      6     7      -0.70758      1.61209      0.00000   -1.0000   1.0000    0.0000  10.0000    0.0000   0.0000
     subfault nicoya      7     7      -0.20418      0.43014      0.00000   -1.0000   1.0000    0.0000  10.0000    0.0000   0.0000
     subfault nicoya      1     8       1.00000      0.00000      0.00000   -1.0000   1.0000    0.0000  10.0000    0.0000   0.0000
     subfault nicoya      2     8       1.00000      0.00000      0.00000   -1.0000   1.0000    0.0000  10.0000    0.0000   0.0000
     subfault nicoya      3     8       1.00000      0.00000      0.00000   -1.0000   1.0000    0.0000  10.0000    0.0000   0.0000
     subfault nicoya      4     8       0.90835      0.00000      0.00000   -1.0000   1.0000    0.0000  10.0000    0.0000   0.0000
     subfault nicoya      5     8      -0.01626      0.00000      0.00000   -1.0000   1.0000    0.0000  10.0000    0.0000   0.0000
     subfault nicoya      6     8      -0.50863      0.00000      0.00000   -1.0000   1.0000    0.0000  10.0000    0.0000   0.0000
     subfault nicoya      7     8      -0.34747      0.00000      0.00000   -1.0000   1.0000    0.0000  10.0000    0.0000   0.0000
     subfault nicoya      1     9       0.75879      0.00000      0.00000   -1.0000   1.0000    0.0000  10.0000    0.0000   0.0000
     subfault nicoya      2     9       0.74514      0.00000      0.00000   -1.0000   1.0000    0.0000  10.0000    0.0000   0.0000
     subfault nicoya      3     9       0.68500      0.00000      0.00000   -1.0000   1.0000    0.0000  10.0000    0.0000   0.0000
     subfault nicoya      4     9       0.48848      0.00000      0.00000   -1.0000   1.0000    0.0000  10.0000    0.0000   0.0000
     subfault nicoya      5     9      -0.05251      0.00000      0.00000   -1.0000   1.0000    0.0000  10.0000    0.0000   0.0000
     subfault nicoya      6     9      -0.47296      0.00000      0.00000   -1.0000   1.0000    0.0000  10.0000    0.0000   0.0000
     subfault nicoya      7     9      -0.49123      0.00000      0.00000   -1.0000   1.0000    0.0000  10.0000    0.0000   0.0000
     subfault nicoya      1    10       0.33221      0.00000      0.00000   -1.0000   1.0000    0.0000  10.0000    0.0000   0.0000
     subfault nicoya      2    10       0.29621      0.00000      0.00000   -1.0000   1.0000    0.0000  10.0000    0.0000   0.0000
     subfault nicoya      3    10       0.22058      0.00000      0.00000   -1.0000   1.0000    0.0000  10.0000    0.0000   0.0000
     subfault nicoya      4    10       0.08076      0.00000      0.00000   -1.0000   1.0000    0.0000  10.0000    0.0000   0.0000
     subfault nicoya      5    10      -0.18211      0.00000      0.00000   -1.0000   1.0000    0.0000  10.0000    0.0000   0.0000
     subfault nicoya      6    10      -0.43850      0.00000      0.00000   -1.0000   1.0000    0.0000  10.0000    0.0000   0.0000
     subfault nicoya      7    10      -0.44043      0.00000      0.00000   -1.0000   1.0000    0.0000  10.0000    0.0000   0.0000
point 3 BAGA	  -85.26120012  10.54135356  1.23386e+02    -0.12233   -0.21591   -0.08295         NaN        NaN        NaN  1.00 
point 3 BALL	  -85.44844573  10.38340945  1.18029e+02    -0.11057   -0.24195   -0.05492         NaN        NaN        NaN  1.00 
point 3 BONG	  -85.20694331   9.74375599  2.15749e+01    -0.05159   -0.26152    0.21307         NaN        NaN        NaN  1.00 
point 3 CEBA	  -85.77609623  10.24913087  9.04377e+01    -0.13070   -0.11609    0.16157         NaN        NaN        NaN  1.00 
point 3 CRUZ	  -85.63366292  11.05427052  2.67190e+02    -0.01449   -0.10141   -0.03661         NaN        NaN        NaN  1.00 
point 3 DIRI	  -85.61062931  10.27176097  8.20235e+01    -0.11209   -0.21289    0.08409         NaN        NaN        NaN  1.00 
point 3 GRAN	  -85.65303338  10.56222357  1.22238e+02    -0.02385   -0.16122   -0.04302         NaN        NaN        NaN  1.00 
point 3 GUAR	  -85.45009646  10.14013519  1.36306e+02    -0.16206   -0.27563    0.12779         NaN        NaN        NaN  1.00 
point 3 GUIO	  -85.65854567   9.92305413  3.14291e+01    -0.35746   -0.49970    0.39811         NaN        NaN        NaN  1.00 
point 3 HOJA	  -85.38236266  10.07947412  2.41026e+02    -0.16521   -0.27581    0.14512         NaN        NaN        NaN  1.00 
point 3 JICA	  -85.13597750   9.97506253  6.13981e+01    -0.11961   -0.15510    0.07711         NaN        NaN        NaN  1.00 
point 3 LEON	  -85.18683891   9.93653081  2.76905e+02    -0.11168   -0.19101    0.12986         NaN        NaN        NaN  1.00 
point 3 MATA	  -85.81289886  10.35527374  7.77866e+01    -0.06421   -0.07590    0.07767         NaN        NaN        NaN  1.00 
point 3 PALO	  -85.22030728  10.24148923  4.00456e+01    -0.17514   -0.20728   -0.05020         NaN        NaN        NaN  1.00 
point 3 PAQU	  -84.95508694   9.83221155  8.02585e+01    -0.04789   -0.07910    0.04980         NaN        NaN        NaN  1.00 
point 3 POTR	  -85.56905007  10.84738166  1.55746e+02    -0.02410   -0.13963   -0.04930         NaN        NaN        NaN  1.00 
point 3 SAMA	  -85.54875610   9.88917081  4.59160e+01    -0.29085   -0.53180    0.39478         NaN        NaN        NaN  1.00 
point 3 SJOS	  -84.94815154  10.36556608  1.06212e+03    -0.15854   -0.13688   -0.05757         NaN        NaN        NaN  1.00 
point 3 SJUA	  -85.75687400  10.06315825  4.45516e+01    -0.28985   -0.24939    0.33702         NaN        NaN        NaN  1.00 
point 3 TENO	  -85.09831925  10.60179075  3.73380e+02    -0.12710   -0.17769   -0.06533         NaN        NaN        NaN  1.00 
point 3 VENA	  -85.79170289  10.16111700  2.49275e+01    -0.20705   -0.13898    0.24862         NaN        NaN        NaN  1.00 
