coord   	geo
#data_num	63
#slip_num	140
#ndf     	-77
#rss      	1.77607e-01  [m^2]
#rms      	5.30957e-02  [m]
#wrss   	8.75346e+03  [m^2]
#wrms   	1.17874e+01  [m]
#chi2    	8.75346e+03 
#rchi2   	-1.13681e+02
#r_1d   	NaN          [cm/km]
#r_2d   	4.09532e-02  [cm/km^2]
#strain   	8.61470e-01  [cm/km]

earth	homogeneous	3.00e+10  	0.2500

kappa   	50000.00000 
beta     	2500000000.00000

smooth   	2d
surface  	free

fault 2 nicoya  -85.54233907   8.74026277     -86.82826920 10.01077299    0.0000e+00 6.1999e+04   25.00     0.00000 10.00000 0.00000   -1.0000 1.0000  0.0000 10.0000  0.0000 0.0000    7 10
     subfault nicoya      1     1      -0.65561      0.00536      0.00000   -1.0000   1.0000    0.0000  10.0000    0.0000   0.0000
     subfault nicoya      2     1      -0.67439      0.00000      0.00000   -1.0000   1.0000    0.0000  10.0000    0.0000   0.0000
     subfault nicoya      3     1      -0.66258      0.00000      0.00000   -1.0000   1.0000    0.0000  10.0000    0.0000   0.0000
     subfault nicoya      4     1      -0.49936      0.00000      0.00000   -1.0000   1.0000    0.0000  10.0000    0.0000   0.0000
     subfault nicoya      5     1      -0.05055      0.00000      0.00000   -1.0000   1.0000    0.0000  10.0000    0.0000   0.0000
     subfault nicoya      6     1       0.37875      0.00000      0.00000   -1.0000   1.0000    0.0000  10.0000    0.0000   0.0000
     subfault nicoya      7     1       0.38803      0.00000      0.00000   -1.0000   1.0000    0.0000  10.0000    0.0000   0.0000
     subfault nicoya      1     2      -1.00000      0.37428      0.00000   -1.0000   1.0000    0.0000  10.0000    0.0000   0.0000
     subfault nicoya      2     2      -1.00000      0.27812      0.00000   -1.0000   1.0000    0.0000  10.0000    0.0000   0.0000
     subfault nicoya      3     2      -1.00000      0.07122      0.00000   -1.0000   1.0000    0.0000  10.0000    0.0000   0.0000
     subfault nicoya      4     2      -0.88088      0.00000      0.00000   -1.0000   1.0000    0.0000  10.0000    0.0000   0.0000
     subfault nicoya      5     2      -0.25732     -0.00000      0.00000   -1.0000   1.0000    0.0000  10.0000    0.0000   0.0000
     subfault nicoya      6     2       0.45780      0.00000      0.00000   -1.0000   1.0000    0.0000  10.0000    0.0000   0.0000
     subfault nicoya      7     2       0.54317      0.00000      0.00000   -1.0000   1.0000    0.0000  10.0000    0.0000   0.0000
     subfault nicoya      1     3      -1.00000      1.08660      0.00000   -1.0000   1.0000    0.0000  10.0000    0.0000   0.0000
     subfault nicoya      2     3      -1.00000      0.95583      0.00000   -1.0000   1.0000    0.0000  10.0000    0.0000   0.0000
     subfault nicoya      3     3      -1.00000      0.50062      0.00000   -1.0000   1.0000    0.0000  10.0000    0.0000   0.0000
     subfault nicoya      4     3      -1.00000      0.00000      0.00000   -1.0000   1.0000    0.0000  10.0000    0.0000   0.0000
     subfault nicoya      5     3      -0.63068      0.00000      0.00000   -1.0000   1.0000    0.0000  10.0000    0.0000   0.0000
     subfault nicoya      6     3       0.13956      0.32782      0.00000   -1.0000   1.0000    0.0000  10.0000    0.0000   0.0000
     subfault nicoya      7     3       0.40975      0.16193      0.00000   -1.0000   1.0000    0.0000  10.0000    0.0000   0.0000
     subfault nicoya      1     4      -0.64469      1.65644      0.00000   -1.0000   1.0000    0.0000  10.0000    0.0000   0.0000
     subfault nicoya      2     4      -0.78969      1.61532      0.00000   -1.0000   1.0000    0.0000  10.0000    0.0000   0.0000
     subfault nicoya      3     4      -0.99832      1.16001      0.00000   -1.0000   1.0000    0.0000  10.0000    0.0000   0.0000
     subfault nicoya      4     4      -1.00000      0.47024      0.00000   -1.0000   1.0000    0.0000  10.0000    0.0000   0.0000
     subfault nicoya      5     4      -1.00000      0.88186      0.00000   -1.0000   1.0000    0.0000  10.0000    0.0000   0.0000
     subfault nicoya      6     4      -0.42051      1.62389      0.00000   -1.0000   1.0000    0.0000  10.0000    0.0000   0.0000
     subfault nicoya      7     4       0.08968      0.87682      0.00000   -1.0000   1.0000    0.0000  10.0000    0.0000   0.0000
     subfault nicoya      1     5       0.23956      1.50192      0.00000   -1.0000   1.0000    0.0000  10.0000    0.0000   0.0000
     subfault nicoya      2     5       0.20814      1.53941      0.00000   -1.0000   1.0000    0.0000  10.0000    0.0000   0.0000
     subfault nicoya      3     5       0.09772      1.29817      0.00000   -1.0000   1.0000    0.0000  10.0000    0.0000   0.0000
     subfault nicoya      4     5      -0.21108      1.07467      0.00000   -1.0000   1.0000    0.0000  10.0000    0.0000   0.0000
     subfault nicoya      5     5      -0.80706      2.33046      0.00000   -1.0000   1.0000    0.0000  10.0000    0.0000   0.0000
     subfault nicoya      6     5      -0.75232      3.15376      0.00000   -1.0000   1.0000    0.0000  10.0000    0.0000   0.0000
     subfault nicoya      7     5      -0.17685      1.64423      0.00000   -1.0000   1.0000    0.0000  10.0000    0.0000   0.0000
     subfault nicoya      1     6       0.93686      0.69221      0.00000   -1.0000   1.0000    0.0000  10.0000    0.0000   0.0000
     subfault nicoya      2     6       1.00000      0.68628      0.00000   -1.0000   1.0000    0.0000  10.0000    0.0000   0.0000
     subfault nicoya      3     6       1.00000      0.56049      0.00000   -1.0000   1.0000    0.0000  10.0000    0.0000   0.0000
     subfault nicoya      4     6       0.53598      0.71450      0.00000   -1.0000   1.0000    0.0000  10.0000    0.0000   0.0000
     subfault nicoya      5     6      -0.55207      2.43491      0.00000   -1.0000   1.0000    0.0000  10.0000    0.0000   0.0000
     subfault nicoya      6     6      -0.85425      3.19096      0.00000   -1.0000   1.0000    0.0000  10.0000    0.0000   0.0000
     subfault nicoya      7     6      -0.31878      1.60371      0.00000   -1.0000   1.0000    0.0000  10.0000    0.0000   0.0000
     subfault nicoya      1     7       1.00000      0.02484      0.00000   -1.0000   1.0000    0.0000  10.0000    0.0000   0.0000
     subfault nicoya      2     7       1.00000      0.00154      0.00000   -1.0000   1.0000    0.0000  10.0000    0.0000   0.0000
     subfault nicoya      3     7       1.00000      0.00000      0.00000   -1.0000   1.0000    0.0000  10.0000    0.0000   0.0000
     subfault nicoya      4     7       0.72686      0.00000      0.00000   -1.0000   1.0000    0.0000  10.0000    0.0000   0.0000
     subfault nicoya      5     7      -0.30650      1.09248      0.00000   -1.0000   1.0000    0.0000  10.0000    0.0000   0.0000
     subfault nicoya      6     7      -0.70075      1.58410      0.00000   -1.0000   1.0000    0.0000  10.0000    0.0000   0.0000
     subfault nicoya      7     7      -0.33540      0.73017      0.00000   -1.0000   1.0000    0.0000  10.0000    0.0000   0.0000
     subfault nicoya      1     8       1.00000      0.00000      0.00000   -1.0000   1.0000    0.0000  10.0000    0.0000   0.0000
     subfault nicoya      2     8       1.00000     -0.00000      0.00000   -1.0000   1.0000    0.0000  10.0000    0.0000   0.0000
     subfault nicoya      3     8       0.98857     -0.00000      0.00000   -1.0000   1.0000    0.0000  10.0000    0.0000   0.0000
     subfault nicoya      4     8       0.63117      0.00000      0.00000   -1.0000   1.0000    0.0000  10.0000    0.0000   0.0000
     subfault nicoya      5     8      -0.12802      0.02930      0.00000   -1.0000   1.0000    0.0000  10.0000    0.0000   0.0000
     subfault nicoya      6     8      -0.47889      0.11688      0.00000   -1.0000   1.0000    0.0000  10.0000    0.0000   0.0000
     subfault nicoya      7     8      -0.32573      0.00000      0.00000   -1.0000   1.0000    0.0000  10.0000    0.0000   0.0000
     subfault nicoya      1     9       0.77511      0.00000      0.00000   -1.0000   1.0000    0.0000  10.0000    0.0000   0.0000
     subfault nicoya      2     9       0.75194      0.00000      0.00000   -1.0000   1.0000    0.0000  10.0000    0.0000   0.0000
     subfault nicoya      3     9       0.67016      0.00000      0.00000   -1.0000   1.0000    0.0000  10.0000    0.0000   0.0000
     subfault nicoya      4     9       0.38679      0.00000      0.00000   -1.0000   1.0000    0.0000  10.0000    0.0000   0.0000
     subfault nicoya      5     9      -0.05745     -0.00000      0.00000   -1.0000   1.0000    0.0000  10.0000    0.0000   0.0000
     subfault nicoya      6     9      -0.34444      0.00000      0.00000   -1.0000   1.0000    0.0000  10.0000    0.0000   0.0000
     subfault nicoya      7     9      -0.32498      0.00000      0.00000   -1.0000   1.0000    0.0000  10.0000    0.0000   0.0000
     subfault nicoya      1    10       0.38612      0.00000      0.00000   -1.0000   1.0000    0.0000  10.0000    0.0000   0.0000
     subfault nicoya      2    10       0.35456      0.00000      0.00000   -1.0000   1.0000    0.0000  10.0000    0.0000   0.0000
     subfault nicoya      3    10       0.28096      0.00000      0.00000   -1.0000   1.0000    0.0000  10.0000    0.0000   0.0000
     subfault nicoya      4    10       0.12801      0.00000      0.00000   -1.0000   1.0000    0.0000  10.0000    0.0000   0.0000
     subfault nicoya      5    10      -0.08528      0.00000      0.00000   -1.0000   1.0000    0.0000  10.0000    0.0000   0.0000
     subfault nicoya      6    10      -0.25677      0.00000      0.00000   -1.0000   1.0000    0.0000  10.0000    0.0000   0.0000
     subfault nicoya      7    10      -0.25267      0.00000      0.00000   -1.0000   1.0000    0.0000  10.0000    0.0000   0.0000
point 3 BAGA	  -85.26120012  10.54135356  1.23386e+02    -0.12396   -0.21462   -0.08700         NaN        NaN        NaN  1.00 
point 3 BALL	  -85.44844573  10.38340945  1.18029e+02    -0.11192   -0.23444   -0.04994         NaN        NaN        NaN  1.00 
point 3 BONG	  -85.20694331   9.74375599  2.15749e+01    -0.06225   -0.25655    0.21816         NaN        NaN        NaN  1.00 
point 3 CEBA	  -85.77609623  10.24913087  9.04377e+01    -0.13349   -0.11956    0.15881         NaN        NaN        NaN  1.00 
point 3 CRUZ	  -85.63366292  11.05427052  2.67190e+02    -0.01474   -0.10449   -0.03789         NaN        NaN        NaN  1.00 
point 3 DIRI	  -85.61062931  10.27176097  8.20235e+01    -0.11572   -0.21038    0.08915         NaN        NaN        NaN  1.00 
point 3 GRAN	  -85.65303338  10.56222357  1.22238e+02    -0.03290   -0.16058   -0.05076         NaN        NaN        NaN  1.00 
point 3 GUAR	  -85.45009646  10.14013519  1.36306e+02    -0.16311   -0.27868    0.13233         NaN        NaN        NaN  1.00 
point 3 GUIO	  -85.65854567   9.92305413  3.14291e+01    -0.34563   -0.49234    0.37875         NaN        NaN        NaN  1.00 
point 3 HOJA	  -85.38236266  10.07947412  2.41026e+02    -0.16846   -0.28091    0.14688         NaN        NaN        NaN  1.00 
point 3 JICA	  -85.13597750   9.97506253  6.13981e+01    -0.12191   -0.16049    0.08181         NaN        NaN        NaN  1.00 
point 3 LEON	  -85.18683891   9.93653081  2.76905e+02    -0.11804   -0.19560    0.13303         NaN        NaN        NaN  1.00 
point 3 MATA	  -85.81289886  10.35527374  7.77866e+01    -0.07324   -0.07898    0.07006         NaN        NaN        NaN  1.00 
point 3 PALO	  -85.22030728  10.24148923  4.00456e+01    -0.16949   -0.20702   -0.04410         NaN        NaN        NaN  1.00 
point 3 PAQU	  -84.95508694   9.83221155  8.02585e+01    -0.04851   -0.08291    0.05676         NaN        NaN        NaN  1.00 
point 3 POTR	  -85.56905007  10.84738166  1.55746e+02    -0.02761   -0.14423   -0.05481         NaN        NaN        NaN  1.00 
point 3 SAMA	  -85.54875610   9.88917081  4.59160e+01    -0.29140   -0.52050    0.36763         NaN        NaN        NaN  1.00 
point 3 SJOS	  -84.94815154  10.36556608  1.06212e+03    -0.15824   -0.14003   -0.06103         NaN        NaN        NaN  1.00 
point 3 SJUA	  -85.75687400  10.06315825  4.45516e+01    -0.27711   -0.25546    0.33101         NaN        NaN        NaN  1.00 
point 3 TENO	  -85.09831925  10.60179075  3.73380e+02    -0.12937   -0.17997   -0.07032         NaN        NaN        NaN  1.00 
point 3 VENA	  -85.79170289  10.16111700  2.49275e+01    -0.20203   -0.14528    0.24570         NaN        NaN        NaN  1.00 
