#(1)point (2)3 (3)name (4)lon (5)lat (6)z (7)Ue (8)Un (9)Uv (10)eUe (11)eUn (12)eUv (13)weight (14)fault name (15)Dstr1  (16)Dstr2 (17)Ddip (18)Dvert
point 3 BAGA   -85.261200    10.541354   1.2339e+02   -0.11830   -0.23069   -0.10037      NaN      NaN      NaN  1.00 nicoya       1.1986e+05   8.0180e+04   1.6366e+05   7.6314e+04
point 3 BALL   -85.448446    10.383409   1.1803e+02   -0.10077   -0.23719   -0.07460      NaN      NaN      NaN  1.00 nicoya       1.2200e+05   7.8039e+04   1.3666e+05   6.3725e+04
point 3 BONG   -85.206943     9.743756   2.1575e+01   -0.04366   -0.24306    0.18535      NaN      NaN      NaN  1.00 nicoya       5.2871e+04   1.4717e+05   1.0509e+05   4.9002e+04
point 3 CEBA   -85.776096    10.249131   9.0438e+01   -0.12124   -0.12415    0.13300      NaN      NaN      NaN  1.00 nicoya       1.3693e+05   6.3112e+04   1.0060e+05   4.6912e+04
point 3 CRUZ   -85.633663    11.054271   2.6719e+02   -0.01426   -0.10473   -0.02744      NaN      NaN      NaN  1.00 nicoya       1.8920e+05   1.0835e+04   1.7506e+05   8.1634e+04
point 3 DIRI   -85.610629    10.271761   8.2023e+01   -0.10196   -0.18925    0.06978      NaN      NaN      NaN  1.00 nicoya       1.2583e+05   7.4206e+04   1.1525e+05   5.3744e+04
point 3 GRAN   -85.653033    10.562224   1.2224e+02   -0.03296   -0.16113   -0.04962      NaN      NaN      NaN  1.00 nicoya       1.5199e+05   4.8049e+04   1.3482e+05   6.2868e+04
point 3 GUAR   -85.450096    10.140135   1.3631e+02   -0.14418   -0.25779    0.10888      NaN      NaN      NaN  1.00 nicoya       1.0298e+05   9.7055e+04   1.1738e+05   5.4734e+04
point 3 GUIO   -85.658546     9.923054   3.1429e+01   -0.29361   -0.50929    0.44295      NaN      NaN      NaN  1.00 nicoya       1.0212e+05   9.7919e+04   8.4075e+04   3.9205e+04
point 3 HOJA   -85.382363    10.079474   2.4103e+02   -0.15072   -0.26595    0.11993      NaN      NaN      NaN  1.00 nicoya       9.2940e+04   1.0710e+05   1.1787e+05   5.4964e+04
point 3 JICA   -85.135977     9.975063   6.1398e+01   -0.12346   -0.16280    0.02659      NaN      NaN      NaN  1.00 nicoya       6.5552e+04   1.3449e+05   1.2881e+05   6.0067e+04
point 3 LEON   -85.186839     9.936531   2.7690e+02   -0.11063   -0.19264    0.08517      NaN      NaN      NaN  1.00 nicoya       6.6477e+04   1.3356e+05   1.2183e+05   5.6808e+04
point 3 MATA   -85.812899    10.355274   7.7787e+01   -0.07260   -0.09895    0.04857      NaN      NaN      NaN  1.00 nicoya       1.4814e+05   5.1896e+04   1.0610e+05   4.9473e+04
point 3 PALO   -85.220307    10.241489   4.0046e+01   -0.17324   -0.22665   -0.09523      NaN      NaN      NaN  1.00 nicoya       9.3080e+04   1.0696e+05   1.4323e+05   6.6789e+04
point 3 PAQU   -84.955087     9.832212   8.0258e+01   -0.05513   -0.07996    0.01881      NaN      NaN      NaN  1.00 nicoya       4.0236e+04   1.5980e+05   1.3164e+05   6.1384e+04
point 3 POTR   -85.569050    10.847382   1.5575e+02   -0.02583   -0.14429   -0.04536      NaN      NaN      NaN  1.00 nicoya       1.6790e+05   3.2144e+04   1.6380e+05   7.6382e+04
point 3 SAMA   -85.548756     9.889171   4.5916e+01   -0.25084   -0.53871    0.42372      NaN      NaN      NaN  1.00 nicoya       9.0911e+04   1.0913e+05   8.9947e+04   4.1943e+04
point 3 SJOS   -84.948152    10.365566   1.0621e+03   -0.17067   -0.16438   -0.08802      NaN      NaN      NaN  1.00 nicoya       8.1667e+04   1.1837e+05   1.7417e+05   8.1215e+04
point 3 SJUA   -85.756874    10.063158   4.4552e+01   -0.23749   -0.25808    0.33453      NaN      NaN      NaN  1.00 nicoya       1.2080e+05   7.9242e+04   8.7457e+04   4.0782e+04
point 3 TENO   -85.098319    10.601791   3.7338e+02   -0.12775   -0.19779   -0.08115      NaN      NaN      NaN  1.00 nicoya       1.1194e+05   8.8097e+04   1.8108e+05   8.4440e+04
point 3 VENA   -85.791703    10.161117   2.4927e+01   -0.17546   -0.15546    0.22072      NaN      NaN      NaN  1.00 nicoya       1.3122e+05   6.8824e+04   9.2460e+04   4.3115e+04
