# (1)fault name (2)index (3)dip (4)x1[m] (5)z1[m] (6)x2[m] (7)z2[m] (8)width[m] (9)rows
name            1    9.29      0.0000e+00     1.223900e+04     2.5896e+04   1.647500e+04      2.589605e+04  1
name            1   12.26      0.0000e+00     1.647500e+04     2.4974e+04   2.190200e+04      2.497422e+04  1
name            1   16.73      0.0000e+00     2.190200e+04     2.5870e+04   2.967800e+04      2.586954e+04  1
name            1   21.11      0.0000e+00     2.967800e+04     2.3343e+04   3.869000e+04      2.334301e+04  1
name            1   23.78      0.0000e+00     3.869000e+04     2.2173e+04   4.846000e+04      2.217251e+04  1
name            1   23.60      0.0000e+00     4.846000e+04     2.0971e+04   5.762200e+04      2.097099e+04  1
name            1   23.14      0.0000e+00     5.762200e+04     2.2637e+04   6.729600e+04      2.263657e+04  1
name            1   24.30      0.0000e+00     6.729600e+04     2.5007e+04   7.858700e+04      2.500679e+04  1
name            1    9.21      0.0000e+00     1.186200e+04     2.4793e+04   1.588200e+04      2.479281e+04  1
name            1   12.22      0.0000e+00     1.588200e+04     2.8295e+04   2.201000e+04      2.829530e+04  1
name            1   17.75      0.0000e+00     2.201000e+04     2.5320e+04   3.011500e+04      2.532001e+04  1
name            1   21.00      0.0000e+00     3.011500e+04     2.3399e+04   3.909700e+04      2.339891e+04  1
name            1   23.95      0.0000e+00     3.909700e+04     2.1791e+04   4.877600e+04      2.179055e+04  1
name            1   23.53      0.0000e+00     4.877600e+04     2.0784e+04   5.782600e+04      2.078381e+04  1
name            1   23.08      0.0000e+00     5.782600e+04     2.2505e+04   6.741600e+04      2.250521e+04  1
name            1   24.25      0.0000e+00     6.741600e+04     2.5001e+04   7.867800e+04      2.500071e+04  1
name            1    9.48      0.0000e+00     1.192900e+04     2.5152e+04   1.612900e+04      2.515214e+04  1
name            1   12.44      0.0000e+00     1.612900e+04     2.7625e+04   2.222300e+04      2.762513e+04  1
name            1   17.89      0.0000e+00     2.222300e+04     2.4783e+04   3.022300e+04      2.478326e+04  1
name            1   21.17      0.0000e+00     3.022300e+04     2.2844e+04   3.907000e+04      2.284440e+04  1
name            1   23.87      0.0000e+00     3.907000e+04     2.1532e+04   4.859800e+04      2.153158e+04  1
name            1   24.17      0.0000e+00     4.859800e+04     2.1188e+04   5.810700e+04      2.118815e+04  1
name            1   23.32      0.0000e+00     5.810700e+04     2.2750e+04   6.791400e+04      2.274974e+04  1
name            1   23.94      0.0000e+00     6.791400e+04     2.4999e+04   7.901300e+04      2.499918e+04  1
name            1    9.46      0.0000e+00     1.192900e+04     2.5194e+04   1.612700e+04      2.519430e+04  1
name            1   12.39      0.0000e+00     1.612700e+04     2.7736e+04   2.222000e+04      2.773563e+04  1
name            1   17.75      0.0000e+00     2.222000e+04     2.5217e+04   3.029200e+04      2.521692e+04  1
name            1   22.51      0.0000e+00     3.029200e+04     2.2839e+04   3.975700e+04      2.283926e+04  1
name            1   24.07      0.0000e+00     3.975700e+04     2.3468e+04   5.024000e+04      2.346800e+04  1
name            1   24.04      0.0000e+00     5.024000e+04     2.0132e+04   5.922000e+04      2.013157e+04  1
name            1   22.84      0.0000e+00     5.922000e+04     1.9930e+04   6.761400e+04      1.992958e+04  1
name            1   23.85      0.0000e+00     6.761400e+04     2.4997e+04   7.866500e+04      2.499687e+04  1
name            1    9.44      0.0000e+00     1.191200e+04     2.4918e+04   1.605500e+04      2.491786e+04  1
name            1   12.32      0.0000e+00     1.605500e+04     2.7491e+04   2.205900e+04      2.749072e+04  1
name            1   17.60      0.0000e+00     2.205900e+04     2.5109e+04   3.002400e+04      2.510886e+04  1
name            1   22.40      0.0000e+00     3.002400e+04     2.2733e+04   3.939400e+04      2.273332e+04  1
name            1   24.00      0.0000e+00     3.939400e+04     2.1227e+04   4.884500e+04      2.122729e+04  1
name            1   24.03      0.0000e+00     4.884500e+04     2.1171e+04   5.828400e+04      2.117050e+04  1
name            1   23.92      0.0000e+00     5.828400e+04     2.2410e+04   6.822400e+04      2.240976e+04  1
name            1   22.70      0.0000e+00     6.822400e+04     2.4998e+04   7.868100e+04      2.499826e+04  1
name            1    9.31      0.0000e+00     1.226400e+04     2.6724e+04   1.664500e+04      2.672393e+04  1
name            1   13.15      0.0000e+00     1.664500e+04     2.8242e+04   2.324300e+04      2.824155e+04  1
name            1   18.93      0.0000e+00     2.324300e+04     2.1396e+04   3.058100e+04      2.139598e+04  1
name            1   22.49      0.0000e+00     3.058100e+04     2.5060e+04   4.095600e+04      2.505984e+04  1
name            1   24.40      0.0000e+00     4.095600e+04     1.8795e+04   4.948200e+04      1.879546e+04  1
name            1   23.98      0.0000e+00     4.948200e+04     2.0723e+04   5.870000e+04      2.072343e+04  1
name            1   22.72      0.0000e+00     5.870000e+04     2.3751e+04   6.864500e+04      2.375100e+04  1
name            1   23.66      0.0000e+00     6.864500e+04     2.4994e+04   7.959600e+04      2.499447e+04  1
name            1    9.63      0.0000e+00     1.229800e+04     2.6303e+04   1.676100e+04      2.630308e+04  1
name            1   13.28      0.0000e+00     1.676100e+04     2.8061e+04   2.338400e+04      2.806101e+04  1
name            1   19.03      0.0000e+00     2.338400e+04     2.1353e+04   3.074900e+04      2.135319e+04  1
name            1   22.62      0.0000e+00     3.074900e+04     2.2653e+04   4.018800e+04      2.265345e+04  1
name            1   24.14      0.0000e+00     4.018800e+04     2.3244e+04   5.060500e+04      2.324395e+04  1
name            1   23.95      0.0000e+00     5.060500e+04     2.0588e+04   5.975000e+04      2.058834e+04  1
name            1   22.94      0.0000e+00     5.975000e+04     2.1432e+04   6.882100e+04      2.143231e+04  1
name            1   23.24      0.0000e+00     6.882100e+04     2.5001e+04   7.955700e+04      2.500075e+04  1
name            1    9.79      0.0000e+00     1.237800e+04     2.6931e+04   1.702500e+04      2.693128e+04  1
name            1   14.08      0.0000e+00     1.702500e+04     2.6725e+04   2.372800e+04      2.672524e+04  1
name            1   19.62      0.0000e+00     2.372800e+04     2.3732e+04   3.218800e+04      2.373222e+04  1
name            1   23.04      0.0000e+00     3.218800e+04     2.2201e+04   4.163000e+04      2.220085e+04  1
name            1   24.27      0.0000e+00     4.163000e+04     2.1065e+04   5.112800e+04      2.106514e+04  1
name            1   23.31      0.0000e+00     5.112800e+04     2.0437e+04   5.993400e+04      2.043748e+04  1
name            1   22.51      0.0000e+00     5.993400e+04     2.2048e+04   6.907100e+04      2.204778e+04  1
name            1   22.74      0.0000e+00     6.907100e+04     2.5004e+04   7.955100e+04      2.500420e+04  1
name            1    9.86      0.0000e+00     1.246900e+04     2.7945e+04   1.732600e+04      2.794453e+04  1
name            1   14.55      0.0000e+00     1.732600e+04     2.3418e+04   2.340400e+04      2.341756e+04  1
name            1   19.54      0.0000e+00     2.340400e+04     2.4283e+04   3.202200e+04      2.428259e+04  1
name            1   22.82      0.0000e+00     3.202200e+04     2.2107e+04   4.132400e+04      2.210698e+04  1
name            1   23.97      0.0000e+00     4.132400e+04     2.1356e+04   5.081900e+04      2.135621e+04  1
name            1   22.81      0.0000e+00     5.081900e+04     2.1207e+04   5.973800e+04      2.120710e+04  1
name            1   22.08      0.0000e+00     5.973800e+04     2.4063e+04   6.949900e+04      2.406254e+04  1
name            1   22.36      0.0000e+00     6.949900e+04     2.5000e+04   7.978300e+04      2.500038e+04  1
name            1    9.94      0.0000e+00     1.207100e+04     2.6882e+04   1.678200e+04      2.688199e+04  1
name            1   13.81      0.0000e+00     1.678200e+04     2.9226e+04   2.396600e+04      2.922599e+04  1
name            1   20.43      0.0000e+00     2.396600e+04     2.3549e+04   3.273800e+04      2.354945e+04  1
name            1   23.07      0.0000e+00     3.273800e+04     2.2561e+04   4.234700e+04      2.256071e+04  1
name            1   23.13      0.0000e+00     4.234700e+04     2.0896e+04   5.127300e+04      2.089639e+04  1
name            1   22.31      0.0000e+00     5.127300e+04     2.1690e+04   6.017300e+04      2.168966e+04  1
name            1   20.88      0.0000e+00     6.017300e+04     2.2327e+04   6.869000e+04      2.232720e+04  1
name            1   21.39      0.0000e+00     6.869000e+04     2.5004e+04   7.848400e+04      2.500419e+04  1
name            1   10.60      0.0000e+00     1.222700e+04     2.7155e+04   1.730900e+04      2.715543e+04  1
name            1   14.46      0.0000e+00     1.730900e+04     2.8824e+04   2.474200e+04      2.882428e+04  1
name            1   20.57      0.0000e+00     2.474200e+04     2.3820e+04   3.368100e+04      2.381969e+04  1
name            1   23.27      0.0000e+00     3.368100e+04     2.2470e+04   4.334400e+04      2.246961e+04  1
name            1   23.47      0.0000e+00     4.334400e+04     2.1426e+04   5.264700e+04      2.142611e+04  1
name            1   21.64      0.0000e+00     5.264700e+04     2.1377e+04   6.112800e+04      2.137695e+04  1
name            1   20.68      0.0000e+00     6.112800e+04     2.2434e+04   6.959600e+04      2.243359e+04  1
name            1   20.22      0.0000e+00     6.959600e+04     2.5000e+04   7.880400e+04      2.499968e+04  1
name            1   10.20      0.0000e+00     1.214600e+04     2.7416e+04   1.707900e+04      2.741646e+04  1
name            1   14.43      0.0000e+00     1.707900e+04     2.9132e+04   2.457500e+04      2.913166e+04  1
name            1   21.15      0.0000e+00     2.457500e+04     2.4445e+04   3.403200e+04      2.444485e+04  1
name            1   23.67      0.0000e+00     3.403200e+04     2.3037e+04   4.413000e+04      2.303665e+04  1
name            1   23.79      0.0000e+00     4.413000e+04     2.1017e+04   5.339500e+04      2.101650e+04  1
name            1   21.51      0.0000e+00     5.339500e+04     2.1509e+04   6.187200e+04      2.150911e+04  1
name            1   20.00      0.0000e+00     6.187200e+04     2.2403e+04   7.002600e+04      2.240293e+04  1
name            1   19.10      0.0000e+00     7.002600e+04     2.5000e+04   7.868300e+04      2.499992e+04  1
name            1    9.88      0.0000e+00     1.213700e+04     2.9575e+04   1.728800e+04      2.957485e+04  1
name            1   15.46      0.0000e+00     1.728800e+04     2.8564e+04   2.518800e+04      2.856390e+04  1
name            1   20.51      0.0000e+00     2.518800e+04     2.5037e+04   3.455400e+04      2.503718e+04  1
name            1   23.94      0.0000e+00     3.455400e+04     2.3204e+04   4.485600e+04      2.320404e+04  1
name            1   24.03      0.0000e+00     4.485600e+04     2.1359e+04   5.437900e+04      2.135890e+04  1
name            1   21.27      0.0000e+00     5.437900e+04     2.1321e+04   6.267900e+04      2.132138e+04  1
name            1   19.24      0.0000e+00     6.267900e+04     2.2526e+04   7.054100e+04      2.252594e+04  1
name            1   18.15      0.0000e+00     7.054100e+04     2.4999e+04   7.873600e+04      2.499874e+04  1
name            1    9.98      0.0000e+00     1.216300e+04     2.9846e+04   1.741500e+04      2.984649e+04  1
name            1   15.71      0.0000e+00     1.741500e+04     2.8940e+04   2.555500e+04      2.893958e+04  1
name            1   20.74      0.0000e+00     2.555500e+04     2.4908e+04   3.498700e+04      2.490846e+04  1
name            1   24.05      0.0000e+00     3.498700e+04     2.3190e+04   4.533600e+04      2.318975e+04  1
name            1   23.74      0.0000e+00     4.533600e+04     2.1514e+04   5.479800e+04      2.151422e+04  1
name            1   20.41      0.0000e+00     5.479800e+04     2.2091e+04   6.301800e+04      2.209111e+04  1
name            1   19.05      0.0000e+00     6.301800e+04     2.2125e+04   7.065800e+04      2.212543e+04  1
name            1   17.43      0.0000e+00     7.065800e+04     2.5003e+04   7.850800e+04      2.500349e+04  1
name            1   10.50      0.0000e+00     1.235400e+04     2.9594e+04   1.783900e+04      2.959441e+04  1
name            1   15.94      0.0000e+00     1.783900e+04     2.8504e+04   2.598000e+04      2.850366e+04  1
name            1   21.18      0.0000e+00     2.598000e+04     2.4939e+04   3.564300e+04      2.493852e+04  1
name            1   23.66      0.0000e+00     3.564300e+04     2.3178e+04   4.579800e+04      2.317769e+04  1
name            1   23.13      0.0000e+00     4.579800e+04     2.1472e+04   5.497000e+04      2.147229e+04  1
name            1   20.30      0.0000e+00     5.497000e+04     2.2000e+04   6.310800e+04      2.199987e+04  1
name            1   19.14      0.0000e+00     6.310800e+04     2.2353e+04   7.086600e+04      2.235329e+04  1
name            1   17.60      0.0000e+00     7.086600e+04     2.5005e+04   7.879800e+04      2.500483e+04  1
name            1   10.52      0.0000e+00     1.237600e+04     3.0652e+04   1.806800e+04      3.065157e+04  1
name            1   15.81      0.0000e+00     1.806800e+04     2.8055e+04   2.601200e+04      2.805481e+04  1
name            1   20.37      0.0000e+00     2.601200e+04     2.5734e+04   3.556700e+04      2.573385e+04  1
name            1   22.53      0.0000e+00     3.556700e+04     2.3497e+04   4.531400e+04      2.349653e+04  1
name            1   22.27      0.0000e+00     4.531400e+04     2.1369e+04   5.406500e+04      2.136901e+04  1
name            1   20.43      0.0000e+00     5.406500e+04     2.2870e+04   6.258400e+04      2.287024e+04  1
name            1   20.23      0.0000e+00     6.258400e+04     2.2045e+04   7.070800e+04      2.204476e+04  1
name            1   18.64      0.0000e+00     7.070800e+04     2.5000e+04   7.914100e+04      2.500040e+04  1
name            1   10.41      0.0000e+00     1.248000e+04     3.1756e+04   1.831400e+04      3.175575e+04  1
name            1   15.40      0.0000e+00     1.831400e+04     2.8376e+04   2.613000e+04      2.837581e+04  1
name            1   18.90      0.0000e+00     2.613000e+04     2.6152e+04   3.508400e+04      2.615249e+04  1
name            1   21.13      0.0000e+00     3.508400e+04     2.0943e+04   4.317800e+04      2.094343e+04  1
name            1   21.14      0.0000e+00     4.317800e+04     2.5034e+04   5.285800e+04      2.503426e+04  1
name            1   21.26      0.0000e+00     5.285800e+04     2.0947e+04   6.100800e+04      2.094687e+04  1
name            1   20.96      0.0000e+00     6.100800e+04     2.2083e+04   6.946700e+04      2.208252e+04  1
name            1   18.99      0.0000e+00     6.946700e+04     2.4993e+04   7.806800e+04      2.499329e+04  1
name            1   10.46      0.0000e+00     1.246900e+04     3.1276e+04   1.824300e+04      3.127556e+04  1
name            1   14.43      0.0000e+00     1.824300e+04     2.8168e+04   2.549100e+04      2.816786e+04  1
name            1   17.39      0.0000e+00     2.549100e+04     2.3404e+04   3.282100e+04      2.340437e+04  1
name            1   19.28      0.0000e+00     3.282100e+04     2.5014e+04   4.157100e+04      2.501407e+04  1
name            1   20.12      0.0000e+00     4.157100e+04     2.4209e+04   5.044000e+04      2.420949e+04  1
name            1   21.46      0.0000e+00     5.044000e+04     2.3887e+04   5.983000e+04      2.388679e+04  1
name            1   21.04      0.0000e+00     5.983000e+04     2.6231e+04   6.992000e+04      2.623060e+04  1
name            1   19.12      0.0000e+00     6.992000e+04     2.5001e+04   7.858700e+04      2.500058e+04  1
name            1   10.94      0.0000e+00     1.252900e+04     2.9235e+04   1.818000e+04      2.923529e+04  1
name            1   13.47      0.0000e+00     1.818000e+04     2.8360e+04   2.497300e+04      2.836029e+04  1
name            1   15.78      0.0000e+00     2.497300e+04     2.7216e+04   3.266400e+04      2.721567e+04  1
name            1   17.81      0.0000e+00     3.266400e+04     2.3290e+04   4.014600e+04      2.328974e+04  1
name            1   19.20      0.0000e+00     4.014600e+04     2.6112e+04   4.923900e+04      2.611154e+04  1
name            1   21.57      0.0000e+00     4.923900e+04     2.7218e+04   5.999900e+04      2.721829e+04  1
name            1   21.57      0.0000e+00     5.999900e+04     2.3619e+04   6.933600e+04      2.361869e+04  1
name            1   19.16      0.0000e+00     6.933600e+04     2.5002e+04   7.802300e+04      2.500185e+04  1
name            1   10.84      0.0000e+00     1.255400e+04     2.9224e+04   1.815000e+04      2.922440e+04  1
name            1   13.15      0.0000e+00     1.815000e+04     2.7501e+04   2.457500e+04      2.750106e+04  1
name            1   14.66      0.0000e+00     2.457500e+04     2.7978e+04   3.189400e+04      2.797793e+04  1
name            1   16.51      0.0000e+00     3.189400e+04     2.7476e+04   4.003800e+04      2.747607e+04  1
name            1   18.82      0.0000e+00     4.003800e+04     2.7683e+04   4.947300e+04      2.768345e+04  1
name            1   21.43      0.0000e+00     4.947300e+04     2.5248e+04   5.938300e+04      2.524842e+04  1
name            1   21.51      0.0000e+00     5.938300e+04     2.4186e+04   6.891500e+04      2.418601e+04  1
name            1   19.55      0.0000e+00     6.891500e+04     2.4999e+04   7.779200e+04      2.499852e+04  1
name            1   11.39      0.0000e+00     1.261800e+04     2.7287e+04   1.811500e+04      2.728666e+04  1
name            1   13.05      0.0000e+00     1.811500e+04     2.7370e+04   2.445900e+04      2.736989e+04  1
name            1   14.70      0.0000e+00     2.445900e+04     2.7029e+04   3.155000e+04      2.702928e+04  1
name            1   16.68      0.0000e+00     3.155000e+04     2.6729e+04   3.955900e+04      2.672928e+04  1
name            1   19.01      0.0000e+00     3.955900e+04     2.7992e+04   4.920300e+04      2.799234e+04  1
name            1   21.70      0.0000e+00     4.920300e+04     2.4616e+04   5.899900e+04      2.461626e+04  1
name            1   22.47      0.0000e+00     5.899900e+04     2.4045e+04   6.894400e+04      2.404496e+04  1
name            1   20.50      0.0000e+00     6.894400e+04     2.4994e+04   7.828900e+04      2.499434e+04  1
name            1   12.19      0.0000e+00     1.261900e+04     2.5650e+04   1.816000e+04      2.564981e+04  1
name            1   13.54      0.0000e+00     1.816000e+04     2.6647e+04   2.457700e+04      2.664676e+04  1
name            1   15.43      0.0000e+00     2.457700e+04     2.5416e+04   3.159200e+04      2.541581e+04  1
name            1   16.45      0.0000e+00     3.159200e+04     2.7000e+04   3.956400e+04      2.699952e+04  1
name            1   20.13      0.0000e+00     3.956400e+04     2.5454e+04   4.889400e+04      2.545412e+04  1
name            1   22.85      0.0000e+00     4.889400e+04     2.3940e+04   5.898200e+04      2.393990e+04  1
name            1   23.14      0.0000e+00     5.898200e+04     2.2510e+04   6.860200e+04      2.251021e+04  1
name            1   21.54      0.0000e+00     6.860200e+04     2.4995e+04   7.846800e+04      2.499511e+04  1
name            1   12.94      0.0000e+00     1.275500e+04     2.4486e+04   1.838100e+04      2.448584e+04  1
name            1   14.22      0.0000e+00     1.838100e+04     2.5536e+04   2.485200e+04      2.553566e+04  1
name            1   15.86      0.0000e+00     2.485200e+04     2.4463e+04   3.180200e+04      2.446297e+04  1
name            1   17.61      0.0000e+00     3.180200e+04     2.5497e+04   3.989500e+04      2.549693e+04  1
name            1   20.16      0.0000e+00     3.989500e+04     2.4454e+04   4.887300e+04      2.445416e+04  1
name            1   23.70      0.0000e+00     4.887300e+04     2.3537e+04   5.920500e+04      2.353695e+04  1
name            1   24.29      0.0000e+00     5.920500e+04     2.1404e+04   6.886500e+04      2.140449e+04  1
name            1   22.01      0.0000e+00     6.886500e+04     2.4998e+04   7.897000e+04      2.499819e+04  1
