#(1)pnt (2)lon (3)lat (4)elev (5)obs_e[m] (6)obs_n[m] (7)obs_u[m] (8)err_e[m] (9)err_n[m] (10)err_u[m] (11)wgt (12)pred_e[m] (13)pred_n[m] (14)pred_u[m] (15)Res_e  (16)Res_n (17)Res_u 
pnt      -85.26120    10.54135       123.46        0.01174      0.01179     -0.00357       0.00100     0.00100     0.00200    1.000        0.01152      0.01158     -0.00265   0.9661   0.9582   0.9428 
pnt      -85.44845    10.38341       118.18        0.01328      0.01389     -0.00931       0.00100     0.00100     0.00200    1.000        0.01362      0.01389     -0.00811   0.9485   0.9801   0.9668 
pnt      -85.20694     9.74376        21.40        0.01599      0.01656     -0.00953       0.00100     0.00100     0.00200    1.000        0.01598      0.01656     -0.00956   0.9993   0.9993   0.9969 
pnt      -85.77610    10.24913        90.32        0.01695      0.01656     -0.00906       0.00100     0.00100     0.00200    1.000        0.01725      0.01661     -0.00966   0.9788   0.9770   0.9579 
pnt      -85.63366    11.05427       267.23        0.00715      0.00786     -0.00111       0.00100     0.00100     0.00200    1.000        0.00677      0.00802     -0.00104   0.9910   0.9894   0.9830 
pnt      -85.61063    10.27176        82.04        0.01657      0.01576     -0.01028       0.00100     0.00100     0.00200    1.000        0.01661      0.01608     -0.00955   0.9886   0.9686   0.9582 
pnt      -85.65303    10.56222       122.36        0.01370      0.01261     -0.00594       0.00100     0.00100     0.00200    1.000        0.01376      0.01254     -0.00623   0.9979   0.9925   0.9883 
pnt      -85.44974    10.14003       135.44        0.01602      0.01531     -0.00969       0.00100     0.00100     0.00200    1.000        0.01572      0.01579     -0.00907   0.9307   0.9300   0.8418 
pnt      -85.65854     9.92306        31.18        0.01930      0.01831     -0.01082       0.00100     0.00100     0.00200    1.000        0.01940      0.01827     -0.01089   0.9964   0.9966   0.9959 
pnt      -85.38236    10.07947       240.97        0.01619      0.01582     -0.00757       0.00100     0.00100     0.00200    1.000        0.01583      0.01570     -0.00904   0.9403   0.9652   0.7957 
pnt      -85.13598     9.97506        61.45        0.01464      0.01481     -0.00670       0.00100     0.00100     0.00200    1.000        0.01473      0.01467     -0.00699   0.9734   0.9216   0.9382 
pnt      -85.18684     9.93653       276.88        0.01483      0.01509     -0.00787       0.00100     0.00100     0.00200    1.000        0.01485      0.01515     -0.00801   0.9687   0.9445   0.9532 
pnt      -85.81290    10.35527        77.80        0.01705      0.01557     -0.01005       0.00100     0.00100     0.00200    1.000        0.01693      0.01552     -0.00986   0.9966   0.9946   0.9830 
pnt      -85.22031    10.24149        40.19        0.01364      0.01355     -0.00428       0.00100     0.00100     0.00200    1.000        0.01352      0.01357     -0.00488   0.9695   0.9499   0.9687 
pnt      -84.95509     9.83221        80.31        0.01305      0.01421     -0.00710       0.00100     0.00100     0.00200    1.000        0.01309      0.01420     -0.00690   0.9990   0.9990   0.9919 
pnt      -85.56905    10.84738       155.79        0.00872      0.01070     -0.00249       0.00100     0.00100     0.00200    1.000        0.00900      0.01066     -0.00276   0.9921   0.9863   0.9812 
pnt      -85.54876     9.88917        45.57        0.01879      0.01888     -0.01232       0.00100     0.00100     0.00200    1.000        0.01886      0.01889     -0.01219   0.9959   0.9986   0.9977 
pnt      -84.94815    10.36556      1062.24        0.01078      0.00989     -0.00108       0.00100     0.00100     0.00200    1.000        0.01087      0.00991     -0.00112   0.9897   0.9805   0.9814 
pnt      -85.75687    10.06316        44.36        0.01784      0.01825     -0.01161       0.00100     0.00100     0.00200    1.000        0.01803      0.01804     -0.01139   0.9947   0.9928   0.9888 
pnt      -85.09832    10.60179       373.45        0.01016      0.01017      0.00138       0.00100     0.00100     0.00200    1.000        0.00999      0.01017      0.00051   0.9474   0.9701   0.9294 
pnt      -85.79170    10.16112        24.76        0.01817      0.01702     -0.01063       0.00100     0.00100     0.00200    1.000        0.01789      0.01693     -0.01072   0.9906   0.9808   0.9827 
