#(1)pnt (2)lon (3)lat (4)elev (5)obs_e[m] (6)obs_n[m] (7)obs_u[m] (8)err_e[m] (9)err_n[m] (10)err_u[m] (11)wgt (12)pred_e[m] (13)pred_n[m] (14)pred_u[m] (15)Res_e  (16)Res_n (17)Res_u 
pnt      -85.26120    10.54135       123.46        0.01174      0.01179     -0.00357       0.00100     0.00100     0.00200    1.000        0.01147      0.01159     -0.00258   0.2633   0.2727   0.2392 
pnt      -85.44845    10.38341       118.18        0.01328      0.01389     -0.00931       0.00100     0.00100     0.00200    1.000        0.01364      0.01386     -0.00798   0.3223   0.3417   0.2676 
pnt      -85.20694     9.74376        21.40        0.01599      0.01656     -0.00953       0.00100     0.00100     0.00200    1.000        0.01597      0.01656     -0.00956   0.7417   0.7804   0.6610 
pnt      -85.77610    10.24913        90.32        0.01695      0.01656     -0.00906       0.00100     0.00100     0.00200    1.000        0.01732      0.01660     -0.00972   0.3735   0.3880   0.2868 
pnt      -85.63366    11.05427       267.23        0.00715      0.00786     -0.00111       0.00100     0.00100     0.00200    1.000        0.00663      0.00805     -0.00104   0.2965   0.2796   0.3028 
pnt      -85.61063    10.27176        82.04        0.01657      0.01576     -0.01028       0.00100     0.00100     0.00200    1.000        0.01661      0.01611     -0.00949   0.4282   0.3871   0.2922 
pnt      -85.65303    10.56222       122.36        0.01370      0.01261     -0.00594       0.00100     0.00100     0.00200    1.000        0.01377      0.01255     -0.00629   0.5983   0.5075   0.4067 
pnt      -85.44974    10.14003       135.44        0.01602      0.01531     -0.00969       0.00100     0.00100     0.00200    1.000        0.01574      0.01579     -0.00910   0.3446   0.3616   0.2671 
pnt      -85.65854     9.92306        31.18        0.01930      0.01831     -0.01082       0.00100     0.00100     0.00200    1.000        0.01941      0.01829     -0.01092   0.6439   0.6681   0.4385 
pnt      -85.38236    10.07947       240.97        0.01619      0.01582     -0.00757       0.00100     0.00100     0.00200    1.000        0.01576      0.01572     -0.00906   0.3514   0.3766   0.2698 
pnt      -85.13598     9.97506        61.45        0.01464      0.01481     -0.00670       0.00100     0.00100     0.00200    1.000        0.01475      0.01461     -0.00710   0.3231   0.3389   0.2462 
pnt      -85.18684     9.93653       276.88        0.01483      0.01509     -0.00787       0.00100     0.00100     0.00200    1.000        0.01486      0.01518     -0.00804   0.3391   0.3707   0.2527 
pnt      -85.81290    10.35527        77.80        0.01705      0.01557     -0.01005       0.00100     0.00100     0.00200    1.000        0.01690      0.01553     -0.00985   0.6092   0.5442   0.3830 
pnt      -85.22031    10.24149        40.19        0.01364      0.01355     -0.00428       0.00100     0.00100     0.00200    1.000        0.01352      0.01362     -0.00494   0.3549   0.3434   0.2836 
pnt      -84.95509     9.83221        80.31        0.01305      0.01421     -0.00710       0.00100     0.00100     0.00200    1.000        0.01311      0.01419     -0.00681   0.6162   0.6761   0.4010 
pnt      -85.56905    10.84738       155.79        0.00872      0.01070     -0.00249       0.00100     0.00100     0.00200    1.000        0.00909      0.01066     -0.00278   0.3851   0.3382   0.3158 
pnt      -85.54876     9.88917        45.57        0.01879      0.01888     -0.01232       0.00100     0.00100     0.00200    1.000        0.01886      0.01888     -0.01215   0.6043   0.7005   0.5311 
pnt      -84.94815    10.36556      1062.24        0.01078      0.00989     -0.00108       0.00100     0.00100     0.00200    1.000        0.01087      0.00992     -0.00115   0.3024   0.3275   0.2934 
pnt      -85.75687    10.06316        44.36        0.01784      0.01825     -0.01161       0.00100     0.00100     0.00200    1.000        0.01807      0.01800     -0.01134   0.5973   0.5526   0.4027 
pnt      -85.09832    10.60179       373.45        0.01016      0.01017      0.00138       0.00100     0.00100     0.00200    1.000        0.00997      0.01013      0.00049   0.1993   0.2068   0.2351 
pnt      -85.79170    10.16112        24.76        0.01817      0.01702     -0.01063       0.00100     0.00100     0.00200    1.000        0.01782      0.01695     -0.01077   0.4891   0.4497   0.3552 
