#(1)pnt (2)lon (3)lat (4)elev (5)obs_e[m] (6)obs_n[m] (7)obs_u[m] (8)err_e[m] (9)err_n[m] (10)err_u[m] (11)wgt (12)pred_e[m] (13)pred_n[m] (14)pred_u[m] (15)Res_e  (16)Res_n (17)Res_u 
pnt      -85.26120    10.54135       123.46        0.01174      0.01179     -0.00357       0.00100     0.00100     0.00200    1.000        0.01133      0.01157     -0.00234   0.0336   0.0334   0.0275 
pnt      -85.44845    10.38341       118.18        0.01328      0.01389     -0.00931       0.00100     0.00100     0.00200    1.000        0.01373      0.01385     -0.00728   0.0553   0.0531   0.0416 
pnt      -85.20694     9.74376        21.40        0.01599      0.01656     -0.00953       0.00100     0.00100     0.00200    1.000        0.01586      0.01663     -0.00982   0.1161   0.1167   0.0762 
pnt      -85.77610    10.24913        90.32        0.01695      0.01656     -0.00906       0.00100     0.00100     0.00200    1.000        0.01735      0.01654     -0.00999   0.0968   0.0956   0.0681 
pnt      -85.63366    11.05427       267.23        0.00715      0.00786     -0.00111       0.00100     0.00100     0.00200    1.000        0.00608      0.00784     -0.00075   0.0193   0.0276   0.0159 
pnt      -85.61063    10.27176        82.04        0.01657      0.01576     -0.01028       0.00100     0.00100     0.00200    1.000        0.01643      0.01584     -0.00962   0.0764   0.0745   0.0545 
pnt      -85.65303    10.56222       122.36        0.01370      0.01261     -0.00594       0.00100     0.00100     0.00200    1.000        0.01391      0.01271     -0.00658   0.0670   0.0618   0.0460 
pnt      -85.44974    10.14003       135.44        0.01602      0.01531     -0.00969       0.00100     0.00100     0.00200    1.000        0.01580      0.01592     -0.00934   0.0726   0.0730   0.0518 
pnt      -85.65854     9.92306        31.18        0.01930      0.01831     -0.01082       0.00100     0.00100     0.00200    1.000        0.01927      0.01865     -0.01133   0.1443   0.1461   0.0963 
pnt      -85.38236    10.07947       240.97        0.01619      0.01582     -0.00757       0.00100     0.00100     0.00200    1.000        0.01563      0.01585     -0.00909   0.0729   0.0742   0.0516 
pnt      -85.13598     9.97506        61.45        0.01464      0.01481     -0.00670       0.00100     0.00100     0.00200    1.000        0.01473      0.01459     -0.00717   0.0645   0.0677   0.0461 
pnt      -85.18684     9.93653       276.88        0.01483      0.01509     -0.00787       0.00100     0.00100     0.00200    1.000        0.01505      0.01526     -0.00810   0.0729   0.0752   0.0506 
pnt      -85.81290    10.35527        77.80        0.01705      0.01557     -0.01005       0.00100     0.00100     0.00200    1.000        0.01691      0.01570     -0.00972   0.0996   0.0960   0.0658 
pnt      -85.22031    10.24149        40.19        0.01364      0.01355     -0.00428       0.00100     0.00100     0.00200    1.000        0.01359      0.01368     -0.00514   0.0476   0.0510   0.0380 
pnt      -84.95509     9.83221        80.31        0.01305      0.01421     -0.00710       0.00100     0.00100     0.00200    1.000        0.01313      0.01405     -0.00667   0.0703   0.0727   0.0476 
pnt      -85.56905    10.84738       155.79        0.00872      0.01070     -0.00249       0.00100     0.00100     0.00200    1.000        0.00937      0.01047     -0.00253   0.0368   0.0353   0.0273 
pnt      -85.54876     9.88917        45.57        0.01879      0.01888     -0.01232       0.00100     0.00100     0.00200    1.000        0.01884      0.01859     -0.01171   0.1301   0.1338   0.0882 
pnt      -84.94815    10.36556      1062.24        0.01078      0.00989     -0.00108       0.00100     0.00100     0.00200    1.000        0.01078      0.00998     -0.00103   0.0271   0.0313   0.0219 
pnt      -85.75687    10.06316        44.36        0.01784      0.01825     -0.01161       0.00100     0.00100     0.00200    1.000        0.01825      0.01783     -0.01108   0.1277   0.1269   0.0870 
pnt      -85.09832    10.60179       373.45        0.01016      0.01017      0.00138       0.00100     0.00100     0.00200    1.000        0.00989      0.01003      0.00086   0.0227   0.0235   0.0169 
pnt      -85.79170    10.16112        24.76        0.01817      0.01702     -0.01063       0.00100     0.00100     0.00200    1.000        0.01773      0.01711     -0.01071   0.1134   0.1120   0.0789 
