#(1)name (2)dnum (3)snum (4)xtop1 (5)ytop1 (6)ztop1 (7)xbot1 (8)ybot1 (9)zbot1 (10)xbot2 (11)ybot2 (12)zbot2 (13)xtop2 (14)ytop2 (15)ztop2 (16)xctr (17)yctr (18)zcrt (19)ss[m] (20)ds[m] (21)ts[m] (22)rake[deg] (23)rs[m] (24)es[m] (25)ns[m]
name          1    1    -72.57995   -33.10669    1.224e+04    -72.31211   -33.14062    1.648e+04    -72.27690   -32.93504    1.648e+04    -72.54473   -32.90111    1.224e+04    -72.42842   -33.02087    1.436e+04    0.00000    0.00000    0.00000    0.00000    0.00000    0.00000    0.00000
name          1    1    -72.32622   -33.10720    1.648e+04    -72.06742   -33.13682    2.190e+04    -72.03565   -32.93152    2.190e+04    -72.29446   -32.90190    1.648e+04    -72.18094   -33.01936    1.919e+04    0.00000    0.00000    0.00000    0.00000    0.00000    0.00000    0.00000
name          1    1    -72.09937   -33.10774    2.190e+04    -71.83059   -33.13359    2.968e+04    -71.80314   -32.92242    2.968e+04    -72.07191   -32.89657    2.190e+04    -71.95125   -33.01508    2.579e+04    0.00000    2.63732    0.00000   90.00000    2.63732   -2.62099    0.29306
name          1    1    -71.85562   -33.10880    2.968e+04    -71.61256   -33.12760    3.869e+04    -71.58986   -32.91050    3.869e+04    -71.83291   -32.89170    2.968e+04    -71.72274   -33.00965    3.418e+04    0.00000    0.92197    0.00000   90.00000    0.92197   -0.91826    0.08260
name          1    1    -71.61875   -33.10987    3.869e+04    -71.38756   -33.12433    4.846e+04    -71.36894   -32.90413    4.846e+04    -71.60013   -32.88967    3.869e+04    -71.49385   -33.00700    4.358e+04    0.00000    0.14047    0.00000   90.00000    0.14047   -0.14010    0.01019
name          1    1    -71.38861   -33.10786    4.846e+04    -71.16972   -33.11851    5.762e+04    -71.15514   -32.89703    5.762e+04    -71.37403   -32.88637    4.846e+04    -71.27188   -33.00244    5.304e+04    0.00000    0.02738    0.00000   90.00000    0.02738   -0.02734    0.00155
name          1    1    -71.15686   -33.10742    5.762e+04    -70.92050   -33.11744    6.730e+04    -70.90786   -32.89681    6.730e+04    -71.14423   -32.88680    5.762e+04    -71.03236   -33.00212    6.246e+04    0.00000    0.00000    0.00000    0.00000    0.00000    0.00000    0.00000
name          1    1    -70.92271   -33.10715    6.730e+04    -70.66133   -33.11178    7.859e+04    -70.65597   -32.88788    7.859e+04    -70.91735   -32.88325    6.730e+04    -70.78934   -32.99751    7.294e+04    0.00000    0.00000    0.00000    0.00000    0.00000    0.00000    0.00000
name          1    1    -72.57310   -32.89902    1.186e+04    -72.31458   -32.91508    1.588e+04    -72.29680   -32.70330    1.588e+04    -72.55532   -32.68724    1.186e+04    -72.43495   -32.80116    1.387e+04    0.00000    0.00000    0.00000    0.00000    0.00000    0.00000    0.00000
name          1    1    -72.32192   -32.90018    1.588e+04    -72.02674   -32.91682    2.201e+04    -72.01045   -32.70302    2.201e+04    -72.30562   -32.68638    1.588e+04    -72.16618   -32.80160    1.895e+04    0.00000    0.00000    0.00000    0.00000    0.00000    0.00000    0.00000
name          1    1    -72.07327   -32.89642    2.201e+04    -71.80893   -32.90834    3.012e+04    -71.79586   -32.69393    3.012e+04    -72.06021   -32.68201    2.201e+04    -71.93457   -32.79518    2.606e+04    0.00000    0.00000    0.00000    0.00000    0.00000    0.00000    0.00000
name          1    1    -71.83594   -32.89123    3.012e+04    -71.59156   -32.90066    3.910e+04    -71.58040   -32.68680    3.910e+04    -71.82477   -32.67737    3.012e+04    -71.70817   -32.78901    3.461e+04    0.00000    0.56054    0.00000   90.00000    0.56054   -0.55998    0.02513
name          1    1    -71.60232   -32.88937    3.910e+04    -71.37467   -32.89658    4.878e+04    -71.36547   -32.68186    4.878e+04    -71.59312   -32.67465    3.910e+04    -71.48390   -32.78561    4.394e+04    0.00000    0.00000    0.00000    0.00000    0.00000    0.00000    0.00000
name          1    1    -71.37512   -32.88614    4.878e+04    -71.15794   -32.89181    5.783e+04    -71.15035   -32.67696    5.783e+04    -71.36753   -32.67128    4.878e+04    -71.26273   -32.78155    5.330e+04    0.00000    0.00000    0.00000    0.00000    0.00000    0.00000    0.00000
name          1    1    -71.14446   -32.88661    5.783e+04    -70.90922   -32.89017    6.742e+04    -70.90486   -32.67778    6.742e+04    -71.14010   -32.67421    5.783e+04    -71.02466   -32.78219    6.262e+04    0.00000    0.00000    0.00000    0.00000    0.00000    0.00000    0.00000
name          1    1    -70.91478   -32.88321    6.742e+04    -70.65343   -32.88552    7.868e+04    -70.65086   -32.67044    7.868e+04    -70.91221   -32.66813    6.742e+04    -70.78282   -32.77682    7.305e+04    0.00000    0.00000    0.00000    0.00000    0.00000    0.00000    0.00000
name          1    1    -72.54543   -32.68786    1.193e+04    -72.28248   -32.68691    1.613e+04    -72.28357   -32.46351    1.613e+04    -72.54651   -32.46446    1.193e+04    -72.41450   -32.57569    1.403e+04    0.00000    1.44071    0.00000   90.00000    1.44071   -1.44070   -0.00603
name          1    1    -72.29864   -32.68673    1.613e+04    -72.00986   -32.68374    2.222e+04    -72.01297   -32.46164    2.222e+04    -72.30175   -32.46464    1.613e+04    -72.15580   -32.57419    1.918e+04    0.00000    0.46285    0.00000   90.00000    0.46285   -0.46282   -0.00557
name          1    1    -72.05558   -32.68220    2.222e+04    -71.79654   -32.67772    3.022e+04    -71.80173   -32.45531    3.022e+04    -72.06077   -32.45978    2.222e+04    -71.92865   -32.56875    2.622e+04    0.00000    0.00000    0.00000    0.00000    0.00000   -0.00000    0.00000
name          1    1    -71.82050   -32.67748    3.022e+04    -71.58182   -32.67020    3.907e+04    -71.59100   -32.44755    3.907e+04    -71.82967   -32.45483    3.022e+04    -71.70575   -32.56251    3.465e+04    0.00000    0.00000    0.00000    0.00000    0.00000   -0.00000    0.00000
name          1    1    -71.58971   -32.67473    3.907e+04    -71.36487   -32.66537    4.860e+04    -71.37711   -32.44786    4.860e+04    -71.60195   -32.45722    3.907e+04    -71.48341   -32.56130    4.383e+04    0.00000    0.00000    0.00000    0.00000    0.00000   -0.00000    0.00000
name          1    1    -71.36428   -32.67161    4.860e+04    -71.14314   -32.66054    5.811e+04    -71.15792   -32.44213    5.811e+04    -71.37906   -32.45320    4.860e+04    -71.26110   -32.55687    5.335e+04    0.00000    0.00000    0.00000    0.00000    0.00000   -0.00000    0.00000
name          1    1    -71.14302   -32.67446    5.811e+04    -70.90558   -32.66279    6.791e+04    -70.92052   -32.43789    6.791e+04    -71.15797   -32.44956    5.811e+04    -71.03177   -32.55618    6.301e+04    0.00000    0.00000    0.00000    0.00000    0.00000   -0.00000    0.00000
name          1    1    -70.88917   -32.66882    6.791e+04    -70.62883   -32.64908    7.901e+04    -70.65171   -32.42590    7.901e+04    -70.91205   -32.44564    6.791e+04    -70.77044   -32.54736    7.346e+04    0.00000    0.00000    0.00000    0.00000    0.00000   -0.00000    0.00000
name          1    1    -72.54344   -32.46444    1.193e+04    -72.28005   -32.46345    1.613e+04    -72.28119   -32.23957    1.613e+04    -72.54458   -32.24056    1.193e+04    -72.41231   -32.35201    1.403e+04    0.00000    0.95748    0.00000   90.00000    0.95748   -0.95747   -0.00418
name          1    1    -72.29698   -32.46458    1.613e+04    -72.00705   -32.46149    2.222e+04    -72.01027   -32.23812    2.222e+04    -72.30020   -32.24121    1.613e+04    -72.15363   -32.35135    1.917e+04    0.00000    1.16462    0.00000   90.00000    1.16462   -1.16453   -0.01443
name          1    1    -72.05321   -32.45965    2.222e+04    -71.78964   -32.45498    3.029e+04    -71.79502   -32.23030    3.029e+04    -72.05859   -32.23496    2.222e+04    -71.92412   -32.34497    2.626e+04    0.00000    1.87757    0.00000   90.00000    1.87757   -1.87717   -0.03867
name          1    1    -71.81825   -32.45506    3.029e+04    -71.57958   -32.44926    3.976e+04    -71.58701   -32.22326    3.976e+04    -71.82568   -32.22906    3.029e+04    -71.70263   -32.33916    3.502e+04    0.00000    0.96501    0.00000   90.00000    0.96501   -0.96462   -0.02728
name          1    1    -71.58962   -32.45690    3.976e+04    -71.34466   -32.44509    5.024e+04    -71.35966   -32.21509    5.024e+04    -71.60462   -32.22690    3.976e+04    -71.47464   -32.33599    4.500e+04    0.00000    0.00000    0.00000    0.00000    0.00000   -0.00000    0.00000
name          1    1    -71.34220   -32.45320    5.024e+04    -71.13215   -32.44180    5.922e+04    -71.14929   -32.20819    5.922e+04    -71.35934   -32.21959    5.024e+04    -71.24575   -32.33070    5.473e+04    0.00000    0.01840    0.00000   90.00000    0.01840   -0.01836   -0.00116
name          1    1    -71.11721   -32.44935    5.922e+04    -70.90930   -32.43769    6.761e+04    -70.92670   -32.20810    6.761e+04    -71.13461   -32.21976    5.922e+04    -71.02196   -32.32872    6.342e+04    0.00000    0.07361    0.00000   90.00000    0.07361   -0.07345   -0.00479
name          1    1    -70.91503   -32.44624    6.761e+04    -70.65411   -32.43362    7.866e+04    -70.66897   -32.20654    7.866e+04    -70.92988   -32.21916    6.761e+04    -70.79200   -32.32639    7.314e+04    0.00000    0.00000    0.00000    0.00000    0.00000   -0.00000    0.00000
name          1    1    -72.54305   -32.24063    1.191e+04    -72.28255   -32.24055    1.606e+04    -72.28264   -32.01173    1.606e+04    -72.54314   -32.01180    1.191e+04    -72.41284   -32.12618    1.398e+04    0.00000    0.62190    0.00000   90.00000    0.62190   -0.62190   -0.00022
name          1    1    -72.29899   -32.24115    1.606e+04    -72.01160   -32.24098    2.206e+04    -72.01178   -32.00929    2.206e+04    -72.29918   -32.00946    1.606e+04    -72.15539   -32.12522    1.906e+04    0.00000    0.00000    0.00000    0.00000    0.00000   -0.00000    0.00000
name          1    1    -72.05876   -32.23503    2.206e+04    -71.79626   -32.23484    3.002e+04    -71.79650   -31.99816    3.002e+04    -72.05900   -31.99836    2.206e+04    -71.92763   -32.11660    2.604e+04    0.00000    2.27103    0.00000   90.00000    2.27103   -2.27103   -0.00198
name          1    1    -71.82645   -32.22915    3.002e+04    -71.58878   -32.22901    3.939e+04    -71.58897   -31.99422    3.939e+04    -71.82664   -31.99436    3.002e+04    -71.70771   -32.11169    3.471e+04    0.00000    2.52039    0.00000   90.00000    2.52039   -2.52039   -0.00176
name          1    1    -71.60274   -32.22693    3.939e+04    -71.38083   -32.22680    4.884e+04    -71.38102   -31.98743    4.884e+04    -71.60294   -31.98757    3.939e+04    -71.49188   -32.10718    4.412e+04    0.00000    0.00000    0.00000    0.00000    0.00000   -0.00000    0.00000
name          1    1    -71.37949   -32.22195    4.884e+04    -71.15817   -32.22182    5.828e+04    -71.15836   -31.98474    5.828e+04    -71.37968   -31.98487    4.884e+04    -71.26892   -32.10334    5.356e+04    0.00000    0.15704    0.00000   90.00000    0.15704   -0.15704   -0.00011
name          1    1    -71.15637   -32.22361    5.828e+04    -70.92209   -32.22298    6.822e+04    -70.92296   -31.98404    6.822e+04    -71.15724   -31.98467    5.828e+04    -71.03966   -32.10382    6.325e+04    0.00000    0.11994    0.00000   90.00000    0.11994   -0.11994   -0.00038
name          1    1    -70.90981   -32.21745    6.822e+04    -70.64849   -32.21486    7.868e+04    -70.65170   -31.97534    7.868e+04    -70.91302   -31.97793    6.822e+04    -70.78075   -32.09639    7.345e+04    0.00000    0.18145    0.00000   90.00000    0.18145   -0.18144   -0.00209
name          1    1    -72.51201   -32.01291    1.226e+04    -72.23361   -32.03302    1.664e+04    -72.21175   -31.80913    1.664e+04    -72.49015   -31.78902    1.226e+04    -72.36188   -31.91102    1.445e+04    0.00000    0.75174    0.00000   90.00000    0.75174   -0.74910    0.06290
name          1    1    -72.26880   -32.01078    1.664e+04    -71.97498   -32.03577    2.324e+04    -71.94955   -31.81470    2.324e+04    -72.24337   -31.78970    1.664e+04    -72.10918   -31.91274    1.994e+04    0.00000    0.00000    0.00000    0.00000    0.00000    0.00000    0.00000
name          1    1    -72.03145   -31.99943    2.324e+04    -71.80909   -32.02027    3.058e+04    -71.78140   -31.80178    3.058e+04    -72.00376   -31.78094    2.324e+04    -71.90643   -31.90060    2.691e+04    0.00000    1.21701    0.00000   90.00000    1.21701   -1.20985    0.13186
name          1    1    -71.82204   -31.99432    3.058e+04    -71.56141   -32.01721    4.096e+04    -71.53539   -31.79805    4.096e+04    -71.79602   -31.77516    3.058e+04    -71.67871   -31.89618    3.577e+04    0.00000    2.46824    0.00000   90.00000    2.46824   -2.45547    0.25072
name          1    1    -71.57510   -31.98834    4.096e+04    -71.37975   -32.00662    4.948e+04    -71.35231   -31.78974    4.948e+04    -71.54765   -31.77146    4.096e+04    -71.46370   -31.88904    4.522e+04    0.00000    0.00000    0.00000    0.00000    0.00000    0.00000    0.00000
name          1    1    -71.37283   -31.98479    4.948e+04    -71.15736   -32.00420    5.870e+04    -71.13013   -31.78063    5.870e+04    -71.34560   -31.76122    4.948e+04    -71.25148   -31.88271    5.409e+04    0.00000    0.00000    0.00000    0.00000    0.00000    0.00000    0.00000
name          1    1    -71.14974   -31.98366    5.870e+04    -70.90332   -32.00987    6.864e+04    -70.87158   -31.78918    6.864e+04    -71.11800   -31.76297    5.870e+04    -71.01066   -31.88642    6.367e+04    0.00000    0.00000    0.00000    0.00000    0.00000    0.00000    0.00000
name          1    1    -70.90013   -31.97913    6.864e+04    -70.64080   -32.00671    7.960e+04    -70.60960   -31.78973    7.960e+04    -70.86893   -31.76215    6.864e+04    -70.75486   -31.88443    7.412e+04    0.00000    0.13986    0.00000   90.00000    0.13986   -0.13880    0.01717
name          1    1    -72.49116   -31.78896    1.230e+04    -72.21921   -31.82399    1.676e+04    -72.18300   -31.61613    1.676e+04    -72.45495   -31.58109    1.230e+04    -72.33708   -31.70254    1.453e+04    0.00000    0.43813    0.00000   90.00000    0.43813   -0.43329    0.06491
name          1    1    -72.24699   -31.78929    1.676e+04    -71.95653   -31.82467    2.338e+04    -71.92166   -31.61289    2.338e+04    -72.21212   -31.57752    1.676e+04    -72.08432   -31.70109    2.007e+04    0.00000    0.59053    0.00000   90.00000    0.59053   -0.58470    0.08280
name          1    1    -72.00741   -31.78038    2.338e+04    -71.78604   -31.80514    3.075e+04    -71.75392   -31.59275    3.075e+04    -71.97529   -31.56799    2.338e+04    -71.88066   -31.68657    2.707e+04    0.00000    1.23530    0.00000   90.00000    1.23530   -1.22498    0.15932
name          1    1    -71.79836   -31.77470    3.075e+04    -71.56339   -31.80016    4.019e+04    -71.53152   -31.58258    4.019e+04    -71.76649   -31.55712    3.075e+04    -71.66494   -31.67864    3.547e+04    0.00000    1.80599    0.00000   90.00000    1.80599   -1.79183    0.22573
name          1    1    -71.57157   -31.77023    4.019e+04    -71.33018   -31.79425    5.060e+04    -71.30027   -31.57193    5.060e+04    -71.54166   -31.54791    4.019e+04    -71.43592   -31.67108    4.540e+04    0.00000    0.00000    0.00000    0.00000    0.00000    0.00000    0.00000
name          1    1    -71.32529   -31.76289    5.060e+04    -71.11184   -31.78667    5.975e+04    -71.07905   -31.56899    5.975e+04    -71.29251   -31.54522    5.060e+04    -71.20217   -31.66594    5.518e+04    0.00000    0.00000    0.00000    0.00000    0.00000    0.00000    0.00000
name          1    1    -71.09810   -31.76496    5.975e+04    -70.87550   -31.78691    6.882e+04    -70.84615   -31.56672    6.882e+04    -71.06875   -31.54477    5.975e+04    -70.97212   -31.66584    6.429e+04    0.00000    0.00000    0.00000    0.00000    0.00000    0.00000    0.00000
name          1    1    -70.87050   -31.76117    6.882e+04    -70.61075   -31.78611    7.956e+04    -70.58208   -31.56522    7.956e+04    -70.84183   -31.54028    6.882e+04    -70.72629   -31.66319    7.419e+04    0.00000    0.00000    0.00000    0.00000    0.00000    0.00000    0.00000
name          1    1    -72.45245   -31.58104    1.238e+04    -72.17203   -31.60265    1.702e+04    -72.14870   -31.37880    1.702e+04    -72.42913   -31.35719    1.238e+04    -72.30058   -31.47992    1.470e+04    0.00000    0.86913    0.00000   90.00000    0.86913   -0.86566    0.07756
name          1    1    -72.20993   -31.57758    1.702e+04    -71.93198   -31.60199    2.373e+04    -71.90543   -31.37838    2.373e+04    -72.18338   -31.35397    1.702e+04    -72.05768   -31.47798    2.038e+04    0.00000    2.76570    0.00000   90.00000    2.76570   -2.75139    0.28093
name          1    1    -71.97049   -31.56826    2.373e+04    -71.72349   -31.58838    3.219e+04    -71.69898   -31.36580    3.219e+04    -71.94598   -31.34568    2.373e+04    -71.83474   -31.46703    2.796e+04    0.00000    4.55244    0.00000   90.00000    4.55244   -4.53216    0.42921
name          1    1    -71.74120   -31.56036    3.219e+04    -71.51058   -31.58282    4.163e+04    -71.48116   -31.35933    4.163e+04    -71.71178   -31.33687    3.219e+04    -71.61118   -31.45984    3.691e+04    0.00000    0.88076    0.00000   90.00000    0.88076   -0.87517    0.09909
name          1    1    -71.51529   -31.55095    4.163e+04    -71.29660   -31.57324    5.113e+04    -71.26604   -31.35152    5.113e+04    -71.48473   -31.32922    4.163e+04    -71.39066   -31.45123    4.638e+04    0.00000    0.00000    0.00000    0.00000    0.00000    0.00000    0.00000
name          1    1    -71.28976   -31.54473    5.113e+04    -71.07775   -31.56757    5.993e+04    -71.04552   -31.34628    5.993e+04    -71.25752   -31.32344    5.113e+04    -71.16764   -31.44551    5.553e+04    0.00000    0.09910    0.00000   90.00000    0.09910   -0.09833    0.01232
name          1    1    -71.06191   -31.54477    5.993e+04    -70.83382   -31.57335    6.907e+04    -70.79647   -31.35288    6.907e+04    -71.02455   -31.32430    5.993e+04    -70.92919   -31.44883    6.450e+04    0.00000    0.00000    0.00000    0.00000    0.00000    0.00000    0.00000
name          1    1    -70.83358   -31.53993    6.907e+04    -70.57502   -31.57301    7.955e+04    -70.53695   -31.35290    7.955e+04    -70.79551   -31.31983    6.907e+04    -70.68526   -31.44642    7.431e+04    0.00000    0.00000    0.00000    0.00000    0.00000    0.00000    0.00000
name          1    1    -72.42678   -31.35722    1.247e+04    -72.13834   -31.39708    1.733e+04    -72.10154   -31.20017    1.733e+04    -72.38998   -31.16031    1.247e+04    -72.26416   -31.27870    1.490e+04    0.00000    0.39315    0.00000   90.00000    0.39315   -0.38817    0.06238
name          1    1    -72.18156   -31.35400    1.733e+04    -71.93974   -31.38683    2.340e+04    -71.90380   -31.19104    2.340e+04    -72.14563   -31.15821    1.733e+04    -72.04268   -31.27252    2.036e+04    0.00000    4.89856    0.00000   90.00000    4.89856   -4.83865    0.76377
name          1    1    -71.96510   -31.34486    2.340e+04    -71.71423   -31.37830    3.202e+04    -71.67695   -31.17145    3.202e+04    -71.92782   -31.13801    2.340e+04    -71.82103   -31.25815    2.771e+04    0.00000    6.40102    0.00000   90.00000    6.40102   -6.32550    0.98037
name          1    1    -71.73370   -31.33548    3.202e+04    -71.50559   -31.36743    4.132e+04    -71.46651   -31.16105    4.132e+04    -71.69462   -31.12910    3.202e+04    -71.60010   -31.24826    3.667e+04    0.00000    0.59652    0.00000   90.00000    0.59652   -0.58876    0.09589
name          1    1    -71.50416   -31.32783    4.132e+04    -71.28370   -31.35820    5.082e+04    -71.24427   -31.14647    5.082e+04    -71.46472   -31.11610    4.132e+04    -71.37421   -31.23715    4.607e+04    0.00000    0.52422    0.00000   90.00000    0.52422   -0.51762    0.08291
name          1    1    -71.27538   -31.32185    5.082e+04    -71.05653   -31.35233    5.974e+04    -71.01719   -31.14343    5.974e+04    -71.23604   -31.11295    5.082e+04    -71.14628   -31.23264    5.528e+04    0.00000    0.93595    0.00000   90.00000    0.93595   -0.92391    0.14964
name          1    1    -71.04536   -31.32192    5.974e+04    -70.79760   -31.35937    6.950e+04    -70.75499   -31.15090    6.950e+04    -71.00275   -31.11345    5.974e+04    -70.90018   -31.23641    6.462e+04    0.00000    0.00000    0.00000    0.00000    0.00000    0.00000    0.00000
name          1    1    -70.79078   -31.31943    6.950e+04    -70.53374   -31.36012    7.978e+04    -70.49022   -31.15683    7.978e+04    -70.74727   -31.11613    6.950e+04    -70.64050   -31.23813    7.464e+04    0.00000    0.00000    0.00000    0.00000    0.00000    0.00000    0.00000
name          1    1    -72.41126   -31.15825    1.207e+04    -72.13023   -31.15989    1.678e+04    -72.12843   -30.93238    1.678e+04    -72.40946   -30.93073    1.207e+04    -72.26985   -31.04531    1.443e+04    0.00000    0.67147    0.00000   90.00000    0.67147   -0.67145    0.00457
name          1    1    -72.16638   -31.15597    1.678e+04    -71.86091   -31.16166    2.397e+04    -71.85513   -30.93172    2.397e+04    -72.16059   -30.92603    1.678e+04    -72.01075   -31.04384    2.037e+04    0.00000    4.92964    0.00000   90.00000    4.92964   -4.92849    0.10668
name          1    1    -71.92764   -31.13776    2.397e+04    -71.68160   -31.14522    3.274e+04    -71.67223   -30.91670    3.274e+04    -71.91827   -30.90923    2.397e+04    -71.79993   -31.02723    2.835e+04    0.00000    5.60216    0.00000   90.00000    5.60216   -5.59868    0.19747
name          1    1    -71.69527   -31.12866    3.274e+04    -71.45969   -31.13846    4.235e+04    -71.44695   -30.91213    4.235e+04    -71.68253   -30.90232    3.274e+04    -71.57111   -31.02039    3.754e+04    0.00000    1.96530    0.00000   90.00000    1.96530   -1.96300    0.09498
name          1    1    -71.46681   -31.11493    4.235e+04    -71.24878   -31.12659    5.127e+04    -71.23243   -30.90058    5.127e+04    -71.45046   -30.88892    4.235e+04    -71.34962   -31.00775    4.681e+04    0.00000    0.47696    0.00000   90.00000    0.47696   -0.47604    0.02962
name          1    1    -71.23524   -31.11217    5.127e+04    -71.00922   -31.12781    6.017e+04    -70.98848   -30.90616    6.017e+04    -71.21450   -30.89052    5.127e+04    -71.11186   -31.00917    5.572e+04    0.00000    0.89156    0.00000   90.00000    0.89156   -0.88869    0.07150
name          1    1    -71.00281   -31.11166    6.017e+04    -70.77040   -31.13030    6.869e+04    -70.74631   -30.90821    6.869e+04    -70.97872   -30.88956    6.017e+04    -70.87456   -31.00993    6.443e+04    0.00000    0.00000    0.00000    0.00000    0.00000    0.00000    0.00000
name          1    1    -70.76993   -31.11222    6.869e+04    -70.51045   -31.13951    7.848e+04    -70.47937   -30.92081    7.848e+04    -70.73884   -30.89353    6.869e+04    -70.62465   -31.01652    7.359e+04    0.00000    0.00000    0.00000    0.00000    0.00000    0.00000    0.00000
name          1    1    -72.39690   -30.93117    1.223e+04    -72.11377   -30.94905    1.731e+04    -72.09634   -30.74490    1.731e+04    -72.37947   -30.72702    1.223e+04    -72.24662   -30.83804    1.477e+04    0.00000    0.00000    0.00000    0.00000    0.00000    0.00000    0.00000
name          1    1    -72.14927   -30.92639    1.731e+04    -71.84869   -30.94488    2.474e+04    -71.83155   -30.73867    2.474e+04    -72.13212   -30.72019    1.731e+04    -71.99041   -30.83253    2.103e+04    0.00000    6.40841    0.00000   90.00000    6.40841   -6.39209    0.45707
name          1    1    -71.90862   -30.90949    2.474e+04    -71.66024   -30.92492    3.368e+04    -71.64272   -30.71616    3.368e+04    -71.89109   -30.70073    2.474e+04    -71.77567   -30.81282    2.921e+04    0.00000    3.97627    0.00000   90.00000    3.97627   -3.96594    0.28637
name          1    1    -71.67297   -30.90254    3.368e+04    -71.43869   -30.91723    4.334e+04    -71.42110   -30.70984    4.334e+04    -71.65539   -30.69515    3.368e+04    -71.54704   -30.80619    3.851e+04    0.00000    0.35041    0.00000   90.00000    0.35041   -0.34948    0.02548
name          1    1    -71.44142   -30.88921    4.334e+04    -71.21802   -30.90335    5.265e+04    -71.20011   -30.69408    5.265e+04    -71.42350   -30.67994    4.334e+04    -71.32076   -30.79164    4.800e+04    0.00000    0.00000    0.00000    0.00000    0.00000    0.00000    0.00000
name          1    1    -71.20813   -30.88980    5.265e+04    -70.98530   -30.90448    6.113e+04    -70.96644   -30.69268    6.113e+04    -71.18927   -30.67800    5.265e+04    -71.08729   -30.79124    5.689e+04    0.00000    0.13440    0.00000   90.00000    0.13440   -0.13401    0.01026
name          1    1    -70.96996   -30.88947    6.113e+04    -70.73603   -30.90393    6.960e+04    -70.71814   -30.68974    6.960e+04    -70.95206   -30.67529    6.113e+04    -70.84405   -30.78961    6.536e+04    0.00000    0.00000    0.00000    0.00000    0.00000    0.00000    0.00000
name          1    1    -70.73328   -30.89173    6.960e+04    -70.47267   -30.90866    7.880e+04    -70.45327   -30.68783    7.880e+04    -70.71388   -30.67089    6.960e+04    -70.59327   -30.78978    7.420e+04    0.00000    0.08055    0.00000   90.00000    0.08055   -0.08032    0.00607
name          1    1    -72.39095   -30.72634    1.215e+04    -72.10499   -30.70957    1.708e+04    -72.12323   -30.47950    1.708e+04    -72.40918   -30.49626    1.215e+04    -72.25709   -30.60292    1.461e+04    0.00000    0.00000    0.00000    0.00000    0.00000   -0.00000    0.00000
name          1    1    -72.13974   -30.71986    1.708e+04    -71.83574   -30.70406    2.458e+04    -71.85175   -30.47629    2.458e+04    -72.15575   -30.49210    1.708e+04    -71.99574   -30.59808    2.083e+04    0.00000    4.01514    0.00000   90.00000    4.01514   -4.00782   -0.24232
name          1    1    -71.89812   -30.70047    2.458e+04    -71.64278   -30.69135    3.403e+04    -71.65367   -30.46609    3.403e+04    -71.90900   -30.47522    2.458e+04    -71.77589   -30.58328    2.930e+04    0.00000    2.68613    0.00000   90.00000    2.68613   -2.68381   -0.11155
name          1    1    -71.66148   -30.69485    3.403e+04    -71.42078   -30.68809    4.413e+04    -71.42944   -30.45987    4.413e+04    -71.67015   -30.46663    3.403e+04    -71.54546   -30.57736    3.908e+04    0.00000    0.33530    0.00000   90.00000    0.33530   -0.33512   -0.01094
name          1    1    -71.43185   -30.67949    4.413e+04    -71.21214   -30.68021    5.340e+04    -71.21114   -30.45778    5.340e+04    -71.43086   -30.45705    4.413e+04    -71.32150   -30.56863    4.876e+04    0.00000    0.00000    0.00000    0.00000    0.00000    0.00000    0.00000
name          1    1    -71.19327   -30.67752    5.340e+04    -70.96840   -30.67789    6.187e+04    -70.96791   -30.45475    6.187e+04    -71.19277   -30.45438    5.340e+04    -71.08059   -30.56614    5.763e+04    0.00000    0.00000    0.00000    0.00000    0.00000    0.00000    0.00000
name          1    1    -70.95382   -30.67393    6.187e+04    -70.71968   -30.67892    7.003e+04    -70.71325   -30.45585    7.003e+04    -70.94739   -30.45086    6.187e+04    -70.83354   -30.56489    6.595e+04    0.00000    0.00000    0.00000    0.00000    0.00000    0.00000    0.00000
name          1    1    -70.71200   -30.66848    7.003e+04    -70.45091   -30.67860    7.868e+04    -70.43897   -30.45083    7.868e+04    -70.70007   -30.44071    7.003e+04    -70.57549   -30.55966    7.435e+04    0.00000    0.43116    0.00000   90.00000    0.43116   -0.43072    0.01941
name          1    1    -72.40155   -30.49581    1.214e+04    -72.09237   -30.49693    1.729e+04    -72.09123   -30.26444    1.729e+04    -72.40042   -30.26333    1.214e+04    -72.24639   -30.38013    1.471e+04    0.00000    0.53059    0.00000   90.00000    0.53059   -0.53059    0.00222
name          1    1    -72.14845   -30.49203    1.729e+04    -71.84985   -30.49539    2.519e+04    -71.84632   -30.26308    2.519e+04    -72.14491   -30.25972    1.729e+04    -71.99738   -30.37755    2.124e+04    0.00000    2.88308    0.00000   90.00000    2.88308   -2.88283    0.03774
name          1    1    -71.90285   -30.47481    2.519e+04    -71.64116   -30.47944    3.455e+04    -71.63555   -30.24539    3.455e+04    -71.89724   -30.24076    2.519e+04    -71.76920   -30.36010    2.987e+04    0.00000    0.00000    0.00000    0.00000    0.00000    0.00000    0.00000
name          1    1    -71.66265   -30.46646    3.455e+04    -71.42016   -30.47228    4.486e+04    -71.41250   -30.23658    4.486e+04    -71.65499   -30.23075    3.455e+04    -71.53757   -30.35152    3.970e+04    0.00000    0.00000    0.00000    0.00000    0.00000    0.00000    0.00000
name          1    1    -71.42568   -30.45708    4.486e+04    -71.20245   -30.46167    5.438e+04    -71.19593   -30.22695    5.438e+04    -71.41916   -30.22236    4.486e+04    -71.31081   -30.34201    4.962e+04    0.00000    0.00000    0.00000    0.00000    0.00000    0.00000    0.00000
name          1    1    -71.18425   -30.45396    5.438e+04    -70.96142   -30.45881    6.268e+04    -70.95435   -30.21859    6.268e+04    -71.17718   -30.21374    5.438e+04    -71.06930   -30.33627    5.853e+04    0.00000    0.00000    0.00000    0.00000    0.00000    0.00000    0.00000
name          1    1    -70.94014   -30.44939    6.268e+04    -70.70491   -30.45903    7.054e+04    -70.69182   -30.22291    7.054e+04    -70.92704   -30.21326    6.268e+04    -70.81598   -30.33615    6.661e+04    0.00000    0.19939    0.00000   90.00000    0.19939   -0.19916    0.00950
name          1    1    -70.69316   -30.43870    7.054e+04    -70.43247   -30.45470    7.874e+04    -70.41283   -30.21794    7.874e+04    -70.67352   -30.20194    7.054e+04    -70.55299   -30.32832    7.464e+04    0.00000    0.39672    0.00000   90.00000    0.39672   -0.39571    0.02823
name          1    1    -72.40713   -30.26349    1.216e+04    -72.09615   -30.28544    1.742e+04    -72.07510   -30.06470    1.742e+04    -72.38608   -30.04276    1.216e+04    -72.24112   -30.16410    1.479e+04    0.00000    1.10792    0.00000   90.00000    1.10792   -1.10421    0.09059
name          1    1    -72.15159   -30.25977    1.742e+04    -71.85044   -30.28471    2.556e+04    -71.82556   -30.06249    2.556e+04    -72.12671   -30.03756    1.742e+04    -71.98858   -30.16113    2.148e+04    0.00000    0.38578    0.00000   90.00000    0.38578   -0.38400    0.03698
name          1    1    -71.90540   -30.24077    2.556e+04    -71.64685   -30.26744    3.499e+04    -71.61619   -30.04757    3.499e+04    -71.87473   -30.02090    2.556e+04    -71.76079   -30.14417    3.027e+04    0.00000    0.00000    0.00000    0.00000    0.00000    0.00000    0.00000
name          1    1    -71.66186   -30.23069    3.499e+04    -71.42157   -30.25841    4.534e+04    -71.38672   -30.03493    4.534e+04    -71.62700   -30.00721    3.499e+04    -71.52429   -30.13281    4.016e+04    0.00000    0.00000    0.00000    0.00000    0.00000    0.00000    0.00000
name          1    1    -71.42319   -30.22222    4.534e+04    -71.20132   -30.25395    5.480e+04    -71.15871   -30.03353    5.480e+04    -71.38058   -30.00180    4.534e+04    -71.29095   -30.12788    5.007e+04    0.00000    0.00000    0.00000    0.00000    0.00000    0.00000    0.00000
name          1    1    -71.17675   -30.21315    5.480e+04    -70.94920   -30.24710    6.302e+04    -70.90437   -30.02481    6.302e+04    -71.13192   -29.99086    5.480e+04    -71.04056   -30.11898    5.891e+04    0.00000    0.00000    0.00000    0.00000    0.00000    0.00000    0.00000
name          1    1    -70.92626   -30.21317    6.302e+04    -70.69902   -30.25035    7.066e+04    -70.65028   -30.02998    7.066e+04    -70.87752   -29.99281    6.302e+04    -70.78827   -30.12158    6.684e+04    0.00000    0.12377    0.00000   90.00000    0.12377   -0.12159    0.02313
name          1    1    -70.67104   -30.20100    7.066e+04    -70.41604   -30.25042    7.851e+04    -70.35896   -30.03263    7.851e+04    -70.61397   -29.98320    7.066e+04    -70.51500   -30.11681    7.458e+04    0.00000    0.26846    0.00000   90.00000    0.26846   -0.26189    0.05902
name          1    1    -72.38441   -30.04286    1.235e+04    -72.07629   -30.06697    1.784e+04    -72.05341   -29.85069    1.784e+04    -72.36152   -29.82657    1.235e+04    -72.21891   -29.94677    1.510e+04    0.00000    0.60322    0.00000   90.00000    0.60322   -0.60074    0.05467
name          1    1    -72.12574   -30.03735    1.784e+04    -71.82986   -30.06783    2.598e+04    -71.79962   -29.85068    2.598e+04    -72.09549   -29.82020    1.784e+04    -71.96268   -29.94402    2.191e+04    0.00000    0.00000    0.00000    0.00000    0.00000    0.00000    0.00000
name          1    1    -71.87474   -30.02069    2.598e+04    -71.61672   -30.05287    3.564e+04    -71.58062   -29.83876    3.564e+04    -71.83864   -29.80658    2.598e+04    -71.72768   -29.92973    3.081e+04    0.00000    0.00000    0.00000    0.00000    0.00000    0.00000    0.00000
name          1    1    -71.62890   -30.00646    3.564e+04    -71.39066   -30.04451    4.580e+04    -71.34463   -29.83132    4.580e+04    -71.58287   -29.79327    3.564e+04    -71.48677   -29.91889    4.072e+04    0.00000    1.28543    0.00000   90.00000    1.28543   -1.26382    0.23469
name          1    1    -71.38319   -30.00060    4.580e+04    -71.16408   -30.04254    5.497e+04    -71.10985   -29.83305    5.497e+04    -71.32897   -29.79110    4.580e+04    -71.24652   -29.91682    5.038e+04    0.00000    0.00000    0.00000    0.00000    0.00000    0.00000    0.00000
name          1    1    -71.13071   -29.99027    5.497e+04    -70.90822   -30.04036    6.311e+04    -70.83979   -29.81556    6.311e+04    -71.06229   -29.76547    5.497e+04    -70.98525   -29.90292    5.904e+04    0.00000    0.00000    0.00000    0.00000    0.00000    0.00000    0.00000
name          1    1    -70.87352   -29.99323    6.311e+04    -70.64880   -30.04839    7.087e+04    -70.57323   -29.82067    7.087e+04    -70.79794   -29.76551    6.311e+04    -70.72337   -29.90695    6.699e+04    0.00000    0.00000    0.00000    0.00000    0.00000    0.00000    0.00000
name          1    1    -70.61156   -29.98318    7.087e+04    -70.36184   -30.04966    7.880e+04    -70.27913   -29.81985    7.880e+04    -70.52885   -29.75337    7.087e+04    -70.44534   -29.90151    7.483e+04    0.00000    0.18917    0.00000   90.00000    0.18917   -0.18071    0.05594
name          1    1    -72.35886   -29.82665    1.238e+04    -72.03982   -29.85244    1.807e+04    -72.01552   -29.63010    1.807e+04    -72.33455   -29.60431    1.238e+04    -72.18719   -29.72837    1.522e+04    0.00000    0.39831    0.00000   90.00000    0.39831   -0.39656    0.03728
name          1    1    -72.09445   -29.81999    1.807e+04    -71.80383   -29.85401    2.601e+04    -71.76902   -29.63406    2.601e+04    -72.05964   -29.60004    1.807e+04    -71.93174   -29.72703    2.204e+04    0.00000    0.00000    0.00000    0.00000    0.00000    0.00000    0.00000
name          1    1    -71.83499   -29.80647    2.601e+04    -71.57017   -29.84724    3.557e+04    -71.52530   -29.63171    3.557e+04    -71.79012   -29.59094    2.601e+04    -71.68014   -29.71909    3.079e+04    0.00000    0.00000    0.00000    0.00000    0.00000    0.00000    0.00000
name          1    1    -71.58118   -29.79277    3.557e+04    -71.34213   -29.84141    4.531e+04    -71.28523   -29.63456    4.531e+04    -71.52428   -29.58593    3.557e+04    -71.43321   -29.71367    4.044e+04    0.00000    0.78362    0.00000   90.00000    0.78362   -0.76257    0.18040
name          1    1    -71.32517   -29.79091    4.531e+04    -71.11044   -29.84393    5.406e+04    -71.03876   -29.62922    5.406e+04    -71.25349   -29.57620    4.531e+04    -71.18197   -29.71007    4.969e+04    0.00000    0.00000    0.00000    0.00000    0.00000    0.00000    0.00000
name          1    1    -71.05677   -29.76637    5.406e+04    -70.83043   -29.83264    6.258e+04    -70.75530   -29.64283    6.258e+04    -70.98163   -29.57656    5.406e+04    -70.90603   -29.70460    5.832e+04    0.00000    0.00000    0.00000    0.00000    0.00000    0.00000    0.00000
name          1    1    -70.79209   -29.76778    6.258e+04    -70.57659   -29.83804    7.071e+04    -70.49479   -29.65245    7.071e+04    -70.71029   -29.58220    6.258e+04    -70.64344   -29.71012    6.665e+04    0.00000    0.00000    0.00000    0.00000    0.00000    0.00000    0.00000
name          1    1    -70.52200   -29.75699    7.071e+04    -70.28092   -29.84381    7.914e+04    -70.19245   -29.66209    7.914e+04    -70.43353   -29.57528    7.071e+04    -70.35722   -29.70954    7.492e+04    0.00000    0.08866    0.00000   90.00000    0.08866   -0.08178    0.03424
name          1    1    -72.32268   -29.60506    1.248e+04    -71.99583   -29.65513    1.831e+04    -71.95266   -29.44666    1.831e+04    -72.27950   -29.39659    1.248e+04    -72.13767   -29.52586    1.540e+04    0.00000    0.03526    0.00000   90.00000    0.03526   -0.03471    0.00618
name          1    1    -72.05017   -29.60086    1.831e+04    -71.76001   -29.65390    2.613e+04    -71.70961   -29.44999    2.613e+04    -71.99978   -29.39695    1.831e+04    -71.87989   -29.52543    2.222e+04    0.00000    0.00000    0.00000    0.00000    0.00000    0.00000    0.00000
name          1    1    -71.78207   -29.59137    2.613e+04    -71.51709   -29.64929    3.508e+04    -71.45922   -29.45347    3.508e+04    -71.72420   -29.39555    2.613e+04    -71.62065   -29.52242    3.061e+04    0.00000    0.00000    0.00000    0.00000    0.00000    0.00000    0.00000
name          1    1    -71.51674   -29.58631    3.508e+04    -71.30708   -29.64058    4.318e+04    -71.23551   -29.43605    4.318e+04    -71.44517   -29.38178    3.508e+04    -71.37612   -29.51118    3.913e+04    0.00000    0.00000    0.00000    0.00000    0.00000    0.00000    0.00000
name          1    1    -71.27115   -29.57168    4.318e+04    -71.02309   -29.64343    5.286e+04    -70.95064   -29.45819    5.286e+04    -71.19871   -29.38644    4.318e+04    -71.11090   -29.51493    4.802e+04    0.00000    0.00000    0.00000    0.00000    0.00000    0.00000    0.00000
name          1    1    -70.97490   -29.57859    5.286e+04    -70.76955   -29.64402    6.101e+04    -70.69664   -29.47477    6.101e+04    -70.90198   -29.40934    5.286e+04    -70.83577   -29.52668    5.693e+04    0.00000    0.00000    0.00000    0.00000    0.00000    0.00000    0.00000
name          1    1    -70.73032   -29.57744    6.101e+04    -70.51510   -29.64927    6.947e+04    -70.43467   -29.47103    6.947e+04    -70.64989   -29.39919    6.101e+04    -70.58249   -29.52423    6.524e+04    0.00000    0.00000    0.00000    0.00000    0.00000    0.00000    0.00000
name          1    1    -70.45290   -29.56929    6.947e+04    -70.21112   -29.65449    7.807e+04    -70.12853   -29.48114    7.807e+04    -70.37032   -29.39594    6.947e+04    -70.29072   -29.52522    7.377e+04    0.00000    0.02108    0.00000   90.00000    0.02108   -0.01951    0.00799
name          1    1    -72.27947   -29.39623    1.247e+04    -71.95721   -29.44375    1.824e+04    -71.91402   -29.22713    1.824e+04    -72.23628   -29.17961    1.247e+04    -72.09674   -29.31168    1.536e+04    0.00000    0.39206    0.00000   90.00000    0.39206   -0.38642    0.06626
name          1    1    -72.00024   -29.39604    1.824e+04    -71.71151   -29.44580    2.549e+04    -71.66258   -29.23578    2.549e+04    -71.95132   -29.18602    1.824e+04    -71.83141   -29.31591    2.187e+04    0.00000    0.00000    0.00000    0.00000    0.00000    0.00000    0.00000
name          1    1    -71.72411   -29.39439    2.549e+04    -71.48627   -29.44380    3.282e+04    -71.43000   -29.24343    3.282e+04    -71.66783   -29.19402    2.549e+04    -71.57705   -29.31891    2.916e+04    0.00000    0.00000    0.00000    0.00000    0.00000    0.00000    0.00000
name          1    1    -71.47572   -29.37503    3.282e+04    -71.22394   -29.43578    4.157e+04    -71.16593   -29.25792    4.157e+04    -71.41771   -29.19718    3.282e+04    -71.32082   -29.31648    3.720e+04    0.00000    0.00000    0.00000    0.00000    0.00000    0.00000    0.00000
name          1    1    -71.20138   -29.38437    4.157e+04    -70.95962   -29.44877    5.044e+04    -70.89357   -29.26537    5.044e+04    -71.13533   -29.20097    4.157e+04    -71.04747   -29.32487    4.601e+04    0.00000    0.00000    0.00000    0.00000    0.00000    0.00000    0.00000
name          1    1    -70.92763   -29.40304    5.044e+04    -70.68961   -29.46802    5.983e+04    -70.62275   -29.28685    5.983e+04    -70.86077   -29.22187    5.044e+04    -70.77519   -29.34494    5.514e+04    0.00000    0.00000    0.00000    0.00000    0.00000    0.00000    0.00000
name          1    1    -70.64992   -29.39810    5.983e+04    -70.38695   -29.46496    6.992e+04    -70.32638   -29.28876    6.992e+04    -70.58935   -29.22190    5.983e+04    -70.48815   -29.34343    6.488e+04    0.00000    0.00000    0.00000    0.00000    0.00000    0.00000    0.00000
name          1    1    -70.34457   -29.40380    6.992e+04    -70.09674   -29.47519    7.859e+04    -70.02595   -29.29344    7.859e+04    -70.27378   -29.22204    6.992e+04    -70.18526   -29.34862    7.425e+04    0.00000    0.00000    0.00000    0.00000    0.00000    0.00000    0.00000
name          1    1    -72.23327   -29.17994    1.253e+04    -71.93638   -29.24237    1.818e+04    -71.87920   -29.04127    1.818e+04    -72.17609   -28.97884    1.253e+04    -72.05623   -29.11061    1.535e+04    0.00000    0.00000    0.00000    0.00000    0.00000    0.00000    0.00000
name          1    1    -71.94938   -29.18546    1.818e+04    -71.66162   -29.24689    2.497e+04    -71.60469   -29.04960    2.497e+04    -71.89244   -28.98818    1.818e+04    -71.77703   -29.11753    2.158e+04    0.00000    0.00000    0.00000    0.00000    0.00000    0.00000    0.00000
name          1    1    -71.66836   -29.19274    2.497e+04    -71.39277   -29.25360    3.266e+04    -71.33622   -29.06417    3.266e+04    -71.61180   -29.00332    2.497e+04    -71.50229   -29.12846    2.882e+04    0.00000    0.00000    0.00000    0.00000    0.00000    0.00000    0.00000
name          1    1    -71.39006   -29.20316    3.266e+04    -71.15489   -29.25739    4.015e+04    -71.09768   -29.07389    4.015e+04    -71.33285   -29.01966    3.266e+04    -71.24387   -29.13852    3.640e+04    0.00000    0.00000    0.00000    0.00000    0.00000    0.00000    0.00000
name          1    1    -71.12968   -29.20128    4.015e+04    -70.86396   -29.25505    4.924e+04    -70.81740   -29.08490    4.924e+04    -71.08313   -29.03113    4.015e+04    -70.97354   -29.14309    4.469e+04    0.00000    0.00000    0.00000    0.00000    0.00000    0.00000    0.00000
name          1    1    -70.85532   -29.22277    4.924e+04    -70.57709   -29.27407    6.000e+04    -70.53347   -29.09908    6.000e+04    -70.81170   -29.04778    4.924e+04    -70.69439   -29.16093    5.462e+04    0.00000    0.00000    0.00000    0.00000    0.00000    0.00000    0.00000
name          1    1    -70.56118   -29.22974    6.000e+04    -70.31975   -29.27429    6.934e+04    -70.27307   -29.08716    6.934e+04    -70.51449   -29.04261    6.000e+04    -70.41712   -29.15845    6.467e+04    0.00000    0.00000    0.00000    0.00000    0.00000    0.00000    0.00000
name          1    1    -70.27804   -29.21974    6.934e+04    -70.02177   -29.26398    7.802e+04    -69.97811   -29.07691    7.802e+04    -70.23437   -29.03267    6.934e+04    -70.12807   -29.14833    7.368e+04    0.00000    0.00000    0.00000    0.00000    0.00000    0.00000    0.00000
name          1    1    -72.17410   -28.97856    1.255e+04    -71.87507   -29.03247    1.815e+04    -71.82383   -28.82223    1.815e+04    -72.12285   -28.76831    1.255e+04    -71.99896   -28.90039    1.535e+04    0.00000    0.00000    0.00000    0.00000    0.00000    0.00000    0.00000
name          1    1    -71.89080   -28.98769    1.815e+04    -71.60834   -29.03381    2.458e+04    -71.56256   -28.82645    2.458e+04    -71.84502   -28.78033    1.815e+04    -71.72668   -28.90707    2.136e+04    0.00000    0.00000    0.00000    0.00000    0.00000    0.00000    0.00000
name          1    1    -71.60757   -29.00288    2.458e+04    -71.31849   -29.04119    3.189e+04    -71.28091   -28.83144    3.189e+04    -71.56998   -28.79313    2.458e+04    -71.44424   -28.91716    2.823e+04    0.00000    0.00000    0.00000    0.00000    0.00000    0.00000    0.00000
name          1    1    -71.32807   -29.01912    3.189e+04    -71.04325   -29.05119    4.004e+04    -71.01148   -28.84251    4.004e+04    -71.29629   -28.81044    3.189e+04    -71.16977   -28.93082    3.597e+04    0.00000    0.00000    0.00000    0.00000    0.00000    0.00000    0.00000
name          1    1    -71.05074   -29.03871    4.004e+04    -70.76257   -29.06179    4.947e+04    -70.73965   -28.85005    4.947e+04    -71.02781   -28.82697    4.004e+04    -70.89519   -28.94438    4.476e+04    0.00000    0.00000    0.00000    0.00000    0.00000    0.00000    0.00000
name          1    1    -70.77897   -29.05477    4.947e+04    -70.51563   -29.07029    5.938e+04    -70.49858   -28.85628    5.938e+04    -70.76192   -28.84076    4.947e+04    -70.63878   -28.95553    5.443e+04    0.00000    0.00000    0.00000    0.00000    0.00000    0.00000    0.00000
name          1    1    -70.50562   -29.04410    5.938e+04    -70.25285   -29.04949    6.892e+04    -70.24656   -28.83141    6.892e+04    -70.49933   -28.82602    5.938e+04    -70.37609   -28.93776    6.415e+04    0.00000    0.00000    0.00000    0.00000    0.00000    0.00000    0.00000
name          1    1    -70.22737   -29.03489    6.892e+04    -69.96603   -29.03367    7.779e+04    -69.96736   -28.82357    7.779e+04    -70.22870   -28.82479    6.892e+04    -70.09737   -28.92923    7.335e+04    0.00000    0.00000    0.00000    0.00000    0.00000   -0.00000    0.00000
name          1    1    -72.11986   -28.76864    1.262e+04    -71.84281   -28.82708    1.812e+04    -71.78448   -28.62254    1.812e+04    -72.06153   -28.56410    1.262e+04    -71.95217   -28.69559    1.537e+04    0.00000    0.00000    0.00000    0.00000    0.00000    0.00000    0.00000
name          1    1    -71.84298   -28.78011    1.812e+04    -71.56231   -28.82795    2.446e+04    -71.51436   -28.61989    2.446e+04    -71.79504   -28.57205    1.812e+04    -71.67867   -28.70000    2.129e+04    0.00000    0.00000    0.00000    0.00000    0.00000    0.00000    0.00000
name          1    1    -71.56908   -28.79286    2.446e+04    -71.29005   -28.83126    3.155e+04    -71.25089   -28.62072    3.155e+04    -71.52991   -28.58233    2.446e+04    -71.40998   -28.70679    2.800e+04    0.00000    0.00000    0.00000    0.00000    0.00000    0.00000    0.00000
name          1    1    -71.29791   -28.81029    3.155e+04    -71.02036   -28.83820    3.956e+04    -70.99143   -28.62547    3.956e+04    -71.26898   -28.59756    3.155e+04    -71.14467   -28.71788    3.555e+04    0.00000    0.00000    0.00000    0.00000    0.00000    0.00000    0.00000
name          1    1    -71.02928   -28.82699    3.956e+04    -70.73737   -28.84490    4.920e+04    -70.71934   -28.62750    4.920e+04    -71.01124   -28.60959    3.956e+04    -70.87431   -28.72725    4.438e+04    0.00000    0.00000    0.00000    0.00000    0.00000    0.00000    0.00000
name          1    1    -70.76519   -28.84074    4.920e+04    -70.50787   -28.84444    5.900e+04    -70.50359   -28.62439    5.900e+04    -70.76090   -28.62068    4.920e+04    -70.63439   -28.73256    5.410e+04    0.00000    0.00000    0.00000    0.00000    0.00000    0.00000    0.00000
name          1    1    -70.50234   -28.82690    5.900e+04    -70.25103   -28.82181    6.894e+04    -70.25688   -28.60835    6.894e+04    -70.50819   -28.61344    5.900e+04    -70.37961   -28.71763    6.397e+04    0.00000    0.00000    0.00000    0.00000    0.00000   -0.00000    0.00000
name          1    1    -70.23402   -28.82630    6.894e+04    -69.97351   -28.80883    7.829e+04    -69.99270   -28.59724    7.829e+04    -70.25321   -28.61471    6.894e+04    -70.11336   -28.71177    7.362e+04    0.00000    0.00000    0.00000    0.00000    0.00000   -0.00000    0.00000
name          1    1    -72.07029   -28.56230    1.262e+04    -71.80958   -28.61626    1.816e+04    -71.75428   -28.41860    1.816e+04    -72.01499   -28.36464    1.262e+04    -71.91228   -28.49045    1.539e+04    0.00000    0.00000    0.00000    0.00000    0.00000    0.00000    0.00000
name          1    1    -71.80388   -28.57062    1.816e+04    -71.53023   -28.61547    2.458e+04    -71.48493   -28.41106    2.458e+04    -71.75858   -28.36621    1.816e+04    -71.64440   -28.49084    2.137e+04    0.00000    0.00000    0.00000    0.00000    0.00000    0.00000    0.00000
name          1    1    -71.53990   -28.58128    2.458e+04    -71.27642   -28.61083    3.159e+04    -71.24435   -28.39933    3.159e+04    -71.50783   -28.36978    2.458e+04    -71.39212   -28.49030    2.808e+04    0.00000    0.00000    0.00000    0.00000    0.00000    0.00000    0.00000
name          1    1    -71.27635   -28.59651    3.159e+04    -70.99487   -28.61454    3.956e+04    -70.97605   -28.39730    3.956e+04    -71.25753   -28.37927    3.159e+04    -71.12620   -28.49691    3.558e+04    0.00000    0.00000    0.00000    0.00000    0.00000    0.00000    0.00000
name          1    1    -71.01985   -28.60964    3.956e+04    -70.75382   -28.61515    4.889e+04    -70.74750   -28.38963    4.889e+04    -71.01353   -28.38411    3.956e+04    -70.88367   -28.49963    4.423e+04    0.00000    0.00000    0.00000    0.00000    0.00000    0.00000    0.00000
name          1    1    -70.76727   -28.62136    4.889e+04    -70.51705   -28.61671    5.898e+04    -70.52279   -28.38853    5.898e+04    -70.77301   -28.39319    4.889e+04    -70.64503   -28.50495    5.394e+04    0.00000    0.00000    0.00000    0.00000    0.00000   -0.00000    0.00000
name          1    1    -70.51376   -28.61430    5.898e+04    -70.27915   -28.59842    6.860e+04    -70.29965   -28.37447    6.860e+04    -70.53425   -28.39035    5.898e+04    -70.40670   -28.49439    6.379e+04    0.00000    0.00000    0.00000    0.00000    0.00000   -0.00000    0.00000
name          1    1    -70.25647   -28.61671    6.860e+04    -69.99762   -28.58594    7.847e+04    -70.03343   -28.36319    7.847e+04    -70.29227   -28.39396    6.860e+04    -70.14495   -28.48995    7.354e+04    0.00000    0.01725    0.00000   90.00000    0.01725   -0.01709   -0.00236
name          1    1    -72.00844   -28.36569    1.276e+04    -71.75544   -28.39918    1.838e+04    -71.71568   -28.17702    1.838e+04    -71.96868   -28.14353    1.276e+04    -71.86206   -28.27135    1.557e+04    0.00000    0.44065    0.00000   90.00000    0.44065   -0.43552    0.06703
name          1    1    -71.75535   -28.36653    1.838e+04    -71.49064   -28.39630    2.485e+04    -71.45676   -28.17342    2.485e+04    -71.72146   -28.14365    1.838e+04    -71.60605   -28.26998    2.162e+04    0.00000    1.07445    0.00000   90.00000    1.07445   -1.06538    0.13931
name          1    1    -71.50303   -28.37021    2.485e+04    -71.24846   -28.39129    3.180e+04    -71.22341   -28.16755    3.180e+04    -71.47798   -28.14647    2.485e+04    -71.36322   -28.26888    2.833e+04    0.00000    0.00000    0.00000    0.00000    0.00000    0.00000    0.00000
name          1    1    -71.25357   -28.37999    3.180e+04    -70.98755   -28.39439    3.990e+04    -70.97113   -28.17006    3.990e+04    -71.23716   -28.15566    3.180e+04    -71.11235   -28.27502    3.585e+04    0.00000    0.00000    0.00000    0.00000    0.00000    0.00000    0.00000
name          1    1    -71.00953   -28.38410    3.990e+04    -70.75405   -28.39224    4.887e+04    -70.74438   -28.16761    4.887e+04    -70.99986   -28.15948    3.990e+04    -70.87696   -28.27586    4.438e+04    0.00000    0.00000    0.00000    0.00000    0.00000    0.00000    0.00000
name          1    1    -70.76945   -28.39371    4.887e+04    -70.52340   -28.39578    5.920e+04    -70.52084   -28.17102    5.920e+04    -70.76690   -28.16895    4.887e+04    -70.64515   -28.28237    5.404e+04    0.00000    0.00000    0.00000    0.00000    0.00000    0.00000    0.00000
name          1    1    -70.52995   -28.39074    5.920e+04    -70.30632   -28.38399    6.886e+04    -70.31549   -28.15935    6.886e+04    -70.53912   -28.16610    5.920e+04    -70.42272   -28.27505    6.404e+04    0.00000    0.00000    0.00000    0.00000    0.00000   -0.00000    0.00000
name          1    1    -70.28625   -28.39399    6.886e+04    -70.02534   -28.38109    7.897e+04    -70.04034   -28.15668    7.897e+04    -70.30125   -28.16958    6.886e+04    -70.16329   -28.27533    7.392e+04    0.00000    0.01620    0.00000   90.00000    0.01620   -0.01617   -0.00093
