coord   	geo
#data_num	14
#slip_num	70
#ndf     	-56
#rss      	2.15625e-01  [m^2]
#rms      	1.24104e-01  [m]
#wrss   	2.15625e+01  [m^2]
#wrms   	1.24104e+00  [m]
#chi2    	2.15625e+01 
#rchi2   	-3.85045e-01
#r_1d   	NaN          [cm/km]
#r_2d   	4.82022e+01  [cm/km^2]
#strain   	2.94868e+01  [cm/km]

earth	homogeneous	3.00e+10  	0.2500

kappa   	0.00000     
beta     	0.00000     

smooth   	2d
surface  	free

fault 1 slm  157.47000000   -8.95200000  0.0000e+00   5.2000e+03 5.0000e+04   305.00 22.00     0.00000 0.10000  0.00000   0.0000 0.0000  0.0000 100.0000  0.0000 0.0000    7 10
     subfault slm      1     1       0.00000      0.00000      0.00000    0.0000   0.0000    0.0000 100.0000    0.0000   0.0000
     subfault slm      2     1       0.00000      0.00000      0.00000    0.0000   0.0000    0.0000 100.0000    0.0000   0.0000
     subfault slm      3     1       0.00000      0.00000      0.00000    0.0000   0.0000    0.0000 100.0000    0.0000   0.0000
     subfault slm      4     1       0.00000      0.00000      0.00000    0.0000   0.0000    0.0000 100.0000    0.0000   0.0000
     subfault slm      5     1       0.00000      0.00000      0.00000    0.0000   0.0000    0.0000 100.0000    0.0000   0.0000
     subfault slm      6     1       0.00000      0.00000      0.00000    0.0000   0.0000    0.0000 100.0000    0.0000   0.0000
     subfault slm      7     1       0.00000     74.89571      0.00000    0.0000   0.0000    0.0000 100.0000    0.0000   0.0000
     subfault slm      1     2       0.00000      0.00000      0.00000    0.0000   0.0000    0.0000 100.0000    0.0000   0.0000
     subfault slm      2     2       0.00000      0.00000      0.00000    0.0000   0.0000    0.0000 100.0000    0.0000   0.0000
     subfault slm      3     2       0.00000      0.00000      0.00000    0.0000   0.0000    0.0000 100.0000    0.0000   0.0000
     subfault slm      4     2       0.00000      0.00000      0.00000    0.0000   0.0000    0.0000 100.0000    0.0000   0.0000
     subfault slm      5     2       0.00000      0.00000      0.00000    0.0000   0.0000    0.0000 100.0000    0.0000   0.0000
     subfault slm      6     2       0.00000      0.00000      0.00000    0.0000   0.0000    0.0000 100.0000    0.0000   0.0000
     subfault slm      7     2       0.00000      0.00000      0.00000    0.0000   0.0000    0.0000 100.0000    0.0000   0.0000
     subfault slm      1     3       0.00000      0.00000      0.00000    0.0000   0.0000    0.0000 100.0000    0.0000   0.0000
     subfault slm      2     3       0.00000      0.00000      0.00000    0.0000   0.0000    0.0000 100.0000    0.0000   0.0000
     subfault slm      3     3       0.00000      0.00000      0.00000    0.0000   0.0000    0.0000 100.0000    0.0000   0.0000
     subfault slm      4     3       0.00000      0.00000      0.00000    0.0000   0.0000    0.0000 100.0000    0.0000   0.0000
     subfault slm      5     3       0.00000      0.00000      0.00000    0.0000   0.0000    0.0000 100.0000    0.0000   0.0000
     subfault slm      6     3       0.00000      0.00000      0.00000    0.0000   0.0000    0.0000 100.0000    0.0000   0.0000
     subfault slm      7     3       0.00000      0.00000      0.00000    0.0000   0.0000    0.0000 100.0000    0.0000   0.0000
     subfault slm      1     4       0.00000      0.00000      0.00000    0.0000   0.0000    0.0000 100.0000    0.0000   0.0000
     subfault slm      2     4       0.00000      0.00000      0.00000    0.0000   0.0000    0.0000 100.0000    0.0000   0.0000
     subfault slm      3     4       0.00000      0.00000      0.00000    0.0000   0.0000    0.0000 100.0000    0.0000   0.0000
     subfault slm      4     4       0.00000      0.00000      0.00000    0.0000   0.0000    0.0000 100.0000    0.0000   0.0000
     subfault slm      5     4       0.00000      0.00000      0.00000    0.0000   0.0000    0.0000 100.0000    0.0000   0.0000
     subfault slm      6     4       0.00000      0.00000      0.00000    0.0000   0.0000    0.0000 100.0000    0.0000   0.0000
     subfault slm      7     4       0.00000      0.00000      0.00000    0.0000   0.0000    0.0000 100.0000    0.0000   0.0000
     subfault slm      1     5       0.00000      0.00000      0.00000    0.0000   0.0000    0.0000 100.0000    0.0000   0.0000
     subfault slm      2     5       0.00000      0.00000      0.00000    0.0000   0.0000    0.0000 100.0000    0.0000   0.0000
     subfault slm      3     5       0.00000      0.00000      0.00000    0.0000   0.0000    0.0000 100.0000    0.0000   0.0000
     subfault slm      4     5       0.00000      0.00000      0.00000    0.0000   0.0000    0.0000 100.0000    0.0000   0.0000
     subfault slm      5     5       0.00000      0.00000      0.00000    0.0000   0.0000    0.0000 100.0000    0.0000   0.0000
     subfault slm      6     5       0.00000      7.44114      0.00000    0.0000   0.0000    0.0000 100.0000    0.0000   0.0000
     subfault slm      7     5       0.00000     23.18702      0.00000    0.0000   0.0000    0.0000 100.0000    0.0000   0.0000
     subfault slm      1     6       0.00000      0.00000      0.00000    0.0000   0.0000    0.0000 100.0000    0.0000   0.0000
     subfault slm      2     6       0.00000      0.00000      0.00000    0.0000   0.0000    0.0000 100.0000    0.0000   0.0000
     subfault slm      3     6       0.00000      0.00000      0.00000    0.0000   0.0000    0.0000 100.0000    0.0000   0.0000
     subfault slm      4     6       0.00000      0.00000      0.00000    0.0000   0.0000    0.0000 100.0000    0.0000   0.0000
     subfault slm      5     6       0.00000      0.00000      0.00000    0.0000   0.0000    0.0000 100.0000    0.0000   0.0000
     subfault slm      6     6       0.00000      0.00000      0.00000    0.0000   0.0000    0.0000 100.0000    0.0000   0.0000
     subfault slm      7     6       0.00000      0.00000      0.00000    0.0000   0.0000    0.0000 100.0000    0.0000   0.0000
     subfault slm      1     7       0.00000      0.00000      0.00000    0.0000   0.0000    0.0000 100.0000    0.0000   0.0000
     subfault slm      2     7       0.00000      0.00000      0.00000    0.0000   0.0000    0.0000 100.0000    0.0000   0.0000
     subfault slm      3     7       0.00000      0.00000      0.00000    0.0000   0.0000    0.0000 100.0000    0.0000   0.0000
     subfault slm      4     7       0.00000      0.00000      0.00000    0.0000   0.0000    0.0000 100.0000    0.0000   0.0000
     subfault slm      5     7       0.00000      0.00000      0.00000    0.0000   0.0000    0.0000 100.0000    0.0000   0.0000
     subfault slm      6     7       0.00000      0.00000      0.00000    0.0000   0.0000    0.0000 100.0000    0.0000   0.0000
     subfault slm      7     7       0.00000     23.42766      0.00000    0.0000   0.0000    0.0000 100.0000    0.0000   0.0000
     subfault slm      1     8       0.00000      0.00000      0.00000    0.0000   0.0000    0.0000 100.0000    0.0000   0.0000
     subfault slm      2     8       0.00000      0.00000      0.00000    0.0000   0.0000    0.0000 100.0000    0.0000   0.0000
     subfault slm      3     8       0.00000      0.00000      0.00000    0.0000   0.0000    0.0000 100.0000    0.0000   0.0000
     subfault slm      4     8       0.00000      0.00000      0.00000    0.0000   0.0000    0.0000 100.0000    0.0000   0.0000
     subfault slm      5     8       0.00000      0.00000      0.00000    0.0000   0.0000    0.0000 100.0000    0.0000   0.0000
     subfault slm      6     8       0.00000      0.00000      0.00000    0.0000   0.0000    0.0000 100.0000    0.0000   0.0000
     subfault slm      7     8       0.00000     15.89877      0.00000    0.0000   0.0000    0.0000 100.0000    0.0000   0.0000
     subfault slm      1     9       0.00000      0.00000      0.00000    0.0000   0.0000    0.0000 100.0000    0.0000   0.0000
     subfault slm      2     9       0.00000      0.00000      0.00000    0.0000   0.0000    0.0000 100.0000    0.0000   0.0000
     subfault slm      3     9       0.00000      0.00000      0.00000    0.0000   0.0000    0.0000 100.0000    0.0000   0.0000
     subfault slm      4     9       0.00000      0.00000      0.00000    0.0000   0.0000    0.0000 100.0000    0.0000   0.0000
     subfault slm      5     9       0.00000      0.00000      0.00000    0.0000   0.0000    0.0000 100.0000    0.0000   0.0000
     subfault slm      6     9       0.00000      0.00000      0.00000    0.0000   0.0000    0.0000 100.0000    0.0000   0.0000
     subfault slm      7     9       0.00000     28.44355      0.00000    0.0000   0.0000    0.0000 100.0000    0.0000   0.0000
     subfault slm      1    10       0.00000    100.00000      0.00000    0.0000   0.0000    0.0000 100.0000    0.0000   0.0000
     subfault slm      2    10       0.00000      0.00000      0.00000    0.0000   0.0000    0.0000 100.0000    0.0000   0.0000
     subfault slm      3    10       0.00000      0.00000      0.00000    0.0000   0.0000    0.0000 100.0000    0.0000   0.0000
     subfault slm      4    10       0.00000      0.00000      0.00000    0.0000   0.0000    0.0000 100.0000    0.0000   0.0000
     subfault slm      5    10       0.00000      0.00000      0.00000    0.0000   0.0000    0.0000 100.0000    0.0000   0.0000
     subfault slm      6    10       0.00000      0.00000      0.00000    0.0000   0.0000    0.0000 100.0000    0.0000   0.0000
     subfault slm      7    10       0.00000      0.00000      0.00000    0.0000   0.0000    0.0000 100.0000    0.0000   0.0000
point 3 Rendova-Rendova_Harbor	  157.33602000  -8.40359000  0.00000e+00    -0.09648   -0.21266    0.00340         NaN        NaN        NaN  1.00 
point 3 Rendova-Epata_Creek	  157.30622000  -8.43730000  0.00000e+00    -0.11691   -0.27134   -0.00295         NaN        NaN        NaN  1.00 
point 3 Rendova-Mbaniata	  157.26260000  -8.63325000  0.00000e+00    -0.71307   -0.79654   -0.70135         NaN        NaN        NaN  1.00 
point 3 Rendova-Hofofo_Pt	  157.19633000  -8.56530000  0.00000e+00    -0.22346   -0.72138   -0.11349         NaN        NaN        NaN  1.00 
point 3 Rendova-Habila	  157.22920000  -8.60414000  0.00000e+00    -0.56676   -1.07067   -0.57013         NaN        NaN        NaN  1.00 
point 3 Rendova-Rava_Pt	  157.40336000  -8.72264000  0.00000e+00    -0.57188   -0.47498   -0.59423         NaN        NaN        NaN  1.00 
point 3 Tetepare-Tofa	  157.53432000  -8.75576000  0.00000e+00    -0.34339   -0.90198   -0.40149         NaN        NaN        NaN  1.00 
point 3 Tetepare-Jetty_near_Ecolodge	  157.44286000  -8.72234000  0.00000e+00    -0.39041   -0.31661   -0.28292         NaN        NaN        NaN  1.00 
point 3 Tetepare-Ecolodge_boat_ramp	  157.44321000  -8.72120000  0.00000e+00    -0.39170   -0.32191   -0.28087         NaN        NaN        NaN  1.00 
point 3 Rendova-Rano	  157.32886000  -8.62969000  0.00000e+00    -0.69139   -0.78091   -0.43779         NaN        NaN        NaN  1.00 
point 3 Rendova-Vankuva	  157.33953000  -8.60934000  0.00000e+00    -0.57610   -0.68765   -0.26829         NaN        NaN        NaN  1.00 
point 3 Rendova-Kofi_Bay_village	  157.33874000  -8.60390000  0.00000e+00    -0.55720   -0.67841   -0.24638         NaN        NaN        NaN  1.00 
point 3 Rendova-Mauru_Loging_Camp	  157.39881000  -8.51370000  0.00000e+00    -0.21616   -0.31260   -0.02183         NaN        NaN        NaN  1.00 
point 3 Rendova-Ugele	  157.39921000  -8.44959000  0.00000e+00    -0.13907   -0.23304   -0.00066         NaN        NaN        NaN  1.00 
