#(1)beta (2)kappa (3)data_num (4)slip_num (5)ndf (6)rss [m^2] (7)rms [m] (8)wrrs [m^2] (9)wrms [m] (10)chi2 (11)rchi2 (12)r_1d [cm/km] (13)r_2d [cm/km^2] (14)strain [cm/km]
0.00000e+00  0.00000e+00      14 70 -56 2.15625e-01  1.24104e-01   2.15625e+01   1.24104e+00   2.15625e+01   -3.85045e-01  NaN           4.82022e+01   2.94868e+01 
6.25000e+04  2.50000e+02      14 70 -56 2.24856e-01  1.26732e-01   2.24856e+01   1.26732e+00   2.24856e+01   -4.01528e-01  NaN           1.49896e+01   2.43238e+01 
2.50000e+05  5.00000e+02      14 70 -56 2.42251e-01  1.31543e-01   2.42251e+01   1.31543e+00   2.42251e+01   -4.32592e-01  NaN           9.24986e+00   2.40758e+01 
5.62500e+05  7.50000e+02      14 70 -56 2.82127e-01  1.41957e-01   2.82127e+01   1.41957e+00   2.82127e+01   -5.03798e-01  NaN           5.94397e+00   1.93964e+01 
1.00000e+06  1.00000e+03      14 70 -56 3.38453e-01  1.55484e-01   3.38453e+01   1.55484e+00   3.38453e+01   -6.04380e-01  NaN           3.32404e+00   1.49636e+01 
1.56250e+06  1.25000e+03      14 70 -56 3.77453e-01  1.64198e-01   3.77453e+01   1.64198e+00   3.77453e+01   -6.74024e-01  NaN           2.45719e+00   1.49514e+01 
2.25000e+06  1.50000e+03      14 70 -56 4.02228e-01  1.69501e-01   4.02228e+01   1.69501e+00   4.02228e+01   -7.18265e-01  NaN           2.18295e+00   1.56800e+01 
3.06250e+06  1.75000e+03      14 70 -56 4.21051e-01  1.73422e-01   4.21051e+01   1.73422e+00   4.21051e+01   -7.51876e-01  NaN           2.03285e+00   1.56491e+01 
4.00000e+06  2.00000e+03      14 70 -56 4.42049e-01  1.77693e-01   4.42049e+01   1.77693e+00   4.42049e+01   -7.89372e-01  NaN           1.90877e+00   1.51222e+01 
5.06250e+06  2.25000e+03      14 70 -56 4.73265e-01  1.83860e-01   4.73265e+01   1.83860e+00   4.73265e+01   -8.45117e-01  NaN           1.77223e+00   1.42545e+01 
6.25000e+06  2.50000e+03      14 70 -56 5.21868e-01  1.93071e-01   5.21868e+01   1.93071e+00   5.21868e+01   -9.31906e-01  NaN           1.61907e+00   1.31346e+01 
7.56250e+06  2.75000e+03      14 70 -56 5.92424e-01  2.05709e-01   5.92424e+01   2.05709e+00   5.92424e+01   -1.05790e+00  NaN           1.45308e+00   1.18493e+01 
9.00000e+06  3.00000e+03      14 70 -56 6.85325e-01  2.21250e-01   6.85325e+01   2.21250e+00   6.85325e+01   -1.22379e+00  NaN           1.28193e+00   1.04884e+01 
1.05625e+07  3.25000e+03      14 70 -56 7.96569e-01  2.38533e-01   7.96569e+01   2.38533e+00   7.96569e+01   -1.42245e+00  NaN           1.11408e+00   9.13507e+00 
1.22500e+07  3.50000e+03      14 70 -56 9.19174e-01  2.56233e-01   9.19174e+01   2.56233e+00   9.19174e+01   -1.64138e+00  NaN           9.56609e-01   7.85554e+00 
1.40625e+07  3.75000e+03      14 70 -56 1.04533e+00  2.73252e-01   1.04533e+02   2.73252e+00   1.04533e+02   -1.86666e+00  NaN           8.14157e-01   6.69275e+00 
1.60000e+07  4.00000e+03      14 70 -56 1.16822e+00  2.88868e-01   1.16822e+02   2.88868e+00   1.16822e+02   -2.08611e+00  NaN           6.88918e-01   5.66748e+00 
1.80625e+07  4.25000e+03      14 70 -56 1.28299e+00  3.02724e-01   1.28299e+02   3.02724e+00   1.28299e+02   -2.29105e+00  NaN           5.81121e-01   4.78332e+00 
2.02500e+07  4.50000e+03      14 70 -56 1.38681e+00  3.14735e-01   1.38681e+02   3.14735e+00   1.38681e+02   -2.47645e+00  NaN           4.89721e-01   4.03264e+00 
2.25625e+07  4.75000e+03      14 70 -56 1.47858e+00  3.24982e-01   1.47858e+02   3.24982e+00   1.47858e+02   -2.64033e+00  NaN           4.12993e-01   3.40188e+00 
2.50000e+07  5.00000e+03      14 70 -56 1.55839e+00  3.33637e-01   1.55839e+02   3.33637e+00   1.55839e+02   -2.78284e+00  NaN           3.48970e-01   2.87521e+00 
