#(1)name (2)dnum (3)snum (4)xtop1 (5)ytop1 (6)ztop1 (7)xbot1 (8)ybot1 (9)zbot1 (10)xbot2 (11)ybot2 (12)zbot2 (13)xtop2 (14)ytop2 (15)ztop2 (16)xctr (17)yctr (18)zcrt (19)ss[m] (20)ds[m] (21)ts[m] (22)rake[deg] (23)rs[m] (24)es[m] (25)ns[m]
slm           1    1    157.47000    -8.95200    0.000e+00    157.47959    -8.93847    7.429e+02    157.44234    -8.91270    7.429e+02    157.43275    -8.92624    0.000e+00    157.45617    -8.93235    3.714e+02    0.00000    5.16299    0.00000   90.00000    5.16299   -2.96137   -4.22927
slm           2    1    157.47959    -8.93847    7.429e+02    157.48918    -8.92494    1.486e+03    157.45193    -8.89917    1.486e+03    157.44234    -8.91270    7.429e+02    157.46576    -8.91882    1.114e+03    0.00000    5.21270    0.00000   90.00000    5.21270   -2.98988   -4.26999
slm           3    1    157.48918    -8.92494    1.486e+03    157.49877    -8.91141    2.229e+03    157.46152    -8.88564    2.229e+03    157.45193    -8.89917    1.486e+03    157.47535    -8.90529    1.857e+03    0.00000    5.25080    0.00000   90.00000    5.25080   -3.01174   -4.30120
slm           4    1    157.49877    -8.91141    2.229e+03    157.50836    -8.89788    2.971e+03    157.47112    -8.87211    2.971e+03    157.46152    -8.88564    2.229e+03    157.48494    -8.89176    2.600e+03    0.00000    5.15662    0.00000   90.00000    5.15662   -2.95772   -4.22406
slm           5    1    157.50836    -8.89788    2.971e+03    157.51796    -8.88435    3.714e+03    157.48071    -8.85858    3.714e+03    157.47112    -8.87211    2.971e+03    157.49454    -8.87823    3.343e+03    0.00000    4.75409    0.00000   90.00000    4.75409   -2.72683   -3.89432
slm           6    1    157.51796    -8.88435    3.714e+03    157.52755    -8.87082    4.457e+03    157.49030    -8.84505    4.457e+03    157.48071    -8.85858    3.714e+03    157.50413    -8.86470    4.086e+03    0.00000    3.83469    0.00000   90.00000    3.83469   -2.19949   -3.14119
slm           7    1    157.52755    -8.87082    4.457e+03    157.53714    -8.85728    5.200e+03    157.49989    -8.83152    5.200e+03    157.49030    -8.84505    4.457e+03    157.51372    -8.85117    4.829e+03    0.00000    2.23159    0.00000   90.00000    2.23159   -1.27999   -1.82801
slm           1    2    157.43275    -8.92624    0.000e+00    157.44234    -8.91270    7.429e+02    157.40509    -8.88694    7.429e+02    157.39550    -8.90047    0.000e+00    157.41892    -8.90659    3.714e+02    0.00000    8.48087    0.00000   90.00000    8.48087   -4.86443   -6.94712
slm           2    2    157.44234    -8.91270    7.429e+02    157.45193    -8.89917    1.486e+03    157.41468    -8.87341    1.486e+03    157.40509    -8.88694    7.429e+02    157.42851    -8.89306    1.114e+03    0.00000    8.45942    0.00000   90.00000    8.45942   -4.85212   -6.92955
slm           3    2    157.45193    -8.89917    1.486e+03    157.46152    -8.88564    2.229e+03    157.42427    -8.85988    2.229e+03    157.41468    -8.87341    1.486e+03    157.43810    -8.87953    1.857e+03    0.00000    8.33785    0.00000   90.00000    8.33785   -4.78239   -6.82997
slm           4    2    157.46152    -8.88564    2.229e+03    157.47112    -8.87211    2.971e+03    157.43387    -8.84635    2.971e+03    157.42427    -8.85988    2.229e+03    157.44769    -8.86600    2.600e+03    0.00000    7.96630    0.00000   90.00000    7.96630   -4.56928   -6.52561
slm           5    2    157.47112    -8.87211    2.971e+03    157.48071    -8.85858    3.714e+03    157.44346    -8.83282    3.714e+03    157.43387    -8.84635    2.971e+03    157.45729    -8.85246    3.343e+03    0.00000    7.13547    0.00000   90.00000    7.13547   -4.09274   -5.84503
slm           6    2    157.48071    -8.85858    3.714e+03    157.49030    -8.84505    4.457e+03    157.45305    -8.81929    4.457e+03    157.44346    -8.83282    3.714e+03    157.46688    -8.83893    4.086e+03    0.00000    5.60773    0.00000   90.00000    5.60773   -3.21646   -4.59358
slm           7    2    157.49030    -8.84505    4.457e+03    157.49989    -8.83152    5.200e+03    157.46264    -8.80575    5.200e+03    157.45305    -8.81929    4.457e+03    157.47647    -8.82540    4.829e+03    0.00000    3.20157    0.00000   90.00000    3.20157   -1.83635   -2.62257
slm           1    3    157.39550    -8.90047    0.000e+00    157.40509    -8.88694    7.429e+02    157.36784    -8.86118    7.429e+02    157.35825    -8.87471    0.000e+00    157.38167    -8.88082    3.714e+02    0.00000    9.67497    0.00000   90.00000    9.67497   -5.54933   -7.92527
slm           2    3    157.40509    -8.88694    7.429e+02    157.41468    -8.87341    1.486e+03    157.37743    -8.84764    1.486e+03    157.36784    -8.86118    7.429e+02    157.39126    -8.86729    1.114e+03    0.00000    9.49292    0.00000   90.00000    9.49292   -5.44492   -7.77614
slm           3    3    157.41468    -8.87341    1.486e+03    157.42427    -8.85988    2.229e+03    157.38702    -8.83411    2.229e+03    157.37743    -8.84764    1.486e+03    157.40085    -8.85376    1.857e+03    0.00000    9.06297    0.00000   90.00000    9.06297   -5.19831   -7.42395
slm           4    3    157.42427    -8.85988    2.229e+03    157.43387    -8.84635    2.971e+03    157.39662    -8.82058    2.971e+03    157.38702    -8.83411    2.229e+03    157.41045    -8.84023    2.600e+03    0.00000    8.27583    0.00000   90.00000    8.27583   -4.74682   -6.77916
slm           5    3    157.43387    -8.84635    2.971e+03    157.44346    -8.83282    3.714e+03    157.40621    -8.80705    3.714e+03    157.39662    -8.82058    2.971e+03    157.42004    -8.82670    3.343e+03    0.00000    7.01147    0.00000   90.00000    7.01147   -4.02161   -5.74346
slm           6    3    157.44346    -8.83282    3.714e+03    157.45305    -8.81929    4.457e+03    157.41580    -8.79352    4.457e+03    157.40621    -8.80705    3.714e+03    157.42963    -8.81317    4.086e+03    0.00000    5.18338    0.00000   90.00000    5.18338   -2.97306   -4.24598
slm           7    3    157.45305    -8.81929    4.457e+03    157.46264    -8.80575    5.200e+03    157.42539    -8.77999    5.200e+03    157.41580    -8.79352    4.457e+03    157.43922    -8.79964    4.829e+03    0.00000    2.79387    0.00000   90.00000    2.79387   -1.60250   -2.28860
slm           1    4    157.35825    -8.87471    0.000e+00    157.36784    -8.86118    7.429e+02    157.33059    -8.83541    7.429e+02    157.32100    -8.84894    0.000e+00    157.34442    -8.85506    3.714e+02    0.00000   10.11684    0.00000   90.00000   10.11684   -5.80278   -8.28723
slm           2    4    157.36784    -8.86118    7.429e+02    157.37743    -8.84764    1.486e+03    157.34018    -8.82188    1.486e+03    157.33059    -8.83541    7.429e+02    157.35401    -8.84153    1.114e+03    0.00000    9.82950    0.00000   90.00000    9.82950   -5.63797   -8.05186
slm           3    4    157.37743    -8.84764    1.486e+03    157.38702    -8.83411    2.229e+03    157.34978    -8.80835    2.229e+03    157.34018    -8.82188    1.486e+03    157.36360    -8.82800    1.857e+03    0.00000    9.19818    0.00000   90.00000    9.19818   -5.27586   -7.53471
slm           4    4    157.38702    -8.83411    2.229e+03    157.39662    -8.82058    2.971e+03    157.35937    -8.79482    2.971e+03    157.34978    -8.80835    2.229e+03    157.37320    -8.81447    2.600e+03    0.00000    8.14348    0.00000   90.00000    8.14348   -4.67091   -6.67075
slm           5    4    157.39662    -8.82058    2.971e+03    157.40621    -8.80705    3.714e+03    157.36896    -8.78129    3.714e+03    157.35937    -8.79482    2.971e+03    157.38279    -8.80093    3.343e+03    0.00000    6.61235    0.00000   90.00000    6.61235   -3.79269   -5.41652
slm           6    4    157.40621    -8.80705    3.714e+03    157.41580    -8.79352    4.457e+03    157.37855    -8.76776    4.457e+03    157.36896    -8.78129    3.714e+03    157.39238    -8.78740    4.086e+03    0.00000    4.63432    0.00000   90.00000    4.63432   -2.65814   -3.79621
slm           7    4    157.41580    -8.79352    4.457e+03    157.42539    -8.77999    5.200e+03    157.38814    -8.75423    5.200e+03    157.37855    -8.76776    4.457e+03    157.40197    -8.77387    4.829e+03    0.00000    2.35712    0.00000   90.00000    2.35712   -1.35199   -1.93084
slm           1    5    157.32100    -8.84894    0.000e+00    157.33059    -8.83541    7.429e+02    157.29334    -8.80965    7.429e+02    157.28375    -8.82318    0.000e+00    157.30717    -8.82929    3.714e+02    0.00000   11.05500    0.00000   90.00000   11.05500   -6.34089   -9.05573
slm           2    5    157.33059    -8.83541    7.429e+02    157.34018    -8.82188    1.486e+03    157.30293    -8.79611    1.486e+03    157.29334    -8.80965    7.429e+02    157.31676    -8.81576    1.114e+03    0.00000   10.81883    0.00000   90.00000   10.81883   -6.20543   -8.86227
slm           3    5    157.34018    -8.82188    1.486e+03    157.34978    -8.80835    2.229e+03    157.31253    -8.78258    2.229e+03    157.30293    -8.79611    1.486e+03    157.32636    -8.80223    1.857e+03    0.00000   10.27305    0.00000   90.00000   10.27305   -5.89238   -8.41519
slm           4    5    157.34978    -8.80835    2.229e+03    157.35937    -8.79482    2.971e+03    157.32212    -8.76905    2.971e+03    157.31253    -8.78258    2.229e+03    157.33595    -8.78870    2.600e+03    0.00000    9.30064    0.00000   90.00000    9.30064   -5.33463   -7.61864
slm           5    5    157.35937    -8.79482    2.971e+03    157.36896    -8.78129    3.714e+03    157.33171    -8.75552    3.714e+03    157.32212    -8.76905    2.971e+03    157.34554    -8.77517    3.343e+03    0.00000    7.78526    0.00000   90.00000    7.78526   -4.46544   -6.37731
slm           6    5    157.36896    -8.78129    3.714e+03    157.37855    -8.76776    4.457e+03    157.34130    -8.74199    4.457e+03    157.33171    -8.75552    3.714e+03    157.35513    -8.76164    4.086e+03    0.00000    5.66767    0.00000   90.00000    5.66767   -3.25084   -4.64268
slm           7    5    157.37855    -8.76776    4.457e+03    157.38814    -8.75423    5.200e+03    157.35089    -8.72846    5.200e+03    157.34130    -8.74199    4.457e+03    157.36472    -8.74811    4.829e+03    0.00000    3.00359    0.00000   90.00000    3.00359   -1.72279   -2.46040
slm           1    6    157.28375    -8.82318    0.000e+00    157.29334    -8.80965    7.429e+02    157.25609    -8.78388    7.429e+02    157.24650    -8.79741    0.000e+00    157.26992    -8.80353    3.714e+02    0.00000   12.23548    0.00000   90.00000   12.23548   -7.01798  -10.02272
slm           2    6    157.29334    -8.80965    7.429e+02    157.30293    -8.79611    1.486e+03    157.26569    -8.77035    1.486e+03    157.25609    -8.78388    7.429e+02    157.27951    -8.79000    1.114e+03    0.00000   12.13625    0.00000   90.00000   12.13625   -6.96107   -9.94143
slm           3    6    157.30293    -8.79611    1.486e+03    157.31253    -8.78258    2.229e+03    157.27528    -8.75682    2.229e+03    157.26569    -8.77035    1.486e+03    157.28911    -8.77647    1.857e+03    0.00000   11.82905    0.00000   90.00000   11.82905   -6.78486   -9.68979
slm           4    6    157.31253    -8.78258    2.229e+03    157.32212    -8.76905    2.971e+03    157.28487    -8.74329    2.971e+03    157.27528    -8.75682    2.229e+03    157.29870    -8.76294    2.600e+03    0.00000   11.11538    0.00000   90.00000   11.11538   -6.37552   -9.10519
slm           5    6    157.32212    -8.76905    2.971e+03    157.33171    -8.75552    3.714e+03    157.29446    -8.72976    3.714e+03    157.28487    -8.74329    2.971e+03    157.30829    -8.74941    3.343e+03    0.00000    9.74088    0.00000   90.00000    9.74088   -5.58714   -7.97926
slm           6    6    157.33171    -8.75552    3.714e+03    157.34130    -8.74199    4.457e+03    157.30405    -8.71623    4.457e+03    157.29446    -8.72976    3.714e+03    157.31788    -8.73587    4.086e+03    0.00000    7.45826    0.00000   90.00000    7.45826   -4.27788   -6.10945
slm           7    6    157.34130    -8.74199    4.457e+03    157.35089    -8.72846    5.200e+03    157.31364    -8.70270    5.200e+03    157.30405    -8.71623    4.457e+03    157.32747    -8.72234    4.829e+03    0.00000    4.14375    0.00000   90.00000    4.14375   -2.37676   -3.39436
slm           1    7    157.24650    -8.79741    0.000e+00    157.25609    -8.78388    7.429e+02    157.21884    -8.75812    7.429e+02    157.20925    -8.77165    0.000e+00    157.23267    -8.77776    3.714e+02    0.00000   12.53422    0.00000   90.00000   12.53422   -7.18933  -10.26743
slm           2    7    157.25609    -8.78388    7.429e+02    157.26569    -8.77035    1.486e+03    157.22844    -8.74459    1.486e+03    157.21884    -8.75812    7.429e+02    157.24226    -8.76423    1.114e+03    0.00000   12.54532    0.00000   90.00000   12.54532   -7.19570  -10.27652
slm           3    7    157.26569    -8.77035    1.486e+03    157.27528    -8.75682    2.229e+03    157.23803    -8.73105    2.229e+03    157.22844    -8.74459    1.486e+03    157.25186    -8.75070    1.857e+03    0.00000   12.43613    0.00000   90.00000   12.43613   -7.13307  -10.18708
slm           4    7    157.27528    -8.75682    2.229e+03    157.28487    -8.74329    2.971e+03    157.24762    -8.71752    2.971e+03    157.23803    -8.73105    2.229e+03    157.26145    -8.73717    2.600e+03    0.00000   11.95550    0.00000   90.00000   11.95550   -6.85739   -9.79337
slm           5    7    157.28487    -8.74329    2.971e+03    157.29446    -8.72976    3.714e+03    157.25721    -8.70399    3.714e+03    157.24762    -8.71752    2.971e+03    157.27104    -8.72364    3.343e+03    0.00000   10.75930    0.00000   90.00000   10.75930   -6.17128   -8.81350
slm           6    7    157.29446    -8.72976    3.714e+03    157.30405    -8.71623    4.457e+03    157.26680    -8.69046    4.457e+03    157.25721    -8.70399    3.714e+03    157.28063    -8.71011    4.086e+03    0.00000    8.47317    0.00000   90.00000    8.47317   -4.86001   -6.94081
slm           7    7    157.30405    -8.71623    4.457e+03    157.31364    -8.70270    5.200e+03    157.27639    -8.67693    5.200e+03    157.26680    -8.69046    4.457e+03    157.29022    -8.69658    4.829e+03    0.00000    4.83410    0.00000   90.00000    4.83410   -2.77273   -3.95986
slm           1    8    157.20925    -8.77165    0.000e+00    157.21884    -8.75812    7.429e+02    157.18159    -8.73235    7.429e+02    157.17200    -8.74588    0.000e+00    157.19542    -8.75200    3.714e+02    0.00000   11.12341    0.00000   90.00000   11.12341   -6.38013   -9.11176
slm           2    8    157.21884    -8.75812    7.429e+02    157.22844    -8.74459    1.486e+03    157.19119    -8.71882    1.486e+03    157.18159    -8.73235    7.429e+02    157.20502    -8.73847    1.114e+03    0.00000   11.15188    0.00000   90.00000   11.15188   -6.39646   -9.13509
slm           3    8    157.22844    -8.74459    1.486e+03    157.23803    -8.73105    2.229e+03    157.20078    -8.70529    2.229e+03    157.19119    -8.71882    1.486e+03    157.21461    -8.72494    1.857e+03    0.00000   11.08226    0.00000   90.00000   11.08226   -6.35652   -9.07806
slm           4    8    157.23803    -8.73105    2.229e+03    157.24762    -8.71752    2.971e+03    157.21037    -8.69176    2.971e+03    157.20078    -8.70529    2.229e+03    157.22420    -8.71141    2.600e+03    0.00000   10.67322    0.00000   90.00000   10.67322   -6.12191   -8.74299
slm           5    8    157.24762    -8.71752    2.971e+03    157.25721    -8.70399    3.714e+03    157.21996    -8.67823    3.714e+03    157.21037    -8.69176    2.971e+03    157.23379    -8.69788    3.343e+03    0.00000    9.60048    0.00000   90.00000    9.60048   -5.50661   -7.86425
slm           6    8    157.25721    -8.70399    3.714e+03    157.26680    -8.69046    4.457e+03    157.22955    -8.66470    4.457e+03    157.21996    -8.67823    3.714e+03    157.24338    -8.68435    4.086e+03    0.00000    7.53151    0.00000   90.00000    7.53151   -4.31990   -6.16945
slm           7    8    157.26680    -8.69046    4.457e+03    157.27639    -8.67693    5.200e+03    157.23914    -8.65117    5.200e+03    157.22955    -8.66470    4.457e+03    157.25297    -8.67081    4.829e+03    0.00000    4.26979    0.00000   90.00000    4.26979   -2.44905   -3.49761
slm           1    9    157.17200    -8.74588    0.000e+00    157.18159    -8.73235    7.429e+02    157.14435    -8.70659    7.429e+02    157.13475    -8.72012    0.000e+00    157.15817    -8.72623    3.714e+02    0.00000    8.10833    0.00000   90.00000    8.10833   -4.65075   -6.64196
slm           2    9    157.18159    -8.73235    7.429e+02    157.19119    -8.71882    1.486e+03    157.15394    -8.69306    1.486e+03    157.14435    -8.70659    7.429e+02    157.16777    -8.71270    1.114e+03    0.00000    8.11956    0.00000   90.00000    8.11956   -4.65719   -6.65115
slm           3    9    157.19119    -8.71882    1.486e+03    157.20078    -8.70529    2.229e+03    157.16353    -8.67953    2.229e+03    157.15394    -8.69306    1.486e+03    157.17736    -8.69917    1.857e+03    0.00000    8.05793    0.00000   90.00000    8.05793   -4.62184   -6.60067
slm           4    9    157.20078    -8.70529    2.229e+03    157.21037    -8.69176    2.971e+03    157.17312    -8.66599    2.971e+03    157.16353    -8.67953    2.229e+03    157.18695    -8.68564    2.600e+03    0.00000    7.76123    0.00000   90.00000    7.76123   -4.45166   -6.35763
slm           5    9    157.21037    -8.69176    2.971e+03    157.21996    -8.67823    3.714e+03    157.18271    -8.65246    3.714e+03    157.17312    -8.66599    2.971e+03    157.19654    -8.67211    3.343e+03    0.00000    7.00154    0.00000   90.00000    7.00154   -4.01592   -5.73533
slm           6    9    157.21996    -8.67823    3.714e+03    157.22955    -8.66470    4.457e+03    157.19230    -8.63893    4.457e+03    157.18271    -8.65246    3.714e+03    157.20613    -8.65858    4.086e+03    0.00000    5.52093    0.00000   90.00000    5.52093   -3.16668   -4.52248
slm           7    9    157.22955    -8.66470    4.457e+03    157.23914    -8.65117    5.200e+03    157.20189    -8.62540    5.200e+03    157.19230    -8.63893    4.457e+03    157.21572    -8.64505    4.829e+03    0.00000    3.13862    0.00000   90.00000    3.13862   -1.80024   -2.57101
slm           1   10    157.13475    -8.72012    0.000e+00    157.14435    -8.70659    7.429e+02    157.10710    -8.68082    7.429e+02    157.09750    -8.69435    0.000e+00    157.12092    -8.70047    3.714e+02    0.00000    3.90990    0.00000   90.00000    3.90990   -2.24263   -3.20280
slm           2   10    157.14435    -8.70659    7.429e+02    157.15394    -8.69306    1.486e+03    157.11669    -8.66729    1.486e+03    157.10710    -8.68082    7.429e+02    157.13052    -8.68694    1.114e+03    0.00000    3.81443    0.00000   90.00000    3.81443   -2.18787   -3.12460
slm           3   10    157.15394    -8.69306    1.486e+03    157.16353    -8.67953    2.229e+03    157.12628    -8.65376    2.229e+03    157.11669    -8.66729    1.486e+03    157.14011    -8.67341    1.857e+03    0.00000    3.58431    0.00000   90.00000    3.58431   -2.05588   -2.93609
slm           4   10    157.16353    -8.67953    2.229e+03    157.17312    -8.66599    2.971e+03    157.13587    -8.64023    2.971e+03    157.12628    -8.65376    2.229e+03    157.14970    -8.65988    2.600e+03    0.00000    3.16160    0.00000   90.00000    3.16160   -1.81342   -2.58983
slm           5   10    157.17312    -8.66599    2.971e+03    157.18271    -8.65246    3.714e+03    157.14546    -8.62670    3.714e+03    157.13587    -8.64023    2.971e+03    157.15929    -8.64635    3.343e+03    0.00000    2.50612    0.00000   90.00000    2.50612   -1.43745   -2.05289
slm           6   10    157.18271    -8.65246    3.714e+03    157.19230    -8.63893    4.457e+03    157.15505    -8.61317    4.457e+03    157.14546    -8.62670    3.714e+03    157.16888    -8.63282    4.086e+03    0.00000    1.64952    0.00000   90.00000    1.64952   -0.94613   -1.35121
slm           7   10    157.19230    -8.63893    4.457e+03    157.20189    -8.62540    5.200e+03    157.16464    -8.59964    5.200e+03    157.15505    -8.61317    4.457e+03    157.17847    -8.61928    4.829e+03    0.00000    0.74444    0.00000   90.00000    0.74444   -0.42699   -0.60981
