coord   	geo
#data_num	14
#slip_num	70
#ndf     	-56
#rss      	1.55839e+00  [m^2]
#rms      	3.33637e-01  [m]
#wrss   	1.55839e+02  [m^2]
#wrms   	3.33637e+00  [m]
#chi2    	1.55839e+02 
#rchi2   	-2.78284e+00
#r_1d   	NaN          [cm/km]
#r_2d   	3.48970e-01  [cm/km^2]
#strain   	2.87521e+00  [cm/km]

earth	homogeneous	3.00e+10  	0.2500

kappa   	5000.00000  
beta     	25000000.00000

smooth   	2d
surface  	free

fault 1 slm  157.47000000   -8.95200000  0.0000e+00   5.2000e+03 5.0000e+04   305.00 22.00     0.00000 0.10000  0.00000   0.0000 0.0000  0.0000 100.0000  0.0000 0.0000    7 10
     subfault slm      1     1       0.00000      0.60855      0.00000    0.0000   0.0000    0.0000 100.0000    0.0000   0.0000
     subfault slm      2     1       0.00000      0.58752      0.00000    0.0000   0.0000    0.0000 100.0000    0.0000   0.0000
     subfault slm      3     1       0.00000      0.54473      0.00000    0.0000   0.0000    0.0000 100.0000    0.0000   0.0000
     subfault slm      4     1       0.00000      0.47915      0.00000    0.0000   0.0000    0.0000 100.0000    0.0000   0.0000
     subfault slm      5     1       0.00000      0.39005      0.00000    0.0000   0.0000    0.0000 100.0000    0.0000   0.0000
     subfault slm      6     1       0.00000      0.27789      0.00000    0.0000   0.0000    0.0000 100.0000    0.0000   0.0000
     subfault slm      7     1       0.00000      0.14555      0.00000    0.0000   0.0000    0.0000 100.0000    0.0000   0.0000
     subfault slm      1     2       0.00000      1.17953      0.00000    0.0000   0.0000    0.0000 100.0000    0.0000   0.0000
     subfault slm      2     2       0.00000      1.13890      0.00000    0.0000   0.0000    0.0000 100.0000    0.0000   0.0000
     subfault slm      3     2       0.00000      1.05621      0.00000    0.0000   0.0000    0.0000 100.0000    0.0000   0.0000
     subfault slm      4     2       0.00000      0.92932      0.00000    0.0000   0.0000    0.0000 100.0000    0.0000   0.0000
     subfault slm      5     2       0.00000      0.75665      0.00000    0.0000   0.0000    0.0000 100.0000    0.0000   0.0000
     subfault slm      6     2       0.00000      0.53899      0.00000    0.0000   0.0000    0.0000 100.0000    0.0000   0.0000
     subfault slm      7     2       0.00000      0.28213      0.00000    0.0000   0.0000    0.0000 100.0000    0.0000   0.0000
     subfault slm      1     3       0.00000      1.68693      0.00000    0.0000   0.0000    0.0000 100.0000    0.0000   0.0000
     subfault slm      2     3       0.00000      1.63031      0.00000    0.0000   0.0000    0.0000 100.0000    0.0000   0.0000
     subfault slm      3     3       0.00000      1.51474      0.00000    0.0000   0.0000    0.0000 100.0000    0.0000   0.0000
     subfault slm      4     3       0.00000      1.33642      0.00000    0.0000   0.0000    0.0000 100.0000    0.0000   0.0000
     subfault slm      5     3       0.00000      1.09180      0.00000    0.0000   0.0000    0.0000 100.0000    0.0000   0.0000
     subfault slm      6     3       0.00000      0.78047      0.00000    0.0000   0.0000    0.0000 100.0000    0.0000   0.0000
     subfault slm      7     3       0.00000      0.40964      0.00000    0.0000   0.0000    0.0000 100.0000    0.0000   0.0000
     subfault slm      1     4       0.00000      2.09718      0.00000    0.0000   0.0000    0.0000 100.0000    0.0000   0.0000
     subfault slm      2     4       0.00000      2.02883      0.00000    0.0000   0.0000    0.0000 100.0000    0.0000   0.0000
     subfault slm      3     4       0.00000      1.88898      0.00000    0.0000   0.0000    0.0000 100.0000    0.0000   0.0000
     subfault slm      4     4       0.00000      1.67219      0.00000    0.0000   0.0000    0.0000 100.0000    0.0000   0.0000
     subfault slm      5     4       0.00000      1.37247      0.00000    0.0000   0.0000    0.0000 100.0000    0.0000   0.0000
     subfault slm      6     4       0.00000      0.98660      0.00000    0.0000   0.0000    0.0000 100.0000    0.0000   0.0000
     subfault slm      7     4       0.00000      0.52061      0.00000    0.0000   0.0000    0.0000 100.0000    0.0000   0.0000
     subfault slm      1     5       0.00000      2.37126      0.00000    0.0000   0.0000    0.0000 100.0000    0.0000   0.0000
     subfault slm      2     5       0.00000      2.29338      0.00000    0.0000   0.0000    0.0000 100.0000    0.0000   0.0000
     subfault slm      3     5       0.00000      2.13402      0.00000    0.0000   0.0000    0.0000 100.0000    0.0000   0.0000
     subfault slm      4     5       0.00000      1.88717      0.00000    0.0000   0.0000    0.0000 100.0000    0.0000   0.0000
     subfault slm      5     5       0.00000      1.54652      0.00000    0.0000   0.0000    0.0000 100.0000    0.0000   0.0000
     subfault slm      6     5       0.00000      1.10946      0.00000    0.0000   0.0000    0.0000 100.0000    0.0000   0.0000
     subfault slm      7     5       0.00000      0.58413      0.00000    0.0000   0.0000    0.0000 100.0000    0.0000   0.0000
     subfault slm      1     6       0.00000      2.49753      0.00000    0.0000   0.0000    0.0000 100.0000    0.0000   0.0000
     subfault slm      2     6       0.00000      2.41425      0.00000    0.0000   0.0000    0.0000 100.0000    0.0000   0.0000
     subfault slm      3     6       0.00000      2.24367      0.00000    0.0000   0.0000    0.0000 100.0000    0.0000   0.0000
     subfault slm      4     6       0.00000      1.97946      0.00000    0.0000   0.0000    0.0000 100.0000    0.0000   0.0000
     subfault slm      5     6       0.00000      1.61603      0.00000    0.0000   0.0000    0.0000 100.0000    0.0000   0.0000
     subfault slm      6     6       0.00000      1.15339      0.00000    0.0000   0.0000    0.0000 100.0000    0.0000   0.0000
     subfault slm      7     6       0.00000      0.60403      0.00000    0.0000   0.0000    0.0000 100.0000    0.0000   0.0000
     subfault slm      1     7       0.00000      2.47455      0.00000    0.0000   0.0000    0.0000 100.0000    0.0000   0.0000
     subfault slm      2     7       0.00000      2.39582      0.00000    0.0000   0.0000    0.0000 100.0000    0.0000   0.0000
     subfault slm      3     7       0.00000      2.23332      0.00000    0.0000   0.0000    0.0000 100.0000    0.0000   0.0000
     subfault slm      4     7       0.00000      1.97870      0.00000    0.0000   0.0000    0.0000 100.0000    0.0000   0.0000
     subfault slm      5     7       0.00000      1.62348      0.00000    0.0000   0.0000    0.0000 100.0000    0.0000   0.0000
     subfault slm      6     7       0.00000      1.16458      0.00000    0.0000   0.0000    0.0000 100.0000    0.0000   0.0000
     subfault slm      7     7       0.00000      0.61242      0.00000    0.0000   0.0000    0.0000 100.0000    0.0000   0.0000
     subfault slm      1     8       0.00000      2.25203      0.00000    0.0000   0.0000    0.0000 100.0000    0.0000   0.0000
     subfault slm      2     8       0.00000      2.18817      0.00000    0.0000   0.0000    0.0000 100.0000    0.0000   0.0000
     subfault slm      3     8       0.00000      2.05422      0.00000    0.0000   0.0000    0.0000 100.0000    0.0000   0.0000
     subfault slm      4     8       0.00000      1.83887      0.00000    0.0000   0.0000    0.0000 100.0000    0.0000   0.0000
     subfault slm      5     8       0.00000      1.52818      0.00000    0.0000   0.0000    0.0000 100.0000    0.0000   0.0000
     subfault slm      6     8       0.00000      1.11117      0.00000    0.0000   0.0000    0.0000 100.0000    0.0000   0.0000
     subfault slm      7     8       0.00000      0.59075      0.00000    0.0000   0.0000    0.0000 100.0000    0.0000   0.0000
     subfault slm      1     9       0.00000      1.75092      0.00000    0.0000   0.0000    0.0000 100.0000    0.0000   0.0000
     subfault slm      2     9       0.00000      1.70647      0.00000    0.0000   0.0000    0.0000 100.0000    0.0000   0.0000
     subfault slm      3     9       0.00000      1.61142      0.00000    0.0000   0.0000    0.0000 100.0000    0.0000   0.0000
     subfault slm      4     9       0.00000      1.45430      0.00000    0.0000   0.0000    0.0000 100.0000    0.0000   0.0000
     subfault slm      5     9       0.00000      1.22021      0.00000    0.0000   0.0000    0.0000 100.0000    0.0000   0.0000
     subfault slm      6     9       0.00000      0.89577      0.00000    0.0000   0.0000    0.0000 100.0000    0.0000   0.0000
     subfault slm      7     9       0.00000      0.47980      0.00000    0.0000   0.0000    0.0000 100.0000    0.0000   0.0000
     subfault slm      1    10       0.00000      0.96411      0.00000    0.0000   0.0000    0.0000 100.0000    0.0000   0.0000
     subfault slm      2    10       0.00000      0.94074      0.00000    0.0000   0.0000    0.0000 100.0000    0.0000   0.0000
     subfault slm      3    10       0.00000      0.89002      0.00000    0.0000   0.0000    0.0000 100.0000    0.0000   0.0000
     subfault slm      4    10       0.00000      0.80472      0.00000    0.0000   0.0000    0.0000 100.0000    0.0000   0.0000
     subfault slm      5    10       0.00000      0.67583      0.00000    0.0000   0.0000    0.0000 100.0000    0.0000   0.0000
     subfault slm      6    10       0.00000      0.49588      0.00000    0.0000   0.0000    0.0000 100.0000    0.0000   0.0000
     subfault slm      7    10       0.00000      0.26521      0.00000    0.0000   0.0000    0.0000 100.0000    0.0000   0.0000
point 3 Rendova-Rendova_Harbor	  157.33602000  -8.40359000  0.00000e+00    -0.02354   -0.06154    0.00321         NaN        NaN        NaN  1.00 
point 3 Rendova-Epata_Creek	  157.30622000  -8.43730000  0.00000e+00    -0.02661   -0.07497    0.00190         NaN        NaN        NaN  1.00 
point 3 Rendova-Mbaniata	  157.26260000  -8.63325000  0.00000e+00    -0.21526   -0.40449   -0.11729         NaN        NaN        NaN  1.00 
point 3 Rendova-Hofofo_Pt	  157.19633000  -8.56530000  0.00000e+00    -0.04205   -0.18258   -0.03860         NaN        NaN        NaN  1.00 
point 3 Rendova-Habila	  157.22920000  -8.60414000  0.00000e+00    -0.12775   -0.31539   -0.08362         NaN        NaN        NaN  1.00 
point 3 Rendova-Rava_Pt	  157.40336000  -8.72264000  0.00000e+00    -0.29691   -0.36822   -0.10743         NaN        NaN        NaN  1.00 
point 3 Tetepare-Tofa	  157.53432000  -8.75576000  0.00000e+00    -0.13675   -0.11142   -0.02035         NaN        NaN        NaN  1.00 
point 3 Tetepare-Jetty_near_Ecolodge	  157.44286000  -8.72234000  0.00000e+00    -0.23378   -0.26394   -0.05633         NaN        NaN        NaN  1.00 
point 3 Tetepare-Ecolodge_boat_ramp	  157.44321000  -8.72120000  0.00000e+00    -0.23161   -0.26151   -0.05470         NaN        NaN        NaN  1.00 
point 3 Rendova-Rano	  157.32886000  -8.62969000  0.00000e+00    -0.18888   -0.30693   -0.04670         NaN        NaN        NaN  1.00 
point 3 Rendova-Vankuva	  157.33953000  -8.60934000  0.00000e+00    -0.14884   -0.24785   -0.02352         NaN        NaN        NaN  1.00 
point 3 Rendova-Kofi_Bay_village	  157.33874000  -8.60390000  0.00000e+00    -0.14098   -0.23834   -0.02062         NaN        NaN        NaN  1.00 
point 3 Rendova-Mauru_Loging_Camp	  157.39881000  -8.51370000  0.00000e+00    -0.06012   -0.10502    0.00463         NaN        NaN        NaN  1.00 
point 3 Rendova-Ugele	  157.39921000  -8.44959000  0.00000e+00    -0.03784   -0.07409    0.00516         NaN        NaN        NaN  1.00 
