coord   	geo
#data_num	14
#slip_num	70
#ndf     	-56
#rss      	7.96569e-01  [m^2]
#rms      	2.38533e-01  [m]
#wrss   	7.96569e+01  [m^2]
#wrms   	2.38533e+00  [m]
#chi2    	7.96569e+01 
#rchi2   	-1.42245e+00
#r_1d   	NaN          [cm/km]
#r_2d   	1.11408e+00  [cm/km^2]
#strain   	9.13507e+00  [cm/km]

earth	homogeneous	3.00e+10  	0.2500

kappa   	3250.00000  
beta     	10562500.00000

smooth   	2d
surface  	free

fault 1 slm  157.47000000   -8.95200000  0.0000e+00   5.2000e+03 5.0000e+04   305.00 22.00     0.00000 0.10000  0.00000   0.0000 0.0000  0.0000 100.0000  0.0000 0.0000    7 10
     subfault slm      1     1       0.00000      1.93912      0.00000    0.0000   0.0000    0.0000 100.0000    0.0000   0.0000
     subfault slm      2     1       0.00000      1.87461      0.00000    0.0000   0.0000    0.0000 100.0000    0.0000   0.0000
     subfault slm      3     1       0.00000      1.74270      0.00000    0.0000   0.0000    0.0000 100.0000    0.0000   0.0000
     subfault slm      4     1       0.00000      1.53886      0.00000    0.0000   0.0000    0.0000 100.0000    0.0000   0.0000
     subfault slm      5     1       0.00000      1.25891      0.00000    0.0000   0.0000    0.0000 100.0000    0.0000   0.0000
     subfault slm      6     1       0.00000      0.90192      0.00000    0.0000   0.0000    0.0000 100.0000    0.0000   0.0000
     subfault slm      7     1       0.00000      0.47491      0.00000    0.0000   0.0000    0.0000 100.0000    0.0000   0.0000
     subfault slm      1     2       0.00000      3.74200      0.00000    0.0000   0.0000    0.0000 100.0000    0.0000   0.0000
     subfault slm      2     2       0.00000      3.61597      0.00000    0.0000   0.0000    0.0000 100.0000    0.0000   0.0000
     subfault slm      3     2       0.00000      3.35864      0.00000    0.0000   0.0000    0.0000 100.0000    0.0000   0.0000
     subfault slm      4     2       0.00000      2.96191      0.00000    0.0000   0.0000    0.0000 100.0000    0.0000   0.0000
     subfault slm      5     2       0.00000      2.41863      0.00000    0.0000   0.0000    0.0000 100.0000    0.0000   0.0000
     subfault slm      6     2       0.00000      1.72866      0.00000    0.0000   0.0000    0.0000 100.0000    0.0000   0.0000
     subfault slm      7     2       0.00000      0.90782      0.00000    0.0000   0.0000    0.0000 100.0000    0.0000   0.0000
     subfault slm      1     3       0.00000      5.32708      0.00000    0.0000   0.0000    0.0000 100.0000    0.0000   0.0000
     subfault slm      2     3       0.00000      5.14938      0.00000    0.0000   0.0000    0.0000 100.0000    0.0000   0.0000
     subfault slm      3     3       0.00000      4.78616      0.00000    0.0000   0.0000    0.0000 100.0000    0.0000   0.0000
     subfault slm      4     3       0.00000      4.22482      0.00000    0.0000   0.0000    0.0000 100.0000    0.0000   0.0000
     subfault slm      5     3       0.00000      3.45343      0.00000    0.0000   0.0000    0.0000 100.0000    0.0000   0.0000
     subfault slm      6     3       0.00000      2.47005      0.00000    0.0000   0.0000    0.0000 100.0000    0.0000   0.0000
     subfault slm      7     3       0.00000      1.29710      0.00000    0.0000   0.0000    0.0000 100.0000    0.0000   0.0000
     subfault slm      1     4       0.00000      6.61005      0.00000    0.0000   0.0000    0.0000 100.0000    0.0000   0.0000
     subfault slm      2     4       0.00000      6.39407      0.00000    0.0000   0.0000    0.0000 100.0000    0.0000   0.0000
     subfault slm      3     4       0.00000      5.95196      0.00000    0.0000   0.0000    0.0000 100.0000    0.0000   0.0000
     subfault slm      4     4       0.00000      5.26656      0.00000    0.0000   0.0000    0.0000 100.0000    0.0000   0.0000
     subfault slm      5     4       0.00000      4.31949      0.00000    0.0000   0.0000    0.0000 100.0000    0.0000   0.0000
     subfault slm      6     4       0.00000      3.10210      0.00000    0.0000   0.0000    0.0000 100.0000    0.0000   0.0000
     subfault slm      7     4       0.00000      1.63526      0.00000    0.0000   0.0000    0.0000 100.0000    0.0000   0.0000
     subfault slm      1     5       0.00000      7.48917      0.00000    0.0000   0.0000    0.0000 100.0000    0.0000   0.0000
     subfault slm      2     5       0.00000      7.24358      0.00000    0.0000   0.0000    0.0000 100.0000    0.0000   0.0000
     subfault slm      3     5       0.00000      6.74065      0.00000    0.0000   0.0000    0.0000 100.0000    0.0000   0.0000
     subfault slm      4     5       0.00000      5.96086      0.00000    0.0000   0.0000    0.0000 100.0000    0.0000   0.0000
     subfault slm      5     5       0.00000      4.88414      0.00000    0.0000   0.0000    0.0000 100.0000    0.0000   0.0000
     subfault slm      6     5       0.00000      3.50278      0.00000    0.0000   0.0000    0.0000 100.0000    0.0000   0.0000
     subfault slm      7     5       0.00000      1.84353      0.00000    0.0000   0.0000    0.0000 100.0000    0.0000   0.0000
     subfault slm      1     6       0.00000      7.92390      0.00000    0.0000   0.0000    0.0000 100.0000    0.0000   0.0000
     subfault slm      2     6       0.00000      7.66304      0.00000    0.0000   0.0000    0.0000 100.0000    0.0000   0.0000
     subfault slm      3     6       0.00000      7.12763      0.00000    0.0000   0.0000    0.0000 100.0000    0.0000   0.0000
     subfault slm      4     6       0.00000      6.29572      0.00000    0.0000   0.0000    0.0000 100.0000    0.0000   0.0000
     subfault slm      5     6       0.00000      5.14707      0.00000    0.0000   0.0000    0.0000 100.0000    0.0000   0.0000
     subfault slm      6     6       0.00000      3.67912      0.00000    0.0000   0.0000    0.0000 100.0000    0.0000   0.0000
     subfault slm      7     6       0.00000      1.92937      0.00000    0.0000   0.0000    0.0000 100.0000    0.0000   0.0000
     subfault slm      1     7       0.00000      7.88438      0.00000    0.0000   0.0000    0.0000 100.0000    0.0000   0.0000
     subfault slm      2     7       0.00000      7.63913      0.00000    0.0000   0.0000    0.0000 100.0000    0.0000   0.0000
     subfault slm      3     7       0.00000      7.13117      0.00000    0.0000   0.0000    0.0000 100.0000    0.0000   0.0000
     subfault slm      4     7       0.00000      6.33101      0.00000    0.0000   0.0000    0.0000 100.0000    0.0000   0.0000
     subfault slm      5     7       0.00000      5.20746      0.00000    0.0000   0.0000    0.0000 100.0000    0.0000   0.0000
     subfault slm      6     7       0.00000      3.74575      0.00000    0.0000   0.0000    0.0000 100.0000    0.0000   0.0000
     subfault slm      7     7       0.00000      1.97483      0.00000    0.0000   0.0000    0.0000 100.0000    0.0000   0.0000
     subfault slm      1     8       0.00000      7.18975      0.00000    0.0000   0.0000    0.0000 100.0000    0.0000   0.0000
     subfault slm      2     8       0.00000      6.99105      0.00000    0.0000   0.0000    0.0000 100.0000    0.0000   0.0000
     subfault slm      3     8       0.00000      6.57240      0.00000    0.0000   0.0000    0.0000 100.0000    0.0000   0.0000
     subfault slm      4     8       0.00000      5.89498      0.00000    0.0000   0.0000    0.0000 100.0000    0.0000   0.0000
     subfault slm      5     8       0.00000      4.91042      0.00000    0.0000   0.0000    0.0000 100.0000    0.0000   0.0000
     subfault slm      6     8       0.00000      3.57912      0.00000    0.0000   0.0000    0.0000 100.0000    0.0000   0.0000
     subfault slm      7     8       0.00000      1.90691      0.00000    0.0000   0.0000    0.0000 100.0000    0.0000   0.0000
     subfault slm      1     9       0.00000      5.58774      0.00000    0.0000   0.0000    0.0000 100.0000    0.0000   0.0000
     subfault slm      2     9       0.00000      5.44865      0.00000    0.0000   0.0000    0.0000 100.0000    0.0000   0.0000
     subfault slm      3     9       0.00000      5.15011      0.00000    0.0000   0.0000    0.0000 100.0000    0.0000   0.0000
     subfault slm      4     9       0.00000      4.65402      0.00000    0.0000   0.0000    0.0000 100.0000    0.0000   0.0000
     subfault slm      5     9       0.00000      3.91077      0.00000    0.0000   0.0000    0.0000 100.0000    0.0000   0.0000
     subfault slm      6     9       0.00000      2.87528      0.00000    0.0000   0.0000    0.0000 100.0000    0.0000   0.0000
     subfault slm      7     9       0.00000      1.54204      0.00000    0.0000   0.0000    0.0000 100.0000    0.0000   0.0000
     subfault slm      1    10       0.00000      3.06984      0.00000    0.0000   0.0000    0.0000 100.0000    0.0000   0.0000
     subfault slm      2    10       0.00000      2.99513      0.00000    0.0000   0.0000    0.0000 100.0000    0.0000   0.0000
     subfault slm      3    10       0.00000      2.83280      0.00000    0.0000   0.0000    0.0000 100.0000    0.0000   0.0000
     subfault slm      4    10       0.00000      2.55955      0.00000    0.0000   0.0000    0.0000 100.0000    0.0000   0.0000
     subfault slm      5    10       0.00000      2.14686      0.00000    0.0000   0.0000    0.0000 100.0000    0.0000   0.0000
     subfault slm      6    10       0.00000      1.57219      0.00000    0.0000   0.0000    0.0000 100.0000    0.0000   0.0000
     subfault slm      7    10       0.00000      0.83883      0.00000    0.0000   0.0000    0.0000 100.0000    0.0000   0.0000
point 3 Rendova-Rendova_Harbor	  157.33602000  -8.40359000  0.00000e+00    -0.07510   -0.19610    0.01023         NaN        NaN        NaN  1.00 
point 3 Rendova-Epata_Creek	  157.30622000  -8.43730000  0.00000e+00    -0.08491   -0.23898    0.00606         NaN        NaN        NaN  1.00 
point 3 Rendova-Mbaniata	  157.26260000  -8.63325000  0.00000e+00    -0.68880   -1.29350   -0.37612         NaN        NaN        NaN  1.00 
point 3 Rendova-Hofofo_Pt	  157.19633000  -8.56530000  0.00000e+00    -0.13384   -0.58264   -0.12304         NaN        NaN        NaN  1.00 
point 3 Rendova-Habila	  157.22920000  -8.60414000  0.00000e+00    -0.40770   -1.00817   -0.26750         NaN        NaN        NaN  1.00 
point 3 Rendova-Rava_Pt	  157.40336000  -8.72264000  0.00000e+00    -0.94132   -1.16415   -0.34010         NaN        NaN        NaN  1.00 
point 3 Tetepare-Tofa	  157.53432000  -8.75576000  0.00000e+00    -0.43367   -0.35417   -0.06491         NaN        NaN        NaN  1.00 
point 3 Tetepare-Jetty_near_Ecolodge	  157.44286000  -8.72234000  0.00000e+00    -0.74020   -0.83494   -0.17839         NaN        NaN        NaN  1.00 
point 3 Tetepare-Ecolodge_boat_ramp	  157.44321000  -8.72120000  0.00000e+00    -0.73336   -0.82729   -0.17326         NaN        NaN        NaN  1.00 
point 3 Rendova-Rano	  157.32886000  -8.62969000  0.00000e+00    -0.60423   -0.97855   -0.14962         NaN        NaN        NaN  1.00 
point 3 Rendova-Vankuva	  157.33953000  -8.60934000  0.00000e+00    -0.47588   -0.78995   -0.07537         NaN        NaN        NaN  1.00 
point 3 Rendova-Kofi_Bay_village	  157.33874000  -8.60390000  0.00000e+00    -0.45074   -0.75971   -0.06609         NaN        NaN        NaN  1.00 
point 3 Rendova-Mauru_Loging_Camp	  157.39881000  -8.51370000  0.00000e+00    -0.19179   -0.33430    0.01468         NaN        NaN        NaN  1.00 
point 3 Rendova-Ugele	  157.39921000  -8.44959000  0.00000e+00    -0.12070   -0.23590    0.01642         NaN        NaN        NaN  1.00 
