coord   	geo
#data_num	14
#slip_num	70
#ndf     	-56
#rss      	2.42251e-01  [m^2]
#rms      	1.31543e-01  [m]
#wrss   	2.42251e+01  [m^2]
#wrms   	1.31543e+00  [m]
#chi2    	2.42251e+01 
#rchi2   	-4.32592e-01
#r_1d   	NaN          [cm/km]
#r_2d   	9.24986e+00  [cm/km^2]
#strain   	2.40758e+01  [cm/km]

earth	homogeneous	3.00e+10  	0.2500

kappa   	500.00000   
beta     	250000.00000

smooth   	2d
surface  	free

fault 1 slm  157.47000000   -8.95200000  0.0000e+00   5.2000e+03 5.0000e+04   305.00 22.00     0.00000 0.10000  0.00000   0.0000 0.0000  0.0000 100.0000  0.0000 0.0000    7 10
     subfault slm      1     1       0.00000      6.59273      0.00000    0.0000   0.0000    0.0000 100.0000    0.0000   0.0000
     subfault slm      2     1       0.00000      8.54425      0.00000    0.0000   0.0000    0.0000 100.0000    0.0000   0.0000
     subfault slm      3     1       0.00000     11.94997      0.00000    0.0000   0.0000    0.0000 100.0000    0.0000   0.0000
     subfault slm      4     1       0.00000     15.77598      0.00000    0.0000   0.0000    0.0000 100.0000    0.0000   0.0000
     subfault slm      5     1       0.00000     18.39392      0.00000    0.0000   0.0000    0.0000 100.0000    0.0000   0.0000
     subfault slm      6     1       0.00000     17.67500      0.00000    0.0000   0.0000    0.0000 100.0000    0.0000   0.0000
     subfault slm      7     1       0.00000     11.59440      0.00000    0.0000   0.0000    0.0000 100.0000    0.0000   0.0000
     subfault slm      1     2       0.00000      5.41355      0.00000    0.0000   0.0000    0.0000 100.0000    0.0000   0.0000
     subfault slm      2     2       0.00000      7.37466      0.00000    0.0000   0.0000    0.0000 100.0000    0.0000   0.0000
     subfault slm      3     2       0.00000     10.80816      0.00000    0.0000   0.0000    0.0000 100.0000    0.0000   0.0000
     subfault slm      4     2       0.00000     14.68227      0.00000    0.0000   0.0000    0.0000 100.0000    0.0000   0.0000
     subfault slm      5     2       0.00000     17.40846      0.00000    0.0000   0.0000    0.0000 100.0000    0.0000   0.0000
     subfault slm      6     2       0.00000     16.93869      0.00000    0.0000   0.0000    0.0000 100.0000    0.0000   0.0000
     subfault slm      7     2       0.00000     11.25620      0.00000    0.0000   0.0000    0.0000 100.0000    0.0000   0.0000
     subfault slm      1     3       0.00000      0.00000      0.00000    0.0000   0.0000    0.0000 100.0000    0.0000   0.0000
     subfault slm      2     3       0.00000      0.31970      0.00000    0.0000   0.0000    0.0000 100.0000    0.0000   0.0000
     subfault slm      3     3       0.00000      0.94670      0.00000    0.0000   0.0000    0.0000 100.0000    0.0000   0.0000
     subfault slm      4     3       0.00000      1.49763      0.00000    0.0000   0.0000    0.0000 100.0000    0.0000   0.0000
     subfault slm      5     3       0.00000      1.55129      0.00000    0.0000   0.0000    0.0000 100.0000    0.0000   0.0000
     subfault slm      6     3       0.00000      0.99205      0.00000    0.0000   0.0000    0.0000 100.0000    0.0000   0.0000
     subfault slm      7     3       0.00000      0.25116      0.00000    0.0000   0.0000    0.0000 100.0000    0.0000   0.0000
     subfault slm      1     4       0.00000      0.00000      0.00000    0.0000   0.0000    0.0000 100.0000    0.0000   0.0000
     subfault slm      2     4       0.00000      0.00000      0.00000    0.0000   0.0000    0.0000 100.0000    0.0000   0.0000
     subfault slm      3     4       0.00000      0.00000      0.00000    0.0000   0.0000    0.0000 100.0000    0.0000   0.0000
     subfault slm      4     4       0.00000      0.00000      0.00000    0.0000   0.0000    0.0000 100.0000    0.0000   0.0000
     subfault slm      5     4       0.00000      0.00285      0.00000    0.0000   0.0000    0.0000 100.0000    0.0000   0.0000
     subfault slm      6     4       0.00000      0.00000      0.00000    0.0000   0.0000    0.0000 100.0000    0.0000   0.0000
     subfault slm      7     4       0.00000      0.00000      0.00000    0.0000   0.0000    0.0000 100.0000    0.0000   0.0000
     subfault slm      1     5       0.00000      0.00000      0.00000    0.0000   0.0000    0.0000 100.0000    0.0000   0.0000
     subfault slm      2     5       0.00000      0.71809      0.00000    0.0000   0.0000    0.0000 100.0000    0.0000   0.0000
     subfault slm      3     5       0.00000      2.68406      0.00000    0.0000   0.0000    0.0000 100.0000    0.0000   0.0000
     subfault slm      4     5       0.00000      5.50167      0.00000    0.0000   0.0000    0.0000 100.0000    0.0000   0.0000
     subfault slm      5     5       0.00000      7.96879      0.00000    0.0000   0.0000    0.0000 100.0000    0.0000   0.0000
     subfault slm      6     5       0.00000      8.39716      0.00000    0.0000   0.0000    0.0000 100.0000    0.0000   0.0000
     subfault slm      7     5       0.00000      5.50794      0.00000    0.0000   0.0000    0.0000 100.0000    0.0000   0.0000
     subfault slm      1     6       0.00000      0.00000      0.00000    0.0000   0.0000    0.0000 100.0000    0.0000   0.0000
     subfault slm      2     6       0.00000      0.73227      0.00000    0.0000   0.0000    0.0000 100.0000    0.0000   0.0000
     subfault slm      3     6       0.00000      3.25280      0.00000    0.0000   0.0000    0.0000 100.0000    0.0000   0.0000
     subfault slm      4     6       0.00000      7.17240      0.00000    0.0000   0.0000    0.0000 100.0000    0.0000   0.0000
     subfault slm      5     6       0.00000     10.83497      0.00000    0.0000   0.0000    0.0000 100.0000    0.0000   0.0000
     subfault slm      6     6       0.00000     11.82547      0.00000    0.0000   0.0000    0.0000 100.0000    0.0000   0.0000
     subfault slm      7     6       0.00000      8.12087      0.00000    0.0000   0.0000    0.0000 100.0000    0.0000   0.0000
     subfault slm      1     7       0.00000      0.00000      0.00000    0.0000   0.0000    0.0000 100.0000    0.0000   0.0000
     subfault slm      2     7       0.00000      0.03367      0.00000    0.0000   0.0000    0.0000 100.0000    0.0000   0.0000
     subfault slm      3     7       0.00000      1.69879      0.00000    0.0000   0.0000    0.0000 100.0000    0.0000   0.0000
     subfault slm      4     7       0.00000      5.12620      0.00000    0.0000   0.0000    0.0000 100.0000    0.0000   0.0000
     subfault slm      5     7       0.00000      8.99546      0.00000    0.0000   0.0000    0.0000 100.0000    0.0000   0.0000
     subfault slm      6     7       0.00000     10.88831      0.00000    0.0000   0.0000    0.0000 100.0000    0.0000   0.0000
     subfault slm      7     7       0.00000      8.16320      0.00000    0.0000   0.0000    0.0000 100.0000    0.0000   0.0000
     subfault slm      1     8       0.00000      0.00000      0.00000    0.0000   0.0000    0.0000 100.0000    0.0000   0.0000
     subfault slm      2     8       0.00000      0.00000      0.00000    0.0000   0.0000    0.0000 100.0000    0.0000   0.0000
     subfault slm      3     8       0.00000      0.19172      0.00000    0.0000   0.0000    0.0000 100.0000    0.0000   0.0000
     subfault slm      4     8       0.00000      1.72378      0.00000    0.0000   0.0000    0.0000 100.0000    0.0000   0.0000
     subfault slm      5     8       0.00000      4.00474      0.00000    0.0000   0.0000    0.0000 100.0000    0.0000   0.0000
     subfault slm      6     8       0.00000      5.42726      0.00000    0.0000   0.0000    0.0000 100.0000    0.0000   0.0000
     subfault slm      7     8       0.00000      4.29788      0.00000    0.0000   0.0000    0.0000 100.0000    0.0000   0.0000
     subfault slm      1     9       0.00000      0.00000      0.00000    0.0000   0.0000    0.0000 100.0000    0.0000   0.0000
     subfault slm      2     9       0.00000      0.21697      0.00000    0.0000   0.0000    0.0000 100.0000    0.0000   0.0000
     subfault slm      3     9       0.00000      1.52209      0.00000    0.0000   0.0000    0.0000 100.0000    0.0000   0.0000
     subfault slm      4     9       0.00000      4.31319      0.00000    0.0000   0.0000    0.0000 100.0000    0.0000   0.0000
     subfault slm      5     9       0.00000      7.85285      0.00000    0.0000   0.0000    0.0000 100.0000    0.0000   0.0000
     subfault slm      6     9       0.00000      9.93415      0.00000    0.0000   0.0000    0.0000 100.0000    0.0000   0.0000
     subfault slm      7     9       0.00000      7.52194      0.00000    0.0000   0.0000    0.0000 100.0000    0.0000   0.0000
     subfault slm      1    10       0.00000      0.48146      0.00000    0.0000   0.0000    0.0000 100.0000    0.0000   0.0000
     subfault slm      2    10       0.00000      0.21295      0.00000    0.0000   0.0000    0.0000 100.0000    0.0000   0.0000
     subfault slm      3    10       0.00000      0.00000      0.00000    0.0000   0.0000    0.0000 100.0000    0.0000   0.0000
     subfault slm      4    10       0.00000      0.00000      0.00000    0.0000   0.0000    0.0000 100.0000    0.0000   0.0000
     subfault slm      5    10       0.00000      0.00000      0.00000    0.0000   0.0000    0.0000 100.0000    0.0000   0.0000
     subfault slm      6    10       0.00000      0.00000      0.00000    0.0000   0.0000    0.0000 100.0000    0.0000   0.0000
     subfault slm      7    10       0.00000      0.00000      0.00000    0.0000   0.0000    0.0000 100.0000    0.0000   0.0000
point 3 Rendova-Rendova_Harbor	  157.33602000  -8.40359000  0.00000e+00    -0.06054   -0.20341   -0.00704         NaN        NaN        NaN  1.00 
point 3 Rendova-Epata_Creek	  157.30622000  -8.43730000  0.00000e+00    -0.06476   -0.24194   -0.01727         NaN        NaN        NaN  1.00 
point 3 Rendova-Mbaniata	  157.26260000  -8.63325000  0.00000e+00    -0.61233   -1.14735   -0.72231         NaN        NaN        NaN  1.00 
point 3 Rendova-Hofofo_Pt	  157.19633000  -8.56530000  0.00000e+00    -0.01110   -0.42545   -0.17252         NaN        NaN        NaN  1.00 
point 3 Rendova-Habila	  157.22920000  -8.60414000  0.00000e+00    -0.29607   -0.96680   -0.52789         NaN        NaN        NaN  1.00 
point 3 Rendova-Rava_Pt	  157.40336000  -8.72264000  0.00000e+00    -0.90917   -0.92717   -0.57443         NaN        NaN        NaN  1.00 
point 3 Tetepare-Tofa	  157.53432000  -8.75576000  0.00000e+00    -0.87375   -1.32656   -0.33051         NaN        NaN        NaN  1.00 
point 3 Tetepare-Jetty_near_Ecolodge	  157.44286000  -8.72234000  0.00000e+00    -0.56917   -0.89499   -0.31251         NaN        NaN        NaN  1.00 
point 3 Tetepare-Ecolodge_boat_ramp	  157.44321000  -8.72120000  0.00000e+00    -0.57000   -0.89233   -0.30779         NaN        NaN        NaN  1.00 
point 3 Rendova-Rano	  157.32886000  -8.62969000  0.00000e+00    -0.64802   -1.15953   -0.41657         NaN        NaN        NaN  1.00 
point 3 Rendova-Vankuva	  157.33953000  -8.60934000  0.00000e+00    -0.51061   -0.93005   -0.24853         NaN        NaN        NaN  1.00 
point 3 Rendova-Kofi_Bay_village	  157.33874000  -8.60390000  0.00000e+00    -0.47933   -0.88970   -0.22559         NaN        NaN        NaN  1.00 
point 3 Rendova-Mauru_Loging_Camp	  157.39881000  -8.51370000  0.00000e+00    -0.18886   -0.38502   -0.02173         NaN        NaN        NaN  1.00 
point 3 Rendova-Ugele	  157.39921000  -8.44959000  0.00000e+00    -0.11195   -0.26478   -0.00449         NaN        NaN        NaN  1.00 
