coord   	geo
#data_num	14
#slip_num	70
#ndf     	-56
#rss      	4.73265e-01  [m^2]
#rms      	1.83860e-01  [m]
#wrss   	4.73265e+01  [m^2]
#wrms   	1.83860e+00  [m]
#chi2    	4.73265e+01 
#rchi2   	-8.45117e-01
#r_1d   	NaN          [cm/km]
#r_2d   	1.77223e+00  [cm/km^2]
#strain   	1.42545e+01  [cm/km]

earth	homogeneous	3.00e+10  	0.2500

kappa   	2250.00000  
beta     	5062500.00000

smooth   	2d
surface  	free

fault 1 slm  157.47000000   -8.95200000  0.0000e+00   5.2000e+03 5.0000e+04   305.00 22.00     0.00000 0.10000  0.00000   0.0000 0.0000  0.0000 100.0000  0.0000 0.0000    7 10
     subfault slm      1     1       0.00000      3.12023      0.00000    0.0000   0.0000    0.0000 100.0000    0.0000   0.0000
     subfault slm      2     1       0.00000      3.03271      0.00000    0.0000   0.0000    0.0000 100.0000    0.0000   0.0000
     subfault slm      3     1       0.00000      2.84906      0.00000    0.0000   0.0000    0.0000 100.0000    0.0000   0.0000
     subfault slm      4     1       0.00000      2.55406      0.00000    0.0000   0.0000    0.0000 100.0000    0.0000   0.0000
     subfault slm      5     1       0.00000      2.12883      0.00000    0.0000   0.0000    0.0000 100.0000    0.0000   0.0000
     subfault slm      6     1       0.00000      1.55673      0.00000    0.0000   0.0000    0.0000 100.0000    0.0000   0.0000
     subfault slm      7     1       0.00000      0.83534      0.00000    0.0000   0.0000    0.0000 100.0000    0.0000   0.0000
     subfault slm      1     2       0.00000      5.91306      0.00000    0.0000   0.0000    0.0000 100.0000    0.0000   0.0000
     subfault slm      2     2       0.00000      5.73308      0.00000    0.0000   0.0000    0.0000 100.0000    0.0000   0.0000
     subfault slm      3     2       0.00000      5.36007      0.00000    0.0000   0.0000    0.0000 100.0000    0.0000   0.0000
     subfault slm      4     2       0.00000      4.77176      0.00000    0.0000   0.0000    0.0000 100.0000    0.0000   0.0000
     subfault slm      5     2       0.00000      3.94281      0.00000    0.0000   0.0000    0.0000 100.0000    0.0000   0.0000
     subfault slm      6     2       0.00000      2.85552      0.00000    0.0000   0.0000    0.0000 100.0000    0.0000   0.0000
     subfault slm      7     2       0.00000      1.51862      0.00000    0.0000   0.0000    0.0000 100.0000    0.0000   0.0000
     subfault slm      1     3       0.00000      8.24777      0.00000    0.0000   0.0000    0.0000 100.0000    0.0000   0.0000
     subfault slm      2     3       0.00000      7.98174      0.00000    0.0000   0.0000    0.0000 100.0000    0.0000   0.0000
     subfault slm      3     3       0.00000      7.43429      0.00000    0.0000   0.0000    0.0000 100.0000    0.0000   0.0000
     subfault slm      4     3       0.00000      6.58045      0.00000    0.0000   0.0000    0.0000 100.0000    0.0000   0.0000
     subfault slm      5     3       0.00000      5.39554      0.00000    0.0000   0.0000    0.0000 100.0000    0.0000   0.0000
     subfault slm      6     3       0.00000      3.87097      0.00000    0.0000   0.0000    0.0000 100.0000    0.0000   0.0000
     subfault slm      7     3       0.00000      2.03819      0.00000    0.0000   0.0000    0.0000 100.0000    0.0000   0.0000
     subfault slm      1     4       0.00000     10.11971      0.00000    0.0000   0.0000    0.0000 100.0000    0.0000   0.0000
     subfault slm      2     4       0.00000      9.78891      0.00000    0.0000   0.0000    0.0000 100.0000    0.0000   0.0000
     subfault slm      3     4       0.00000      9.10961      0.00000    0.0000   0.0000    0.0000 100.0000    0.0000   0.0000
     subfault slm      4     4       0.00000      8.05345      0.00000    0.0000   0.0000    0.0000 100.0000    0.0000   0.0000
     subfault slm      5     4       0.00000      6.59318      0.00000    0.0000   0.0000    0.0000 100.0000    0.0000   0.0000
     subfault slm      6     4       0.00000      4.72164      0.00000    0.0000   0.0000    0.0000 100.0000    0.0000   0.0000
     subfault slm      7     4       0.00000      2.48091      0.00000    0.0000   0.0000    0.0000 100.0000    0.0000   0.0000
     subfault slm      1     5       0.00000     11.49826      0.00000    0.0000   0.0000    0.0000 100.0000    0.0000   0.0000
     subfault slm      2     5       0.00000     11.12681      0.00000    0.0000   0.0000    0.0000 100.0000    0.0000   0.0000
     subfault slm      3     5       0.00000     10.36246      0.00000    0.0000   0.0000    0.0000 100.0000    0.0000   0.0000
     subfault slm      4     5       0.00000      9.17048      0.00000    0.0000   0.0000    0.0000 100.0000    0.0000   0.0000
     subfault slm      5     5       0.00000      7.51666      0.00000    0.0000   0.0000    0.0000 100.0000    0.0000   0.0000
     subfault slm      6     5       0.00000      5.38956      0.00000    0.0000   0.0000    0.0000 100.0000    0.0000   0.0000
     subfault slm      7     5       0.00000      2.83479      0.00000    0.0000   0.0000    0.0000 100.0000    0.0000   0.0000
     subfault slm      1     6       0.00000     12.30475      0.00000    0.0000   0.0000    0.0000 100.0000    0.0000   0.0000
     subfault slm      2     6       0.00000     11.92204      0.00000    0.0000   0.0000    0.0000 100.0000    0.0000   0.0000
     subfault slm      3     6       0.00000     11.12883      0.00000    0.0000   0.0000    0.0000 100.0000    0.0000   0.0000
     subfault slm      4     6       0.00000      9.87893      0.00000    0.0000   0.0000    0.0000 100.0000    0.0000   0.0000
     subfault slm      5     6       0.00000      8.12454      0.00000    0.0000   0.0000    0.0000 100.0000    0.0000   0.0000
     subfault slm      6     6       0.00000      5.84389      0.00000    0.0000   0.0000    0.0000 100.0000    0.0000   0.0000
     subfault slm      7     6       0.00000      3.08187      0.00000    0.0000   0.0000    0.0000 100.0000    0.0000   0.0000
     subfault slm      1     7       0.00000     12.36407      0.00000    0.0000   0.0000    0.0000 100.0000    0.0000   0.0000
     subfault slm      2     7       0.00000     12.01316      0.00000    0.0000   0.0000    0.0000 100.0000    0.0000   0.0000
     subfault slm      3     7       0.00000     11.27543      0.00000    0.0000   0.0000    0.0000 100.0000    0.0000   0.0000
     subfault slm      4     7       0.00000     10.08750      0.00000    0.0000   0.0000    0.0000 100.0000    0.0000   0.0000
     subfault slm      5     7       0.00000      8.37548      0.00000    0.0000   0.0000    0.0000 100.0000    0.0000   0.0000
     subfault slm      6     7       0.00000      6.08618      0.00000    0.0000   0.0000    0.0000 100.0000    0.0000   0.0000
     subfault slm      7     7       0.00000      3.23917      0.00000    0.0000   0.0000    0.0000 100.0000    0.0000   0.0000
     subfault slm      1     8       0.00000     11.29816      0.00000    0.0000   0.0000    0.0000 100.0000    0.0000   0.0000
     subfault slm      2     8       0.00000     11.01528      0.00000    0.0000   0.0000    0.0000 100.0000    0.0000   0.0000
     subfault slm      3     8       0.00000     10.40844      0.00000    0.0000   0.0000    0.0000 100.0000    0.0000   0.0000
     subfault slm      4     8       0.00000      9.40121      0.00000    0.0000   0.0000    0.0000 100.0000    0.0000   0.0000
     subfault slm      5     8       0.00000      7.89555      0.00000    0.0000   0.0000    0.0000 100.0000    0.0000   0.0000
     subfault slm      6     8       0.00000      5.80392      0.00000    0.0000   0.0000    0.0000 100.0000    0.0000   0.0000
     subfault slm      7     8       0.00000      3.11552      0.00000    0.0000   0.0000    0.0000 100.0000    0.0000   0.0000
     subfault slm      1     9       0.00000      8.73450      0.00000    0.0000   0.0000    0.0000 100.0000    0.0000   0.0000
     subfault slm      2     9       0.00000      8.53207      0.00000    0.0000   0.0000    0.0000 100.0000    0.0000   0.0000
     subfault slm      3     9       0.00000      8.09126      0.00000    0.0000   0.0000    0.0000 100.0000    0.0000   0.0000
     subfault slm      4     9       0.00000      7.34462      0.00000    0.0000   0.0000    0.0000 100.0000    0.0000   0.0000
     subfault slm      5     9       0.00000      6.20357      0.00000    0.0000   0.0000    0.0000 100.0000    0.0000   0.0000
     subfault slm      6     9       0.00000      4.58497      0.00000    0.0000   0.0000    0.0000 100.0000    0.0000   0.0000
     subfault slm      7     9       0.00000      2.46995      0.00000    0.0000   0.0000    0.0000 100.0000    0.0000   0.0000
     subfault slm      1    10       0.00000      4.74645      0.00000    0.0000   0.0000    0.0000 100.0000    0.0000   0.0000
     subfault slm      2    10       0.00000      4.62794      0.00000    0.0000   0.0000    0.0000 100.0000    0.0000   0.0000
     subfault slm      3    10       0.00000      4.36967      0.00000    0.0000   0.0000    0.0000 100.0000    0.0000   0.0000
     subfault slm      4    10       0.00000      3.93470      0.00000    0.0000   0.0000    0.0000 100.0000    0.0000   0.0000
     subfault slm      5    10       0.00000      3.28108      0.00000    0.0000   0.0000    0.0000 100.0000    0.0000   0.0000
     subfault slm      6    10       0.00000      2.38220      0.00000    0.0000   0.0000    0.0000 100.0000    0.0000   0.0000
     subfault slm      7    10       0.00000      1.25779      0.00000    0.0000   0.0000    0.0000 100.0000    0.0000   0.0000
point 3 Rendova-Rendova_Harbor	  157.33602000  -8.40359000  0.00000e+00    -0.11800   -0.30822    0.01594         NaN        NaN        NaN  1.00 
point 3 Rendova-Epata_Creek	  157.30622000  -8.43730000  0.00000e+00    -0.13337   -0.37581    0.00935         NaN        NaN        NaN  1.00 
point 3 Rendova-Mbaniata	  157.26260000  -8.63325000  0.00000e+00    -1.08886   -2.05074   -0.60177         NaN        NaN        NaN  1.00 
point 3 Rendova-Hofofo_Pt	  157.19633000  -8.56530000  0.00000e+00    -0.20664   -0.91259   -0.19240         NaN        NaN        NaN  1.00 
point 3 Rendova-Habila	  157.22920000  -8.60414000  0.00000e+00    -0.63657   -1.59102   -0.42318         NaN        NaN        NaN  1.00 
point 3 Rendova-Rava_Pt	  157.40336000  -8.72264000  0.00000e+00    -1.46325   -1.80044   -0.52815         NaN        NaN        NaN  1.00 
point 3 Tetepare-Tofa	  157.53432000  -8.75576000  0.00000e+00    -0.68040   -0.56255   -0.10399         NaN        NaN        NaN  1.00 
point 3 Tetepare-Jetty_near_Ecolodge	  157.44286000  -8.72234000  0.00000e+00    -1.14776   -1.29702   -0.27795         NaN        NaN        NaN  1.00 
point 3 Tetepare-Ecolodge_boat_ramp	  157.44321000  -8.72120000  0.00000e+00    -1.13736   -1.28521   -0.27001         NaN        NaN        NaN  1.00 
point 3 Rendova-Rano	  157.32886000  -8.62969000  0.00000e+00    -0.95906   -1.54404   -0.24009         NaN        NaN        NaN  1.00 
point 3 Rendova-Vankuva	  157.33953000  -8.60934000  0.00000e+00    -0.75404   -1.24522   -0.12121         NaN        NaN        NaN  1.00 
point 3 Rendova-Kofi_Bay_village	  157.33874000  -8.60390000  0.00000e+00    -0.71399   -1.19772   -0.10637         NaN        NaN        NaN  1.00 
point 3 Rendova-Mauru_Loging_Camp	  157.39881000  -8.51370000  0.00000e+00    -0.30207   -0.52523    0.02268         NaN        NaN        NaN  1.00 
point 3 Rendova-Ugele	  157.39921000  -8.44959000  0.00000e+00    -0.18987   -0.37064    0.02559         NaN        NaN        NaN  1.00 
