#(1)beta (2)kappa (3)data_num (4)slip_num (5)ndf (6)rss [m^2] (7)rms [m] (8)wrrs [m^2] (9)wrms [m] (10)chi2 (11)rchi2 (12)r_1d [cm/km] (13)r_2d [cm/km^2] (14)strain [cm/km]
0.00000e+00  0.00000e+00      117 1200 -1083 5.60665e+00  2.18906e-01   2.79580e+06   1.54582e+02   2.79580e+06   -2.58153e+03  NaN           2.76994e-03   6.83343e-03 
1.00000e+06  1.00000e+03      117 1200 -1083 5.60665e+00  2.18906e-01   2.79580e+06   1.54582e+02   2.79580e+06   -2.58153e+03  NaN           2.76994e-03   6.83343e-03 
4.00000e+06  2.00000e+03      117 1200 -1083 5.60665e+00  2.18906e-01   2.79580e+06   1.54582e+02   2.79580e+06   -2.58153e+03  NaN           2.76994e-03   6.83343e-03 
9.00000e+06  3.00000e+03      117 1200 -1083 5.60665e+00  2.18906e-01   2.79580e+06   1.54582e+02   2.79580e+06   -2.58153e+03  NaN           2.76994e-03   6.83343e-03 
1.60000e+07  4.00000e+03      117 1200 -1083 5.60665e+00  2.18906e-01   2.79580e+06   1.54582e+02   2.79580e+06   -2.58153e+03  NaN           2.76994e-03   6.83343e-03 
2.50000e+07  5.00000e+03      117 1200 -1083 5.60665e+00  2.18906e-01   2.79580e+06   1.54582e+02   2.79580e+06   -2.58153e+03  NaN           2.76994e-03   6.83343e-03 
4.90000e+07  7.00000e+03      117 1200 -1083 5.60665e+00  2.18906e-01   2.79580e+06   1.54582e+02   2.79580e+06   -2.58153e+03  NaN           2.76994e-03   6.83343e-03 
8.10000e+07  9.00000e+03      117 1200 -1083 5.60665e+00  2.18906e-01   2.79580e+06   1.54582e+02   2.79580e+06   -2.58153e+03  NaN           2.76994e-03   6.83343e-03 
1.21000e+08  1.10000e+04      117 1200 -1083 5.60655e+00  2.18905e-01   2.79580e+06   1.54582e+02   2.79580e+06   -2.58153e+03  NaN           2.74170e-03   6.83343e-03 
1.69000e+08  1.30000e+04      117 1200 -1083 5.60637e+00  2.18901e-01   2.79580e+06   1.54582e+02   2.79580e+06   -2.58153e+03  NaN           2.68022e-03   6.83213e-03 
2.25000e+08  1.50000e+04      117 1200 -1083 5.60630e+00  2.18900e-01   2.79580e+06   1.54583e+02   2.79580e+06   -2.58154e+03  NaN           2.51781e-03   6.80724e-03 
4.00000e+08  2.00000e+04      117 1200 -1083 5.60600e+00  2.18894e-01   2.79582e+06   1.54583e+02   2.79582e+06   -2.58155e+03  NaN           2.19000e-03   6.77791e-03 
9.00000e+08  3.00000e+04      117 1200 -1083 5.60534e+00  2.18881e-01   2.79591e+06   1.54585e+02   2.79591e+06   -2.58163e+03  NaN           1.59732e-03   6.81413e-03 
1.60000e+09  4.00000e+04      117 1200 -1083 5.60475e+00  2.18869e-01   2.79612e+06   1.54591e+02   2.79612e+06   -2.58183e+03  NaN           1.21230e-03   7.01525e-03 
2.50000e+09  5.00000e+04      117 1200 -1083 5.60406e+00  2.18856e-01   2.79629e+06   1.54596e+02   2.79629e+06   -2.58199e+03  NaN           9.80350e-04   7.10293e-03 
3.60000e+09  6.00000e+04      117 1200 -1083 5.60302e+00  2.18836e-01   2.79652e+06   1.54602e+02   2.79652e+06   -2.58220e+03  NaN           7.94712e-04   6.99023e-03 
4.90000e+09  7.00000e+04      117 1200 -1083 5.60239e+00  2.18823e-01   2.79671e+06   1.54608e+02   2.79671e+06   -2.58237e+03  NaN           6.76733e-04   6.89324e-03 
6.40000e+09  8.00000e+04      117 1200 -1083 5.60153e+00  2.18807e-01   2.79694e+06   1.54614e+02   2.79694e+06   -2.58258e+03  NaN           5.74375e-04   6.68090e-03 
8.10000e+09  9.00000e+04      117 1200 -1083 5.60072e+00  2.18791e-01   2.79714e+06   1.54619e+02   2.79714e+06   -2.58277e+03  NaN           4.98528e-04   6.43257e-03 
1.00000e+10  1.00000e+05      117 1200 -1083 5.60019e+00  2.18780e-01   2.79731e+06   1.54624e+02   2.79731e+06   -2.58293e+03  NaN           4.46731e-04   6.19010e-03 
