coord   	geo
#data_num	48
#slip_num	184
#ndf     	-136
#rss      	1.56952e-01  [m^2]
#rms      	5.71825e-02  [m]
#wrss   	7.00362e+02  [m^2]
#wrms   	3.81980e+00  [m]
#chi2    	7.00362e+02 
#rchi2   	-5.14972e+00
#r_1d   	NaN          [cm/km]
#r_2d   	NaN          [cm/km^2]
#strain   	NaN          [cm/km]

earth	homogeneous	3.00e+10  	0.2500

kappa   	124000.00000
beta     	15376000000.00000

smooth   	2d
surface  	free

fault 1 name  -73.35380000   -33.00865000 1.2239e+04   1.6475e+04 2.3112e+04   8.38  9.29      0.00000 20.00000 0.00000   0.0000 0.0000  0.0000 20.0000  0.0000 0.0000    1 1
fault 1 name  -73.11190000   -33.01728000 1.6475e+04   2.1902e+04 2.3035e+04   7.58  12.26     0.00000 0.00000  0.00000   0.0000 0.0000  0.0000 20.0000  0.0000 0.0000    1 1
fault 1 name  -72.85640000   -33.03494000 2.1902e+04   2.9678e+04 2.3633e+04   6.38  16.73     0.00000 0.00000  0.00000   0.0000 0.0000  0.0000 20.0000  0.0000 0.0000    1 1
fault 1 name  -72.65604000   -33.04688000 2.9678e+04   3.8690e+04 2.4244e+04   5.14  21.11     0.00000 0.00000  0.00000   0.0000 0.0000  0.0000 20.0000  0.0000 0.0000    1 1
fault 1 name  -72.53428000   -33.05260000 3.8690e+04   4.8460e+04 2.4556e+04   4.16  23.78     0.00000 0.00000  0.00000   0.0000 0.0000  0.0000 20.0000  0.0000 0.0000    1 1
fault 1 name  -72.54636000   -33.05149000 4.8460e+04   5.7622e+04 2.4673e+04   3.24  23.60     0.00000 0.00000  0.00000   0.0000 0.0000  0.0000 20.0000  0.0000 0.0000    1 1
fault 1 name  -72.56474000   -33.04778000 5.7622e+04   6.7296e+04 2.4568e+04   2.82  23.14     0.00000 0.00000  0.00000   0.0000 0.0000  0.0000 20.0000  0.0000 0.0000    1 1
fault 1 name  -72.48054000   -33.07955000 6.7296e+04   7.8587e+04 2.4908e+04   1.18  24.30     0.00000 0.00000  0.00000   0.0000 0.0000  0.0000 20.0000  0.0000 0.0000    1 1
fault 1 name  -73.33593000   -32.85165000 1.1862e+04   1.5882e+04 2.3616e+04   4.13  9.21      0.00000 20.00000 0.00000   0.0000 0.0000  0.0000 20.0000  0.0000 0.0000    1 1
fault 1 name  -73.08693000   -32.85706000 1.5882e+04   2.2010e+04 2.3831e+04   3.75  12.22     0.00000 20.00000 0.00000   0.0000 0.0000  0.0000 20.0000  0.0000 0.0000    1 1
fault 1 name  -72.79112000   -32.86407000 2.2010e+04   3.0115e+04 2.3880e+04   3.00  17.75     0.00000 0.00000  0.00000   0.0000 0.0000  0.0000 20.0000  0.0000 0.0000    1 1
fault 1 name  -72.65528000   -32.85960000 3.0115e+04   3.9097e+04 2.3810e+04   2.57  21.00     0.00000 0.00000  0.00000   0.0000 0.0000  0.0000 20.0000  0.0000 0.0000    1 1
fault 1 name  -72.52189000   -32.86023000 3.9097e+04   4.8776e+04 2.3898e+04   2.11  23.95     0.00000 0.00000  0.00000   0.0000 0.0000  0.0000 20.0000  0.0000 0.0000    1 1
fault 1 name  -72.54564000   -32.85556000 4.8776e+04   5.7826e+04 2.3908e+04   1.74  23.53     0.00000 0.00000  0.00000   0.0000 0.0000  0.0000 20.0000  0.0000 0.0000    1 1
fault 1 name  -72.56292000   -32.86510000 5.7826e+04   6.7416e+04 2.3627e+04   1.01  23.08     0.00000 0.00000  0.00000   0.0000 0.0000  0.0000 20.0000  0.0000 0.0000    1 1
fault 1 name  -72.47928000   -32.86935000 6.7416e+04   7.8678e+04 2.3923e+04   0.59  24.25     0.00000 0.00000  0.00000   0.0000 0.0000  0.0000 20.0000  0.0000 0.0000    1 1
fault 1 name  -73.29226000   -32.69055000 1.1929e+04   1.6129e+04 2.4847e+04   359.76 9.48      0.00000 20.00000 0.00000   0.0000 0.0000  0.0000 20.0000  0.0000 0.0000    1 1
fault 1 name  -73.06296000   -32.69465000 1.6129e+04   2.2223e+04 2.4704e+04   359.31 12.44     0.00000 5.10041  0.00000   0.0000 0.0000  0.0000 20.0000  0.0000 0.0000    1 1
fault 1 name  -72.77516000   -32.69462000 2.2223e+04   3.0223e+04 2.4743e+04   358.85 17.89     0.00000 0.66622  0.00000   0.0000 0.0000  0.0000 20.0000  0.0000 0.0000    1 1
fault 1 name  -72.63585000   -32.70233000 3.0223e+04   3.9070e+04 2.4779e+04   357.97 21.17     0.00000 0.00000  0.00000   0.0000 0.0000  0.0000 20.0000  0.0000 0.0000    1 1
fault 1 name  -72.51166000   -32.71309000 3.9070e+04   4.8598e+04 2.4220e+04   357.23 23.87     0.00000 0.00000  0.00000   0.0000 0.0000  0.0000 20.0000  0.0000 0.0000    1 1
fault 1 name  -72.49444000   -32.72816000 4.8598e+04   5.8107e+04 2.4333e+04   356.67 24.17     0.00000 0.00000  0.00000   0.0000 0.0000  0.0000 20.0000  0.0000 0.0000    1 1
fault 1 name  -72.54991000   -32.74359000 5.8107e+04   6.7914e+04 2.5055e+04   356.73 23.32     0.00000 0.00000  0.00000   0.0000 0.0000  0.0000 20.0000  0.0000 0.0000    1 1
fault 1 name  -72.48217000   -32.78965000 6.7914e+04   7.9013e+04 2.4919e+04   354.96 23.94     0.00000 0.00000  0.00000   0.0000 0.0000  0.0000 20.0000  0.0000 0.0000    1 1
fault 1 name  -73.29188000   -32.46725000 1.1929e+04   1.6127e+04 2.4901e+04   359.75 9.46      0.00000 0.00000  0.00000   0.0000 0.0000  0.0000 20.0000  0.0000 0.0000    1 1
fault 1 name  -73.06439000   -32.47276000 1.6127e+04   2.2220e+04 2.4846e+04   359.29 12.39     0.00000 0.00000  0.00000   0.0000 0.0000  0.0000 20.0000  0.0000 0.0000    1 1
fault 1 name  -72.77875000   -32.47250000 2.2220e+04   3.0292e+04 2.4995e+04   358.82 17.75     0.00000 0.00000  0.00000   0.0000 0.0000  0.0000 20.0000  0.0000 0.0000    1 1
fault 1 name  -72.58211000   -32.47364000 3.0292e+04   3.9757e+04 2.5146e+04   358.38 22.51     0.00000 0.00000  0.00000   0.0000 0.0000  0.0000 20.0000  0.0000 0.0000    1 1
fault 1 name  -72.51863000   -32.50171000 3.9757e+04   5.0240e+04 2.5621e+04   356.79 24.07     0.00000 0.00000  0.00000   0.0000 0.0000  0.0000 20.0000  0.0000 0.0000    1 1
fault 1 name  -72.51733000   -32.51696000 5.0240e+04   5.9220e+04 2.6034e+04   356.39 24.04     0.00000 0.00000  0.00000   0.0000 0.0000  0.0000 20.0000  0.0000 0.0000    1 1
fault 1 name  -72.58402000   -32.53159000 5.9220e+04   6.7614e+04 2.5590e+04   356.27 22.84     0.00000 0.00000  0.00000   0.0000 0.0000  0.0000 20.0000  0.0000 0.0000    1 1
fault 1 name  -72.51139000   -32.52348000 6.7614e+04   7.8665e+04 2.5296e+04   356.78 23.85     0.00000 0.00000  0.00000   0.0000 0.0000  0.0000 20.0000  0.0000 0.0000    1 1
fault 1 name  -73.29204000   -32.24085000 1.1912e+04   1.6055e+04 2.5450e+04   359.98 9.44      0.00000 0.00000  0.00000   0.0000 0.0000  0.0000 20.0000  0.0000 0.0000    1 1
fault 1 name  -73.06751000   -32.24161000 1.6055e+04   2.2059e+04 2.5769e+04   359.96 12.32     0.00000 0.00000  0.00000   0.0000 0.0000  0.0000 20.0000  0.0000 0.0000    1 1
fault 1 name  -72.78574000   -32.23558000 2.2059e+04   3.0024e+04 2.6324e+04   359.95 17.60     0.00000 0.00000  0.00000   0.0000 0.0000  0.0000 20.0000  0.0000 0.0000    1 1
fault 1 name  -72.58798000   -32.22961000 3.0024e+04   3.9394e+04 2.6114e+04   359.96 22.40     0.00000 0.00000  0.00000   0.0000 0.0000  0.0000 20.0000  0.0000 0.0000    1 1
fault 1 name  -72.52775000   -32.22749000 3.9394e+04   4.8845e+04 2.6623e+04   359.96 24.00     0.00000 0.00000  0.00000   0.0000 0.0000  0.0000 20.0000  0.0000 0.0000    1 1
fault 1 name  -72.52480000   -32.22264000 4.8845e+04   5.8284e+04 2.6369e+04   359.96 24.03     0.00000 0.00000  0.00000   0.0000 0.0000  0.0000 20.0000  0.0000 0.0000    1 1
fault 1 name  -72.53008000   -32.22732000 5.8284e+04   6.8224e+04 2.6575e+04   359.82 23.92     0.00000 0.00000  0.00000   0.0000 0.0000  0.0000 20.0000  0.0000 0.0000    1 1
fault 1 name  -72.61475000   -32.23434000 6.8224e+04   7.8681e+04 2.6642e+04   359.34 22.70     0.00000 0.00000  0.00000   0.0000 0.0000  0.0000 20.0000  0.0000 0.0000    1 1
fault 1 name  -73.29136000   -31.95663000 1.2264e+04   1.6645e+04 2.4989e+04   4.80  9.31      0.00000 0.00000  0.00000   0.0000 0.0000  0.0000 20.0000  0.0000 0.0000    1 1
fault 1 name  -73.01001000   -31.94771000 1.6645e+04   2.3243e+04 2.4708e+04   5.65  13.15     0.00000 0.00000  0.00000   0.0000 0.0000  0.0000 20.0000  0.0000 0.0000    1 1
fault 1 name  -72.73579000   -31.93341000 2.3243e+04   3.0581e+04 2.4445e+04   6.22  18.93     0.00000 0.00000  0.00000   0.0000 0.0000  0.0000 20.0000  0.0000 0.0000    1 1
fault 1 name  -72.59026000   -31.92686000 3.0581e+04   4.0956e+04 2.4502e+04   5.83  22.49     0.00000 0.00000  0.00000   0.0000 0.0000  0.0000 20.0000  0.0000 0.0000    1 1
fault 1 name  -72.51345000   -31.90053000 4.0956e+04   4.9482e+04 2.4265e+04   6.21  24.40     0.00000 0.00000  0.00000   0.0000 0.0000  0.0000 20.0000  0.0000 0.0000    1 1
fault 1 name  -72.52948000   -31.88059000 4.9482e+04   5.8700e+04 2.5002e+04   5.98  23.98     0.00000 0.00000  0.00000   0.0000 0.0000  0.0000 20.0000  0.0000 0.0000    1 1
fault 1 name  -72.60425000   -31.82896000 5.8700e+04   6.8645e+04 2.4733e+04   7.05  22.72     0.00000 0.00000  0.00000   0.0000 0.0000  0.0000 20.0000  0.0000 0.0000    1 1
fault 1 name  -72.52568000   -31.80624000 6.8645e+04   7.9596e+04 2.4317e+04   7.05  23.66     0.00000 0.00000  0.00000   0.0000 0.0000  0.0000 20.0000  0.0000 0.0000    1 1
fault 1 name  -73.24052000   -31.69241000 1.2298e+04   1.6761e+04 2.3377e+04   8.52  9.63      0.00000 0.00000  0.00000   0.0000 0.0000  0.0000 20.0000  0.0000 0.0000    1 1
fault 1 name  -72.98207000   -31.69977000 1.6761e+04   2.3384e+04 2.3789e+04   8.06  13.28     0.00000 0.00000  0.00000   0.0000 0.0000  0.0000 20.0000  0.0000 0.0000    1 1
fault 1 name  -72.71026000   -31.70177000 2.3384e+04   3.0749e+04 2.3822e+04   7.41  19.03     0.00000 0.00000  0.00000   0.0000 0.0000  0.0000 20.0000  0.0000 0.0000    1 1
fault 1 name  -72.56381000   -31.69177000 3.0749e+04   4.0188e+04 2.4391e+04   7.18  22.62     0.00000 0.00000  0.00000   0.0000 0.0000  0.0000 20.0000  0.0000 0.0000    1 1
fault 1 name  -72.50284000   -31.67756000 4.0188e+04   5.0605e+04 2.4892e+04   6.60  24.14     0.00000 0.00000  0.00000   0.0000 0.0000  0.0000 20.0000  0.0000 0.0000    1 1
fault 1 name  -72.50647000   -31.63132000 5.0605e+04   5.9750e+04 2.4413e+04   7.38  23.95     0.00000 0.00000  0.00000   0.0000 0.0000  0.0000 20.0000  0.0000 0.0000    1 1
fault 1 name  -72.56437000   -31.62039000 5.9750e+04   6.8821e+04 2.4650e+04   6.54  22.94     0.00000 0.00000  0.00000   0.0000 0.0000  0.0000 20.0000  0.0000 0.0000    1 1
fault 1 name  -72.53560000   -31.60130000 6.8821e+04   7.9557e+04 2.4720e+04   6.37  23.24     0.00000 0.00000  0.00000   0.0000 0.0000  0.0000 20.0000  0.0000 0.0000    1 1
fault 1 name  -73.19941000   -31.52348000 1.2378e+04   1.7025e+04 2.4997e+04   5.12  9.79      0.00000 8.69302  0.00000   0.0000 0.0000  0.0000 20.0000  0.0000 0.0000    1 1
fault 1 name  -72.91590000   -31.51559000 1.7025e+04   2.3728e+04 2.5000e+04   5.83  14.08     0.00000 0.00000  0.00000   0.0000 0.0000  0.0000 20.0000  0.0000 0.0000    1 1
fault 1 name  -72.66326000   -31.51184000 2.3728e+04   3.2188e+04 2.4867e+04   5.41  19.62     0.00000 6.02667  0.00000   0.0000 0.0000  0.0000 20.0000  0.0000 0.0000    1 1
fault 1 name  -72.52740000   -31.48380000 3.2188e+04   4.1630e+04 2.5016e+04   6.46  23.04     0.00000 0.00000  0.00000   0.0000 0.0000  0.0000 20.0000  0.0000 0.0000    1 1
fault 1 name  -72.47382000   -31.45323000 4.1630e+04   5.1128e+04 2.4833e+04   6.76  24.27     0.00000 0.00000  0.00000   0.0000 0.0000  0.0000 20.0000  0.0000 0.0000    1 1
fault 1 name  -72.52066000   -31.41212000 5.1128e+04   5.9934e+04 2.4804e+04   7.14  23.31     0.00000 0.00000  0.00000   0.0000 0.0000  0.0000 20.0000  0.0000 0.0000    1 1
fault 1 name  -72.55804000   -31.35729000 5.9934e+04   6.9071e+04 2.4780e+04   8.29  22.51     0.00000 0.00000  0.00000   0.0000 0.0000  0.0000 20.0000  0.0000 0.0000    1 1
fault 1 name  -72.53767000   -31.32195000 6.9071e+04   7.9551e+04 2.4750e+04   8.46  22.74     0.00000 0.00000  0.00000   0.0000 0.0000  0.0000 20.0000  0.0000 0.0000    1 1
fault 1 name  -73.16727000   -31.25487000 1.2469e+04   1.7326e+04 2.2182e+04   9.13  9.86      0.00000 18.36482 0.00000   0.0000 0.0000  0.0000 20.0000  0.0000 0.0000    1 1
fault 1 name  -72.87090000   -31.26042000 1.7326e+04   2.3404e+04 2.2046e+04   8.97  14.55     0.00000 9.11364  0.00000   0.0000 0.0000  0.0000 20.0000  0.0000 0.0000    1 1
fault 1 name  -72.64637000   -31.25405000 2.3404e+04   3.2022e+04 2.3281e+04   8.81  19.54     0.00000 0.00000  0.00000   0.0000 0.0000  0.0000 20.0000  0.0000 0.0000    1 1
fault 1 name  -72.51896000   -31.22549000 3.2022e+04   4.1324e+04 2.3256e+04   9.25  22.82     0.00000 0.00000  0.00000   0.0000 0.0000  0.0000 20.0000  0.0000 0.0000    1 1
fault 1 name  -72.46362000   -31.19566000 4.1324e+04   5.0819e+04 2.3849e+04   9.10  23.97     0.00000 10.70797 0.00000   0.0000 0.0000  0.0000 20.0000  0.0000 0.0000    1 1
fault 1 name  -72.52238000   -31.14815000 5.0819e+04   5.9738e+04 2.3537e+04   9.20  22.81     0.00000 0.00000  0.00000   0.0000 0.0000  0.0000 20.0000  0.0000 0.0000    1 1
fault 1 name  -72.56167000   -31.09268000 5.9738e+04   6.9499e+04 2.3542e+04   9.97  22.08     0.00000 0.00000  0.00000   0.0000 0.0000  0.0000 20.0000  0.0000 0.0000    1 1
fault 1 name  -72.52788000   -31.04443000 6.9499e+04   7.9783e+04 2.2991e+04   10.43 22.36     0.00000 0.00000  0.00000   0.0000 0.0000  0.0000 20.0000  0.0000 0.0000    1 1
fault 1 name  -73.13134000   -31.15403000 1.2071e+04   1.6782e+04 2.5305e+04   0.39  9.94      0.00000 20.00000 0.00000   0.0000 0.0000  0.0000 20.0000  0.0000 0.0000    1 1
fault 1 name  -72.87996000   -31.14269000 1.6782e+04   2.3966e+04 2.5581e+04   1.24  13.81     0.00000 0.00000  0.00000   0.0000 0.0000  0.0000 20.0000  0.0000 0.0000    1 1
fault 1 name  -72.59985000   -31.11737000 2.3966e+04   3.2738e+04 2.5433e+04   2.02  20.43     0.00000 0.00000  0.00000   0.0000 0.0000  0.0000 20.0000  0.0000 0.0000    1 1
fault 1 name  -72.49790000   -31.09526000 3.2738e+04   4.2347e+04 2.5203e+04   2.77  23.07     0.00000 7.19110  0.00000   0.0000 0.0000  0.0000 20.0000  0.0000 0.0000    1 1
fault 1 name  -72.50123000   -31.05958000 4.2347e+04   5.1273e+04 2.5186e+04   3.56  23.13     0.00000 0.00000  0.00000   0.0000 0.0000  0.0000 20.0000  0.0000 0.0000    1 1
fault 1 name  -72.53735000   -31.02207000 5.1273e+04   6.0173e+04 2.4732e+04   4.60  22.31     0.00000 0.00000  0.00000   0.0000 0.0000  0.0000 20.0000  0.0000 0.0000    1 1
fault 1 name  -72.64478000   -30.97991000 6.0173e+04   6.8690e+04 2.4809e+04   5.33  20.88     0.00000 0.21651  0.00000   0.0000 0.0000  0.0000 20.0000  0.0000 0.0000    1 1
fault 1 name  -72.58972000   -30.92089000 6.8690e+04   7.8484e+04 2.4505e+04   6.97  21.39     0.00000 0.00000  0.00000   0.0000 0.0000  0.0000 20.0000  0.0000 0.0000    1 1
fault 1 name  -73.07810000   -30.88815000 1.2227e+04   1.7309e+04 2.2767e+04   4.20  10.60     0.00000 0.00000  0.00000   0.0000 0.0000  0.0000 20.0000  0.0000 0.0000    1 1
fault 1 name  -72.84920000   -30.88335000 1.7309e+04   2.4742e+04 2.2993e+04   4.09  14.46     0.00000 11.26766 0.00000   0.0000 0.0000  0.0000 20.0000  0.0000 0.0000    1 1
fault 1 name  -72.59608000   -30.86680000 2.4742e+04   3.3681e+04 2.3279e+04   4.13  20.57     0.00000 0.00000  0.00000   0.0000 0.0000  0.0000 20.0000  0.0000 0.0000    1 1
fault 1 name  -72.48958000   -30.85134000 3.3681e+04   4.3344e+04 2.3128e+04   4.17  23.27     0.00000 0.00000  0.00000   0.0000 0.0000  0.0000 20.0000  0.0000 0.0000    1 1
fault 1 name  -72.48223000   -30.82332000 4.3344e+04   5.2647e+04 2.3339e+04   4.21  23.47     0.00000 0.00000  0.00000   0.0000 0.0000  0.0000 20.0000  0.0000 0.0000    1 1
fault 1 name  -72.59138000   -30.79868000 5.2647e+04   6.1128e+04 2.3626e+04   4.38  21.64     0.00000 0.00000  0.00000   0.0000 0.0000  0.0000 20.0000  0.0000 0.0000    1 1
fault 1 name  -72.65860000   -30.78512000 6.1128e+04   6.9596e+04 2.3884e+04   4.11  20.68     0.00000 0.00000  0.00000   0.0000 0.0000  0.0000 20.0000  0.0000 0.0000    1 1
fault 1 name  -72.70305000   -30.76376000 6.9596e+04   7.8804e+04 2.4632e+04   4.32  20.22     0.00000 1.18842  0.00000   0.0000 0.0000  0.0000 20.0000  0.0000 0.0000    1 1
fault 1 name  -73.09503000   -30.76762000 1.2146e+04   1.7079e+04 2.5649e+04   356.10 10.20     0.00000 0.00000  0.00000   0.0000 0.0000  0.0000 20.0000  0.0000 0.0000    1 1
fault 1 name  -72.83237000   -30.75588000 1.7079e+04   2.4575e+04 2.5379e+04   356.54 14.43     0.00000 5.20606  0.00000   0.0000 0.0000  0.0000 20.0000  0.0000 0.0000    1 1
fault 1 name  -72.56163000   -30.72419000 2.4575e+04   3.4032e+04 2.5075e+04   357.62 21.15     0.00000 4.07579  0.00000   0.0000 0.0000  0.0000 20.0000  0.0000 0.0000    1 1
fault 1 name  -72.47270000   -30.71763000 3.4032e+04   4.4130e+04 2.5397e+04   358.13 23.67     0.00000 1.74327  0.00000   0.0000 0.0000  0.0000 20.0000  0.0000 0.0000    1 1
fault 1 name  -72.47836000   -30.67603000 4.4130e+04   5.3395e+04 2.4740e+04   0.22  23.79     0.00000 0.00000  0.00000   0.0000 0.0000  0.0000 20.0000  0.0000 0.0000    1 1
fault 1 name  -72.60964000   -30.67518000 5.3395e+04   6.1872e+04 2.4818e+04   0.11  21.51     0.00000 0.00000  0.00000   0.0000 0.0000  0.0000 20.0000  0.0000 0.0000    1 1
fault 1 name  -72.73043000   -30.63605000 6.1872e+04   7.0026e+04 2.4818e+04   1.42  20.00     0.00000 0.00000  0.00000   0.0000 0.0000  0.0000 20.0000  0.0000 0.0000    1 1
fault 1 name  -72.82397000   -30.58664000 7.0026e+04   7.8683e+04 2.5359e+04   2.58  19.10     0.00000 3.51789  0.00000   0.0000 0.0000  0.0000 20.0000  0.0000 0.0000    1 1
fault 1 name  -73.13006000   -30.49319000 1.2137e+04   1.7288e+04 2.5858e+04   0.24  9.88      0.00000 0.00000  0.00000   0.0000 0.0000  0.0000 20.0000  0.0000 0.0000    1 1
fault 1 name  -72.80187000   -30.48467000 1.7288e+04   2.5188e+04 2.5840e+04   0.75  15.46     0.00000 0.00000  0.00000   0.0000 0.0000  0.0000 20.0000  0.0000 0.0000    1 1
fault 1 name  -72.60662000   -30.46234000 2.5188e+04   3.4554e+04 2.6037e+04   1.18  20.51     0.00000 0.00000  0.00000   0.0000 0.0000  0.0000 20.0000  0.0000 0.0000    1 1
fault 1 name  -72.47598000   -30.44692000 3.4554e+04   4.4856e+04 2.6226e+04   1.60  23.94     0.00000 0.00000  0.00000   0.0000 0.0000  0.0000 20.0000  0.0000 0.0000    1 1
fault 1 name  -72.47716000   -30.43545000 4.4856e+04   5.4379e+04 2.6113e+04   1.37  24.03     0.00000 0.00000  0.00000   0.0000 0.0000  0.0000 20.0000  0.0000 0.0000    1 1
fault 1 name  -72.64416000   -30.42218000 5.4379e+04   6.2679e+04 2.6727e+04   1.45  21.27     0.00000 3.21970  0.00000   0.0000 0.0000  0.0000 20.0000  0.0000 0.0000    1 1
fault 1 name  -72.81546000   -30.37248000 6.2679e+04   7.0541e+04 2.6292e+04   2.73  19.24     0.00000 0.00000  0.00000   0.0000 0.0000  0.0000 20.0000  0.0000 0.0000    1 1
fault 1 name  -72.93707000   -30.30105000 7.0541e+04   7.8736e+04 2.6400e+04   4.08  18.15     0.00000 0.00000  0.00000   0.0000 0.0000  0.0000 20.0000  0.0000 0.0000    1 1
fault 1 name  -73.12733000   -30.21268000 1.2163e+04   1.7415e+04 2.4633e+04   4.69  9.98      0.00000 0.00000  0.00000   0.0000 0.0000  0.0000 20.0000  0.0000 0.0000    1 1
fault 1 name  -72.79589000   -30.20642000 1.7415e+04   2.5555e+04 2.4830e+04   5.50  15.71     0.00000 0.00000  0.00000   0.0000 0.0000  0.0000 20.0000  0.0000 0.0000    1 1
fault 1 name  -72.60591000   -30.16850000 2.5555e+04   3.4987e+04 2.4629e+04   6.84  20.74     0.00000 0.00000  0.00000   0.0000 0.0000  0.0000 20.0000  0.0000 0.0000    1 1
fault 1 name  -72.47418000   -30.13698000 3.4987e+04   4.5336e+04 2.5079e+04   7.64  24.05     0.00000 0.00000  0.00000   0.0000 0.0000  0.0000 20.0000  0.0000 0.0000    1 1
fault 1 name  -72.48626000   -30.07021000 4.5336e+04   5.4798e+04 2.4852e+04   9.44  23.74     0.00000 0.00000  0.00000   0.0000 0.0000  0.0000 20.0000  0.0000 0.0000    1 1
fault 1 name  -72.69370000   -29.98687000 5.4798e+04   6.3018e+04 2.5093e+04   9.84  20.41     0.00000 0.00000  0.00000   0.0000 0.0000  0.0000 20.0000  0.0000 0.0000    1 1
fault 1 name  -72.80057000   -29.90655000 6.3018e+04   7.0658e+04 2.4949e+04   10.77 19.05     0.00000 0.00000  0.00000   0.0000 0.0000  0.0000 20.0000  0.0000 0.0000    1 1
fault 1 name  -72.96630000   -29.75614000 7.0658e+04   7.8508e+04 2.4831e+04   12.70 17.43     0.00000 0.00000  0.00000   0.0000 0.0000  0.0000 20.0000  0.0000 0.0000    1 1
fault 1 name  -73.07839000   -29.98854000 1.2354e+04   1.7839e+04 2.4155e+04   5.20  10.50     0.00000 0.00000  0.00000   0.0000 0.0000  0.0000 20.0000  0.0000 0.0000    1 1
fault 1 name  -72.77407000   -29.97057000 1.7839e+04   2.5980e+04 2.4325e+04   6.83  15.94     0.00000 0.00000  0.00000   0.0000 0.0000  0.0000 20.0000  0.0000 0.0000    1 1
fault 1 name  -72.56845000   -29.93419000 2.5980e+04   3.5643e+04 2.4063e+04   8.25  21.18     0.00000 0.00000  0.00000   0.0000 0.0000  0.0000 20.0000  0.0000 0.0000    1 1
fault 1 name  -72.46508000   -29.87292000 3.5643e+04   4.5798e+04 2.4117e+04   10.52 23.66     0.00000 0.00000  0.00000   0.0000 0.0000  0.0000 20.0000  0.0000 0.0000    1 1
fault 1 name  -72.47729000   -29.79113000 4.5798e+04   5.4970e+04 2.3871e+04   12.55 23.13     0.00000 0.00000  0.00000   0.0000 0.0000  0.0000 20.0000  0.0000 0.0000    1 1
fault 1 name  -72.63362000   -29.65190000 5.4970e+04   6.3108e+04 2.5845e+04   14.67 20.30     0.00000 0.00000  0.00000   0.0000 0.0000  0.0000 20.0000  0.0000 0.0000    1 1
fault 1 name  -72.70148000   -29.54452000 6.3108e+04   7.0866e+04 2.6339e+04   15.93 19.14     0.00000 0.00000  0.00000   0.0000 0.0000  0.0000 20.0000  0.0000 0.0000    1 1
fault 1 name  -72.84260000   -29.38923000 7.0866e+04   7.8798e+04 2.6757e+04   17.20 17.60     0.00000 7.89666  0.00000   0.0000 0.0000  0.0000 20.0000  0.0000 0.0000    1 1
fault 1 name  -73.05253000   -29.77057000 1.2376e+04   1.8068e+04 2.4838e+04   5.37  10.52     0.00000 0.00000  0.00000   0.0000 0.0000  0.0000 20.0000  0.0000 0.0000    1 1
fault 1 name  -72.75543000   -29.74263000 1.8068e+04   2.6012e+04 2.4689e+04   7.75  15.81     0.00000 0.00000  0.00000   0.0000 0.0000  0.0000 20.0000  0.0000 0.0000    1 1
fault 1 name  -72.55592000   -29.69547000 2.6012e+04   3.5567e+04 2.4353e+04   10.15 20.37     0.00000 0.00000  0.00000   0.0000 0.0000  0.0000 20.0000  0.0000 0.0000    1 1
fault 1 name  -72.45345000   -29.61530000 3.5567e+04   4.5314e+04 2.3641e+04   13.31 22.53     0.00000 0.00000  0.00000   0.0000 0.0000  0.0000 20.0000  0.0000 0.0000    1 1
fault 1 name  -72.43704000   -29.51635000 4.5314e+04   5.4065e+04 2.4845e+04   16.02 22.27     0.00000 0.57626  0.00000   0.0000 0.0000  0.0000 20.0000  0.0000 0.0000    1 1
fault 1 name  -72.49320000   -29.34582000 5.4065e+04   6.2584e+04 2.2301e+04   18.80 20.43     0.00000 0.00000  0.00000   0.0000 0.0000  0.0000 20.0000  0.0000 0.0000    1 1
fault 1 name  -72.45222000   -29.22657000 6.2584e+04   7.0708e+04 2.2074e+04   20.76 20.23     0.00000 0.00000  0.00000   0.0000 0.0000  0.0000 20.0000  0.0000 0.0000    1 1
fault 1 name  -72.54340000   -29.02907000 7.0708e+04   7.9141e+04 2.1911e+04   22.72 18.64     0.00000 0.00000  0.00000   0.0000 0.0000  0.0000 20.0000  0.0000 0.0000    1 1
fault 1 name  -73.02185000   -29.49795000 1.2480e+04   1.8314e+04 2.3551e+04   10.10 10.41     0.00000 0.00000  0.00000   0.0000 0.0000  0.0000 20.0000  0.0000 0.0000    1 1
fault 1 name  -72.73008000   -29.47657000 1.8314e+04   2.6130e+04 2.3186e+04   12.00 15.40     0.00000 0.00000  0.00000   0.0000 0.0000  0.0000 20.0000  0.0000 0.0000    1 1
fault 1 name  -72.55536000   -29.42235000 2.6130e+04   3.5084e+04 2.2472e+04   14.26 18.90     0.00000 0.00000  0.00000   0.0000 0.0000  0.0000 20.0000  0.0000 0.0000    1 1
fault 1 name  -72.42553000   -29.35108000 3.5084e+04   4.3178e+04 2.3756e+04   16.75 21.13     0.00000 0.00000  0.00000   0.0000 0.0000  0.0000 20.0000  0.0000 0.0000    1 1
fault 1 name  -72.37764000   -29.25161000 4.3178e+04   5.2858e+04 2.1737e+04   18.59 21.14     0.00000 3.67251  0.00000   0.0000 0.0000  0.0000 20.0000  0.0000 0.0000    1 1
fault 1 name  -72.30669000   -29.15422000 5.2858e+04   6.1008e+04 2.0075e+04   20.33 21.26     0.00000 0.00000  0.00000   0.0000 0.0000  0.0000 20.0000  0.0000 0.0000    1 1
fault 1 name  -72.28253000   -29.05938000 6.1008e+04   6.9467e+04 2.1265e+04   21.21 20.96     0.00000 0.00000  0.00000   0.0000 0.0000  0.0000 20.0000  0.0000 0.0000    1 1
fault 1 name  -72.40568000   -28.88119000 6.9467e+04   7.8068e+04 2.0836e+04   22.28 18.99     0.00000 0.00000  0.00000   0.0000 0.0000  0.0000 20.0000  0.0000 0.0000    1 1
fault 1 name  -72.97540000   -29.29360000 1.2469e+04   1.8243e+04 2.4445e+04   9.73  10.46     0.00000 0.00000  0.00000   0.0000 0.0000  0.0000 20.0000  0.0000 0.0000    1 1
fault 1 name  -72.72699000   -29.27081000 1.8243e+04   2.5491e+04 2.3823e+04   11.33 14.43     0.00000 0.00000  0.00000   0.0000 0.0000  0.0000 20.0000  0.0000 0.0000    1 1
fault 1 name  -72.55122000   -29.22256000 2.5491e+04   3.2821e+04 2.2926e+04   13.58 17.39     0.00000 0.00000  0.00000   0.0000 0.0000  0.0000 20.0000  0.0000 0.0000    1 1
fault 1 name  -72.42017000   -29.14718000 3.2821e+04   4.1571e+04 2.0545e+04   15.67 19.28     0.00000 0.00000  0.00000   0.0000 0.0000  0.0000 20.0000  0.0000 0.0000    1 1
fault 1 name  -72.33458000   -29.08250000 4.1571e+04   5.0440e+04 2.1354e+04   17.21 20.12     0.00000 0.00000  0.00000   0.0000 0.0000  0.0000 20.0000  0.0000 0.0000    1 1
fault 1 name  -72.20619000   -29.05402000 5.0440e+04   5.9830e+04 2.1141e+04   17.61 21.46     0.00000 0.00000  0.00000   0.0000 0.0000  0.0000 20.0000  0.0000 0.0000    1 1
fault 1 name  -72.20925000   -29.00162000 5.9830e+04   6.9920e+04 2.0436e+04   16.47 21.04     0.00000 0.00000  0.00000   0.0000 0.0000  0.0000 20.0000  0.0000 0.0000    1 1
fault 1 name  -72.34391000   -28.82780000 6.9920e+04   7.8587e+04 2.1319e+04   18.52 19.12     0.00000 0.00000  0.00000   0.0000 0.0000  0.0000 20.0000  0.0000 0.0000    1 1
fault 1 name  -72.89151000   -29.04152000 1.2529e+04   1.8180e+04 2.3026e+04   13.74 10.94     0.00000 0.00000  0.00000   0.0000 0.0000  0.0000 20.0000  0.0000 0.0000    1 1
fault 1 name  -72.71950000   -29.02106000 1.8180e+04   2.4973e+04 2.2608e+04   13.94 13.47     0.00000 0.00000  0.00000   0.0000 0.0000  0.0000 20.0000  0.0000 0.0000    1 1
fault 1 name  -72.56319000   -28.99515000 2.4973e+04   3.2664e+04 2.1752e+04   14.40 15.78     0.00000 0.00000  0.00000   0.0000 0.0000  0.0000 20.0000  0.0000 0.0000    1 1
fault 1 name  -72.41675000   -28.96640000 3.2664e+04   4.0146e+04 2.1130e+04   15.01 17.81     0.00000 0.00000  0.00000   0.0000 0.0000  0.0000 20.0000  0.0000 0.0000    1 1
fault 1 name  -72.30286000   -28.96389000 4.0146e+04   4.9239e+04 1.9442e+04   13.24 19.20     0.00000 5.03864  0.00000   0.0000 0.0000  0.0000 20.0000  0.0000 0.0000    1 1
fault 1 name  -72.12852000   -28.98803000 4.9239e+04   5.9999e+04 1.9905e+04   12.10 21.57     0.00000 0.00000  0.00000   0.0000 0.0000  0.0000 20.0000  0.0000 0.0000    1 1
fault 1 name  -72.11255000   -28.94346000 5.9999e+04   6.9336e+04 2.1286e+04   12.11 21.57     0.00000 0.00000  0.00000   0.0000 0.0000  0.0000 20.0000  0.0000 0.0000    1 1
fault 1 name  -72.32345000   -28.86664000 6.9336e+04   7.8023e+04 2.1221e+04   11.35 19.16     0.00000 0.00000  0.00000   0.0000 0.0000  0.0000 20.0000  0.0000 0.0000    1 1
fault 1 name  -72.84492000   -28.85761000 1.2554e+04   1.8150e+04 2.3892e+04   11.84 10.84     0.00000 0.00000  0.00000   0.0000 0.0000  0.0000 20.0000  0.0000 0.0000    1 1
fault 1 name  -72.68872000   -28.85740000 1.8150e+04   2.4575e+04 2.3474e+04   10.75 13.15     0.00000 0.00000  0.00000   0.0000 0.0000  0.0000 20.0000  0.0000 0.0000    1 1
fault 1 name  -72.57821000   -28.87425000 2.4575e+04   3.1894e+04 2.3605e+04   8.76  14.66     0.00000 0.00000  0.00000   0.0000 0.0000  0.0000 20.0000  0.0000 0.0000    1 1
fault 1 name  -72.44347000   -28.89351000 3.1894e+04   4.0038e+04 2.3408e+04   7.46  16.51     0.00000 0.00000  0.00000   0.0000 0.0000  0.0000 20.0000  0.0000 0.0000    1 1
fault 1 name  -72.27359000   -28.94078000 4.0038e+04   4.9473e+04 2.3652e+04   5.32  18.82     0.00000 0.00000  0.00000   0.0000 0.0000  0.0000 20.0000  0.0000 0.0000    1 1
fault 1 name  -72.09362000   -28.97730000 4.9473e+04   5.9383e+04 2.3859e+04   3.92  21.43     0.00000 0.00000  0.00000   0.0000 0.0000  0.0000 20.0000  0.0000 0.0000    1 1
fault 1 name  -72.08035000   -29.01053000 5.9383e+04   6.8915e+04 2.4263e+04   1.42  21.51     0.00000 0.00000  0.00000   0.0000 0.0000  0.0000 20.0000  0.0000 0.0000    1 1
fault 1 name  -72.25624000   -29.04433000 6.8915e+04   7.7792e+04 2.3368e+04   359.69 19.55     0.00000 0.00000  0.00000   0.0000 0.0000  0.0000 20.0000  0.0000 0.0000    1 1
fault 1 name  -72.75582000   -28.63450000 1.2618e+04   1.8115e+04 2.3423e+04   13.78 11.39     0.00000 0.00000  0.00000   0.0000 0.0000  0.0000 20.0000  0.0000 0.0000    1 1
fault 1 name  -72.64444000   -28.64351000 1.8115e+04   2.4459e+04 2.3592e+04   11.21 13.05     0.00000 0.00000  0.00000   0.0000 0.0000  0.0000 20.0000  0.0000 0.0000    1 1
fault 1 name  -72.53152000   -28.66043000 2.4459e+04   3.1550e+04 2.3714e+04   9.09  14.70     0.00000 0.00000  0.00000   0.0000 0.0000  0.0000 20.0000  0.0000 0.0000    1 1
fault 1 name  -72.39125000   -28.70033000 3.1550e+04   3.9559e+04 2.3822e+04   6.67  16.68     0.00000 0.00000  0.00000   0.0000 0.0000  0.0000 20.0000  0.0000 0.0000    1 1
fault 1 name  -72.22663000   -28.75354000 3.9559e+04   4.9203e+04 2.4241e+04   4.08  19.01     0.00000 0.00000  0.00000   0.0000 0.0000  0.0000 20.0000  0.0000 0.0000    1 1
fault 1 name  -72.05760000   -28.82211000 4.9203e+04   5.8999e+04 2.4478e+04   0.96  21.70     0.00000 0.00000  0.00000   0.0000 0.0000  0.0000 20.0000  0.0000 0.0000    1 1
fault 1 name  -71.99321000   -28.85712000 5.8999e+04   6.8944e+04 2.3748e+04   358.65 22.47     0.00000 0.00000  0.00000   0.0000 0.0000  0.0000 20.0000  0.0000 0.0000    1 1
fault 1 name  -72.15596000   -28.95523000 6.8944e+04   7.8289e+04 2.3605e+04   355.54 20.50     0.00000 0.00000  0.00000   0.0000 0.0000  0.0000 20.0000  0.0000 0.0000    1 1
fault 1 name  -72.66403000   -28.43943000 1.2619e+04   1.8160e+04 2.2612e+04   13.53 12.19     0.00000 0.00000  0.00000   0.0000 0.0000  0.0000 20.0000  0.0000 0.0000    1 1
fault 1 name  -72.57830000   -28.44369000 1.8160e+04   2.4577e+04 2.3144e+04   10.79 13.54     0.00000 0.00000  0.00000   0.0000 0.0000  0.0000 20.0000  0.0000 0.0000    1 1
fault 1 name  -72.46298000   -28.47775000 2.4577e+04   3.1592e+04 2.3723e+04   7.43  15.43     0.00000 0.00000  0.00000   0.0000 0.0000  0.0000 20.0000  0.0000 0.0000    1 1
fault 1 name  -72.39183000   -28.52505000 3.1592e+04   3.9564e+04 2.4229e+04   4.26  16.45     0.00000 0.00000  0.00000   0.0000 0.0000  0.0000 20.0000  0.0000 0.0000    1 1
fault 1 name  -72.14795000   -28.58627000 3.9564e+04   4.8894e+04 2.5091e+04   1.38  20.13     0.00000 0.00000  0.00000   0.0000 0.0000  0.0000 20.0000  0.0000 0.0000    1 1
fault 1 name  -71.98001000   -28.64394000 4.8894e+04   5.8982e+04 2.5384e+04   358.76 22.85     0.00000 0.00000  0.00000   0.0000 0.0000  0.0000 20.0000  0.0000 0.0000    1 1
fault 1 name  -71.95216000   -28.71166000 5.8982e+04   6.8602e+04 2.4985e+04   355.50 23.14     0.00000 0.00000  0.00000   0.0000 0.0000  0.0000 20.0000  0.0000 0.0000    1 1
fault 1 name  -72.05633000   -28.83068000 6.8602e+04   7.8468e+04 2.5011e+04   352.13 21.54     0.00000 0.00000  0.00000   0.0000 0.0000  0.0000 20.0000  0.0000 0.0000    1 1
fault 1 name  -72.58204000   -28.28976000 1.2755e+04   1.8381e+04 2.5000e+04   8.75  12.94     0.00000 0.00000  0.00000   0.0000 0.0000  0.0000 20.0000  0.0000 0.0000    1 1
fault 1 name  -72.50725000   -28.28197000 1.8381e+04   2.4852e+04 2.5000e+04   7.45  14.22     0.00000 0.00000  0.00000   0.0000 0.0000  0.0000 20.0000  0.0000 0.0000    1 1
fault 1 name  -72.41332000   -28.29483000 2.4852e+04   3.1802e+04 2.5000e+04   5.50  15.86     0.00000 0.00000  0.00000   0.0000 0.0000  0.0000 20.0000  0.0000 0.0000    1 1
fault 1 name  -72.29895000   -28.32343000 3.1802e+04   3.9895e+04 2.5000e+04   3.60  17.61     0.00000 0.00000  0.00000   0.0000 0.0000  0.0000 20.0000  0.0000 0.0000    1 1
fault 1 name  -72.14478000   -28.34796000 3.9895e+04   4.8873e+04 2.5000e+04   2.12  20.16     0.00000 0.53968  0.00000   0.0000 0.0000  0.0000 20.0000  0.0000 0.0000    1 1
fault 1 name  -71.93334000   -28.38393000 4.8873e+04   5.9205e+04 2.5000e+04   0.56  23.70     0.00000 0.00000  0.00000   0.0000 0.0000  0.0000 20.0000  0.0000 0.0000    1 1
fault 1 name  -71.90057000   -28.43211000 5.9205e+04   6.8865e+04 2.5000e+04   357.99 24.29     0.00000 0.00000  0.00000   0.0000 0.0000  0.0000 20.0000  0.0000 0.0000    1 1
fault 1 name  -72.06433000   -28.48189000 6.8865e+04   7.8970e+04 2.5000e+04   356.71 22.01     0.00000 7.69483  0.00000   0.0000 0.0000  0.0000 20.0000  0.0000 0.0000    1 1
point 3 TOLO	  -70.80605200 -30.16989200  0.00000e+00    -0.30884   -0.10271    0.10001         NaN        NaN        NaN  1.00 
point 3 PEDR	  -70.68912800 -30.83896400  0.00000e+00    -0.54842   -0.10667   -0.04058         NaN        NaN        NaN  1.00 
point 3 CMBA	  -70.99896700 -31.18819700  0.00000e+00    -0.83578    0.01516   -0.22547         NaN        NaN        NaN  1.00 
point 3 LVIL	  -71.51400000 -31.90920000  0.00000e+00    -0.47676    0.06951   -0.12317         NaN        NaN        NaN  1.00 
point 3 VALL	  -70.76438800 -28.57200000  0.00000e+00    -0.06818   -0.00899    0.08484         NaN        NaN        NaN  1.00 
point 3 CMPN	  -70.68582300 -29.02820400  0.00000e+00    -0.08148   -0.01280    0.00754         NaN        NaN        NaN  1.00 
point 3 LSCH	  -71.24603900 -29.90819200  0.00000e+00    -0.21335   -0.08224    0.12360         NaN        NaN        NaN  1.00 
point 3 JUNT	  -70.09360200 -29.97660500  0.00000e+00    -0.21610   -0.03611   -0.08489         NaN        NaN        NaN  1.00 
point 3 BTON	  -71.48720500 -30.26322500  0.00000e+00    -0.41588   -0.19242    0.00615         NaN        NaN        NaN  1.00 
point 3 OVLL	  -71.20389100 -30.60375400  0.00000e+00    -0.78044   -0.20189   -0.06336         NaN        NaN        NaN  1.00 
point 3 PFRJ	  -71.63540000 -30.67475000  0.00000e+00    -1.41855   -0.23154   -0.28869         NaN        NaN        NaN  1.00 
point 3 EMAT	  -71.66266100 -31.14667600  0.00000e+00    -2.16389   -0.05175    0.21693         NaN        NaN        NaN  1.00 
point 3 CMBA	  -70.99896700 -31.18819700  0.00000e+00    -0.83578    0.01516   -0.22547         NaN        NaN        NaN  1.00 
point 3 CNBA	  -71.45790000 -31.39820000  0.00000e+00    -1.28346   -0.01440    0.03372         NaN        NaN        NaN  1.00 
point 3 SLMC	  -70.96277700 -31.77694400  0.00000e+00    -0.48251    0.12716   -0.10202         NaN        NaN        NaN  1.00 
point 3 LVIL	  -71.51400000 -31.90920000  0.00000e+00    -0.47676    0.06951   -0.12317         NaN        NaN        NaN  1.00 
