#(1)beta (2)kappa (3)data_num (4)slip_num (5)ndf (6)rss [m^2] (7)rms [m] (8)wrrs [m^2] (9)wrms [m] (10)chi2 (11)rchi2 (12)r_1d [cm/km] (13)r_2d [cm/km^2] (14)strain [cm/km]
5.37773e+09  7.33330e+04      48 184 -136 1.56952e-01  5.71825e-02   7.00362e+02   3.81980e+00   7.00362e+02   -5.14972e+00  NaN           NaN           NaN         
1.00000e+08  1.00000e+04      48 184 -136 1.56952e-01  5.71825e-02   7.00362e+02   3.81980e+00   7.00362e+02   -5.14972e+00  NaN           NaN           NaN         
2.17562e+08  1.47500e+04      48 184 -136 1.56952e-01  5.71825e-02   7.00362e+02   3.81980e+00   7.00362e+02   -5.14972e+00  NaN           NaN           NaN         
3.80250e+08  1.95000e+04      48 184 -136 1.56952e-01  5.71825e-02   7.00362e+02   3.81980e+00   7.00362e+02   -5.14972e+00  NaN           NaN           NaN         
5.88062e+08  2.42500e+04      48 184 -136 1.56952e-01  5.71825e-02   7.00362e+02   3.81980e+00   7.00362e+02   -5.14972e+00  NaN           NaN           NaN         
8.41000e+08  2.90000e+04      48 184 -136 1.56952e-01  5.71825e-02   7.00362e+02   3.81980e+00   7.00362e+02   -5.14972e+00  NaN           NaN           NaN         
1.13906e+09  3.37500e+04      48 184 -136 1.56952e-01  5.71825e-02   7.00362e+02   3.81980e+00   7.00362e+02   -5.14972e+00  NaN           NaN           NaN         
1.48225e+09  3.85000e+04      48 184 -136 1.56952e-01  5.71825e-02   7.00362e+02   3.81980e+00   7.00362e+02   -5.14972e+00  NaN           NaN           NaN         
1.87056e+09  4.32500e+04      48 184 -136 1.56952e-01  5.71825e-02   7.00362e+02   3.81980e+00   7.00362e+02   -5.14972e+00  NaN           NaN           NaN         
2.30400e+09  4.80000e+04      48 184 -136 1.56952e-01  5.71825e-02   7.00362e+02   3.81980e+00   7.00362e+02   -5.14972e+00  NaN           NaN           NaN         
2.78256e+09  5.27500e+04      48 184 -136 1.56952e-01  5.71825e-02   7.00362e+02   3.81980e+00   7.00362e+02   -5.14972e+00  NaN           NaN           NaN         
3.30625e+09  5.75000e+04      48 184 -136 1.56952e-01  5.71825e-02   7.00362e+02   3.81980e+00   7.00362e+02   -5.14972e+00  NaN           NaN           NaN         
3.87506e+09  6.22500e+04      48 184 -136 1.56952e-01  5.71825e-02   7.00362e+02   3.81980e+00   7.00362e+02   -5.14972e+00  NaN           NaN           NaN         
4.48900e+09  6.70000e+04      48 184 -136 1.56952e-01  5.71825e-02   7.00362e+02   3.81980e+00   7.00362e+02   -5.14972e+00  NaN           NaN           NaN         
5.14806e+09  7.17500e+04      48 184 -136 1.56952e-01  5.71825e-02   7.00362e+02   3.81980e+00   7.00362e+02   -5.14972e+00  NaN           NaN           NaN         
5.85225e+09  7.65000e+04      48 184 -136 1.56952e-01  5.71825e-02   7.00362e+02   3.81980e+00   7.00362e+02   -5.14972e+00  NaN           NaN           NaN         
6.60156e+09  8.12500e+04      48 184 -136 1.56952e-01  5.71825e-02   7.00362e+02   3.81980e+00   7.00362e+02   -5.14972e+00  NaN           NaN           NaN         
7.39600e+09  8.60000e+04      48 184 -136 1.56952e-01  5.71825e-02   7.00362e+02   3.81980e+00   7.00362e+02   -5.14972e+00  NaN           NaN           NaN         
8.23556e+09  9.07500e+04      48 184 -136 1.56952e-01  5.71825e-02   7.00362e+02   3.81980e+00   7.00362e+02   -5.14972e+00  NaN           NaN           NaN         
9.12025e+09  9.55000e+04      48 184 -136 1.56952e-01  5.71825e-02   7.00362e+02   3.81980e+00   7.00362e+02   -5.14972e+00  NaN           NaN           NaN         
1.00501e+10  1.00250e+05      48 184 -136 1.56952e-01  5.71825e-02   7.00362e+02   3.81980e+00   7.00362e+02   -5.14972e+00  NaN           NaN           NaN         
1.10250e+10  1.05000e+05      48 184 -136 1.56952e-01  5.71825e-02   7.00362e+02   3.81980e+00   7.00362e+02   -5.14972e+00  NaN           NaN           NaN         
1.20451e+10  1.09750e+05      48 184 -136 1.56952e-01  5.71825e-02   7.00362e+02   3.81980e+00   7.00362e+02   -5.14972e+00  NaN           NaN           NaN         
1.31102e+10  1.14500e+05      48 184 -136 1.56952e-01  5.71825e-02   7.00362e+02   3.81980e+00   7.00362e+02   -5.14972e+00  NaN           NaN           NaN         
1.42206e+10  1.19250e+05      48 184 -136 1.56952e-01  5.71825e-02   7.00362e+02   3.81980e+00   7.00362e+02   -5.14972e+00  NaN           NaN           NaN         
1.53760e+10  1.24000e+05      48 184 -136 1.56952e-01  5.71825e-02   7.00362e+02   3.81980e+00   7.00362e+02   -5.14972e+00  NaN           NaN           NaN         
1.65766e+10  1.28750e+05      48 184 -136 1.56952e-01  5.71825e-02   7.00362e+02   3.81980e+00   7.00362e+02   -5.14972e+00  NaN           NaN           NaN         
1.78222e+10  1.33500e+05      48 184 -136 1.56952e-01  5.71825e-02   7.00362e+02   3.81980e+00   7.00362e+02   -5.14972e+00  NaN           NaN           NaN         
1.91131e+10  1.38250e+05      48 184 -136 1.56952e-01  5.71825e-02   7.00362e+02   3.81980e+00   7.00362e+02   -5.14972e+00  NaN           NaN           NaN         
2.04490e+10  1.43000e+05      48 184 -136 1.56952e-01  5.71825e-02   7.00362e+02   3.81980e+00   7.00362e+02   -5.14972e+00  NaN           NaN           NaN         
2.18301e+10  1.47750e+05      48 184 -136 1.56952e-01  5.71825e-02   7.00362e+02   3.81980e+00   7.00362e+02   -5.14972e+00  NaN           NaN           NaN         
2.32562e+10  1.52500e+05      48 184 -136 1.56952e-01  5.71825e-02   7.00362e+02   3.81980e+00   7.00362e+02   -5.14972e+00  NaN           NaN           NaN         
2.47276e+10  1.57250e+05      48 184 -136 1.56952e-01  5.71825e-02   7.00362e+02   3.81980e+00   7.00362e+02   -5.14972e+00  NaN           NaN           NaN         
2.62440e+10  1.62000e+05      48 184 -136 1.56952e-01  5.71825e-02   7.00362e+02   3.81980e+00   7.00362e+02   -5.14972e+00  NaN           NaN           NaN         
2.78056e+10  1.66750e+05      48 184 -136 1.56952e-01  5.71825e-02   7.00362e+02   3.81980e+00   7.00362e+02   -5.14972e+00  NaN           NaN           NaN         
2.94122e+10  1.71500e+05      48 184 -136 1.56952e-01  5.71825e-02   7.00362e+02   3.81980e+00   7.00362e+02   -5.14972e+00  NaN           NaN           NaN         
3.10641e+10  1.76250e+05      48 184 -136 1.56952e-01  5.71825e-02   7.00362e+02   3.81980e+00   7.00362e+02   -5.14972e+00  NaN           NaN           NaN         
3.27610e+10  1.81000e+05      48 184 -136 1.56952e-01  5.71825e-02   7.00362e+02   3.81980e+00   7.00362e+02   -5.14972e+00  NaN           NaN           NaN         
3.45031e+10  1.85750e+05      48 184 -136 1.56952e-01  5.71825e-02   7.00362e+02   3.81980e+00   7.00362e+02   -5.14972e+00  NaN           NaN           NaN         
3.62902e+10  1.90500e+05      48 184 -136 1.56952e-01  5.71825e-02   7.00362e+02   3.81980e+00   7.00362e+02   -5.14972e+00  NaN           NaN           NaN         
3.81226e+10  1.95250e+05      48 184 -136 1.56952e-01  5.71825e-02   7.00362e+02   3.81980e+00   7.00362e+02   -5.14972e+00  NaN           NaN           NaN         
4.00000e+10  2.00000e+05      48 184 -136 1.56952e-01  5.71825e-02   7.00362e+02   3.81980e+00   7.00362e+02   -5.14972e+00  NaN           NaN           NaN         
