#(1)pnt (2)lon (3)lat (4)elev (5)obs_e[m] (6)obs_n[m] (7)obs_u[m] (8)err_e[m] (9)err_n[m] (10)err_u[m] (11)wgt (12)pred_e[m] (13)pred_n[m] (14)pred_u[m] (15)Res_e  (16)Res_n (17)Res_u 
pnt      -85.26120    10.54135       123.46        0.01172      0.01182     -0.00354       0.00100     0.00100     0.00200    1.000        0.01146      0.01164     -0.00256   0.3673   0.3729   0.3316 
pnt      -85.44845    10.38341       118.18        0.01307      0.01415     -0.00939       0.00100     0.00100     0.00200    1.000        0.01348      0.01398     -0.00794   0.4310   0.4944   0.3743 
pnt      -85.20694     9.74376        21.40        0.01679      0.01555     -0.01130       0.00100     0.00100     0.00200    1.000        0.01678      0.01554     -0.01127   0.8834   0.9110   0.8269 
pnt      -85.77610    10.24913        90.32        0.01681      0.01674     -0.00718       0.00100     0.00100     0.00200    1.000        0.01722      0.01681     -0.00794   0.4718   0.4896   0.3495 
pnt      -85.63366    11.05427       267.23        0.00720      0.00753     -0.00062       0.00100     0.00100     0.00200    1.000        0.00666      0.00786     -0.00075   0.4667   0.4354   0.4569 
pnt      -85.61063    10.27176        82.04        0.01756      0.01524     -0.00942       0.00100     0.00100     0.00200    1.000        0.01746      0.01559     -0.00893   0.5718   0.4952   0.4193 
pnt      -85.65303    10.56222       122.36        0.01391      0.01225     -0.00583       0.00100     0.00100     0.00200    1.000        0.01396      0.01227     -0.00626   0.7815   0.6830   0.5584 
pnt      -85.44974    10.14003       135.44        0.01544      0.01497     -0.01101       0.00100     0.00100     0.00200    1.000        0.01525      0.01553     -0.01040   0.4322   0.4489   0.3356 
pnt      -85.65854     9.92306        31.18        0.02044      0.01931     -0.00838       0.00100     0.00100     0.00200    1.000        0.02052      0.01931     -0.00849   0.7889   0.8174   0.6083 
pnt      -85.38236    10.07947       240.97        0.01522      0.01636     -0.00803       0.00100     0.00100     0.00200    1.000        0.01489      0.01612     -0.00951   0.4375   0.4975   0.3499 
pnt      -85.13598     9.97506        61.45        0.01482      0.01500     -0.00677       0.00100     0.00100     0.00200    1.000        0.01505      0.01481     -0.00707   0.4226   0.4193   0.3158 
pnt      -85.18684     9.93653       276.88        0.01557      0.01507     -0.00736       0.00100     0.00100     0.00200    1.000        0.01550      0.01515     -0.00744   0.4314   0.4734   0.3459 
pnt      -85.81290    10.35527        77.80        0.01590      0.01679     -0.00929       0.00100     0.00100     0.00200    1.000        0.01574      0.01672     -0.00887   0.7660   0.7141   0.5176 
pnt      -85.22031    10.24149        40.19        0.01404      0.01323     -0.00403       0.00100     0.00100     0.00200    1.000        0.01382      0.01338     -0.00475   0.5180   0.4905   0.4067 
pnt      -84.95509     9.83221        80.31        0.01304      0.01401     -0.00686       0.00100     0.00100     0.00200    1.000        0.01307      0.01400     -0.00663   0.8110   0.8601   0.5470 
pnt      -85.56905    10.84738       155.79        0.00889      0.01073     -0.00232       0.00100     0.00100     0.00200    1.000        0.00928      0.01054     -0.00255   0.5335   0.4929   0.4337 
pnt      -85.54876     9.88917        45.57        0.01954      0.01872     -0.01143       0.00100     0.00100     0.00200    1.000        0.01957      0.01872     -0.01130   0.7578   0.8512   0.7195 
pnt      -84.94815    10.36556      1062.24        0.01066      0.00995     -0.00088       0.00100     0.00100     0.00200    1.000        0.01078      0.00998     -0.00104   0.5079   0.5078   0.4169 
pnt      -85.75687    10.06316        44.36        0.01728      0.01873     -0.01160       0.00100     0.00100     0.00200    1.000        0.01750      0.01850     -0.01122   0.7489   0.7005   0.5444 
pnt      -85.09832    10.60179       373.45        0.01027      0.01007      0.00121       0.00100     0.00100     0.00200    1.000        0.01006      0.01011      0.00042   0.3143   0.3377   0.3438 
pnt      -85.79170    10.16112        24.76        0.01783      0.01682     -0.00990       0.00100     0.00100     0.00200    1.000        0.01749      0.01673     -0.01009   0.6196   0.5793   0.4606 
