#(1)pnt (2)lon (3)lat (4)elev (5)obs_e[m] (6)obs_n[m] (7)obs_u[m] (8)err_e[m] (9)err_n[m] (10)err_u[m] (11)wgt (12)pred_e[m] (13)pred_n[m] (14)pred_u[m] (15)Res_e  (16)Res_n (17)Res_u 
pnt      -85.26120    10.54135       123.46        0.01174      0.01179     -0.00357       0.00100     0.00100     0.00200    1.000        0.01151      0.01158     -0.00265   0.7614   0.7379   0.6991 
pnt      -85.44845    10.38341       118.18        0.01328      0.01389     -0.00931       0.00100     0.00100     0.00200    1.000        0.01361      0.01389     -0.00811   0.7535   0.8543   0.8004 
pnt      -85.20694     9.74376        21.40        0.01599      0.01656     -0.00953       0.00100     0.00100     0.00200    1.000        0.01598      0.01656     -0.00956   0.9912   0.9932   0.9767 
pnt      -85.77610    10.24913        90.32        0.01695      0.01656     -0.00906       0.00100     0.00100     0.00200    1.000        0.01726      0.01661     -0.00966   0.8300   0.8100   0.6975 
pnt      -85.63366    11.05427       267.23        0.00715      0.00786     -0.00111       0.00100     0.00100     0.00200    1.000        0.00677      0.00803     -0.00104   0.9023   0.8893   0.8455 
pnt      -85.61063    10.27176        82.04        0.01657      0.01576     -0.01028       0.00100     0.00100     0.00200    1.000        0.01661      0.01608     -0.00955   0.9093   0.8135   0.8016 
pnt      -85.65303    10.56222       122.36        0.01370      0.01261     -0.00594       0.00100     0.00100     0.00200    1.000        0.01376      0.01254     -0.00622   0.9774   0.9337   0.9092 
pnt      -85.44974    10.14003       135.44        0.01602      0.01531     -0.00969       0.00100     0.00100     0.00200    1.000        0.01572      0.01579     -0.00907   0.7151   0.7406   0.5385 
pnt      -85.65854     9.92306        31.18        0.01930      0.01831     -0.01082       0.00100     0.00100     0.00200    1.000        0.01940      0.01827     -0.01089   0.9746   0.9772   0.9565 
pnt      -85.38236    10.07947       240.97        0.01619      0.01582     -0.00757       0.00100     0.00100     0.00200    1.000        0.01583      0.01570     -0.00904   0.7516   0.8163   0.5441 
pnt      -85.13598     9.97506        61.45        0.01464      0.01481     -0.00670       0.00100     0.00100     0.00200    1.000        0.01473      0.01467     -0.00699   0.8024   0.6592   0.6781 
pnt      -85.18684     9.93653       276.88        0.01483      0.01509     -0.00787       0.00100     0.00100     0.00200    1.000        0.01484      0.01516     -0.00802   0.7874   0.7531   0.7333 
pnt      -85.81290    10.35527        77.80        0.01705      0.01557     -0.01005       0.00100     0.00100     0.00200    1.000        0.01693      0.01552     -0.00986   0.9672   0.9524   0.8672 
pnt      -85.22031    10.24149        40.19        0.01364      0.01355     -0.00428       0.00100     0.00100     0.00200    1.000        0.01352      0.01357     -0.00487   0.8335   0.8288   0.7892 
pnt      -84.95509     9.83221        80.31        0.01305      0.01421     -0.00710       0.00100     0.00100     0.00200    1.000        0.01309      0.01419     -0.00691   0.9878   0.9904   0.9229 
pnt      -85.56905    10.84738       155.79        0.00872      0.01070     -0.00249       0.00100     0.00100     0.00200    1.000        0.00901      0.01066     -0.00276   0.9159   0.8717   0.8310 
pnt      -85.54876     9.88917        45.57        0.01879      0.01888     -0.01232       0.00100     0.00100     0.00200    1.000        0.01886      0.01889     -0.01219   0.9719   0.9865   0.9744 
pnt      -84.94815    10.36556      1062.24        0.01078      0.00989     -0.00108       0.00100     0.00100     0.00200    1.000        0.01087      0.00990     -0.00111   0.9174   0.8909   0.8438 
pnt      -85.75687    10.06316        44.36        0.01784      0.01825     -0.01161       0.00100     0.00100     0.00200    1.000        0.01803      0.01804     -0.01140   0.9632   0.9535   0.9007 
pnt      -85.09832    10.60179       373.45        0.01016      0.01017      0.00138       0.00100     0.00100     0.00200    1.000        0.01000      0.01017      0.00050   0.7210   0.7920   0.6590 
pnt      -85.79170    10.16112        24.76        0.01817      0.01702     -0.01063       0.00100     0.00100     0.00200    1.000        0.01789      0.01693     -0.01072   0.9200   0.8637   0.8317 
