#(1)point (2)3 (3)name (4)lon (5)lat (6)z (7)Ue (8)Un (9)Uv (10)eUe (11)eUn (12)eUv (13)weight (14)fault name (15)Dstr1  (16)Dstr2 (17)Ddip (18)Dvert
point 3 BAGA   -85.261200    10.541354   1.2339e+02   -0.13055   -0.25088   -0.09766      NaN      NaN      NaN  1.00 nicoya       1.1986e+05   8.0180e+04   1.6366e+05   7.6314e+04
point 3 BALL   -85.448446    10.383409   1.1803e+02   -0.10187   -0.28195   -0.11298      NaN      NaN      NaN  1.00 nicoya       1.2200e+05   7.8039e+04   1.3666e+05   6.3725e+04
point 3 BONG   -85.206943     9.743756   2.1575e+01    0.00555   -0.27031    0.18009      NaN      NaN      NaN  1.00 nicoya       5.2871e+04   1.4717e+05   1.0509e+05   4.9002e+04
point 3 CEBA   -85.776096    10.249131   9.0438e+01   -0.13811   -0.09495    0.16375      NaN      NaN      NaN  1.00 nicoya       1.3693e+05   6.3112e+04   1.0060e+05   4.6912e+04
point 3 CRUZ   -85.633663    11.054271   2.6719e+02   -0.01225   -0.11799   -0.03598      NaN      NaN      NaN  1.00 nicoya       1.8920e+05   1.0835e+04   1.7506e+05   8.1634e+04
point 3 DIRI   -85.610629    10.271761   8.2023e+01   -0.08323   -0.19933    0.04890      NaN      NaN      NaN  1.00 nicoya       1.2583e+05   7.4206e+04   1.1525e+05   5.3744e+04
point 3 GRAN   -85.653033    10.562224   1.2224e+02   -0.00678   -0.19744   -0.07608      NaN      NaN      NaN  1.00 nicoya       1.5199e+05   4.8049e+04   1.3482e+05   6.2868e+04
point 3 GUAR   -85.450096    10.140135   1.3631e+02   -0.12281   -0.25110    0.09291      NaN      NaN      NaN  1.00 nicoya       1.0298e+05   9.7055e+04   1.1738e+05   5.4734e+04
point 3 GUIO   -85.658546     9.923054   3.1429e+01   -0.41468   -0.52136    0.57033      NaN      NaN      NaN  1.00 nicoya       1.0212e+05   9.7919e+04   8.4075e+04   3.9205e+04
point 3 HOJA   -85.382363    10.079474   2.4103e+02   -0.12290   -0.25408    0.11161      NaN      NaN      NaN  1.00 nicoya       9.2940e+04   1.0710e+05   1.1787e+05   5.4964e+04
point 3 JICA   -85.135977     9.975063   6.1398e+01   -0.10812   -0.15638    0.03268      NaN      NaN      NaN  1.00 nicoya       6.5552e+04   1.3449e+05   1.2881e+05   6.0067e+04
point 3 LEON   -85.186839     9.936531   2.7690e+02   -0.08331   -0.18886    0.08639      NaN      NaN      NaN  1.00 nicoya       6.6477e+04   1.3356e+05   1.2183e+05   5.6808e+04
point 3 MATA   -85.812899    10.355274   7.7787e+01   -0.05356   -0.07583    0.05478      NaN      NaN      NaN  1.00 nicoya       1.4814e+05   5.1896e+04   1.0610e+05   4.9473e+04
point 3 PALO   -85.220307    10.241489   4.0046e+01   -0.18840   -0.23405   -0.09850      NaN      NaN      NaN  1.00 nicoya       9.3080e+04   1.0696e+05   1.4323e+05   6.6789e+04
point 3 PAQU   -84.955087     9.832212   8.0258e+01   -0.04059   -0.07693    0.02253      NaN      NaN      NaN  1.00 nicoya       4.0236e+04   1.5980e+05   1.3164e+05   6.1384e+04
point 3 POTR   -85.569050    10.847382   1.5575e+02   -0.02135   -0.16609   -0.05540      NaN      NaN      NaN  1.00 nicoya       1.6790e+05   3.2144e+04   1.6380e+05   7.6382e+04
point 3 SAMA   -85.548756     9.889171   4.5916e+01   -0.26202   -0.54541    0.56248      NaN      NaN      NaN  1.00 nicoya       9.0911e+04   1.0913e+05   8.9947e+04   4.1943e+04
point 3 SJOS   -84.948152    10.365566   1.0621e+03   -0.16489   -0.14769   -0.05793      NaN      NaN      NaN  1.00 nicoya       8.1667e+04   1.1837e+05   1.7417e+05   8.1215e+04
point 3 SJUA   -85.756874    10.063158   4.4552e+01   -0.36905   -0.23490    0.42691      NaN      NaN      NaN  1.00 nicoya       1.2080e+05   7.9242e+04   8.7457e+04   4.0782e+04
point 3 TENO   -85.098319    10.601791   3.7338e+02   -0.13283   -0.19508   -0.06466      NaN      NaN      NaN  1.00 nicoya       1.1194e+05   8.8097e+04   1.8108e+05   8.4440e+04
point 3 VENA   -85.791703    10.161117   2.4927e+01   -0.25393   -0.11741    0.28459      NaN      NaN      NaN  1.00 nicoya       1.3122e+05   6.8824e+04   9.2460e+04   4.3115e+04
point 3 BIJA   -84.576869     9.749974   5.5563e+02   -0.02562   -0.01733   -0.01274      NaN      NaN      NaN  1.00 nicoya       4.3350e+03   1.9570e+05   1.5458e+05   7.2083e+04
point 3 BON2   -85.202509     9.764532   2.7988e+01   -0.00127   -0.25827    0.17494      NaN      NaN      NaN  1.00 nicoya       5.4161e+04   1.4588e+05   1.0707e+05   4.9926e+04
point 3 CABA   -85.343532    10.237875   2.6969e+01   -0.15742   -0.26408   -0.08501      NaN      NaN      NaN  1.00 nicoya       1.0238e+05   9.7655e+04   1.3336e+05   6.2187e+04
point 3 ELVI   -85.445805    10.394697   8.1870e+01   -0.10106   -0.28271   -0.11518      NaN      NaN      NaN  1.00 nicoya       1.2268e+05   7.7357e+04   1.3775e+05   6.4235e+04
point 3 EPZA   -85.568063    10.140940   6.6839e+02   -0.13763   -0.22657    0.22661      NaN      NaN      NaN  1.00 nicoya       1.1223e+05   8.7813e+04   1.0827e+05   5.0485e+04
point 3 GRZA   -85.635613     9.915526   3.9297e+01   -0.38467   -0.53457    0.57967      NaN      NaN      NaN  1.00 nicoya       9.9743e+04   1.0030e+05   8.5266e+04   3.9760e+04
point 3 HATI   -85.710061    10.292198   5.8595e+01   -0.08181   -0.13824    0.08530      NaN      NaN      NaN  1.00 nicoya       1.3518e+05   6.4861e+04   1.0913e+05   5.0888e+04
point 3 HUA2   -85.351693    10.017732   5.9389e+02   -0.10768   -0.26210    0.16447      NaN      NaN      NaN  1.00 nicoya       8.5695e+04   1.1434e+05   1.1540e+05   5.3810e+04
point 3 IND1   -85.502196     9.864628   7.5267e+01   -0.20495   -0.54716    0.52314      NaN      NaN      NaN  1.00 nicoya       8.5357e+04   1.1468e+05   9.1637e+04   4.2731e+04
point 3 LAFE   -84.960283     9.807062   6.5242e+01   -0.02898   -0.07837    0.02816      NaN      NaN      NaN  1.00 nicoya       3.8661e+04   1.6138e+05   1.2925e+05   6.0272e+04
point 3 LEPA   -85.031194     9.945374   2.0927e+01   -0.09421   -0.10848    0.01306      NaN      NaN      NaN  1.00 nicoya       5.5063e+04   1.4498e+05   1.3463e+05   6.2778e+04
point 3 LMNL   -85.053331    10.267509   1.0298e+02   -0.18704   -0.17324   -0.07601      NaN      NaN      NaN  1.00 nicoya       8.2135e+04   1.1790e+05   1.5827e+05   7.3800e+04
point 3 PNE2   -85.829049    10.195549   1.9531e+01   -0.22297   -0.07761    0.22848      NaN      NaN      NaN  1.00 nicoya       1.3683e+05   6.3208e+04   9.2265e+04   4.3024e+04
point 3 PUJE   -85.272478    10.113978   3.0140e+01   -0.15504   -0.22409   -0.01497      NaN      NaN      NaN  1.00 nicoya       8.7105e+04   1.1293e+05   1.2913e+05   6.0216e+04
point 3 PUMO   -84.966713    10.064498   1.7956e+01   -0.13760   -0.10203   -0.02836      NaN      NaN      NaN  1.00 nicoya       5.9420e+04   1.4062e+05   1.4902e+05   6.9490e+04
point 3 QSEC   -85.357272     9.840382   1.7433e+01   -0.06626   -0.40452    0.34119      NaN      NaN      NaN  1.00 nicoya       7.2172e+04   1.2787e+05   1.0100e+05   4.7097e+04
point 3 SAJU   -85.710554    10.067124   7.3418e+01   -0.31881   -0.24717    0.44583      NaN      NaN      NaN  1.00 nicoya       1.1750e+05   8.2534e+04   9.1372e+04   4.2607e+04
point 3 VERA   -84.869041    10.853619   6.4320e+01   -0.08391   -0.11283   -0.02264      NaN      NaN      NaN  1.00 nicoya       1.1392e+05   8.6120e+04   2.1874e+05   1.0200e+05
