#(1)beta (2)kappa (3)data_num (4)slip_num (5)ndf (6)rss [m^2] (7)rms [m] (8)wrrs [m^2] (9)wrms [m] (10)chi2 (11)rchi2 (12)r_1d [cm/km] (13)r_2d [cm/km^2] (14)strain [cm/km]
2.50000e+07  5.00000e+03      63 2400 -2337 1.10965e-01  4.19684e-02   5.06701e+03   8.96821e+00   5.06701e+03   -2.16817e+00  NaN           2.13536e-01   1.64762e+00 
9.50625e+07  9.75000e+03      63 2400 -2337 1.20869e-01  4.38012e-02   6.06824e+03   9.81434e+00   6.06824e+03   -2.59659e+00  NaN           8.05677e-02   1.09705e+00 
2.10250e+08  1.45000e+04      63 2400 -2337 1.29441e-01  4.53280e-02   6.92701e+03   1.04858e+01   6.92701e+03   -2.96406e+00  NaN           5.34385e-02   9.36073e-01 
3.70562e+08  1.92500e+04      63 2400 -2337 1.43134e-01  4.76651e-02   7.87153e+03   1.11779e+01   7.87153e+03   -3.36822e+00  NaN           4.08776e-02   8.36744e-01 
5.76000e+08  2.40000e+04      63 2400 -2337 1.60301e-01  5.04426e-02   8.86563e+03   1.18627e+01   8.86563e+03   -3.79359e+00  NaN           3.40204e-02   7.65023e-01 
8.26562e+08  2.87500e+04      63 2400 -2337 1.82556e-01  5.38305e-02   9.97453e+03   1.25828e+01   9.97453e+03   -4.26809e+00  NaN           2.94256e-02   7.13358e-01 
1.12225e+09  3.35000e+04      63 2400 -2337 2.12443e-01  5.80699e-02   1.13067e+04   1.33967e+01   1.13067e+04   -4.83812e+00  NaN           2.59945e-02   6.68380e-01 
1.46306e+09  3.82500e+04      63 2400 -2337 2.51549e-01  6.31889e-02   1.29734e+04   1.43501e+01   1.29734e+04   -5.55129e+00  NaN           2.31907e-02   6.25221e-01 
1.84900e+09  4.30000e+04      63 2400 -2337 2.99930e-01  6.89984e-02   1.50190e+04   1.54401e+01   1.50190e+04   -6.42663e+00  NaN           2.07072e-02   5.83424e-01 
2.28006e+09  4.77500e+04      63 2400 -2337 3.56260e-01  7.51992e-02   1.74405e+04   1.66383e+01   1.74405e+04   -7.46278e+00  NaN           1.84470e-02   5.43548e-01 
2.75625e+09  5.25000e+04      63 2400 -2337 4.17940e-01  8.14492e-02   2.02108e+04   1.79111e+01   2.02108e+04   -8.64819e+00  NaN           1.62899e-02   5.06273e-01 
3.27756e+09  5.72500e+04      63 2400 -2337 4.81316e-01  8.74067e-02   2.31025e+04   1.91496e+01   2.31025e+04   -9.88553e+00  NaN           1.44344e-02   4.76097e-01 
3.84400e+09  6.20000e+04      63 2400 -2337 5.43418e-01  9.28746e-02   2.60038e+04   2.03164e+01   2.60038e+04   -1.11270e+01  NaN           1.28563e-02   4.50078e-01 
4.45556e+09  6.67500e+04      63 2400 -2337 6.02056e-01  9.77570e-02   2.88852e+04   2.14125e+01   2.88852e+04   -1.23599e+01  NaN           1.14630e-02   4.27637e-01 
5.11225e+09  7.15000e+04      63 2400 -2337 6.58470e-01  1.02235e-01   3.18198e+04   2.24739e+01   3.18198e+04   -1.36157e+01  NaN           1.00897e-02   4.06729e-01 
5.81406e+09  7.62500e+04      63 2400 -2337 7.09181e-01  1.06098e-01   3.45578e+04   2.34209e+01   3.45578e+04   -1.47873e+01  NaN           8.96567e-03   3.89013e-01 
6.56100e+09  8.10000e+04      63 2400 -2337 7.53531e-01  1.09365e-01   3.70692e+04   2.42570e+01   3.70692e+04   -1.58619e+01  NaN           8.07599e-03   3.74687e-01 
7.35306e+09  8.57500e+04      63 2400 -2337 7.91604e-01  1.12094e-01   3.93809e+04   2.50019e+01   3.93809e+04   -1.68510e+01  NaN           7.36013e-03   3.63335e-01 
8.19025e+09  9.05000e+04      63 2400 -2337 8.23962e-01  1.14362e-01   4.15290e+04   2.56747e+01   4.15290e+04   -1.77702e+01  NaN           6.77856e-03   3.53718e-01 
9.07256e+09  9.52500e+04      63 2400 -2337 8.51640e-01  1.16267e-01   4.35318e+04   2.62865e+01   4.35318e+04   -1.86272e+01  NaN           6.29976e-03   3.45056e-01 
1.00000e+10  1.00000e+05      63 2400 -2337 8.75777e-01  1.17903e-01   4.54007e+04   2.68449e+01   4.54007e+04   -1.94269e+01  NaN           5.90646e-03   3.37779e-01 
