#(1)point (2)3 (3)name (4)lon (5)lat (6)z (7)Ue (8)Un (9)Uv (10)eUe (11)eUn (12)eUv (13)weight (14)fault name (15)Dstr1  (16)Dstr2 (17)Ddip (18)Dvert
point 3 BAGA   -85.261200    10.541354   1.2339e+02   -0.11748   -0.19836   -0.10026      NaN      NaN      NaN  1.00 nicoya       1.1986e+05   8.0180e+04   1.6366e+05   7.6314e+04
point 3 BALL   -85.448446    10.383409   1.1803e+02   -0.09746   -0.18262   -0.08768      NaN      NaN      NaN  1.00 nicoya       1.2200e+05   7.8039e+04   1.3666e+05   6.3725e+04
point 3 BONG   -85.206943     9.743756   2.1575e+01   -0.10419   -0.17904    0.08342      NaN      NaN      NaN  1.00 nicoya       5.2871e+04   1.4717e+05   1.0509e+05   4.9002e+04
point 3 CEBA   -85.776096    10.249131   9.0438e+01   -0.15325   -0.03380    0.14686      NaN      NaN      NaN  1.00 nicoya       1.3693e+05   6.3112e+04   1.0060e+05   4.6912e+04
point 3 CRUZ   -85.633663    11.054271   2.6719e+02   -0.01391   -0.06973   -0.01959      NaN      NaN      NaN  1.00 nicoya       1.8920e+05   1.0835e+04   1.7506e+05   8.1634e+04
point 3 DIRI   -85.610629    10.271761   8.2023e+01   -0.10777   -0.08658    0.08148      NaN      NaN      NaN  1.00 nicoya       1.2583e+05   7.4206e+04   1.1525e+05   5.3744e+04
point 3 GRAN   -85.653033    10.562224   1.2224e+02   -0.03479   -0.10355   -0.03538      NaN      NaN      NaN  1.00 nicoya       1.5199e+05   4.8049e+04   1.3482e+05   6.2868e+04
point 3 GUAR   -85.450096    10.140135   1.3631e+02   -0.13156   -0.14773    0.10614      NaN      NaN      NaN  1.00 nicoya       1.0298e+05   9.7055e+04   1.1738e+05   5.4734e+04
point 3 GUIO   -85.658546     9.923054   3.1429e+01   -0.39323   -0.40497    0.53038      NaN      NaN      NaN  1.00 nicoya       1.0212e+05   9.7919e+04   8.4075e+04   3.9205e+04
point 3 HOJA   -85.382363    10.079474   2.4103e+02   -0.13621   -0.16541    0.09906      NaN      NaN      NaN  1.00 nicoya       9.2940e+04   1.0710e+05   1.1787e+05   5.4964e+04
point 3 JICA   -85.135977     9.975063   6.1398e+01   -0.16198   -0.11685   -0.04101      NaN      NaN      NaN  1.00 nicoya       6.5552e+04   1.3449e+05   1.2881e+05   6.0067e+04
point 3 LEON   -85.186839     9.936531   2.7690e+02   -0.13973   -0.13517    0.01097      NaN      NaN      NaN  1.00 nicoya       6.6477e+04   1.3356e+05   1.2183e+05   5.6808e+04
point 3 MATA   -85.812899    10.355274   7.7787e+01   -0.09195   -0.02898    0.05902      NaN      NaN      NaN  1.00 nicoya       1.4814e+05   5.1896e+04   1.0610e+05   4.9473e+04
point 3 PALO   -85.220307    10.241489   4.0046e+01   -0.19419   -0.19209   -0.13791      NaN      NaN      NaN  1.00 nicoya       9.3080e+04   1.0696e+05   1.4323e+05   6.6789e+04
point 3 PAQU   -84.955087     9.832212   8.0258e+01   -0.12102   -0.05926   -0.03087      NaN      NaN      NaN  1.00 nicoya       4.0236e+04   1.5980e+05   1.3164e+05   6.1384e+04
point 3 POTR   -85.569050    10.847382   1.5575e+02   -0.02407   -0.10133   -0.03358      NaN      NaN      NaN  1.00 nicoya       1.6790e+05   3.2144e+04   1.6380e+05   7.6382e+04
point 3 SAMA   -85.548756     9.889171   4.5916e+01   -0.29151   -0.43265    0.53406      NaN      NaN      NaN  1.00 nicoya       9.0911e+04   1.0913e+05   8.9947e+04   4.1943e+04
point 3 SJOS   -84.948152    10.365566   1.0621e+03   -0.18287   -0.14560   -0.09206      NaN      NaN      NaN  1.00 nicoya       8.1667e+04   1.1837e+05   1.7417e+05   8.1215e+04
point 3 SJUA   -85.756874    10.063158   4.4552e+01   -0.31935   -0.15446    0.37096      NaN      NaN      NaN  1.00 nicoya       1.2080e+05   7.9242e+04   8.7457e+04   4.0782e+04
point 3 TENO   -85.098319    10.601791   3.7338e+02   -0.12641   -0.17143   -0.07784      NaN      NaN      NaN  1.00 nicoya       1.1194e+05   8.8097e+04   1.8108e+05   8.4440e+04
point 3 VENA   -85.791703    10.161117   2.4927e+01   -0.22772   -0.06103    0.23708      NaN      NaN      NaN  1.00 nicoya       1.3122e+05   6.8824e+04   9.2460e+04   4.3115e+04
