#(1)beta (2)kappa (3)data_num (4)slip_num (5)ndf (6)rss [m^2] (7)rms [m] (8)wrrs [m^2] (9)wrms [m] (10)chi2 (11)rchi2 (12)r_1d [cm/km] (13)r_2d [cm/km^2] (14)strain [cm/km]
0.00000e+00  0.00000e+00      63 2400 -2337 1.02206e-01  4.02779e-02   5.73290e+03   9.53931e+00   5.73290e+03   -2.45310e+00  NaN           1.46324e+00   3.32085e+00 
1.05625e+07  3.25000e+03      63 2400 -2337 1.07730e-01  4.13522e-02   6.20674e+03   9.92571e+00   6.20674e+03   -2.65586e+00  NaN           3.22446e-01   2.15190e+00 
4.22500e+07  6.50000e+03      63 2400 -2337 1.16363e-01  4.29771e-02   7.01587e+03   1.05529e+01   7.01587e+03   -3.00208e+00  NaN           1.42819e-01   1.49232e+00 
9.50625e+07  9.75000e+03      63 2400 -2337 1.27167e-01  4.49280e-02   7.77731e+03   1.11108e+01   7.77731e+03   -3.32790e+00  NaN           9.49899e-02   1.26867e+00 
1.69000e+08  1.30000e+04      63 2400 -2337 1.43068e-01  4.76542e-02   8.66438e+03   1.17273e+01   8.66438e+03   -3.70748e+00  NaN           6.74854e-02   1.08401e+00 
2.64062e+08  1.62500e+04      63 2400 -2337 1.58804e-01  5.02066e-02   9.54968e+03   1.23119e+01   9.54968e+03   -4.08630e+00  NaN           5.25026e-02   9.56266e-01 
3.80250e+08  1.95000e+04      63 2400 -2337 1.73244e-01  5.24396e-02   1.04156e+04   1.28579e+01   1.04156e+04   -4.45681e+00  NaN           4.38222e-02   8.76759e-01 
5.17562e+08  2.27500e+04      63 2400 -2337 1.87685e-01  5.45814e-02   1.13121e+04   1.33999e+01   1.13121e+04   -4.84044e+00  NaN           3.85063e-02   8.22047e-01 
6.76000e+08  2.60000e+04      63 2400 -2337 2.03244e-01  5.67987e-02   1.22958e+04   1.39704e+01   1.22958e+04   -5.26135e+00  NaN           3.46581e-02   7.79881e-01 
8.55562e+08  2.92500e+04      63 2400 -2337 2.21357e-01  5.92756e-02   1.34070e+04   1.45880e+01   1.34070e+04   -5.73685e+00  NaN           3.13850e-02   7.42964e-01 
1.05625e+09  3.25000e+04      63 2400 -2337 2.42969e-01  6.21019e-02   1.46736e+04   1.52615e+01   1.46736e+04   -6.27883e+00  NaN           2.85264e-02   7.07129e-01 
1.27806e+09  3.57500e+04      63 2400 -2337 2.69009e-01  6.53451e-02   1.61124e+04   1.59922e+01   1.61124e+04   -6.89446e+00  NaN           2.60076e-02   6.71583e-01 
1.52100e+09  3.90000e+04      63 2400 -2337 2.99933e-01  6.89988e-02   1.77339e+04   1.67777e+01   1.77339e+04   -7.58832e+00  NaN           2.37187e-02   6.36219e-01 
1.78506e+09  4.22500e+04      63 2400 -2337 3.35866e-01  7.30152e-02   1.95221e+04   1.76032e+01   1.95221e+04   -8.35348e+00  NaN           2.16665e-02   6.02091e-01 
2.07025e+09  4.55000e+04      63 2400 -2337 3.76208e-01  7.72758e-02   2.14576e+04   1.84553e+01   2.14576e+04   -9.18168e+00  NaN           1.97828e-02   5.69226e-01 
2.37656e+09  4.87500e+04      63 2400 -2337 4.20009e-01  8.16505e-02   2.35154e+04   1.93199e+01   2.35154e+04   -1.00622e+01  NaN           1.80220e-02   5.37882e-01 
2.70400e+09  5.20000e+04      63 2400 -2337 4.65902e-01  8.59957e-02   2.56642e+04   2.01834e+01   2.56642e+04   -1.09817e+01  NaN           1.63431e-02   5.09114e-01 
3.05256e+09  5.52500e+04      63 2400 -2337 5.11906e-01  9.01415e-02   2.77747e+04   2.09969e+01   2.77747e+04   -1.18848e+01  NaN           1.48830e-02   4.84940e-01 
3.42225e+09  5.85000e+04      63 2400 -2337 5.56684e-01  9.40014e-02   2.98220e+04   2.17570e+01   2.98220e+04   -1.27608e+01  NaN           1.36136e-02   4.64016e-01 
3.81306e+09  6.17500e+04      63 2400 -2337 5.99363e-01  9.75382e-02   3.18071e+04   2.24694e+01   3.18071e+04   -1.36102e+01  NaN           1.24644e-02   4.45464e-01 
4.22500e+09  6.50000e+04      63 2400 -2337 6.39629e-01  1.00761e-01   3.36983e+04   2.31278e+01   3.36983e+04   -1.44195e+01  NaN           1.14736e-02   4.28701e-01 
