#(1)pnt (2)lon (3)lat (4)elev (5)obs_e[m] (6)obs_n[m] (7)obs_u[m] (8)err_e[m] (9)err_n[m] (10)err_u[m] (11)wgt (12)pred_e[m] (13)pred_n[m] (14)pred_u[m] (15)Res_e  (16)Res_n (17)Res_u 
pnt      -85.26120    10.54135       123.46        0.01172      0.01182     -0.00354       0.00100     0.00100     0.00200    1.000        0.01139      0.01167     -0.00243   0.1341   0.1369   0.1326 
pnt      -85.44845    10.38341       118.18        0.01307      0.01415     -0.00939       0.00100     0.00100     0.00200    1.000        0.01350      0.01390     -0.00785   0.1898   0.1826   0.1572 
pnt      -85.20694     9.74376        21.40        0.01679      0.01555     -0.01130       0.00100     0.00100     0.00200    1.000        0.01677      0.01553     -0.01115   0.4421   0.4631   0.3590 
pnt      -85.77610    10.24913        90.32        0.01681      0.01674     -0.00718       0.00100     0.00100     0.00200    1.000        0.01725      0.01674     -0.00810   0.2568   0.2547   0.2000 
pnt      -85.63366    11.05427       267.23        0.00720      0.00753     -0.00062       0.00100     0.00100     0.00200    1.000        0.00642      0.00792     -0.00078   0.1189   0.1291   0.1144 
pnt      -85.61063    10.27176        82.04        0.01756      0.01524     -0.00942       0.00100     0.00100     0.00200    1.000        0.01740      0.01557     -0.00914   0.2505   0.2359   0.1768 
pnt      -85.65303    10.56222       122.36        0.01391      0.01225     -0.00583       0.00100     0.00100     0.00200    1.000        0.01395      0.01235     -0.00630   0.3039   0.2558   0.2170 
pnt      -85.44974    10.14003       135.44        0.01544      0.01497     -0.01101       0.00100     0.00100     0.00200    1.000        0.01532      0.01561     -0.01039   0.2222   0.2299   0.1668 
pnt      -85.65854     9.92306        31.18        0.02044      0.01931     -0.00838       0.00100     0.00100     0.00200    1.000        0.02039      0.01939     -0.00876   0.4202   0.4301   0.2804 
pnt      -85.38236    10.07947       240.97        0.01522      0.01636     -0.00803       0.00100     0.00100     0.00200    1.000        0.01487      0.01601     -0.00952   0.2235   0.2336   0.1658 
pnt      -85.13598     9.97506        61.45        0.01482      0.01500     -0.00677       0.00100     0.00100     0.00200    1.000        0.01512      0.01476     -0.00704   0.2000   0.2135   0.1609 
pnt      -85.18684     9.93653       276.88        0.01557      0.01507     -0.00736       0.00100     0.00100     0.00200    1.000        0.01551      0.01518     -0.00754   0.2183   0.2298   0.1660 
pnt      -85.81290    10.35527        77.80        0.01590      0.01679     -0.00929       0.00100     0.00100     0.00200    1.000        0.01575      0.01673     -0.00868   0.3545   0.3151   0.2292 
pnt      -85.22031    10.24149        40.19        0.01404      0.01323     -0.00403       0.00100     0.00100     0.00200    1.000        0.01376      0.01350     -0.00483   0.1754   0.1844   0.1540 
pnt      -84.95509     9.83221        80.31        0.01304      0.01401     -0.00686       0.00100     0.00100     0.00200    1.000        0.01307      0.01399     -0.00660   0.3033   0.3368   0.2190 
pnt      -85.56905    10.84738       155.79        0.00889      0.01073     -0.00232       0.00100     0.00100     0.00200    1.000        0.00944      0.01053     -0.00249   0.1883   0.1534   0.1556 
pnt      -85.54876     9.88917        45.57        0.01954      0.01872     -0.01143       0.00100     0.00100     0.00200    1.000        0.01965      0.01867     -0.01121   0.3878   0.4362   0.3023 
pnt      -84.94815    10.36556      1062.24        0.01066      0.00995     -0.00088       0.00100     0.00100     0.00200    1.000        0.01076      0.00999     -0.00126   0.1185   0.1439   0.1332 
pnt      -85.75687    10.06316        44.36        0.01728      0.01873     -0.01160       0.00100     0.00100     0.00200    1.000        0.01762      0.01847     -0.01098   0.3791   0.3558   0.2520 
pnt      -85.09832    10.60179       373.45        0.01027      0.01007      0.00121       0.00100     0.00100     0.00200    1.000        0.01000      0.01008      0.00053   0.0893   0.0947   0.1030 
pnt      -85.79170    10.16112        24.76        0.01783      0.01682     -0.00990       0.00100     0.00100     0.00200    1.000        0.01741      0.01680     -0.01013   0.3172   0.2928   0.2308 
