#(1)pnt (2)lon (3)lat (4)elev (5)obs_e[m] (6)obs_n[m] (7)obs_u[m] (8)err_e[m] (9)err_n[m] (10)err_u[m] (11)wgt (12)pred_e[m] (13)pred_n[m] (14)pred_u[m] (15)Res_e  (16)Res_n (17)Res_u 
pnt      -85.26120    10.54135       123.46        0.01172      0.01182     -0.00354       0.00100     0.00100     0.00200    1.000        0.01125      0.01161     -0.00233   0.0336   0.0334   0.0275 
pnt      -85.44845    10.38341       118.18        0.01307      0.01415     -0.00939       0.00100     0.00100     0.00200    1.000        0.01360      0.01377     -0.00751   0.0553   0.0531   0.0416 
pnt      -85.20694     9.74376        21.40        0.01679      0.01555     -0.01130       0.00100     0.00100     0.00200    1.000        0.01667      0.01556     -0.01107   0.1161   0.1167   0.0762 
pnt      -85.77610    10.24913        90.32        0.01681      0.01674     -0.00718       0.00100     0.00100     0.00200    1.000        0.01721      0.01671     -0.00833   0.0968   0.0956   0.0681 
pnt      -85.63366    11.05427       267.23        0.00720      0.00753     -0.00062       0.00100     0.00100     0.00200    1.000        0.00612      0.00785     -0.00046   0.0193   0.0276   0.0159 
pnt      -85.61063    10.27176        82.04        0.01756      0.01524     -0.00942       0.00100     0.00100     0.00200    1.000        0.01712      0.01546     -0.00936   0.0764   0.0745   0.0545 
pnt      -85.65303    10.56222       122.36        0.01391      0.01225     -0.00583       0.00100     0.00100     0.00200    1.000        0.01397      0.01259     -0.00652   0.0670   0.0618   0.0460 
pnt      -85.44974    10.14003       135.44        0.01544      0.01497     -0.01101       0.00100     0.00100     0.00200    1.000        0.01541      0.01568     -0.01029   0.0726   0.0730   0.0518 
pnt      -85.65854     9.92306        31.18        0.02044      0.01931     -0.00838       0.00100     0.00100     0.00200    1.000        0.02006      0.01949     -0.00944   0.1443   0.1461   0.0963 
pnt      -85.38236    10.07947       240.97        0.01522      0.01636     -0.00803       0.00100     0.00100     0.00200    1.000        0.01499      0.01592     -0.00952   0.0729   0.0742   0.0516 
pnt      -85.13598     9.97506        61.45        0.01482      0.01500     -0.00677       0.00100     0.00100     0.00200    1.000        0.01511      0.01477     -0.00690   0.0645   0.0677   0.0461 
pnt      -85.18684     9.93653       276.88        0.01557      0.01507     -0.00736       0.00100     0.00100     0.00200    1.000        0.01553      0.01523     -0.00767   0.0729   0.0752   0.0506 
pnt      -85.81290    10.35527        77.80        0.01590      0.01679     -0.00929       0.00100     0.00100     0.00200    1.000        0.01597      0.01656     -0.00847   0.0996   0.0960   0.0658 
pnt      -85.22031    10.24149        40.19        0.01404      0.01323     -0.00403       0.00100     0.00100     0.00200    1.000        0.01360      0.01363     -0.00509   0.0476   0.0510   0.0380 
pnt      -84.95509     9.83221        80.31        0.01304      0.01401     -0.00686       0.00100     0.00100     0.00200    1.000        0.01317      0.01391     -0.00666   0.0703   0.0727   0.0476 
pnt      -85.56905    10.84738       155.79        0.00889      0.01073     -0.00232       0.00100     0.00100     0.00200    1.000        0.00962      0.01033     -0.00228   0.0368   0.0353   0.0273 
pnt      -85.54876     9.88917        45.57        0.01954      0.01872     -0.01143       0.00100     0.00100     0.00200    1.000        0.01979      0.01862     -0.01106   0.1301   0.1338   0.0882 
pnt      -84.94815    10.36556      1062.24        0.01066      0.00995     -0.00088       0.00100     0.00100     0.00200    1.000        0.01074      0.01008     -0.00123   0.0271   0.0313   0.0219 
pnt      -85.75687    10.06316        44.36        0.01728      0.01873     -0.01160       0.00100     0.00100     0.00200    1.000        0.01782      0.01845     -0.01070   0.1277   0.1269   0.0870 
pnt      -85.09832    10.60179       373.45        0.01027      0.01007      0.00121       0.00100     0.00100     0.00200    1.000        0.00989      0.01001      0.00085   0.0227   0.0235   0.0169 
pnt      -85.79170    10.16112        24.76        0.01783      0.01682     -0.00990       0.00100     0.00100     0.00200    1.000        0.01734      0.01711     -0.00994   0.1134   0.1120   0.0789 
