#(1)point (2)3 (3)name (4)lon (5)lat (6)z (7)Ue (8)Un (9)Uv (10)eUe (11)eUn (12)eUv (13)weight (14)fault name (15)Dstr1  (16)Dstr2 (17)Ddip (18)Dvert
point 3 BAGA   -85.261201    10.541353   1.2346e+02    0.01136    0.01168   -0.00238      NaN      NaN      NaN  1.00 nicoya       1.1986e+05   8.0180e+04   1.6366e+05   5.0034e+04
point 3 BALL   -85.448446    10.383409   1.1818e+02    0.01352    0.01387   -0.00781      NaN      NaN      NaN  1.00 nicoya       1.2200e+05   7.8039e+04   1.3666e+05   4.1780e+04
point 3 BONG   -85.206945     9.743756   2.1396e+01    0.01676    0.01553   -0.01110      NaN      NaN      NaN  1.00 nicoya       5.2872e+04   1.4717e+05   1.0509e+05   3.2128e+04
point 3 CEBA   -85.776096    10.249129   9.0319e+01    0.01724    0.01672   -0.00815      NaN      NaN      NaN  1.00 nicoya       1.3693e+05   6.3112e+04   1.0060e+05   3.0757e+04
point 3 CRUZ   -85.633664    11.054269   2.6723e+02    0.00634    0.00791   -0.00078      NaN      NaN      NaN  1.00 nicoya       1.8920e+05   1.0835e+04   1.7506e+05   5.3522e+04
point 3 DIRI   -85.610630    10.271760   8.2038e+01    0.01738    0.01555   -0.00920      NaN      NaN      NaN  1.00 nicoya       1.2583e+05   7.4206e+04   1.1525e+05   3.5237e+04
point 3 GRAN   -85.653035    10.562222   1.2236e+02    0.01393    0.01237   -0.00635      NaN      NaN      NaN  1.00 nicoya       1.5199e+05   4.8049e+04   1.3482e+05   4.1219e+04
point 3 GUAR   -85.449743    10.140028   1.3544e+02    0.01534    0.01563   -0.01037      NaN      NaN      NaN  1.00 nicoya       1.0295e+05   9.7091e+04   1.1740e+05   3.5892e+04
point 3 GUIO   -85.658544     9.923055   3.1180e+01    0.02032    0.01941   -0.00889      NaN      NaN      NaN  1.00 nicoya       1.0212e+05   9.7919e+04   8.4075e+04   2.5704e+04
point 3 HOJA   -85.382363    10.079474   2.4097e+02    0.01488    0.01598   -0.00952      NaN      NaN      NaN  1.00 nicoya       9.2940e+04   1.0710e+05   1.1787e+05   3.6037e+04
point 3 JICA   -85.135979     9.975061   6.1449e+01    0.01513    0.01475   -0.00700      NaN      NaN      NaN  1.00 nicoya       6.5552e+04   1.3449e+05   1.2881e+05   3.9383e+04
point 3 LEON   -85.186840     9.936530   2.7688e+02    0.01552    0.01519   -0.00758      NaN      NaN      NaN  1.00 nicoya       6.6477e+04   1.3356e+05   1.2183e+05   3.7246e+04
point 3 MATA   -85.812900    10.355271   7.7801e+01    0.01578    0.01671   -0.00861      NaN      NaN      NaN  1.00 nicoya       1.4814e+05   5.1896e+04   1.0610e+05   3.2437e+04
point 3 PALO   -85.220307    10.241489   4.0185e+01    0.01372    0.01354   -0.00487      NaN      NaN      NaN  1.00 nicoya       9.3080e+04   1.0696e+05   1.4323e+05   4.3790e+04
point 3 PAQU   -84.955089     9.832209   8.0307e+01    0.01307    0.01399   -0.00662      NaN      NaN      NaN  1.00 nicoya       4.0235e+04   1.5980e+05   1.3164e+05   4.0246e+04
point 3 POTR   -85.569051    10.847380   1.5579e+02    0.00952    0.01052   -0.00245      NaN      NaN      NaN  1.00 nicoya       1.6790e+05   3.2144e+04   1.6380e+05   5.0079e+04
point 3 SAMA   -85.548756     9.889172   4.5571e+01    0.01969    0.01865   -0.01117      NaN      NaN      NaN  1.00 nicoya       9.0911e+04   1.0913e+05   8.9947e+04   2.7500e+04
point 3 SJOS   -84.948152    10.365564   1.0622e+03    0.01076    0.01001   -0.00131      NaN      NaN      NaN  1.00 nicoya       8.1667e+04   1.1837e+05   1.7417e+05   5.3248e+04
point 3 SJUA   -85.756873    10.063157   4.4359e+01    0.01767    0.01846   -0.01092      NaN      NaN      NaN  1.00 nicoya       1.2080e+05   7.9243e+04   8.7457e+04   2.6738e+04
point 3 TENO   -85.098320    10.601790   3.7345e+02    0.00998    0.01007    0.00061      NaN      NaN      NaN  1.00 nicoya       1.1194e+05   8.8097e+04   1.8108e+05   5.5362e+04
point 3 VENA   -85.791702    10.161116   2.4756e+01    0.01739    0.01686   -0.01013      NaN      NaN      NaN  1.00 nicoya       1.3121e+05   6.8824e+04   9.2459e+04   2.8268e+04
