#(1)beta (2)kappa (3)data_num (4)slip_num (5)ndf (6)rss [m^2] (7)rms [m] (8)wrrs [m^2] (9)wrms [m] (10)chi2 (11)rchi2 (12)r_1d [cm/km] (13)r_2d [cm/km^2] (14)strain [cm/km]
0.00000e+00  0.00000e+00      117 2400 -2283 1.35785e-01  3.40669e-02   1.71566e+04   1.21094e+01   1.71566e+04   -7.51492e+00  NaN           1.21546e+00   2.90552e+00 
6.25000e+06  2.50000e+03      117 2400 -2283 1.37431e-01  3.42728e-02   1.73277e+04   1.21696e+01   1.73277e+04   -7.58987e+00  NaN           7.22988e-01   2.72343e+00 
2.50000e+07  5.00000e+03      117 2400 -2283 1.43994e-01  3.50816e-02   1.84477e+04   1.25568e+01   1.84477e+04   -8.08047e+00  NaN           3.93879e-01   2.38137e+00 
5.62500e+07  7.50000e+03      117 2400 -2283 1.50341e-01  3.58464e-02   2.01969e+04   1.31386e+01   2.01969e+04   -8.84667e+00  NaN           2.72094e-01   2.08980e+00 
1.00000e+08  1.00000e+04      117 2400 -2283 1.60986e-01  3.70938e-02   2.28229e+04   1.39666e+01   2.28229e+04   -9.99687e+00  NaN           1.94310e-01   1.78836e+00 
1.56250e+08  1.25000e+04      117 2400 -2283 1.68065e-01  3.79005e-02   2.56136e+04   1.47959e+01   2.56136e+04   -1.12193e+01  NaN           1.48302e-01   1.57621e+00 
2.25000e+08  1.50000e+04      117 2400 -2283 1.75826e-01  3.87658e-02   2.87670e+04   1.56803e+01   2.87670e+04   -1.26005e+01  NaN           1.18260e-01   1.42639e+00 
3.06250e+08  1.75000e+04      117 2400 -2283 1.81799e-01  3.94188e-02   3.21563e+04   1.65783e+01   3.21563e+04   -1.40851e+01  NaN           9.54531e-02   1.30189e+00 
4.00000e+08  2.00000e+04      117 2400 -2283 1.85891e-01  3.98599e-02   3.54686e+04   1.74112e+01   3.54686e+04   -1.55360e+01  NaN           8.20469e-02   1.23299e+00 
5.06250e+08  2.25000e+04      117 2400 -2283 1.89756e-01  4.02721e-02   3.88269e+04   1.82169e+01   3.88269e+04   -1.70070e+01  NaN           7.41056e-02   1.19737e+00 
6.25000e+08  2.50000e+04      117 2400 -2283 1.93097e-01  4.06251e-02   4.22209e+04   1.89964e+01   4.22209e+04   -1.84936e+01  NaN           6.86028e-02   1.17905e+00 
7.56250e+08  2.75000e+04      117 2400 -2283 1.96140e-01  4.09439e-02   4.61335e+04   1.98571e+01   4.61335e+04   -2.02074e+01  NaN           6.32051e-02   1.16101e+00 
9.00000e+08  3.00000e+04      117 2400 -2283 1.99989e-01  4.13438e-02   5.04002e+04   2.07550e+01   5.04002e+04   -2.20763e+01  NaN           5.81576e-02   1.13909e+00 
1.05625e+09  3.25000e+04      117 2400 -2283 2.05122e-01  4.18710e-02   5.49845e+04   2.16784e+01   5.49845e+04   -2.40843e+01  NaN           5.35566e-02   1.10853e+00 
1.22500e+09  3.50000e+04      117 2400 -2283 2.10953e-01  4.24619e-02   5.97044e+04   2.25897e+01   5.97044e+04   -2.61517e+01  NaN           4.93927e-02   1.07578e+00 
1.40625e+09  3.75000e+04      117 2400 -2283 2.17395e-01  4.31054e-02   6.44995e+04   2.34793e+01   6.44995e+04   -2.82521e+01  NaN           4.58629e-02   1.04337e+00 
1.60000e+09  4.00000e+04      117 2400 -2283 2.23786e-01  4.37344e-02   6.92259e+04   2.43244e+01   6.92259e+04   -3.03224e+01  NaN           4.28674e-02   1.01227e+00 
1.80625e+09  4.25000e+04      117 2400 -2283 2.29991e-01  4.43366e-02   7.38787e+04   2.51285e+01   7.38787e+04   -3.23604e+01  NaN           4.04171e-02   9.83960e-01 
2.02500e+09  4.50000e+04      117 2400 -2283 2.35956e-01  4.49079e-02   7.84471e+04   2.58938e+01   7.84471e+04   -3.43614e+01  NaN           3.84060e-02   9.58419e-01 
2.25625e+09  4.75000e+04      117 2400 -2283 2.42000e-01  4.54794e-02   8.30025e+04   2.66350e+01   8.30025e+04   -3.63568e+01  NaN           3.67087e-02   9.35352e-01 
2.50000e+09  5.00000e+04      117 2400 -2283 2.48265e-01  4.60643e-02   8.75792e+04   2.73595e+01   8.75792e+04   -3.83615e+01  NaN           3.52374e-02   9.14013e-01 
2.75625e+09  5.25000e+04      117 2400 -2283 2.55456e-01  4.67267e-02   9.22904e+04   2.80857e+01   9.22904e+04   -4.04251e+01  NaN           3.39116e-02   8.93479e-01 
3.02500e+09  5.50000e+04      117 2400 -2283 2.63562e-01  4.74622e-02   9.71604e+04   2.88172e+01   9.71604e+04   -4.25582e+01  NaN           3.27099e-02   8.73898e-01 
3.30625e+09  5.75000e+04      117 2400 -2283 2.73728e-01  4.83689e-02   1.02318e+05   2.95722e+01   1.02318e+05   -4.48174e+01  NaN           3.15712e-02   8.54727e-01 
3.60000e+09  6.00000e+04      117 2400 -2283 2.86115e-01  4.94513e-02   1.07814e+05   3.03560e+01   1.07814e+05   -4.72245e+01  NaN           3.04818e-02   8.36002e-01 
3.90625e+09  6.25000e+04      117 2400 -2283 3.01437e-01  5.07581e-02   1.13689e+05   3.11721e+01   1.13689e+05   -4.97979e+01  NaN           2.94220e-02   8.17457e-01 
4.22500e+09  6.50000e+04      117 2400 -2283 3.20186e-01  5.23128e-02   1.20049e+05   3.20321e+01   1.20049e+05   -5.25837e+01  NaN           2.83796e-02   7.98932e-01 
4.55625e+09  6.75000e+04      117 2400 -2283 3.42742e-01  5.41241e-02   1.26851e+05   3.29272e+01   1.26851e+05   -5.55634e+01  NaN           2.73559e-02   7.80543e-01 
4.90000e+09  7.00000e+04      117 2400 -2283 3.69503e-01  5.61973e-02   1.34138e+05   3.38597e+01   1.34138e+05   -5.87551e+01  NaN           2.63446e-02   7.62366e-01 
5.25625e+09  7.25000e+04      117 2400 -2283 4.00640e-01  5.85173e-02   1.41928e+05   3.48290e+01   1.41928e+05   -6.21672e+01  NaN           2.53437e-02   7.44301e-01 
5.62500e+09  7.50000e+04      117 2400 -2283 4.36350e-01  6.10695e-02   1.50184e+05   3.58276e+01   1.50184e+05   -6.57834e+01  NaN           2.43558e-02   7.26331e-01 
6.00625e+09  7.75000e+04      117 2400 -2283 4.76682e-01  6.38295e-02   1.58925e+05   3.68555e+01   1.58925e+05   -6.96122e+01  NaN           2.33832e-02   7.08635e-01 
6.40000e+09  8.00000e+04      117 2400 -2283 5.21530e-01  6.67646e-02   1.68058e+05   3.78998e+01   1.68058e+05   -7.36130e+01  NaN           2.24333e-02   6.91151e-01 
6.80625e+09  8.25000e+04      117 2400 -2283 5.70397e-01  6.98226e-02   1.77582e+05   3.89589e+01   1.77582e+05   -7.77844e+01  NaN           2.15065e-02   6.73958e-01 
7.22500e+09  8.50000e+04      117 2400 -2283 6.24551e-01  7.30619e-02   1.87920e+05   4.00769e+01   1.87920e+05   -8.23129e+01  NaN           2.05249e-02   6.51246e-01 
7.65625e+09  8.75000e+04      117 2400 -2283 6.81244e-01  7.63059e-02   1.98923e+05   4.12334e+01   1.98923e+05   -8.71322e+01  NaN           1.95172e-02   6.27971e-01 
8.10000e+09  9.00000e+04      117 2400 -2283 7.38817e-01  7.94649e-02   2.10659e+05   4.24323e+01   2.10659e+05   -9.22728e+01  NaN           1.84606e-02   6.04356e-01 
8.55625e+09  9.25000e+04      117 2400 -2283 7.98261e-01  8.25999e-02   2.22677e+05   4.36260e+01   2.22677e+05   -9.75371e+01  NaN           1.74015e-02   5.81301e-01 
9.02500e+09  9.50000e+04      117 2400 -2283 8.58496e-01  8.56596e-02   2.34703e+05   4.47885e+01   2.34703e+05   -1.02805e+02  NaN           1.63933e-02   5.59441e-01 
9.50625e+09  9.75000e+04      117 2400 -2283 9.18841e-01  8.86191e-02   2.46603e+05   4.59099e+01   2.46603e+05   -1.08017e+02  NaN           1.54469e-02   5.38997e-01 
1.00000e+10  1.00000e+05      117 2400 -2283 9.78855e-01  9.14674e-02   2.58303e+05   4.69863e+01   2.58303e+05   -1.13142e+02  NaN           1.45619e-02   5.19848e-01 
