#(1)pnt (2)lon (3)lat (4)elev (5)obs_e[m] (6)obs_n[m] (7)obs_u[m] (8)err_e[m] (9)err_n[m] (10)err_u[m] (11)wgt (12)pred_e[m] (13)pred_n[m] (14)pred_u[m] (15)Res_e  (16)Res_n (17)Res_u 
pnt      -85.26120    10.54135       123.46        0.01226      0.01149     -0.00370       0.00100     0.00100     0.00200    1.000        0.01160      0.01147     -0.00257   0.1888   0.1949   0.1800 
pnt      -85.44845    10.38341       118.18        0.01208      0.01515     -0.00973       0.00100     0.00100     0.00200    1.000        0.01265      0.01497     -0.00776   0.2467   0.2457   0.2041 
pnt      -85.20694     9.74376        21.40        0.01785      0.01689     -0.00835       0.00100     0.00100     0.00200    1.000        0.01763      0.01706     -0.00885   0.5835   0.6168   0.4960 
pnt      -85.77610    10.24913        90.32        0.01902      0.01765     -0.00573       0.00100     0.00100     0.00200    1.000        0.01940      0.01764     -0.00671   0.3086   0.3134   0.2406 
pnt      -85.63366    11.05427       267.23        0.00716      0.00803     -0.00382       0.00100     0.00100     0.00200    1.000        0.00641      0.00814     -0.00304   0.1878   0.1880   0.1882 
pnt      -85.61063    10.27176        82.04        0.01626      0.01662     -0.01109       0.00100     0.00100     0.00200    1.000        0.01631      0.01670     -0.00978   0.3279   0.3032   0.2231 
pnt      -85.65303    10.56222       122.36        0.01481      0.01116     -0.00751       0.00100     0.00100     0.00200    1.000        0.01458      0.01144     -0.00795   0.4314   0.3616   0.2992 
pnt      -85.44974    10.14003       135.44        0.01567      0.01519     -0.00784       0.00100     0.00100     0.00200    1.000        0.01569      0.01586     -0.00755   0.2776   0.2899   0.2115 
pnt      -85.65854     9.92306        31.18        0.01853      0.01713     -0.01893       0.00100     0.00100     0.00200    1.000        0.01845      0.01725     -0.01858   0.5219   0.5364   0.3444 
pnt      -85.38236    10.07947       240.97        0.01647      0.01502     -0.00599       0.00100     0.00100     0.00200    1.000        0.01603      0.01516     -0.00760   0.2817   0.2961   0.2106 
pnt      -85.13598     9.97506        61.45        0.01507      0.01399     -0.00954       0.00100     0.00100     0.00200    1.000        0.01526      0.01388     -0.00947   0.2541   0.2699   0.1999 
pnt      -85.18684     9.93653       276.88        0.01569      0.01468     -0.01026       0.00100     0.00100     0.00200    1.000        0.01576      0.01479     -0.00997   0.2722   0.2909   0.2032 
pnt      -85.81290    10.35527        77.80        0.01742      0.01707     -0.00866       0.00100     0.00100     0.00200    1.000        0.01742      0.01699     -0.00880   0.4690   0.4133   0.2944 
pnt      -85.22031    10.24149        40.19        0.01487      0.01382     -0.00313       0.00100     0.00100     0.00200    1.000        0.01459      0.01384     -0.00408   0.2462   0.2495   0.2073 
pnt      -84.95509     9.83221        80.31        0.01165      0.01613     -0.00704       0.00100     0.00100     0.00200    1.000        0.01171      0.01588     -0.00715   0.4359   0.4856   0.2989 
pnt      -85.56905    10.84738       155.79        0.00859      0.01185     -0.00370       0.00100     0.00100     0.00200    1.000        0.00934      0.01140     -0.00359   0.2729   0.2260   0.2257 
pnt      -85.54876     9.88917        45.57        0.01535      0.02056     -0.01718       0.00100     0.00100     0.00200    1.000        0.01556      0.02017     -0.01664   0.4846   0.5570   0.3971 
pnt      -84.94815    10.36556      1062.24        0.01035      0.01047     -0.00137       0.00100     0.00100     0.00200    1.000        0.01058      0.01052     -0.00196   0.1840   0.2144   0.2008 
pnt      -85.75687    10.06316        44.36        0.02269      0.01384     -0.01104       0.00100     0.00100     0.00200    1.000        0.02272      0.01382     -0.01058   0.4767   0.4429   0.3148 
pnt      -85.09832    10.60179       373.45        0.01058      0.00969      0.00069       0.00100     0.00100     0.00200    1.000        0.01024      0.00978     -0.00008   0.1310   0.1374   0.1572 
pnt      -85.79170    10.16112        24.76        0.02198      0.01648     -0.00493       0.00100     0.00100     0.00200    1.000        0.02177      0.01638     -0.00562   0.3931   0.3599   0.2845 
